{"date":"Mon Apr 15 2024 08:53:08 GMT+0800 (Singapore Standard Time)","error":{"diagnosticCodes":[2352],"diagnosticText":"\u001b[96msrc/helpers/withState.ts\u001b[0m:\u001b[93m89\u001b[0m:\u001b[93m18\u001b[0m - \u001b[91merror\u001b[0m\u001b[90m TS2352: \u001b[0mConversion of type 'never[]' to type 'File' may be a mistake because neither type sufficiently overlaps with the other. If this was intentional, convert the expression to 'unknown' first.\r\n  Type 'never[]' is missing the following properties from type 'File': fieldname, originalname, encoding, mimetype, and 6 more.\r\n\r\n\u001b[7m89\u001b[0m     const data = get(this.req.files, name, []) as Express.Multer.File\r\n\u001b[7m  \u001b[0m \u001b[91m                 ~~~~~~~~~~~~~~~~~~~~~~~~~~~~~~~~~~~~~~~~~~~~~~~~~~~~\u001b[0m\r\n"},"exception":true,"level":"error","message":"uncaughtException: ⨯ Unable to compile TypeScript:\n\u001b[96msrc/helpers/withState.ts\u001b[0m:\u001b[93m89\u001b[0m:\u001b[93m18\u001b[0m - \u001b[91merror\u001b[0m\u001b[90m TS2352: \u001b[0mConversion of type 'never[]' to type 'File' may be a mistake because neither type sufficiently overlaps with the other. If this was intentional, convert the expression to 'unknown' first.\r\n  Type 'never[]' is missing the following properties from type 'File': fieldname, originalname, encoding, mimetype, and 6 more.\r\n\r\n\u001b[7m89\u001b[0m     const data = get(this.req.files, name, []) as Express.Multer.File\r\n\u001b[7m  \u001b[0m \u001b[91m                 ~~~~~~~~~~~~~~~~~~~~~~~~~~~~~~~~~~~~~~~~~~~~~~~~~~~~\u001b[0m\r\n\nTSError: ⨯ Unable to compile TypeScript:\n\u001b[96msrc/helpers/withState.ts\u001b[0m:\u001b[93m89\u001b[0m:\u001b[93m18\u001b[0m - \u001b[91merror\u001b[0m\u001b[90m TS2352: \u001b[0mConversion of type 'never[]' to type 'File' may be a mistake because neither type sufficiently overlaps with the other. If this was intentional, convert the expression to 'unknown' first.\r\n  Type 'never[]' is missing the following properties from type 'File': fieldname, originalname, encoding, mimetype, and 6 more.\r\n\r\n\u001b[7m89\u001b[0m     const data = get(this.req.files, name, []) as Express.Multer.File\r\n\u001b[7m  \u001b[0m \u001b[91m                 ~~~~~~~~~~~~~~~~~~~~~~~~~~~~~~~~~~~~~~~~~~~~~~~~~~~~\u001b[0m\r\n\n    at createTSError (D:\\Projects\\Support-User-Info\\server\\node_modules\\ts-node\\src\\index.ts:513:12)\n    at reportTSError (D:\\Projects\\Support-User-Info\\server\\node_modules\\ts-node\\src\\index.ts:517:19)\n    at getOutput (D:\\Projects\\Support-User-Info\\server\\node_modules\\ts-node\\src\\index.ts:752:36)\n    at Object.compile (D:\\Projects\\Support-User-Info\\server\\node_modules\\ts-node\\src\\index.ts:968:32)\n    at Module.m._compile (D:\\Projects\\Support-User-Info\\server\\node_modules\\ts-node\\src\\index.ts:1056:42)\n    at Module._extensions..js (node:internal/modules/cjs/loader:1414:10)\n    at require.extensions.<computed> (D:\\Projects\\Support-User-Info\\server\\node_modules\\ts-node\\src\\index.ts:1059:12)\n    at Object.newLoader [as .ts] (D:\\Projects\\Support-User-Info\\server\\node_modules\\pirates\\lib\\index.js:121:7)\n    at Module.load (node:internal/modules/cjs/loader:1197:32)\n    at Function.Module._load (node:internal/modules/cjs/loader:1013:12)","os":{"loadavg":[0,0,0],"uptime":265145.046},"process":{"argv":["D:\\Projects\\Support-User-Info\\server\\node_modules\\ts-node\\dist\\bin.js","D:\\Projects\\Support-User-Info\\server\\src\\bin\\server.ts"],"cwd":"D:\\Projects\\Support-User-Info\\server","execPath":"C:\\Program Files\\nodejs\\node.exe","gid":null,"memoryUsage":{"arrayBuffers":225050,"external":2048305,"heapTotal":272830464,"heapUsed":244404776,"rss":318504960},"pid":25040,"uid":null,"version":"v18.19.0"},"stack":"TSError: ⨯ Unable to compile TypeScript:\n\u001b[96msrc/helpers/withState.ts\u001b[0m:\u001b[93m89\u001b[0m:\u001b[93m18\u001b[0m - \u001b[91merror\u001b[0m\u001b[90m TS2352: \u001b[0mConversion of type 'never[]' to type 'File' may be a mistake because neither type sufficiently overlaps with the other. If this was intentional, convert the expression to 'unknown' first.\r\n  Type 'never[]' is missing the following properties from type 'File': fieldname, originalname, encoding, mimetype, and 6 more.\r\n\r\n\u001b[7m89\u001b[0m     const data = get(this.req.files, name, []) as Express.Multer.File\r\n\u001b[7m  \u001b[0m \u001b[91m                 ~~~~~~~~~~~~~~~~~~~~~~~~~~~~~~~~~~~~~~~~~~~~~~~~~~~~\u001b[0m\r\n\n    at createTSError (D:\\Projects\\Support-User-Info\\server\\node_modules\\ts-node\\src\\index.ts:513:12)\n    at reportTSError (D:\\Projects\\Support-User-Info\\server\\node_modules\\ts-node\\src\\index.ts:517:19)\n    at getOutput (D:\\Projects\\Support-User-Info\\server\\node_modules\\ts-node\\src\\index.ts:752:36)\n    at Object.compile (D:\\Projects\\Support-User-Info\\server\\node_modules\\ts-node\\src\\index.ts:968:32)\n    at Module.m._compile (D:\\Projects\\Support-User-Info\\server\\node_modules\\ts-node\\src\\index.ts:1056:42)\n    at Module._extensions..js (node:internal/modules/cjs/loader:1414:10)\n    at require.extensions.<computed> (D:\\Projects\\Support-User-Info\\server\\node_modules\\ts-node\\src\\index.ts:1059:12)\n    at Object.newLoader [as .ts] (D:\\Projects\\Support-User-Info\\server\\node_modules\\pirates\\lib\\index.js:121:7)\n    at Module.load (node:internal/modules/cjs/loader:1197:32)\n    at Function.Module._load (node:internal/modules/cjs/loader:1013:12)","trace":[{"column":12,"file":"D:\\Projects\\Support-User-Info\\server\\node_modules\\ts-node\\src\\index.ts","function":"createTSError","line":513,"method":null,"native":false},{"column":19,"file":"D:\\Projects\\Support-User-Info\\server\\node_modules\\ts-node\\src\\index.ts","function":"reportTSError","line":517,"method":null,"native":false},{"column":36,"file":"D:\\Projects\\Support-User-Info\\server\\node_modules\\ts-node\\src\\index.ts","function":"getOutput","line":752,"method":null,"native":false},{"column":32,"file":"D:\\Projects\\Support-User-Info\\server\\node_modules\\ts-node\\src\\index.ts","function":"Object.compile","line":968,"method":"compile","native":false},{"column":42,"file":"D:\\Projects\\Support-User-Info\\server\\node_modules\\ts-node\\src\\index.ts","function":"Module.m._compile","line":1056,"method":"_compile","native":false},{"column":10,"file":"node:internal/modules/cjs/loader","function":"Module._extensions..js","line":1414,"method":".js","native":false},{"column":12,"file":"D:\\Projects\\Support-User-Info\\server\\node_modules\\ts-node\\src\\index.ts","function":"require.extensions.<computed>","line":1059,"method":"<computed>","native":false},{"column":7,"file":"D:\\Projects\\Support-User-Info\\server\\node_modules\\pirates\\lib\\index.js","function":"Object.newLoader [as .ts]","line":121,"method":"ts]","native":false},{"column":32,"file":"node:internal/modules/cjs/loader","function":"Module.load","line":1197,"method":"load","native":false},{"column":12,"file":"node:internal/modules/cjs/loader","function":"Module._load","line":1013,"method":"_load","native":false}]}
{"date":"Mon Apr 15 2024 10:35:58 GMT+0800 (Singapore Standard Time)","error":{"diagnosticCodes":[2352],"diagnosticText":"\u001b[96msrc/helpers/withState.ts\u001b[0m:\u001b[93m89\u001b[0m:\u001b[93m18\u001b[0m - \u001b[91merror\u001b[0m\u001b[90m TS2352: \u001b[0mConversion of type 'never[]' to type 'File' may be a mistake because neither type sufficiently overlaps with the other. If this was intentional, convert the expression to 'unknown' first.\r\n  Type 'never[]' is missing the following properties from type 'File': fieldname, originalname, encoding, mimetype, and 6 more.\r\n\r\n\u001b[7m89\u001b[0m     const data = get(this.req.files, name, []) as Express.Multer.File\r\n\u001b[7m  \u001b[0m \u001b[91m                 ~~~~~~~~~~~~~~~~~~~~~~~~~~~~~~~~~~~~~~~~~~~~~~~~~~~~\u001b[0m\r\n"},"exception":true,"level":"error","message":"uncaughtException: ⨯ Unable to compile TypeScript:\n\u001b[96msrc/helpers/withState.ts\u001b[0m:\u001b[93m89\u001b[0m:\u001b[93m18\u001b[0m - \u001b[91merror\u001b[0m\u001b[90m TS2352: \u001b[0mConversion of type 'never[]' to type 'File' may be a mistake because neither type sufficiently overlaps with the other. If this was intentional, convert the expression to 'unknown' first.\r\n  Type 'never[]' is missing the following properties from type 'File': fieldname, originalname, encoding, mimetype, and 6 more.\r\n\r\n\u001b[7m89\u001b[0m     const data = get(this.req.files, name, []) as Express.Multer.File\r\n\u001b[7m  \u001b[0m \u001b[91m                 ~~~~~~~~~~~~~~~~~~~~~~~~~~~~~~~~~~~~~~~~~~~~~~~~~~~~\u001b[0m\r\n\nTSError: ⨯ Unable to compile TypeScript:\n\u001b[96msrc/helpers/withState.ts\u001b[0m:\u001b[93m89\u001b[0m:\u001b[93m18\u001b[0m - \u001b[91merror\u001b[0m\u001b[90m TS2352: \u001b[0mConversion of type 'never[]' to type 'File' may be a mistake because neither type sufficiently overlaps with the other. If this was intentional, convert the expression to 'unknown' first.\r\n  Type 'never[]' is missing the following properties from type 'File': fieldname, originalname, encoding, mimetype, and 6 more.\r\n\r\n\u001b[7m89\u001b[0m     const data = get(this.req.files, name, []) as Express.Multer.File\r\n\u001b[7m  \u001b[0m \u001b[91m                 ~~~~~~~~~~~~~~~~~~~~~~~~~~~~~~~~~~~~~~~~~~~~~~~~~~~~\u001b[0m\r\n\n    at createTSError (D:\\Projects\\Support-User-Info\\server\\node_modules\\ts-node\\src\\index.ts:513:12)\n    at reportTSError (D:\\Projects\\Support-User-Info\\server\\node_modules\\ts-node\\src\\index.ts:517:19)\n    at getOutput (D:\\Projects\\Support-User-Info\\server\\node_modules\\ts-node\\src\\index.ts:752:36)\n    at Object.compile (D:\\Projects\\Support-User-Info\\server\\node_modules\\ts-node\\src\\index.ts:968:32)\n    at Module.m._compile (D:\\Projects\\Support-User-Info\\server\\node_modules\\ts-node\\src\\index.ts:1056:42)\n    at Module._extensions..js (node:internal/modules/cjs/loader:1414:10)\n    at require.extensions.<computed> (D:\\Projects\\Support-User-Info\\server\\node_modules\\ts-node\\src\\index.ts:1059:12)\n    at Object.newLoader [as .ts] (D:\\Projects\\Support-User-Info\\server\\node_modules\\pirates\\lib\\index.js:121:7)\n    at Module.load (node:internal/modules/cjs/loader:1197:32)\n    at Function.Module._load (node:internal/modules/cjs/loader:1013:12)","os":{"loadavg":[0,0,0],"uptime":271314.937},"process":{"argv":["D:\\Projects\\Support-User-Info\\server\\node_modules\\ts-node\\dist\\bin.js","D:\\Projects\\Support-User-Info\\server\\src\\bin\\server.ts"],"cwd":"D:\\Projects\\Support-User-Info\\server","execPath":"C:\\Program Files\\nodejs\\node.exe","gid":null,"memoryUsage":{"arrayBuffers":175898,"external":2048218,"heapTotal":272859136,"heapUsed":194962320,"rss":312803328},"pid":5348,"uid":null,"version":"v18.19.0"},"stack":"TSError: ⨯ Unable to compile TypeScript:\n\u001b[96msrc/helpers/withState.ts\u001b[0m:\u001b[93m89\u001b[0m:\u001b[93m18\u001b[0m - \u001b[91merror\u001b[0m\u001b[90m TS2352: \u001b[0mConversion of type 'never[]' to type 'File' may be a mistake because neither type sufficiently overlaps with the other. If this was intentional, convert the expression to 'unknown' first.\r\n  Type 'never[]' is missing the following properties from type 'File': fieldname, originalname, encoding, mimetype, and 6 more.\r\n\r\n\u001b[7m89\u001b[0m     const data = get(this.req.files, name, []) as Express.Multer.File\r\n\u001b[7m  \u001b[0m \u001b[91m                 ~~~~~~~~~~~~~~~~~~~~~~~~~~~~~~~~~~~~~~~~~~~~~~~~~~~~\u001b[0m\r\n\n    at createTSError (D:\\Projects\\Support-User-Info\\server\\node_modules\\ts-node\\src\\index.ts:513:12)\n    at reportTSError (D:\\Projects\\Support-User-Info\\server\\node_modules\\ts-node\\src\\index.ts:517:19)\n    at getOutput (D:\\Projects\\Support-User-Info\\server\\node_modules\\ts-node\\src\\index.ts:752:36)\n    at Object.compile (D:\\Projects\\Support-User-Info\\server\\node_modules\\ts-node\\src\\index.ts:968:32)\n    at Module.m._compile (D:\\Projects\\Support-User-Info\\server\\node_modules\\ts-node\\src\\index.ts:1056:42)\n    at Module._extensions..js (node:internal/modules/cjs/loader:1414:10)\n    at require.extensions.<computed> (D:\\Projects\\Support-User-Info\\server\\node_modules\\ts-node\\src\\index.ts:1059:12)\n    at Object.newLoader [as .ts] (D:\\Projects\\Support-User-Info\\server\\node_modules\\pirates\\lib\\index.js:121:7)\n    at Module.load (node:internal/modules/cjs/loader:1197:32)\n    at Function.Module._load (node:internal/modules/cjs/loader:1013:12)","trace":[{"column":12,"file":"D:\\Projects\\Support-User-Info\\server\\node_modules\\ts-node\\src\\index.ts","function":"createTSError","line":513,"method":null,"native":false},{"column":19,"file":"D:\\Projects\\Support-User-Info\\server\\node_modules\\ts-node\\src\\index.ts","function":"reportTSError","line":517,"method":null,"native":false},{"column":36,"file":"D:\\Projects\\Support-User-Info\\server\\node_modules\\ts-node\\src\\index.ts","function":"getOutput","line":752,"method":null,"native":false},{"column":32,"file":"D:\\Projects\\Support-User-Info\\server\\node_modules\\ts-node\\src\\index.ts","function":"Object.compile","line":968,"method":"compile","native":false},{"column":42,"file":"D:\\Projects\\Support-User-Info\\server\\node_modules\\ts-node\\src\\index.ts","function":"Module.m._compile","line":1056,"method":"_compile","native":false},{"column":10,"file":"node:internal/modules/cjs/loader","function":"Module._extensions..js","line":1414,"method":".js","native":false},{"column":12,"file":"D:\\Projects\\Support-User-Info\\server\\node_modules\\ts-node\\src\\index.ts","function":"require.extensions.<computed>","line":1059,"method":"<computed>","native":false},{"column":7,"file":"D:\\Projects\\Support-User-Info\\server\\node_modules\\pirates\\lib\\index.js","function":"Object.newLoader [as .ts]","line":121,"method":"ts]","native":false},{"column":32,"file":"node:internal/modules/cjs/loader","function":"Module.load","line":1197,"method":"load","native":false},{"column":12,"file":"node:internal/modules/cjs/loader","function":"Module._load","line":1013,"method":"_load","native":false}]}
