{"date":"Tue Mar 19 2024 09:35:53 GMT+0800 (Singapore Standard Time)","error":{"diagnosticCodes":[2352],"diagnosticText":"\u001b[96msrc/helpers/withState.ts\u001b[0m:\u001b[93m89\u001b[0m:\u001b[93m18\u001b[0m - \u001b[91merror\u001b[0m\u001b[90m TS2352: \u001b[0mConversion of type 'never[]' to type 'File' may be a mistake because neither type sufficiently overlaps with the other. If this was intentional, convert the expression to 'unknown' first.\r\n  Type 'never[]' is missing the following properties from type 'File': fieldname, originalname, encoding, mimetype, and 6 more.\r\n\r\n\u001b[7m89\u001b[0m     const data = get(this.req.files, name, []) as Express.Multer.File\r\n\u001b[7m  \u001b[0m \u001b[91m                 ~~~~~~~~~~~~~~~~~~~~~~~~~~~~~~~~~~~~~~~~~~~~~~~~~~~~\u001b[0m\r\n"},"exception":true,"level":"error","message":"uncaughtException: ⨯ Unable to compile TypeScript:\n\u001b[96msrc/helpers/withState.ts\u001b[0m:\u001b[93m89\u001b[0m:\u001b[93m18\u001b[0m - \u001b[91merror\u001b[0m\u001b[90m TS2352: \u001b[0mConversion of type 'never[]' to type 'File' may be a mistake because neither type sufficiently overlaps with the other. If this was intentional, convert the expression to 'unknown' first.\r\n  Type 'never[]' is missing the following properties from type 'File': fieldname, originalname, encoding, mimetype, and 6 more.\r\n\r\n\u001b[7m89\u001b[0m     const data = get(this.req.files, name, []) as Express.Multer.File\r\n\u001b[7m  \u001b[0m \u001b[91m                 ~~~~~~~~~~~~~~~~~~~~~~~~~~~~~~~~~~~~~~~~~~~~~~~~~~~~\u001b[0m\r\n\nTSError: ⨯ Unable to compile TypeScript:\n\u001b[96msrc/helpers/withState.ts\u001b[0m:\u001b[93m89\u001b[0m:\u001b[93m18\u001b[0m - \u001b[91merror\u001b[0m\u001b[90m TS2352: \u001b[0mConversion of type 'never[]' to type 'File' may be a mistake because neither type sufficiently overlaps with the other. If this was intentional, convert the expression to 'unknown' first.\r\n  Type 'never[]' is missing the following properties from type 'File': fieldname, originalname, encoding, mimetype, and 6 more.\r\n\r\n\u001b[7m89\u001b[0m     const data = get(this.req.files, name, []) as Express.Multer.File\r\n\u001b[7m  \u001b[0m \u001b[91m                 ~~~~~~~~~~~~~~~~~~~~~~~~~~~~~~~~~~~~~~~~~~~~~~~~~~~~\u001b[0m\r\n\n    at createTSError (D:\\Projects\\Support-User-Info\\server\\node_modules\\ts-node\\src\\index.ts:513:12)\n    at reportTSError (D:\\Projects\\Support-User-Info\\server\\node_modules\\ts-node\\src\\index.ts:517:19)\n    at getOutput (D:\\Projects\\Support-User-Info\\server\\node_modules\\ts-node\\src\\index.ts:752:36)\n    at Object.compile (D:\\Projects\\Support-User-Info\\server\\node_modules\\ts-node\\src\\index.ts:968:32)\n    at Module.m._compile (D:\\Projects\\Support-User-Info\\server\\node_modules\\ts-node\\src\\index.ts:1056:42)\n    at Module._extensions..js (node:internal/modules/cjs/loader:1435:10)\n    at require.extensions.<computed> (D:\\Projects\\Support-User-Info\\server\\node_modules\\ts-node\\src\\index.ts:1059:12)\n    at Object.newLoader [as .ts] (D:\\Projects\\Support-User-Info\\server\\node_modules\\pirates\\lib\\index.js:121:7)\n    at Module.load (node:internal/modules/cjs/loader:1207:32)\n    at Function.Module._load (node:internal/modules/cjs/loader:1023:12)","os":{"loadavg":[0,0,0],"uptime":95332.906},"process":{"argv":["D:\\Projects\\Support-User-Info\\server\\node_modules\\ts-node\\dist\\bin.js","D:\\Projects\\Support-User-Info\\server\\src\\bin\\server.ts"],"cwd":"D:\\Projects\\Support-User-Info\\server","execPath":"C:\\Program Files\\nodejs\\node.exe","gid":null,"memoryUsage":{"arrayBuffers":41595,"external":3088259,"heapTotal":254902272,"heapUsed":198792064,"rss":299565056},"pid":7824,"uid":null,"version":"v20.10.0"},"stack":"TSError: ⨯ Unable to compile TypeScript:\n\u001b[96msrc/helpers/withState.ts\u001b[0m:\u001b[93m89\u001b[0m:\u001b[93m18\u001b[0m - \u001b[91merror\u001b[0m\u001b[90m TS2352: \u001b[0mConversion of type 'never[]' to type 'File' may be a mistake because neither type sufficiently overlaps with the other. If this was intentional, convert the expression to 'unknown' first.\r\n  Type 'never[]' is missing the following properties from type 'File': fieldname, originalname, encoding, mimetype, and 6 more.\r\n\r\n\u001b[7m89\u001b[0m     const data = get(this.req.files, name, []) as Express.Multer.File\r\n\u001b[7m  \u001b[0m \u001b[91m                 ~~~~~~~~~~~~~~~~~~~~~~~~~~~~~~~~~~~~~~~~~~~~~~~~~~~~\u001b[0m\r\n\n    at createTSError (D:\\Projects\\Support-User-Info\\server\\node_modules\\ts-node\\src\\index.ts:513:12)\n    at reportTSError (D:\\Projects\\Support-User-Info\\server\\node_modules\\ts-node\\src\\index.ts:517:19)\n    at getOutput (D:\\Projects\\Support-User-Info\\server\\node_modules\\ts-node\\src\\index.ts:752:36)\n    at Object.compile (D:\\Projects\\Support-User-Info\\server\\node_modules\\ts-node\\src\\index.ts:968:32)\n    at Module.m._compile (D:\\Projects\\Support-User-Info\\server\\node_modules\\ts-node\\src\\index.ts:1056:42)\n    at Module._extensions..js (node:internal/modules/cjs/loader:1435:10)\n    at require.extensions.<computed> (D:\\Projects\\Support-User-Info\\server\\node_modules\\ts-node\\src\\index.ts:1059:12)\n    at Object.newLoader [as .ts] (D:\\Projects\\Support-User-Info\\server\\node_modules\\pirates\\lib\\index.js:121:7)\n    at Module.load (node:internal/modules/cjs/loader:1207:32)\n    at Function.Module._load (node:internal/modules/cjs/loader:1023:12)","trace":[{"column":12,"file":"D:\\Projects\\Support-User-Info\\server\\node_modules\\ts-node\\src\\index.ts","function":"createTSError","line":513,"method":null,"native":false},{"column":19,"file":"D:\\Projects\\Support-User-Info\\server\\node_modules\\ts-node\\src\\index.ts","function":"reportTSError","line":517,"method":null,"native":false},{"column":36,"file":"D:\\Projects\\Support-User-Info\\server\\node_modules\\ts-node\\src\\index.ts","function":"getOutput","line":752,"method":null,"native":false},{"column":32,"file":"D:\\Projects\\Support-User-Info\\server\\node_modules\\ts-node\\src\\index.ts","function":"Object.compile","line":968,"method":"compile","native":false},{"column":42,"file":"D:\\Projects\\Support-User-Info\\server\\node_modules\\ts-node\\src\\index.ts","function":"Module.m._compile","line":1056,"method":"_compile","native":false},{"column":10,"file":"node:internal/modules/cjs/loader","function":"Module._extensions..js","line":1435,"method":".js","native":false},{"column":12,"file":"D:\\Projects\\Support-User-Info\\server\\node_modules\\ts-node\\src\\index.ts","function":"require.extensions.<computed>","line":1059,"method":"<computed>","native":false},{"column":7,"file":"D:\\Projects\\Support-User-Info\\server\\node_modules\\pirates\\lib\\index.js","function":"Object.newLoader [as .ts]","line":121,"method":"ts]","native":false},{"column":32,"file":"node:internal/modules/cjs/loader","function":"Module.load","line":1207,"method":"load","native":false},{"column":12,"file":"node:internal/modules/cjs/loader","function":"Module._load","line":1023,"method":"_load","native":false}]}
{"date":"Tue Mar 19 2024 09:42:45 GMT+0800 (Singapore Standard Time)","error":{"diagnosticCodes":[2352],"diagnosticText":"\u001b[96msrc/helpers/withState.ts\u001b[0m:\u001b[93m89\u001b[0m:\u001b[93m18\u001b[0m - \u001b[91merror\u001b[0m\u001b[90m TS2352: \u001b[0mConversion of type 'never[]' to type 'File' may be a mistake because neither type sufficiently overlaps with the other. If this was intentional, convert the expression to 'unknown' first.\r\n  Type 'never[]' is missing the following properties from type 'File': fieldname, originalname, encoding, mimetype, and 6 more.\r\n\r\n\u001b[7m89\u001b[0m     const data = get(this.req.files, name, []) as Express.Multer.File\r\n\u001b[7m  \u001b[0m \u001b[91m                 ~~~~~~~~~~~~~~~~~~~~~~~~~~~~~~~~~~~~~~~~~~~~~~~~~~~~\u001b[0m\r\n"},"exception":true,"level":"error","message":"uncaughtException: ⨯ Unable to compile TypeScript:\n\u001b[96msrc/helpers/withState.ts\u001b[0m:\u001b[93m89\u001b[0m:\u001b[93m18\u001b[0m - \u001b[91merror\u001b[0m\u001b[90m TS2352: \u001b[0mConversion of type 'never[]' to type 'File' may be a mistake because neither type sufficiently overlaps with the other. If this was intentional, convert the expression to 'unknown' first.\r\n  Type 'never[]' is missing the following properties from type 'File': fieldname, originalname, encoding, mimetype, and 6 more.\r\n\r\n\u001b[7m89\u001b[0m     const data = get(this.req.files, name, []) as Express.Multer.File\r\n\u001b[7m  \u001b[0m \u001b[91m                 ~~~~~~~~~~~~~~~~~~~~~~~~~~~~~~~~~~~~~~~~~~~~~~~~~~~~\u001b[0m\r\n\nTSError: ⨯ Unable to compile TypeScript:\n\u001b[96msrc/helpers/withState.ts\u001b[0m:\u001b[93m89\u001b[0m:\u001b[93m18\u001b[0m - \u001b[91merror\u001b[0m\u001b[90m TS2352: \u001b[0mConversion of type 'never[]' to type 'File' may be a mistake because neither type sufficiently overlaps with the other. If this was intentional, convert the expression to 'unknown' first.\r\n  Type 'never[]' is missing the following properties from type 'File': fieldname, originalname, encoding, mimetype, and 6 more.\r\n\r\n\u001b[7m89\u001b[0m     const data = get(this.req.files, name, []) as Express.Multer.File\r\n\u001b[7m  \u001b[0m \u001b[91m                 ~~~~~~~~~~~~~~~~~~~~~~~~~~~~~~~~~~~~~~~~~~~~~~~~~~~~\u001b[0m\r\n\n    at createTSError (D:\\Projects\\Support-User-Info\\server\\node_modules\\ts-node\\src\\index.ts:513:12)\n    at reportTSError (D:\\Projects\\Support-User-Info\\server\\node_modules\\ts-node\\src\\index.ts:517:19)\n    at getOutput (D:\\Projects\\Support-User-Info\\server\\node_modules\\ts-node\\src\\index.ts:752:36)\n    at Object.compile (D:\\Projects\\Support-User-Info\\server\\node_modules\\ts-node\\src\\index.ts:968:32)\n    at Module.m._compile (D:\\Projects\\Support-User-Info\\server\\node_modules\\ts-node\\src\\index.ts:1056:42)\n    at Module._extensions..js (node:internal/modules/cjs/loader:1435:10)\n    at require.extensions.<computed> (D:\\Projects\\Support-User-Info\\server\\node_modules\\ts-node\\src\\index.ts:1059:12)\n    at Object.newLoader [as .ts] (D:\\Projects\\Support-User-Info\\server\\node_modules\\pirates\\lib\\index.js:121:7)\n    at Module.load (node:internal/modules/cjs/loader:1207:32)\n    at Function.Module._load (node:internal/modules/cjs/loader:1023:12)","os":{"loadavg":[0,0,0],"uptime":95745.187},"process":{"argv":["D:\\Projects\\Support-User-Info\\server\\node_modules\\ts-node\\dist\\bin.js","D:\\Projects\\Support-User-Info\\server\\src\\bin\\server.ts"],"cwd":"D:\\Projects\\Support-User-Info\\server","execPath":"C:\\Program Files\\nodejs\\node.exe","gid":null,"memoryUsage":{"arrayBuffers":74363,"external":3122142,"heapTotal":259596288,"heapUsed":232533088,"rss":312528896},"pid":24476,"uid":null,"version":"v20.10.0"},"stack":"TSError: ⨯ Unable to compile TypeScript:\n\u001b[96msrc/helpers/withState.ts\u001b[0m:\u001b[93m89\u001b[0m:\u001b[93m18\u001b[0m - \u001b[91merror\u001b[0m\u001b[90m TS2352: \u001b[0mConversion of type 'never[]' to type 'File' may be a mistake because neither type sufficiently overlaps with the other. If this was intentional, convert the expression to 'unknown' first.\r\n  Type 'never[]' is missing the following properties from type 'File': fieldname, originalname, encoding, mimetype, and 6 more.\r\n\r\n\u001b[7m89\u001b[0m     const data = get(this.req.files, name, []) as Express.Multer.File\r\n\u001b[7m  \u001b[0m \u001b[91m                 ~~~~~~~~~~~~~~~~~~~~~~~~~~~~~~~~~~~~~~~~~~~~~~~~~~~~\u001b[0m\r\n\n    at createTSError (D:\\Projects\\Support-User-Info\\server\\node_modules\\ts-node\\src\\index.ts:513:12)\n    at reportTSError (D:\\Projects\\Support-User-Info\\server\\node_modules\\ts-node\\src\\index.ts:517:19)\n    at getOutput (D:\\Projects\\Support-User-Info\\server\\node_modules\\ts-node\\src\\index.ts:752:36)\n    at Object.compile (D:\\Projects\\Support-User-Info\\server\\node_modules\\ts-node\\src\\index.ts:968:32)\n    at Module.m._compile (D:\\Projects\\Support-User-Info\\server\\node_modules\\ts-node\\src\\index.ts:1056:42)\n    at Module._extensions..js (node:internal/modules/cjs/loader:1435:10)\n    at require.extensions.<computed> (D:\\Projects\\Support-User-Info\\server\\node_modules\\ts-node\\src\\index.ts:1059:12)\n    at Object.newLoader [as .ts] (D:\\Projects\\Support-User-Info\\server\\node_modules\\pirates\\lib\\index.js:121:7)\n    at Module.load (node:internal/modules/cjs/loader:1207:32)\n    at Function.Module._load (node:internal/modules/cjs/loader:1023:12)","trace":[{"column":12,"file":"D:\\Projects\\Support-User-Info\\server\\node_modules\\ts-node\\src\\index.ts","function":"createTSError","line":513,"method":null,"native":false},{"column":19,"file":"D:\\Projects\\Support-User-Info\\server\\node_modules\\ts-node\\src\\index.ts","function":"reportTSError","line":517,"method":null,"native":false},{"column":36,"file":"D:\\Projects\\Support-User-Info\\server\\node_modules\\ts-node\\src\\index.ts","function":"getOutput","line":752,"method":null,"native":false},{"column":32,"file":"D:\\Projects\\Support-User-Info\\server\\node_modules\\ts-node\\src\\index.ts","function":"Object.compile","line":968,"method":"compile","native":false},{"column":42,"file":"D:\\Projects\\Support-User-Info\\server\\node_modules\\ts-node\\src\\index.ts","function":"Module.m._compile","line":1056,"method":"_compile","native":false},{"column":10,"file":"node:internal/modules/cjs/loader","function":"Module._extensions..js","line":1435,"method":".js","native":false},{"column":12,"file":"D:\\Projects\\Support-User-Info\\server\\node_modules\\ts-node\\src\\index.ts","function":"require.extensions.<computed>","line":1059,"method":"<computed>","native":false},{"column":7,"file":"D:\\Projects\\Support-User-Info\\server\\node_modules\\pirates\\lib\\index.js","function":"Object.newLoader [as .ts]","line":121,"method":"ts]","native":false},{"column":32,"file":"node:internal/modules/cjs/loader","function":"Module.load","line":1207,"method":"load","native":false},{"column":12,"file":"node:internal/modules/cjs/loader","function":"Module._load","line":1023,"method":"_load","native":false}]}
{"date":"Tue Mar 19 2024 09:43:24 GMT+0800 (Singapore Standard Time)","error":{"diagnosticCodes":[2352],"diagnosticText":"\u001b[96msrc/helpers/withState.ts\u001b[0m:\u001b[93m89\u001b[0m:\u001b[93m18\u001b[0m - \u001b[91merror\u001b[0m\u001b[90m TS2352: \u001b[0mConversion of type 'never[]' to type 'File' may be a mistake because neither type sufficiently overlaps with the other. If this was intentional, convert the expression to 'unknown' first.\r\n  Type 'never[]' is missing the following properties from type 'File': fieldname, originalname, encoding, mimetype, and 6 more.\r\n\r\n\u001b[7m89\u001b[0m     const data = get(this.req.files, name, []) as Express.Multer.File\r\n\u001b[7m  \u001b[0m \u001b[91m                 ~~~~~~~~~~~~~~~~~~~~~~~~~~~~~~~~~~~~~~~~~~~~~~~~~~~~\u001b[0m\r\n"},"exception":true,"level":"error","message":"uncaughtException: ⨯ Unable to compile TypeScript:\n\u001b[96msrc/helpers/withState.ts\u001b[0m:\u001b[93m89\u001b[0m:\u001b[93m18\u001b[0m - \u001b[91merror\u001b[0m\u001b[90m TS2352: \u001b[0mConversion of type 'never[]' to type 'File' may be a mistake because neither type sufficiently overlaps with the other. If this was intentional, convert the expression to 'unknown' first.\r\n  Type 'never[]' is missing the following properties from type 'File': fieldname, originalname, encoding, mimetype, and 6 more.\r\n\r\n\u001b[7m89\u001b[0m     const data = get(this.req.files, name, []) as Express.Multer.File\r\n\u001b[7m  \u001b[0m \u001b[91m                 ~~~~~~~~~~~~~~~~~~~~~~~~~~~~~~~~~~~~~~~~~~~~~~~~~~~~\u001b[0m\r\n\nTSError: ⨯ Unable to compile TypeScript:\n\u001b[96msrc/helpers/withState.ts\u001b[0m:\u001b[93m89\u001b[0m:\u001b[93m18\u001b[0m - \u001b[91merror\u001b[0m\u001b[90m TS2352: \u001b[0mConversion of type 'never[]' to type 'File' may be a mistake because neither type sufficiently overlaps with the other. If this was intentional, convert the expression to 'unknown' first.\r\n  Type 'never[]' is missing the following properties from type 'File': fieldname, originalname, encoding, mimetype, and 6 more.\r\n\r\n\u001b[7m89\u001b[0m     const data = get(this.req.files, name, []) as Express.Multer.File\r\n\u001b[7m  \u001b[0m \u001b[91m                 ~~~~~~~~~~~~~~~~~~~~~~~~~~~~~~~~~~~~~~~~~~~~~~~~~~~~\u001b[0m\r\n\n    at createTSError (D:\\Projects\\Support-User-Info\\server\\node_modules\\ts-node\\src\\index.ts:513:12)\n    at reportTSError (D:\\Projects\\Support-User-Info\\server\\node_modules\\ts-node\\src\\index.ts:517:19)\n    at getOutput (D:\\Projects\\Support-User-Info\\server\\node_modules\\ts-node\\src\\index.ts:752:36)\n    at Object.compile (D:\\Projects\\Support-User-Info\\server\\node_modules\\ts-node\\src\\index.ts:968:32)\n    at Module.m._compile (D:\\Projects\\Support-User-Info\\server\\node_modules\\ts-node\\src\\index.ts:1056:42)\n    at Module._extensions..js (node:internal/modules/cjs/loader:1435:10)\n    at require.extensions.<computed> (D:\\Projects\\Support-User-Info\\server\\node_modules\\ts-node\\src\\index.ts:1059:12)\n    at Object.newLoader [as .ts] (D:\\Projects\\Support-User-Info\\server\\node_modules\\pirates\\lib\\index.js:121:7)\n    at Module.load (node:internal/modules/cjs/loader:1207:32)\n    at Function.Module._load (node:internal/modules/cjs/loader:1023:12)","os":{"loadavg":[0,0,0],"uptime":95783.703},"process":{"argv":["D:\\Projects\\Support-User-Info\\server\\node_modules\\ts-node\\dist\\bin.js","D:\\Projects\\Support-User-Info\\server\\src\\bin\\server.ts"],"cwd":"D:\\Projects\\Support-User-Info\\server","execPath":"C:\\Program Files\\nodejs\\node.exe","gid":null,"memoryUsage":{"arrayBuffers":82555,"external":3130334,"heapTotal":258703360,"heapUsed":235259512,"rss":310042624},"pid":19420,"uid":null,"version":"v20.10.0"},"stack":"TSError: ⨯ Unable to compile TypeScript:\n\u001b[96msrc/helpers/withState.ts\u001b[0m:\u001b[93m89\u001b[0m:\u001b[93m18\u001b[0m - \u001b[91merror\u001b[0m\u001b[90m TS2352: \u001b[0mConversion of type 'never[]' to type 'File' may be a mistake because neither type sufficiently overlaps with the other. If this was intentional, convert the expression to 'unknown' first.\r\n  Type 'never[]' is missing the following properties from type 'File': fieldname, originalname, encoding, mimetype, and 6 more.\r\n\r\n\u001b[7m89\u001b[0m     const data = get(this.req.files, name, []) as Express.Multer.File\r\n\u001b[7m  \u001b[0m \u001b[91m                 ~~~~~~~~~~~~~~~~~~~~~~~~~~~~~~~~~~~~~~~~~~~~~~~~~~~~\u001b[0m\r\n\n    at createTSError (D:\\Projects\\Support-User-Info\\server\\node_modules\\ts-node\\src\\index.ts:513:12)\n    at reportTSError (D:\\Projects\\Support-User-Info\\server\\node_modules\\ts-node\\src\\index.ts:517:19)\n    at getOutput (D:\\Projects\\Support-User-Info\\server\\node_modules\\ts-node\\src\\index.ts:752:36)\n    at Object.compile (D:\\Projects\\Support-User-Info\\server\\node_modules\\ts-node\\src\\index.ts:968:32)\n    at Module.m._compile (D:\\Projects\\Support-User-Info\\server\\node_modules\\ts-node\\src\\index.ts:1056:42)\n    at Module._extensions..js (node:internal/modules/cjs/loader:1435:10)\n    at require.extensions.<computed> (D:\\Projects\\Support-User-Info\\server\\node_modules\\ts-node\\src\\index.ts:1059:12)\n    at Object.newLoader [as .ts] (D:\\Projects\\Support-User-Info\\server\\node_modules\\pirates\\lib\\index.js:121:7)\n    at Module.load (node:internal/modules/cjs/loader:1207:32)\n    at Function.Module._load (node:internal/modules/cjs/loader:1023:12)","trace":[{"column":12,"file":"D:\\Projects\\Support-User-Info\\server\\node_modules\\ts-node\\src\\index.ts","function":"createTSError","line":513,"method":null,"native":false},{"column":19,"file":"D:\\Projects\\Support-User-Info\\server\\node_modules\\ts-node\\src\\index.ts","function":"reportTSError","line":517,"method":null,"native":false},{"column":36,"file":"D:\\Projects\\Support-User-Info\\server\\node_modules\\ts-node\\src\\index.ts","function":"getOutput","line":752,"method":null,"native":false},{"column":32,"file":"D:\\Projects\\Support-User-Info\\server\\node_modules\\ts-node\\src\\index.ts","function":"Object.compile","line":968,"method":"compile","native":false},{"column":42,"file":"D:\\Projects\\Support-User-Info\\server\\node_modules\\ts-node\\src\\index.ts","function":"Module.m._compile","line":1056,"method":"_compile","native":false},{"column":10,"file":"node:internal/modules/cjs/loader","function":"Module._extensions..js","line":1435,"method":".js","native":false},{"column":12,"file":"D:\\Projects\\Support-User-Info\\server\\node_modules\\ts-node\\src\\index.ts","function":"require.extensions.<computed>","line":1059,"method":"<computed>","native":false},{"column":7,"file":"D:\\Projects\\Support-User-Info\\server\\node_modules\\pirates\\lib\\index.js","function":"Object.newLoader [as .ts]","line":121,"method":"ts]","native":false},{"column":32,"file":"node:internal/modules/cjs/loader","function":"Module.load","line":1207,"method":"load","native":false},{"column":12,"file":"node:internal/modules/cjs/loader","function":"Module._load","line":1023,"method":"_load","native":false}]}
{"date":"Tue Mar 19 2024 09:44:10 GMT+0800 (Singapore Standard Time)","error":{"diagnosticCodes":[2352],"diagnosticText":"\u001b[96msrc/helpers/withState.ts\u001b[0m:\u001b[93m89\u001b[0m:\u001b[93m18\u001b[0m - \u001b[91merror\u001b[0m\u001b[90m TS2352: \u001b[0mConversion of type 'never[]' to type 'File' may be a mistake because neither type sufficiently overlaps with the other. If this was intentional, convert the expression to 'unknown' first.\r\n  Type 'never[]' is missing the following properties from type 'File': fieldname, originalname, encoding, mimetype, and 6 more.\r\n\r\n\u001b[7m89\u001b[0m     const data = get(this.req.files, name, []) as Express.Multer.File\r\n\u001b[7m  \u001b[0m \u001b[91m                 ~~~~~~~~~~~~~~~~~~~~~~~~~~~~~~~~~~~~~~~~~~~~~~~~~~~~\u001b[0m\r\n"},"exception":true,"level":"error","message":"uncaughtException: ⨯ Unable to compile TypeScript:\n\u001b[96msrc/helpers/withState.ts\u001b[0m:\u001b[93m89\u001b[0m:\u001b[93m18\u001b[0m - \u001b[91merror\u001b[0m\u001b[90m TS2352: \u001b[0mConversion of type 'never[]' to type 'File' may be a mistake because neither type sufficiently overlaps with the other. If this was intentional, convert the expression to 'unknown' first.\r\n  Type 'never[]' is missing the following properties from type 'File': fieldname, originalname, encoding, mimetype, and 6 more.\r\n\r\n\u001b[7m89\u001b[0m     const data = get(this.req.files, name, []) as Express.Multer.File\r\n\u001b[7m  \u001b[0m \u001b[91m                 ~~~~~~~~~~~~~~~~~~~~~~~~~~~~~~~~~~~~~~~~~~~~~~~~~~~~\u001b[0m\r\n\nTSError: ⨯ Unable to compile TypeScript:\n\u001b[96msrc/helpers/withState.ts\u001b[0m:\u001b[93m89\u001b[0m:\u001b[93m18\u001b[0m - \u001b[91merror\u001b[0m\u001b[90m TS2352: \u001b[0mConversion of type 'never[]' to type 'File' may be a mistake because neither type sufficiently overlaps with the other. If this was intentional, convert the expression to 'unknown' first.\r\n  Type 'never[]' is missing the following properties from type 'File': fieldname, originalname, encoding, mimetype, and 6 more.\r\n\r\n\u001b[7m89\u001b[0m     const data = get(this.req.files, name, []) as Express.Multer.File\r\n\u001b[7m  \u001b[0m \u001b[91m                 ~~~~~~~~~~~~~~~~~~~~~~~~~~~~~~~~~~~~~~~~~~~~~~~~~~~~\u001b[0m\r\n\n    at createTSError (D:\\Projects\\Support-User-Info\\server\\node_modules\\ts-node\\src\\index.ts:513:12)\n    at reportTSError (D:\\Projects\\Support-User-Info\\server\\node_modules\\ts-node\\src\\index.ts:517:19)\n    at getOutput (D:\\Projects\\Support-User-Info\\server\\node_modules\\ts-node\\src\\index.ts:752:36)\n    at Object.compile (D:\\Projects\\Support-User-Info\\server\\node_modules\\ts-node\\src\\index.ts:968:32)\n    at Module.m._compile (D:\\Projects\\Support-User-Info\\server\\node_modules\\ts-node\\src\\index.ts:1056:42)\n    at Module._extensions..js (node:internal/modules/cjs/loader:1435:10)\n    at require.extensions.<computed> (D:\\Projects\\Support-User-Info\\server\\node_modules\\ts-node\\src\\index.ts:1059:12)\n    at Object.newLoader [as .ts] (D:\\Projects\\Support-User-Info\\server\\node_modules\\pirates\\lib\\index.js:121:7)\n    at Module.load (node:internal/modules/cjs/loader:1207:32)\n    at Function.Module._load (node:internal/modules/cjs/loader:1023:12)","os":{"loadavg":[0,0,0],"uptime":95830},"process":{"argv":["D:\\Projects\\Support-User-Info\\server\\node_modules\\ts-node\\dist\\bin.js","D:\\Projects\\Support-User-Info\\server\\src\\bin\\server.ts"],"cwd":"D:\\Projects\\Support-User-Info\\server","execPath":"C:\\Program Files\\nodejs\\node.exe","gid":null,"memoryUsage":{"arrayBuffers":82555,"external":3130334,"heapTotal":255139840,"heapUsed":232823304,"rss":307691520},"pid":8944,"uid":null,"version":"v20.10.0"},"stack":"TSError: ⨯ Unable to compile TypeScript:\n\u001b[96msrc/helpers/withState.ts\u001b[0m:\u001b[93m89\u001b[0m:\u001b[93m18\u001b[0m - \u001b[91merror\u001b[0m\u001b[90m TS2352: \u001b[0mConversion of type 'never[]' to type 'File' may be a mistake because neither type sufficiently overlaps with the other. If this was intentional, convert the expression to 'unknown' first.\r\n  Type 'never[]' is missing the following properties from type 'File': fieldname, originalname, encoding, mimetype, and 6 more.\r\n\r\n\u001b[7m89\u001b[0m     const data = get(this.req.files, name, []) as Express.Multer.File\r\n\u001b[7m  \u001b[0m \u001b[91m                 ~~~~~~~~~~~~~~~~~~~~~~~~~~~~~~~~~~~~~~~~~~~~~~~~~~~~\u001b[0m\r\n\n    at createTSError (D:\\Projects\\Support-User-Info\\server\\node_modules\\ts-node\\src\\index.ts:513:12)\n    at reportTSError (D:\\Projects\\Support-User-Info\\server\\node_modules\\ts-node\\src\\index.ts:517:19)\n    at getOutput (D:\\Projects\\Support-User-Info\\server\\node_modules\\ts-node\\src\\index.ts:752:36)\n    at Object.compile (D:\\Projects\\Support-User-Info\\server\\node_modules\\ts-node\\src\\index.ts:968:32)\n    at Module.m._compile (D:\\Projects\\Support-User-Info\\server\\node_modules\\ts-node\\src\\index.ts:1056:42)\n    at Module._extensions..js (node:internal/modules/cjs/loader:1435:10)\n    at require.extensions.<computed> (D:\\Projects\\Support-User-Info\\server\\node_modules\\ts-node\\src\\index.ts:1059:12)\n    at Object.newLoader [as .ts] (D:\\Projects\\Support-User-Info\\server\\node_modules\\pirates\\lib\\index.js:121:7)\n    at Module.load (node:internal/modules/cjs/loader:1207:32)\n    at Function.Module._load (node:internal/modules/cjs/loader:1023:12)","trace":[{"column":12,"file":"D:\\Projects\\Support-User-Info\\server\\node_modules\\ts-node\\src\\index.ts","function":"createTSError","line":513,"method":null,"native":false},{"column":19,"file":"D:\\Projects\\Support-User-Info\\server\\node_modules\\ts-node\\src\\index.ts","function":"reportTSError","line":517,"method":null,"native":false},{"column":36,"file":"D:\\Projects\\Support-User-Info\\server\\node_modules\\ts-node\\src\\index.ts","function":"getOutput","line":752,"method":null,"native":false},{"column":32,"file":"D:\\Projects\\Support-User-Info\\server\\node_modules\\ts-node\\src\\index.ts","function":"Object.compile","line":968,"method":"compile","native":false},{"column":42,"file":"D:\\Projects\\Support-User-Info\\server\\node_modules\\ts-node\\src\\index.ts","function":"Module.m._compile","line":1056,"method":"_compile","native":false},{"column":10,"file":"node:internal/modules/cjs/loader","function":"Module._extensions..js","line":1435,"method":".js","native":false},{"column":12,"file":"D:\\Projects\\Support-User-Info\\server\\node_modules\\ts-node\\src\\index.ts","function":"require.extensions.<computed>","line":1059,"method":"<computed>","native":false},{"column":7,"file":"D:\\Projects\\Support-User-Info\\server\\node_modules\\pirates\\lib\\index.js","function":"Object.newLoader [as .ts]","line":121,"method":"ts]","native":false},{"column":32,"file":"node:internal/modules/cjs/loader","function":"Module.load","line":1207,"method":"load","native":false},{"column":12,"file":"node:internal/modules/cjs/loader","function":"Module._load","line":1023,"method":"_load","native":false}]}
{"date":"Tue Mar 19 2024 09:44:36 GMT+0800 (Singapore Standard Time)","error":{"diagnosticCodes":[2352],"diagnosticText":"\u001b[96msrc/helpers/withState.ts\u001b[0m:\u001b[93m89\u001b[0m:\u001b[93m18\u001b[0m - \u001b[91merror\u001b[0m\u001b[90m TS2352: \u001b[0mConversion of type 'never[]' to type 'File' may be a mistake because neither type sufficiently overlaps with the other. If this was intentional, convert the expression to 'unknown' first.\r\n  Type 'never[]' is missing the following properties from type 'File': fieldname, originalname, encoding, mimetype, and 6 more.\r\n\r\n\u001b[7m89\u001b[0m     const data = get(this.req.files, name, []) as Express.Multer.File\r\n\u001b[7m  \u001b[0m \u001b[91m                 ~~~~~~~~~~~~~~~~~~~~~~~~~~~~~~~~~~~~~~~~~~~~~~~~~~~~\u001b[0m\r\n"},"exception":true,"level":"error","message":"uncaughtException: ⨯ Unable to compile TypeScript:\n\u001b[96msrc/helpers/withState.ts\u001b[0m:\u001b[93m89\u001b[0m:\u001b[93m18\u001b[0m - \u001b[91merror\u001b[0m\u001b[90m TS2352: \u001b[0mConversion of type 'never[]' to type 'File' may be a mistake because neither type sufficiently overlaps with the other. If this was intentional, convert the expression to 'unknown' first.\r\n  Type 'never[]' is missing the following properties from type 'File': fieldname, originalname, encoding, mimetype, and 6 more.\r\n\r\n\u001b[7m89\u001b[0m     const data = get(this.req.files, name, []) as Express.Multer.File\r\n\u001b[7m  \u001b[0m \u001b[91m                 ~~~~~~~~~~~~~~~~~~~~~~~~~~~~~~~~~~~~~~~~~~~~~~~~~~~~\u001b[0m\r\n\nTSError: ⨯ Unable to compile TypeScript:\n\u001b[96msrc/helpers/withState.ts\u001b[0m:\u001b[93m89\u001b[0m:\u001b[93m18\u001b[0m - \u001b[91merror\u001b[0m\u001b[90m TS2352: \u001b[0mConversion of type 'never[]' to type 'File' may be a mistake because neither type sufficiently overlaps with the other. If this was intentional, convert the expression to 'unknown' first.\r\n  Type 'never[]' is missing the following properties from type 'File': fieldname, originalname, encoding, mimetype, and 6 more.\r\n\r\n\u001b[7m89\u001b[0m     const data = get(this.req.files, name, []) as Express.Multer.File\r\n\u001b[7m  \u001b[0m \u001b[91m                 ~~~~~~~~~~~~~~~~~~~~~~~~~~~~~~~~~~~~~~~~~~~~~~~~~~~~\u001b[0m\r\n\n    at createTSError (D:\\Projects\\Support-User-Info\\server\\node_modules\\ts-node\\src\\index.ts:513:12)\n    at reportTSError (D:\\Projects\\Support-User-Info\\server\\node_modules\\ts-node\\src\\index.ts:517:19)\n    at getOutput (D:\\Projects\\Support-User-Info\\server\\node_modules\\ts-node\\src\\index.ts:752:36)\n    at Object.compile (D:\\Projects\\Support-User-Info\\server\\node_modules\\ts-node\\src\\index.ts:968:32)\n    at Module.m._compile (D:\\Projects\\Support-User-Info\\server\\node_modules\\ts-node\\src\\index.ts:1056:42)\n    at Module._extensions..js (node:internal/modules/cjs/loader:1435:10)\n    at require.extensions.<computed> (D:\\Projects\\Support-User-Info\\server\\node_modules\\ts-node\\src\\index.ts:1059:12)\n    at Object.newLoader [as .ts] (D:\\Projects\\Support-User-Info\\server\\node_modules\\pirates\\lib\\index.js:121:7)\n    at Module.load (node:internal/modules/cjs/loader:1207:32)\n    at Function.Module._load (node:internal/modules/cjs/loader:1023:12)","os":{"loadavg":[0,0,0],"uptime":95856.468},"process":{"argv":["D:\\Projects\\Support-User-Info\\server\\node_modules\\ts-node\\dist\\bin.js","D:\\Projects\\Support-User-Info\\server\\src\\bin\\server.ts"],"cwd":"D:\\Projects\\Support-User-Info\\server","execPath":"C:\\Program Files\\nodejs\\node.exe","gid":null,"memoryUsage":{"arrayBuffers":82555,"external":3130334,"heapTotal":256712704,"heapUsed":221920000,"rss":307232768},"pid":14640,"uid":null,"version":"v20.10.0"},"stack":"TSError: ⨯ Unable to compile TypeScript:\n\u001b[96msrc/helpers/withState.ts\u001b[0m:\u001b[93m89\u001b[0m:\u001b[93m18\u001b[0m - \u001b[91merror\u001b[0m\u001b[90m TS2352: \u001b[0mConversion of type 'never[]' to type 'File' may be a mistake because neither type sufficiently overlaps with the other. If this was intentional, convert the expression to 'unknown' first.\r\n  Type 'never[]' is missing the following properties from type 'File': fieldname, originalname, encoding, mimetype, and 6 more.\r\n\r\n\u001b[7m89\u001b[0m     const data = get(this.req.files, name, []) as Express.Multer.File\r\n\u001b[7m  \u001b[0m \u001b[91m                 ~~~~~~~~~~~~~~~~~~~~~~~~~~~~~~~~~~~~~~~~~~~~~~~~~~~~\u001b[0m\r\n\n    at createTSError (D:\\Projects\\Support-User-Info\\server\\node_modules\\ts-node\\src\\index.ts:513:12)\n    at reportTSError (D:\\Projects\\Support-User-Info\\server\\node_modules\\ts-node\\src\\index.ts:517:19)\n    at getOutput (D:\\Projects\\Support-User-Info\\server\\node_modules\\ts-node\\src\\index.ts:752:36)\n    at Object.compile (D:\\Projects\\Support-User-Info\\server\\node_modules\\ts-node\\src\\index.ts:968:32)\n    at Module.m._compile (D:\\Projects\\Support-User-Info\\server\\node_modules\\ts-node\\src\\index.ts:1056:42)\n    at Module._extensions..js (node:internal/modules/cjs/loader:1435:10)\n    at require.extensions.<computed> (D:\\Projects\\Support-User-Info\\server\\node_modules\\ts-node\\src\\index.ts:1059:12)\n    at Object.newLoader [as .ts] (D:\\Projects\\Support-User-Info\\server\\node_modules\\pirates\\lib\\index.js:121:7)\n    at Module.load (node:internal/modules/cjs/loader:1207:32)\n    at Function.Module._load (node:internal/modules/cjs/loader:1023:12)","trace":[{"column":12,"file":"D:\\Projects\\Support-User-Info\\server\\node_modules\\ts-node\\src\\index.ts","function":"createTSError","line":513,"method":null,"native":false},{"column":19,"file":"D:\\Projects\\Support-User-Info\\server\\node_modules\\ts-node\\src\\index.ts","function":"reportTSError","line":517,"method":null,"native":false},{"column":36,"file":"D:\\Projects\\Support-User-Info\\server\\node_modules\\ts-node\\src\\index.ts","function":"getOutput","line":752,"method":null,"native":false},{"column":32,"file":"D:\\Projects\\Support-User-Info\\server\\node_modules\\ts-node\\src\\index.ts","function":"Object.compile","line":968,"method":"compile","native":false},{"column":42,"file":"D:\\Projects\\Support-User-Info\\server\\node_modules\\ts-node\\src\\index.ts","function":"Module.m._compile","line":1056,"method":"_compile","native":false},{"column":10,"file":"node:internal/modules/cjs/loader","function":"Module._extensions..js","line":1435,"method":".js","native":false},{"column":12,"file":"D:\\Projects\\Support-User-Info\\server\\node_modules\\ts-node\\src\\index.ts","function":"require.extensions.<computed>","line":1059,"method":"<computed>","native":false},{"column":7,"file":"D:\\Projects\\Support-User-Info\\server\\node_modules\\pirates\\lib\\index.js","function":"Object.newLoader [as .ts]","line":121,"method":"ts]","native":false},{"column":32,"file":"node:internal/modules/cjs/loader","function":"Module.load","line":1207,"method":"load","native":false},{"column":12,"file":"node:internal/modules/cjs/loader","function":"Module._load","line":1023,"method":"_load","native":false}]}
{"date":"Tue Mar 19 2024 09:45:09 GMT+0800 (Singapore Standard Time)","error":{"diagnosticCodes":[2352],"diagnosticText":"\u001b[96msrc/helpers/withState.ts\u001b[0m:\u001b[93m89\u001b[0m:\u001b[93m18\u001b[0m - \u001b[91merror\u001b[0m\u001b[90m TS2352: \u001b[0mConversion of type 'never[]' to type 'File' may be a mistake because neither type sufficiently overlaps with the other. If this was intentional, convert the expression to 'unknown' first.\r\n  Type 'never[]' is missing the following properties from type 'File': fieldname, originalname, encoding, mimetype, and 6 more.\r\n\r\n\u001b[7m89\u001b[0m     const data = get(this.req.files, name, []) as Express.Multer.File\r\n\u001b[7m  \u001b[0m \u001b[91m                 ~~~~~~~~~~~~~~~~~~~~~~~~~~~~~~~~~~~~~~~~~~~~~~~~~~~~\u001b[0m\r\n"},"exception":true,"level":"error","message":"uncaughtException: ⨯ Unable to compile TypeScript:\n\u001b[96msrc/helpers/withState.ts\u001b[0m:\u001b[93m89\u001b[0m:\u001b[93m18\u001b[0m - \u001b[91merror\u001b[0m\u001b[90m TS2352: \u001b[0mConversion of type 'never[]' to type 'File' may be a mistake because neither type sufficiently overlaps with the other. If this was intentional, convert the expression to 'unknown' first.\r\n  Type 'never[]' is missing the following properties from type 'File': fieldname, originalname, encoding, mimetype, and 6 more.\r\n\r\n\u001b[7m89\u001b[0m     const data = get(this.req.files, name, []) as Express.Multer.File\r\n\u001b[7m  \u001b[0m \u001b[91m                 ~~~~~~~~~~~~~~~~~~~~~~~~~~~~~~~~~~~~~~~~~~~~~~~~~~~~\u001b[0m\r\n\nTSError: ⨯ Unable to compile TypeScript:\n\u001b[96msrc/helpers/withState.ts\u001b[0m:\u001b[93m89\u001b[0m:\u001b[93m18\u001b[0m - \u001b[91merror\u001b[0m\u001b[90m TS2352: \u001b[0mConversion of type 'never[]' to type 'File' may be a mistake because neither type sufficiently overlaps with the other. If this was intentional, convert the expression to 'unknown' first.\r\n  Type 'never[]' is missing the following properties from type 'File': fieldname, originalname, encoding, mimetype, and 6 more.\r\n\r\n\u001b[7m89\u001b[0m     const data = get(this.req.files, name, []) as Express.Multer.File\r\n\u001b[7m  \u001b[0m \u001b[91m                 ~~~~~~~~~~~~~~~~~~~~~~~~~~~~~~~~~~~~~~~~~~~~~~~~~~~~\u001b[0m\r\n\n    at createTSError (D:\\Projects\\Support-User-Info\\server\\node_modules\\ts-node\\src\\index.ts:513:12)\n    at reportTSError (D:\\Projects\\Support-User-Info\\server\\node_modules\\ts-node\\src\\index.ts:517:19)\n    at getOutput (D:\\Projects\\Support-User-Info\\server\\node_modules\\ts-node\\src\\index.ts:752:36)\n    at Object.compile (D:\\Projects\\Support-User-Info\\server\\node_modules\\ts-node\\src\\index.ts:968:32)\n    at Module.m._compile (D:\\Projects\\Support-User-Info\\server\\node_modules\\ts-node\\src\\index.ts:1056:42)\n    at Module._extensions..js (node:internal/modules/cjs/loader:1435:10)\n    at require.extensions.<computed> (D:\\Projects\\Support-User-Info\\server\\node_modules\\ts-node\\src\\index.ts:1059:12)\n    at Object.newLoader [as .ts] (D:\\Projects\\Support-User-Info\\server\\node_modules\\pirates\\lib\\index.js:121:7)\n    at Module.load (node:internal/modules/cjs/loader:1207:32)\n    at Function.Module._load (node:internal/modules/cjs/loader:1023:12)","os":{"loadavg":[0,0,0],"uptime":95889.015},"process":{"argv":["D:\\Projects\\Support-User-Info\\server\\node_modules\\ts-node\\dist\\bin.js","D:\\Projects\\Support-User-Info\\server\\src\\bin\\server.ts"],"cwd":"D:\\Projects\\Support-User-Info\\server","execPath":"C:\\Program Files\\nodejs\\node.exe","gid":null,"memoryUsage":{"arrayBuffers":74363,"external":3122142,"heapTotal":255401984,"heapUsed":229282520,"rss":310648832},"pid":4228,"uid":null,"version":"v20.10.0"},"stack":"TSError: ⨯ Unable to compile TypeScript:\n\u001b[96msrc/helpers/withState.ts\u001b[0m:\u001b[93m89\u001b[0m:\u001b[93m18\u001b[0m - \u001b[91merror\u001b[0m\u001b[90m TS2352: \u001b[0mConversion of type 'never[]' to type 'File' may be a mistake because neither type sufficiently overlaps with the other. If this was intentional, convert the expression to 'unknown' first.\r\n  Type 'never[]' is missing the following properties from type 'File': fieldname, originalname, encoding, mimetype, and 6 more.\r\n\r\n\u001b[7m89\u001b[0m     const data = get(this.req.files, name, []) as Express.Multer.File\r\n\u001b[7m  \u001b[0m \u001b[91m                 ~~~~~~~~~~~~~~~~~~~~~~~~~~~~~~~~~~~~~~~~~~~~~~~~~~~~\u001b[0m\r\n\n    at createTSError (D:\\Projects\\Support-User-Info\\server\\node_modules\\ts-node\\src\\index.ts:513:12)\n    at reportTSError (D:\\Projects\\Support-User-Info\\server\\node_modules\\ts-node\\src\\index.ts:517:19)\n    at getOutput (D:\\Projects\\Support-User-Info\\server\\node_modules\\ts-node\\src\\index.ts:752:36)\n    at Object.compile (D:\\Projects\\Support-User-Info\\server\\node_modules\\ts-node\\src\\index.ts:968:32)\n    at Module.m._compile (D:\\Projects\\Support-User-Info\\server\\node_modules\\ts-node\\src\\index.ts:1056:42)\n    at Module._extensions..js (node:internal/modules/cjs/loader:1435:10)\n    at require.extensions.<computed> (D:\\Projects\\Support-User-Info\\server\\node_modules\\ts-node\\src\\index.ts:1059:12)\n    at Object.newLoader [as .ts] (D:\\Projects\\Support-User-Info\\server\\node_modules\\pirates\\lib\\index.js:121:7)\n    at Module.load (node:internal/modules/cjs/loader:1207:32)\n    at Function.Module._load (node:internal/modules/cjs/loader:1023:12)","trace":[{"column":12,"file":"D:\\Projects\\Support-User-Info\\server\\node_modules\\ts-node\\src\\index.ts","function":"createTSError","line":513,"method":null,"native":false},{"column":19,"file":"D:\\Projects\\Support-User-Info\\server\\node_modules\\ts-node\\src\\index.ts","function":"reportTSError","line":517,"method":null,"native":false},{"column":36,"file":"D:\\Projects\\Support-User-Info\\server\\node_modules\\ts-node\\src\\index.ts","function":"getOutput","line":752,"method":null,"native":false},{"column":32,"file":"D:\\Projects\\Support-User-Info\\server\\node_modules\\ts-node\\src\\index.ts","function":"Object.compile","line":968,"method":"compile","native":false},{"column":42,"file":"D:\\Projects\\Support-User-Info\\server\\node_modules\\ts-node\\src\\index.ts","function":"Module.m._compile","line":1056,"method":"_compile","native":false},{"column":10,"file":"node:internal/modules/cjs/loader","function":"Module._extensions..js","line":1435,"method":".js","native":false},{"column":12,"file":"D:\\Projects\\Support-User-Info\\server\\node_modules\\ts-node\\src\\index.ts","function":"require.extensions.<computed>","line":1059,"method":"<computed>","native":false},{"column":7,"file":"D:\\Projects\\Support-User-Info\\server\\node_modules\\pirates\\lib\\index.js","function":"Object.newLoader [as .ts]","line":121,"method":"ts]","native":false},{"column":32,"file":"node:internal/modules/cjs/loader","function":"Module.load","line":1207,"method":"load","native":false},{"column":12,"file":"node:internal/modules/cjs/loader","function":"Module._load","line":1023,"method":"_load","native":false}]}
{"date":"Tue Mar 19 2024 09:46:56 GMT+0800 (Singapore Standard Time)","error":{"diagnosticCodes":[2352],"diagnosticText":"\u001b[96msrc/helpers/withState.ts\u001b[0m:\u001b[93m89\u001b[0m:\u001b[93m18\u001b[0m - \u001b[91merror\u001b[0m\u001b[90m TS2352: \u001b[0mConversion of type 'never[]' to type 'File' may be a mistake because neither type sufficiently overlaps with the other. If this was intentional, convert the expression to 'unknown' first.\r\n  Type 'never[]' is missing the following properties from type 'File': fieldname, originalname, encoding, mimetype, and 6 more.\r\n\r\n\u001b[7m89\u001b[0m     const data = get(this.req.files, name, []) as Express.Multer.File\r\n\u001b[7m  \u001b[0m \u001b[91m                 ~~~~~~~~~~~~~~~~~~~~~~~~~~~~~~~~~~~~~~~~~~~~~~~~~~~~\u001b[0m\r\n"},"exception":true,"level":"error","message":"uncaughtException: ⨯ Unable to compile TypeScript:\n\u001b[96msrc/helpers/withState.ts\u001b[0m:\u001b[93m89\u001b[0m:\u001b[93m18\u001b[0m - \u001b[91merror\u001b[0m\u001b[90m TS2352: \u001b[0mConversion of type 'never[]' to type 'File' may be a mistake because neither type sufficiently overlaps with the other. If this was intentional, convert the expression to 'unknown' first.\r\n  Type 'never[]' is missing the following properties from type 'File': fieldname, originalname, encoding, mimetype, and 6 more.\r\n\r\n\u001b[7m89\u001b[0m     const data = get(this.req.files, name, []) as Express.Multer.File\r\n\u001b[7m  \u001b[0m \u001b[91m                 ~~~~~~~~~~~~~~~~~~~~~~~~~~~~~~~~~~~~~~~~~~~~~~~~~~~~\u001b[0m\r\n\nTSError: ⨯ Unable to compile TypeScript:\n\u001b[96msrc/helpers/withState.ts\u001b[0m:\u001b[93m89\u001b[0m:\u001b[93m18\u001b[0m - \u001b[91merror\u001b[0m\u001b[90m TS2352: \u001b[0mConversion of type 'never[]' to type 'File' may be a mistake because neither type sufficiently overlaps with the other. If this was intentional, convert the expression to 'unknown' first.\r\n  Type 'never[]' is missing the following properties from type 'File': fieldname, originalname, encoding, mimetype, and 6 more.\r\n\r\n\u001b[7m89\u001b[0m     const data = get(this.req.files, name, []) as Express.Multer.File\r\n\u001b[7m  \u001b[0m \u001b[91m                 ~~~~~~~~~~~~~~~~~~~~~~~~~~~~~~~~~~~~~~~~~~~~~~~~~~~~\u001b[0m\r\n\n    at createTSError (D:\\Projects\\Support-User-Info\\server\\node_modules\\ts-node\\src\\index.ts:513:12)\n    at reportTSError (D:\\Projects\\Support-User-Info\\server\\node_modules\\ts-node\\src\\index.ts:517:19)\n    at getOutput (D:\\Projects\\Support-User-Info\\server\\node_modules\\ts-node\\src\\index.ts:752:36)\n    at Object.compile (D:\\Projects\\Support-User-Info\\server\\node_modules\\ts-node\\src\\index.ts:968:32)\n    at Module.m._compile (D:\\Projects\\Support-User-Info\\server\\node_modules\\ts-node\\src\\index.ts:1056:42)\n    at Module._extensions..js (node:internal/modules/cjs/loader:1435:10)\n    at require.extensions.<computed> (D:\\Projects\\Support-User-Info\\server\\node_modules\\ts-node\\src\\index.ts:1059:12)\n    at Object.newLoader [as .ts] (D:\\Projects\\Support-User-Info\\server\\node_modules\\pirates\\lib\\index.js:121:7)\n    at Module.load (node:internal/modules/cjs/loader:1207:32)\n    at Function.Module._load (node:internal/modules/cjs/loader:1023:12)","os":{"loadavg":[0,0,0],"uptime":95996.484},"process":{"argv":["D:\\Projects\\Support-User-Info\\server\\node_modules\\ts-node\\dist\\bin.js","D:\\Projects\\Support-User-Info\\server\\src\\bin\\server.ts"],"cwd":"D:\\Projects\\Support-User-Info\\server","execPath":"C:\\Program Files\\nodejs\\node.exe","gid":null,"memoryUsage":{"arrayBuffers":82555,"external":3130334,"heapTotal":254353408,"heapUsed":232017080,"rss":309723136},"pid":4520,"uid":null,"version":"v20.10.0"},"stack":"TSError: ⨯ Unable to compile TypeScript:\n\u001b[96msrc/helpers/withState.ts\u001b[0m:\u001b[93m89\u001b[0m:\u001b[93m18\u001b[0m - \u001b[91merror\u001b[0m\u001b[90m TS2352: \u001b[0mConversion of type 'never[]' to type 'File' may be a mistake because neither type sufficiently overlaps with the other. If this was intentional, convert the expression to 'unknown' first.\r\n  Type 'never[]' is missing the following properties from type 'File': fieldname, originalname, encoding, mimetype, and 6 more.\r\n\r\n\u001b[7m89\u001b[0m     const data = get(this.req.files, name, []) as Express.Multer.File\r\n\u001b[7m  \u001b[0m \u001b[91m                 ~~~~~~~~~~~~~~~~~~~~~~~~~~~~~~~~~~~~~~~~~~~~~~~~~~~~\u001b[0m\r\n\n    at createTSError (D:\\Projects\\Support-User-Info\\server\\node_modules\\ts-node\\src\\index.ts:513:12)\n    at reportTSError (D:\\Projects\\Support-User-Info\\server\\node_modules\\ts-node\\src\\index.ts:517:19)\n    at getOutput (D:\\Projects\\Support-User-Info\\server\\node_modules\\ts-node\\src\\index.ts:752:36)\n    at Object.compile (D:\\Projects\\Support-User-Info\\server\\node_modules\\ts-node\\src\\index.ts:968:32)\n    at Module.m._compile (D:\\Projects\\Support-User-Info\\server\\node_modules\\ts-node\\src\\index.ts:1056:42)\n    at Module._extensions..js (node:internal/modules/cjs/loader:1435:10)\n    at require.extensions.<computed> (D:\\Projects\\Support-User-Info\\server\\node_modules\\ts-node\\src\\index.ts:1059:12)\n    at Object.newLoader [as .ts] (D:\\Projects\\Support-User-Info\\server\\node_modules\\pirates\\lib\\index.js:121:7)\n    at Module.load (node:internal/modules/cjs/loader:1207:32)\n    at Function.Module._load (node:internal/modules/cjs/loader:1023:12)","trace":[{"column":12,"file":"D:\\Projects\\Support-User-Info\\server\\node_modules\\ts-node\\src\\index.ts","function":"createTSError","line":513,"method":null,"native":false},{"column":19,"file":"D:\\Projects\\Support-User-Info\\server\\node_modules\\ts-node\\src\\index.ts","function":"reportTSError","line":517,"method":null,"native":false},{"column":36,"file":"D:\\Projects\\Support-User-Info\\server\\node_modules\\ts-node\\src\\index.ts","function":"getOutput","line":752,"method":null,"native":false},{"column":32,"file":"D:\\Projects\\Support-User-Info\\server\\node_modules\\ts-node\\src\\index.ts","function":"Object.compile","line":968,"method":"compile","native":false},{"column":42,"file":"D:\\Projects\\Support-User-Info\\server\\node_modules\\ts-node\\src\\index.ts","function":"Module.m._compile","line":1056,"method":"_compile","native":false},{"column":10,"file":"node:internal/modules/cjs/loader","function":"Module._extensions..js","line":1435,"method":".js","native":false},{"column":12,"file":"D:\\Projects\\Support-User-Info\\server\\node_modules\\ts-node\\src\\index.ts","function":"require.extensions.<computed>","line":1059,"method":"<computed>","native":false},{"column":7,"file":"D:\\Projects\\Support-User-Info\\server\\node_modules\\pirates\\lib\\index.js","function":"Object.newLoader [as .ts]","line":121,"method":"ts]","native":false},{"column":32,"file":"node:internal/modules/cjs/loader","function":"Module.load","line":1207,"method":"load","native":false},{"column":12,"file":"node:internal/modules/cjs/loader","function":"Module._load","line":1023,"method":"_load","native":false}]}
{"date":"Tue Mar 19 2024 09:58:36 GMT+0800 (Singapore Standard Time)","error":{"diagnosticCodes":[2352],"diagnosticText":"\u001b[96msrc/helpers/withState.ts\u001b[0m:\u001b[93m89\u001b[0m:\u001b[93m18\u001b[0m - \u001b[91merror\u001b[0m\u001b[90m TS2352: \u001b[0mConversion of type 'never[]' to type 'File' may be a mistake because neither type sufficiently overlaps with the other. If this was intentional, convert the expression to 'unknown' first.\r\n  Type 'never[]' is missing the following properties from type 'File': fieldname, originalname, encoding, mimetype, and 6 more.\r\n\r\n\u001b[7m89\u001b[0m     const data = get(this.req.files, name, []) as Express.Multer.File\r\n\u001b[7m  \u001b[0m \u001b[91m                 ~~~~~~~~~~~~~~~~~~~~~~~~~~~~~~~~~~~~~~~~~~~~~~~~~~~~\u001b[0m\r\n"},"exception":true,"level":"error","message":"uncaughtException: ⨯ Unable to compile TypeScript:\n\u001b[96msrc/helpers/withState.ts\u001b[0m:\u001b[93m89\u001b[0m:\u001b[93m18\u001b[0m - \u001b[91merror\u001b[0m\u001b[90m TS2352: \u001b[0mConversion of type 'never[]' to type 'File' may be a mistake because neither type sufficiently overlaps with the other. If this was intentional, convert the expression to 'unknown' first.\r\n  Type 'never[]' is missing the following properties from type 'File': fieldname, originalname, encoding, mimetype, and 6 more.\r\n\r\n\u001b[7m89\u001b[0m     const data = get(this.req.files, name, []) as Express.Multer.File\r\n\u001b[7m  \u001b[0m \u001b[91m                 ~~~~~~~~~~~~~~~~~~~~~~~~~~~~~~~~~~~~~~~~~~~~~~~~~~~~\u001b[0m\r\n\nTSError: ⨯ Unable to compile TypeScript:\n\u001b[96msrc/helpers/withState.ts\u001b[0m:\u001b[93m89\u001b[0m:\u001b[93m18\u001b[0m - \u001b[91merror\u001b[0m\u001b[90m TS2352: \u001b[0mConversion of type 'never[]' to type 'File' may be a mistake because neither type sufficiently overlaps with the other. If this was intentional, convert the expression to 'unknown' first.\r\n  Type 'never[]' is missing the following properties from type 'File': fieldname, originalname, encoding, mimetype, and 6 more.\r\n\r\n\u001b[7m89\u001b[0m     const data = get(this.req.files, name, []) as Express.Multer.File\r\n\u001b[7m  \u001b[0m \u001b[91m                 ~~~~~~~~~~~~~~~~~~~~~~~~~~~~~~~~~~~~~~~~~~~~~~~~~~~~\u001b[0m\r\n\n    at createTSError (D:\\Projects\\Support-User-Info\\server\\node_modules\\ts-node\\src\\index.ts:513:12)\n    at reportTSError (D:\\Projects\\Support-User-Info\\server\\node_modules\\ts-node\\src\\index.ts:517:19)\n    at getOutput (D:\\Projects\\Support-User-Info\\server\\node_modules\\ts-node\\src\\index.ts:752:36)\n    at Object.compile (D:\\Projects\\Support-User-Info\\server\\node_modules\\ts-node\\src\\index.ts:968:32)\n    at Module.m._compile (D:\\Projects\\Support-User-Info\\server\\node_modules\\ts-node\\src\\index.ts:1056:42)\n    at Module._extensions..js (node:internal/modules/cjs/loader:1435:10)\n    at require.extensions.<computed> (D:\\Projects\\Support-User-Info\\server\\node_modules\\ts-node\\src\\index.ts:1059:12)\n    at Object.newLoader [as .ts] (D:\\Projects\\Support-User-Info\\server\\node_modules\\pirates\\lib\\index.js:121:7)\n    at Module.load (node:internal/modules/cjs/loader:1207:32)\n    at Function.Module._load (node:internal/modules/cjs/loader:1023:12)","os":{"loadavg":[0,0,0],"uptime":96696.203},"process":{"argv":["D:\\Projects\\Support-User-Info\\server\\node_modules\\ts-node\\dist\\bin.js","D:\\Projects\\Support-User-Info\\server\\src\\bin\\server.ts"],"cwd":"D:\\Projects\\Support-User-Info\\server","execPath":"C:\\Program Files\\nodejs\\node.exe","gid":null,"memoryUsage":{"arrayBuffers":82555,"external":3130334,"heapTotal":261849088,"heapUsed":239448624,"rss":316813312},"pid":5724,"uid":null,"version":"v20.10.0"},"stack":"TSError: ⨯ Unable to compile TypeScript:\n\u001b[96msrc/helpers/withState.ts\u001b[0m:\u001b[93m89\u001b[0m:\u001b[93m18\u001b[0m - \u001b[91merror\u001b[0m\u001b[90m TS2352: \u001b[0mConversion of type 'never[]' to type 'File' may be a mistake because neither type sufficiently overlaps with the other. If this was intentional, convert the expression to 'unknown' first.\r\n  Type 'never[]' is missing the following properties from type 'File': fieldname, originalname, encoding, mimetype, and 6 more.\r\n\r\n\u001b[7m89\u001b[0m     const data = get(this.req.files, name, []) as Express.Multer.File\r\n\u001b[7m  \u001b[0m \u001b[91m                 ~~~~~~~~~~~~~~~~~~~~~~~~~~~~~~~~~~~~~~~~~~~~~~~~~~~~\u001b[0m\r\n\n    at createTSError (D:\\Projects\\Support-User-Info\\server\\node_modules\\ts-node\\src\\index.ts:513:12)\n    at reportTSError (D:\\Projects\\Support-User-Info\\server\\node_modules\\ts-node\\src\\index.ts:517:19)\n    at getOutput (D:\\Projects\\Support-User-Info\\server\\node_modules\\ts-node\\src\\index.ts:752:36)\n    at Object.compile (D:\\Projects\\Support-User-Info\\server\\node_modules\\ts-node\\src\\index.ts:968:32)\n    at Module.m._compile (D:\\Projects\\Support-User-Info\\server\\node_modules\\ts-node\\src\\index.ts:1056:42)\n    at Module._extensions..js (node:internal/modules/cjs/loader:1435:10)\n    at require.extensions.<computed> (D:\\Projects\\Support-User-Info\\server\\node_modules\\ts-node\\src\\index.ts:1059:12)\n    at Object.newLoader [as .ts] (D:\\Projects\\Support-User-Info\\server\\node_modules\\pirates\\lib\\index.js:121:7)\n    at Module.load (node:internal/modules/cjs/loader:1207:32)\n    at Function.Module._load (node:internal/modules/cjs/loader:1023:12)","trace":[{"column":12,"file":"D:\\Projects\\Support-User-Info\\server\\node_modules\\ts-node\\src\\index.ts","function":"createTSError","line":513,"method":null,"native":false},{"column":19,"file":"D:\\Projects\\Support-User-Info\\server\\node_modules\\ts-node\\src\\index.ts","function":"reportTSError","line":517,"method":null,"native":false},{"column":36,"file":"D:\\Projects\\Support-User-Info\\server\\node_modules\\ts-node\\src\\index.ts","function":"getOutput","line":752,"method":null,"native":false},{"column":32,"file":"D:\\Projects\\Support-User-Info\\server\\node_modules\\ts-node\\src\\index.ts","function":"Object.compile","line":968,"method":"compile","native":false},{"column":42,"file":"D:\\Projects\\Support-User-Info\\server\\node_modules\\ts-node\\src\\index.ts","function":"Module.m._compile","line":1056,"method":"_compile","native":false},{"column":10,"file":"node:internal/modules/cjs/loader","function":"Module._extensions..js","line":1435,"method":".js","native":false},{"column":12,"file":"D:\\Projects\\Support-User-Info\\server\\node_modules\\ts-node\\src\\index.ts","function":"require.extensions.<computed>","line":1059,"method":"<computed>","native":false},{"column":7,"file":"D:\\Projects\\Support-User-Info\\server\\node_modules\\pirates\\lib\\index.js","function":"Object.newLoader [as .ts]","line":121,"method":"ts]","native":false},{"column":32,"file":"node:internal/modules/cjs/loader","function":"Module.load","line":1207,"method":"load","native":false},{"column":12,"file":"node:internal/modules/cjs/loader","function":"Module._load","line":1023,"method":"_load","native":false}]}
{"date":"Tue Mar 19 2024 10:03:07 GMT+0800 (Singapore Standard Time)","error":{"diagnosticCodes":[2352],"diagnosticText":"\u001b[96msrc/helpers/withState.ts\u001b[0m:\u001b[93m89\u001b[0m:\u001b[93m18\u001b[0m - \u001b[91merror\u001b[0m\u001b[90m TS2352: \u001b[0mConversion of type 'never[]' to type 'File' may be a mistake because neither type sufficiently overlaps with the other. If this was intentional, convert the expression to 'unknown' first.\r\n  Type 'never[]' is missing the following properties from type 'File': fieldname, originalname, encoding, mimetype, and 6 more.\r\n\r\n\u001b[7m89\u001b[0m     const data = get(this.req.files, name, []) as Express.Multer.File\r\n\u001b[7m  \u001b[0m \u001b[91m                 ~~~~~~~~~~~~~~~~~~~~~~~~~~~~~~~~~~~~~~~~~~~~~~~~~~~~\u001b[0m\r\n"},"exception":true,"level":"error","message":"uncaughtException: ⨯ Unable to compile TypeScript:\n\u001b[96msrc/helpers/withState.ts\u001b[0m:\u001b[93m89\u001b[0m:\u001b[93m18\u001b[0m - \u001b[91merror\u001b[0m\u001b[90m TS2352: \u001b[0mConversion of type 'never[]' to type 'File' may be a mistake because neither type sufficiently overlaps with the other. If this was intentional, convert the expression to 'unknown' first.\r\n  Type 'never[]' is missing the following properties from type 'File': fieldname, originalname, encoding, mimetype, and 6 more.\r\n\r\n\u001b[7m89\u001b[0m     const data = get(this.req.files, name, []) as Express.Multer.File\r\n\u001b[7m  \u001b[0m \u001b[91m                 ~~~~~~~~~~~~~~~~~~~~~~~~~~~~~~~~~~~~~~~~~~~~~~~~~~~~\u001b[0m\r\n\nTSError: ⨯ Unable to compile TypeScript:\n\u001b[96msrc/helpers/withState.ts\u001b[0m:\u001b[93m89\u001b[0m:\u001b[93m18\u001b[0m - \u001b[91merror\u001b[0m\u001b[90m TS2352: \u001b[0mConversion of type 'never[]' to type 'File' may be a mistake because neither type sufficiently overlaps with the other. If this was intentional, convert the expression to 'unknown' first.\r\n  Type 'never[]' is missing the following properties from type 'File': fieldname, originalname, encoding, mimetype, and 6 more.\r\n\r\n\u001b[7m89\u001b[0m     const data = get(this.req.files, name, []) as Express.Multer.File\r\n\u001b[7m  \u001b[0m \u001b[91m                 ~~~~~~~~~~~~~~~~~~~~~~~~~~~~~~~~~~~~~~~~~~~~~~~~~~~~\u001b[0m\r\n\n    at createTSError (D:\\Projects\\Support-User-Info\\server\\node_modules\\ts-node\\src\\index.ts:513:12)\n    at reportTSError (D:\\Projects\\Support-User-Info\\server\\node_modules\\ts-node\\src\\index.ts:517:19)\n    at getOutput (D:\\Projects\\Support-User-Info\\server\\node_modules\\ts-node\\src\\index.ts:752:36)\n    at Object.compile (D:\\Projects\\Support-User-Info\\server\\node_modules\\ts-node\\src\\index.ts:968:32)\n    at Module.m._compile (D:\\Projects\\Support-User-Info\\server\\node_modules\\ts-node\\src\\index.ts:1056:42)\n    at Module._extensions..js (node:internal/modules/cjs/loader:1435:10)\n    at require.extensions.<computed> (D:\\Projects\\Support-User-Info\\server\\node_modules\\ts-node\\src\\index.ts:1059:12)\n    at Object.newLoader [as .ts] (D:\\Projects\\Support-User-Info\\server\\node_modules\\pirates\\lib\\index.js:121:7)\n    at Module.load (node:internal/modules/cjs/loader:1207:32)\n    at Function.Module._load (node:internal/modules/cjs/loader:1023:12)","os":{"loadavg":[0,0,0],"uptime":96967.171},"process":{"argv":["D:\\Projects\\Support-User-Info\\server\\node_modules\\ts-node\\dist\\bin.js","D:\\Projects\\Support-User-Info\\server\\src\\bin\\server.ts"],"cwd":"D:\\Projects\\Support-User-Info\\server","execPath":"C:\\Program Files\\nodejs\\node.exe","gid":null,"memoryUsage":{"arrayBuffers":74363,"external":3122142,"heapTotal":260120576,"heapUsed":232101600,"rss":314155008},"pid":19860,"uid":null,"version":"v20.10.0"},"stack":"TSError: ⨯ Unable to compile TypeScript:\n\u001b[96msrc/helpers/withState.ts\u001b[0m:\u001b[93m89\u001b[0m:\u001b[93m18\u001b[0m - \u001b[91merror\u001b[0m\u001b[90m TS2352: \u001b[0mConversion of type 'never[]' to type 'File' may be a mistake because neither type sufficiently overlaps with the other. If this was intentional, convert the expression to 'unknown' first.\r\n  Type 'never[]' is missing the following properties from type 'File': fieldname, originalname, encoding, mimetype, and 6 more.\r\n\r\n\u001b[7m89\u001b[0m     const data = get(this.req.files, name, []) as Express.Multer.File\r\n\u001b[7m  \u001b[0m \u001b[91m                 ~~~~~~~~~~~~~~~~~~~~~~~~~~~~~~~~~~~~~~~~~~~~~~~~~~~~\u001b[0m\r\n\n    at createTSError (D:\\Projects\\Support-User-Info\\server\\node_modules\\ts-node\\src\\index.ts:513:12)\n    at reportTSError (D:\\Projects\\Support-User-Info\\server\\node_modules\\ts-node\\src\\index.ts:517:19)\n    at getOutput (D:\\Projects\\Support-User-Info\\server\\node_modules\\ts-node\\src\\index.ts:752:36)\n    at Object.compile (D:\\Projects\\Support-User-Info\\server\\node_modules\\ts-node\\src\\index.ts:968:32)\n    at Module.m._compile (D:\\Projects\\Support-User-Info\\server\\node_modules\\ts-node\\src\\index.ts:1056:42)\n    at Module._extensions..js (node:internal/modules/cjs/loader:1435:10)\n    at require.extensions.<computed> (D:\\Projects\\Support-User-Info\\server\\node_modules\\ts-node\\src\\index.ts:1059:12)\n    at Object.newLoader [as .ts] (D:\\Projects\\Support-User-Info\\server\\node_modules\\pirates\\lib\\index.js:121:7)\n    at Module.load (node:internal/modules/cjs/loader:1207:32)\n    at Function.Module._load (node:internal/modules/cjs/loader:1023:12)","trace":[{"column":12,"file":"D:\\Projects\\Support-User-Info\\server\\node_modules\\ts-node\\src\\index.ts","function":"createTSError","line":513,"method":null,"native":false},{"column":19,"file":"D:\\Projects\\Support-User-Info\\server\\node_modules\\ts-node\\src\\index.ts","function":"reportTSError","line":517,"method":null,"native":false},{"column":36,"file":"D:\\Projects\\Support-User-Info\\server\\node_modules\\ts-node\\src\\index.ts","function":"getOutput","line":752,"method":null,"native":false},{"column":32,"file":"D:\\Projects\\Support-User-Info\\server\\node_modules\\ts-node\\src\\index.ts","function":"Object.compile","line":968,"method":"compile","native":false},{"column":42,"file":"D:\\Projects\\Support-User-Info\\server\\node_modules\\ts-node\\src\\index.ts","function":"Module.m._compile","line":1056,"method":"_compile","native":false},{"column":10,"file":"node:internal/modules/cjs/loader","function":"Module._extensions..js","line":1435,"method":".js","native":false},{"column":12,"file":"D:\\Projects\\Support-User-Info\\server\\node_modules\\ts-node\\src\\index.ts","function":"require.extensions.<computed>","line":1059,"method":"<computed>","native":false},{"column":7,"file":"D:\\Projects\\Support-User-Info\\server\\node_modules\\pirates\\lib\\index.js","function":"Object.newLoader [as .ts]","line":121,"method":"ts]","native":false},{"column":32,"file":"node:internal/modules/cjs/loader","function":"Module.load","line":1207,"method":"load","native":false},{"column":12,"file":"node:internal/modules/cjs/loader","function":"Module._load","line":1023,"method":"_load","native":false}]}
{"date":"Tue Mar 19 2024 10:07:10 GMT+0800 (Singapore Standard Time)","error":{"diagnosticCodes":[2352],"diagnosticText":"\u001b[96msrc/helpers/withState.ts\u001b[0m:\u001b[93m89\u001b[0m:\u001b[93m18\u001b[0m - \u001b[91merror\u001b[0m\u001b[90m TS2352: \u001b[0mConversion of type 'never[]' to type 'File' may be a mistake because neither type sufficiently overlaps with the other. If this was intentional, convert the expression to 'unknown' first.\r\n  Type 'never[]' is missing the following properties from type 'File': fieldname, originalname, encoding, mimetype, and 6 more.\r\n\r\n\u001b[7m89\u001b[0m     const data = get(this.req.files, name, []) as Express.Multer.File\r\n\u001b[7m  \u001b[0m \u001b[91m                 ~~~~~~~~~~~~~~~~~~~~~~~~~~~~~~~~~~~~~~~~~~~~~~~~~~~~\u001b[0m\r\n"},"exception":true,"level":"error","message":"uncaughtException: ⨯ Unable to compile TypeScript:\n\u001b[96msrc/helpers/withState.ts\u001b[0m:\u001b[93m89\u001b[0m:\u001b[93m18\u001b[0m - \u001b[91merror\u001b[0m\u001b[90m TS2352: \u001b[0mConversion of type 'never[]' to type 'File' may be a mistake because neither type sufficiently overlaps with the other. If this was intentional, convert the expression to 'unknown' first.\r\n  Type 'never[]' is missing the following properties from type 'File': fieldname, originalname, encoding, mimetype, and 6 more.\r\n\r\n\u001b[7m89\u001b[0m     const data = get(this.req.files, name, []) as Express.Multer.File\r\n\u001b[7m  \u001b[0m \u001b[91m                 ~~~~~~~~~~~~~~~~~~~~~~~~~~~~~~~~~~~~~~~~~~~~~~~~~~~~\u001b[0m\r\n\nTSError: ⨯ Unable to compile TypeScript:\n\u001b[96msrc/helpers/withState.ts\u001b[0m:\u001b[93m89\u001b[0m:\u001b[93m18\u001b[0m - \u001b[91merror\u001b[0m\u001b[90m TS2352: \u001b[0mConversion of type 'never[]' to type 'File' may be a mistake because neither type sufficiently overlaps with the other. If this was intentional, convert the expression to 'unknown' first.\r\n  Type 'never[]' is missing the following properties from type 'File': fieldname, originalname, encoding, mimetype, and 6 more.\r\n\r\n\u001b[7m89\u001b[0m     const data = get(this.req.files, name, []) as Express.Multer.File\r\n\u001b[7m  \u001b[0m \u001b[91m                 ~~~~~~~~~~~~~~~~~~~~~~~~~~~~~~~~~~~~~~~~~~~~~~~~~~~~\u001b[0m\r\n\n    at createTSError (D:\\Projects\\Support-User-Info\\server\\node_modules\\ts-node\\src\\index.ts:513:12)\n    at reportTSError (D:\\Projects\\Support-User-Info\\server\\node_modules\\ts-node\\src\\index.ts:517:19)\n    at getOutput (D:\\Projects\\Support-User-Info\\server\\node_modules\\ts-node\\src\\index.ts:752:36)\n    at Object.compile (D:\\Projects\\Support-User-Info\\server\\node_modules\\ts-node\\src\\index.ts:968:32)\n    at Module.m._compile (D:\\Projects\\Support-User-Info\\server\\node_modules\\ts-node\\src\\index.ts:1056:42)\n    at Module._extensions..js (node:internal/modules/cjs/loader:1435:10)\n    at require.extensions.<computed> (D:\\Projects\\Support-User-Info\\server\\node_modules\\ts-node\\src\\index.ts:1059:12)\n    at Object.newLoader [as .ts] (D:\\Projects\\Support-User-Info\\server\\node_modules\\pirates\\lib\\index.js:121:7)\n    at Module.load (node:internal/modules/cjs/loader:1207:32)\n    at Function.Module._load (node:internal/modules/cjs/loader:1023:12)","os":{"loadavg":[0,0,0],"uptime":97210.281},"process":{"argv":["D:\\Projects\\Support-User-Info\\server\\node_modules\\ts-node\\dist\\bin.js","D:\\Projects\\Support-User-Info\\server\\src\\bin\\server.ts"],"cwd":"D:\\Projects\\Support-User-Info\\server","execPath":"C:\\Program Files\\nodejs\\node.exe","gid":null,"memoryUsage":{"arrayBuffers":74363,"external":3122142,"heapTotal":260382720,"heapUsed":232298656,"rss":315617280},"pid":11368,"uid":null,"version":"v20.10.0"},"stack":"TSError: ⨯ Unable to compile TypeScript:\n\u001b[96msrc/helpers/withState.ts\u001b[0m:\u001b[93m89\u001b[0m:\u001b[93m18\u001b[0m - \u001b[91merror\u001b[0m\u001b[90m TS2352: \u001b[0mConversion of type 'never[]' to type 'File' may be a mistake because neither type sufficiently overlaps with the other. If this was intentional, convert the expression to 'unknown' first.\r\n  Type 'never[]' is missing the following properties from type 'File': fieldname, originalname, encoding, mimetype, and 6 more.\r\n\r\n\u001b[7m89\u001b[0m     const data = get(this.req.files, name, []) as Express.Multer.File\r\n\u001b[7m  \u001b[0m \u001b[91m                 ~~~~~~~~~~~~~~~~~~~~~~~~~~~~~~~~~~~~~~~~~~~~~~~~~~~~\u001b[0m\r\n\n    at createTSError (D:\\Projects\\Support-User-Info\\server\\node_modules\\ts-node\\src\\index.ts:513:12)\n    at reportTSError (D:\\Projects\\Support-User-Info\\server\\node_modules\\ts-node\\src\\index.ts:517:19)\n    at getOutput (D:\\Projects\\Support-User-Info\\server\\node_modules\\ts-node\\src\\index.ts:752:36)\n    at Object.compile (D:\\Projects\\Support-User-Info\\server\\node_modules\\ts-node\\src\\index.ts:968:32)\n    at Module.m._compile (D:\\Projects\\Support-User-Info\\server\\node_modules\\ts-node\\src\\index.ts:1056:42)\n    at Module._extensions..js (node:internal/modules/cjs/loader:1435:10)\n    at require.extensions.<computed> (D:\\Projects\\Support-User-Info\\server\\node_modules\\ts-node\\src\\index.ts:1059:12)\n    at Object.newLoader [as .ts] (D:\\Projects\\Support-User-Info\\server\\node_modules\\pirates\\lib\\index.js:121:7)\n    at Module.load (node:internal/modules/cjs/loader:1207:32)\n    at Function.Module._load (node:internal/modules/cjs/loader:1023:12)","trace":[{"column":12,"file":"D:\\Projects\\Support-User-Info\\server\\node_modules\\ts-node\\src\\index.ts","function":"createTSError","line":513,"method":null,"native":false},{"column":19,"file":"D:\\Projects\\Support-User-Info\\server\\node_modules\\ts-node\\src\\index.ts","function":"reportTSError","line":517,"method":null,"native":false},{"column":36,"file":"D:\\Projects\\Support-User-Info\\server\\node_modules\\ts-node\\src\\index.ts","function":"getOutput","line":752,"method":null,"native":false},{"column":32,"file":"D:\\Projects\\Support-User-Info\\server\\node_modules\\ts-node\\src\\index.ts","function":"Object.compile","line":968,"method":"compile","native":false},{"column":42,"file":"D:\\Projects\\Support-User-Info\\server\\node_modules\\ts-node\\src\\index.ts","function":"Module.m._compile","line":1056,"method":"_compile","native":false},{"column":10,"file":"node:internal/modules/cjs/loader","function":"Module._extensions..js","line":1435,"method":".js","native":false},{"column":12,"file":"D:\\Projects\\Support-User-Info\\server\\node_modules\\ts-node\\src\\index.ts","function":"require.extensions.<computed>","line":1059,"method":"<computed>","native":false},{"column":7,"file":"D:\\Projects\\Support-User-Info\\server\\node_modules\\pirates\\lib\\index.js","function":"Object.newLoader [as .ts]","line":121,"method":"ts]","native":false},{"column":32,"file":"node:internal/modules/cjs/loader","function":"Module.load","line":1207,"method":"load","native":false},{"column":12,"file":"node:internal/modules/cjs/loader","function":"Module._load","line":1023,"method":"_load","native":false}]}
{"date":"Tue Mar 19 2024 10:11:07 GMT+0800 (Singapore Standard Time)","error":{"diagnosticCodes":[2352],"diagnosticText":"\u001b[96msrc/helpers/withState.ts\u001b[0m:\u001b[93m89\u001b[0m:\u001b[93m18\u001b[0m - \u001b[91merror\u001b[0m\u001b[90m TS2352: \u001b[0mConversion of type 'never[]' to type 'File' may be a mistake because neither type sufficiently overlaps with the other. If this was intentional, convert the expression to 'unknown' first.\r\n  Type 'never[]' is missing the following properties from type 'File': fieldname, originalname, encoding, mimetype, and 6 more.\r\n\r\n\u001b[7m89\u001b[0m     const data = get(this.req.files, name, []) as Express.Multer.File\r\n\u001b[7m  \u001b[0m \u001b[91m                 ~~~~~~~~~~~~~~~~~~~~~~~~~~~~~~~~~~~~~~~~~~~~~~~~~~~~\u001b[0m\r\n"},"exception":true,"level":"error","message":"uncaughtException: ⨯ Unable to compile TypeScript:\n\u001b[96msrc/helpers/withState.ts\u001b[0m:\u001b[93m89\u001b[0m:\u001b[93m18\u001b[0m - \u001b[91merror\u001b[0m\u001b[90m TS2352: \u001b[0mConversion of type 'never[]' to type 'File' may be a mistake because neither type sufficiently overlaps with the other. If this was intentional, convert the expression to 'unknown' first.\r\n  Type 'never[]' is missing the following properties from type 'File': fieldname, originalname, encoding, mimetype, and 6 more.\r\n\r\n\u001b[7m89\u001b[0m     const data = get(this.req.files, name, []) as Express.Multer.File\r\n\u001b[7m  \u001b[0m \u001b[91m                 ~~~~~~~~~~~~~~~~~~~~~~~~~~~~~~~~~~~~~~~~~~~~~~~~~~~~\u001b[0m\r\n\nTSError: ⨯ Unable to compile TypeScript:\n\u001b[96msrc/helpers/withState.ts\u001b[0m:\u001b[93m89\u001b[0m:\u001b[93m18\u001b[0m - \u001b[91merror\u001b[0m\u001b[90m TS2352: \u001b[0mConversion of type 'never[]' to type 'File' may be a mistake because neither type sufficiently overlaps with the other. If this was intentional, convert the expression to 'unknown' first.\r\n  Type 'never[]' is missing the following properties from type 'File': fieldname, originalname, encoding, mimetype, and 6 more.\r\n\r\n\u001b[7m89\u001b[0m     const data = get(this.req.files, name, []) as Express.Multer.File\r\n\u001b[7m  \u001b[0m \u001b[91m                 ~~~~~~~~~~~~~~~~~~~~~~~~~~~~~~~~~~~~~~~~~~~~~~~~~~~~\u001b[0m\r\n\n    at createTSError (D:\\Projects\\Support-User-Info\\server\\node_modules\\ts-node\\src\\index.ts:513:12)\n    at reportTSError (D:\\Projects\\Support-User-Info\\server\\node_modules\\ts-node\\src\\index.ts:517:19)\n    at getOutput (D:\\Projects\\Support-User-Info\\server\\node_modules\\ts-node\\src\\index.ts:752:36)\n    at Object.compile (D:\\Projects\\Support-User-Info\\server\\node_modules\\ts-node\\src\\index.ts:968:32)\n    at Module.m._compile (D:\\Projects\\Support-User-Info\\server\\node_modules\\ts-node\\src\\index.ts:1056:42)\n    at Module._extensions..js (node:internal/modules/cjs/loader:1435:10)\n    at require.extensions.<computed> (D:\\Projects\\Support-User-Info\\server\\node_modules\\ts-node\\src\\index.ts:1059:12)\n    at Object.newLoader [as .ts] (D:\\Projects\\Support-User-Info\\server\\node_modules\\pirates\\lib\\index.js:121:7)\n    at Module.load (node:internal/modules/cjs/loader:1207:32)\n    at Function.Module._load (node:internal/modules/cjs/loader:1023:12)","os":{"loadavg":[0,0,0],"uptime":97447.359},"process":{"argv":["D:\\Projects\\Support-User-Info\\server\\node_modules\\ts-node\\dist\\bin.js","D:\\Projects\\Support-User-Info\\server\\src\\bin\\server.ts"],"cwd":"D:\\Projects\\Support-User-Info\\server","execPath":"C:\\Program Files\\nodejs\\node.exe","gid":null,"memoryUsage":{"arrayBuffers":66171,"external":3113950,"heapTotal":256188416,"heapUsed":228165904,"rss":310415360},"pid":1932,"uid":null,"version":"v20.10.0"},"stack":"TSError: ⨯ Unable to compile TypeScript:\n\u001b[96msrc/helpers/withState.ts\u001b[0m:\u001b[93m89\u001b[0m:\u001b[93m18\u001b[0m - \u001b[91merror\u001b[0m\u001b[90m TS2352: \u001b[0mConversion of type 'never[]' to type 'File' may be a mistake because neither type sufficiently overlaps with the other. If this was intentional, convert the expression to 'unknown' first.\r\n  Type 'never[]' is missing the following properties from type 'File': fieldname, originalname, encoding, mimetype, and 6 more.\r\n\r\n\u001b[7m89\u001b[0m     const data = get(this.req.files, name, []) as Express.Multer.File\r\n\u001b[7m  \u001b[0m \u001b[91m                 ~~~~~~~~~~~~~~~~~~~~~~~~~~~~~~~~~~~~~~~~~~~~~~~~~~~~\u001b[0m\r\n\n    at createTSError (D:\\Projects\\Support-User-Info\\server\\node_modules\\ts-node\\src\\index.ts:513:12)\n    at reportTSError (D:\\Projects\\Support-User-Info\\server\\node_modules\\ts-node\\src\\index.ts:517:19)\n    at getOutput (D:\\Projects\\Support-User-Info\\server\\node_modules\\ts-node\\src\\index.ts:752:36)\n    at Object.compile (D:\\Projects\\Support-User-Info\\server\\node_modules\\ts-node\\src\\index.ts:968:32)\n    at Module.m._compile (D:\\Projects\\Support-User-Info\\server\\node_modules\\ts-node\\src\\index.ts:1056:42)\n    at Module._extensions..js (node:internal/modules/cjs/loader:1435:10)\n    at require.extensions.<computed> (D:\\Projects\\Support-User-Info\\server\\node_modules\\ts-node\\src\\index.ts:1059:12)\n    at Object.newLoader [as .ts] (D:\\Projects\\Support-User-Info\\server\\node_modules\\pirates\\lib\\index.js:121:7)\n    at Module.load (node:internal/modules/cjs/loader:1207:32)\n    at Function.Module._load (node:internal/modules/cjs/loader:1023:12)","trace":[{"column":12,"file":"D:\\Projects\\Support-User-Info\\server\\node_modules\\ts-node\\src\\index.ts","function":"createTSError","line":513,"method":null,"native":false},{"column":19,"file":"D:\\Projects\\Support-User-Info\\server\\node_modules\\ts-node\\src\\index.ts","function":"reportTSError","line":517,"method":null,"native":false},{"column":36,"file":"D:\\Projects\\Support-User-Info\\server\\node_modules\\ts-node\\src\\index.ts","function":"getOutput","line":752,"method":null,"native":false},{"column":32,"file":"D:\\Projects\\Support-User-Info\\server\\node_modules\\ts-node\\src\\index.ts","function":"Object.compile","line":968,"method":"compile","native":false},{"column":42,"file":"D:\\Projects\\Support-User-Info\\server\\node_modules\\ts-node\\src\\index.ts","function":"Module.m._compile","line":1056,"method":"_compile","native":false},{"column":10,"file":"node:internal/modules/cjs/loader","function":"Module._extensions..js","line":1435,"method":".js","native":false},{"column":12,"file":"D:\\Projects\\Support-User-Info\\server\\node_modules\\ts-node\\src\\index.ts","function":"require.extensions.<computed>","line":1059,"method":"<computed>","native":false},{"column":7,"file":"D:\\Projects\\Support-User-Info\\server\\node_modules\\pirates\\lib\\index.js","function":"Object.newLoader [as .ts]","line":121,"method":"ts]","native":false},{"column":32,"file":"node:internal/modules/cjs/loader","function":"Module.load","line":1207,"method":"load","native":false},{"column":12,"file":"node:internal/modules/cjs/loader","function":"Module._load","line":1023,"method":"_load","native":false}]}
{"date":"Tue Mar 19 2024 10:39:53 GMT+0800 (Singapore Standard Time)","error":{"diagnosticCodes":[2352],"diagnosticText":"\u001b[96msrc/helpers/withState.ts\u001b[0m:\u001b[93m89\u001b[0m:\u001b[93m18\u001b[0m - \u001b[91merror\u001b[0m\u001b[90m TS2352: \u001b[0mConversion of type 'never[]' to type 'File' may be a mistake because neither type sufficiently overlaps with the other. If this was intentional, convert the expression to 'unknown' first.\r\n  Type 'never[]' is missing the following properties from type 'File': fieldname, originalname, encoding, mimetype, and 6 more.\r\n\r\n\u001b[7m89\u001b[0m     const data = get(this.req.files, name, []) as Express.Multer.File\r\n\u001b[7m  \u001b[0m \u001b[91m                 ~~~~~~~~~~~~~~~~~~~~~~~~~~~~~~~~~~~~~~~~~~~~~~~~~~~~\u001b[0m\r\n"},"exception":true,"level":"error","message":"uncaughtException: ⨯ Unable to compile TypeScript:\n\u001b[96msrc/helpers/withState.ts\u001b[0m:\u001b[93m89\u001b[0m:\u001b[93m18\u001b[0m - \u001b[91merror\u001b[0m\u001b[90m TS2352: \u001b[0mConversion of type 'never[]' to type 'File' may be a mistake because neither type sufficiently overlaps with the other. If this was intentional, convert the expression to 'unknown' first.\r\n  Type 'never[]' is missing the following properties from type 'File': fieldname, originalname, encoding, mimetype, and 6 more.\r\n\r\n\u001b[7m89\u001b[0m     const data = get(this.req.files, name, []) as Express.Multer.File\r\n\u001b[7m  \u001b[0m \u001b[91m                 ~~~~~~~~~~~~~~~~~~~~~~~~~~~~~~~~~~~~~~~~~~~~~~~~~~~~\u001b[0m\r\n\nTSError: ⨯ Unable to compile TypeScript:\n\u001b[96msrc/helpers/withState.ts\u001b[0m:\u001b[93m89\u001b[0m:\u001b[93m18\u001b[0m - \u001b[91merror\u001b[0m\u001b[90m TS2352: \u001b[0mConversion of type 'never[]' to type 'File' may be a mistake because neither type sufficiently overlaps with the other. If this was intentional, convert the expression to 'unknown' first.\r\n  Type 'never[]' is missing the following properties from type 'File': fieldname, originalname, encoding, mimetype, and 6 more.\r\n\r\n\u001b[7m89\u001b[0m     const data = get(this.req.files, name, []) as Express.Multer.File\r\n\u001b[7m  \u001b[0m \u001b[91m                 ~~~~~~~~~~~~~~~~~~~~~~~~~~~~~~~~~~~~~~~~~~~~~~~~~~~~\u001b[0m\r\n\n    at createTSError (D:\\Projects\\Support-User-Info\\server\\node_modules\\ts-node\\src\\index.ts:513:12)\n    at reportTSError (D:\\Projects\\Support-User-Info\\server\\node_modules\\ts-node\\src\\index.ts:517:19)\n    at getOutput (D:\\Projects\\Support-User-Info\\server\\node_modules\\ts-node\\src\\index.ts:752:36)\n    at Object.compile (D:\\Projects\\Support-User-Info\\server\\node_modules\\ts-node\\src\\index.ts:968:32)\n    at Module.m._compile (D:\\Projects\\Support-User-Info\\server\\node_modules\\ts-node\\src\\index.ts:1056:42)\n    at Module._extensions..js (node:internal/modules/cjs/loader:1435:10)\n    at require.extensions.<computed> (D:\\Projects\\Support-User-Info\\server\\node_modules\\ts-node\\src\\index.ts:1059:12)\n    at Object.newLoader [as .ts] (D:\\Projects\\Support-User-Info\\server\\node_modules\\pirates\\lib\\index.js:121:7)\n    at Module.load (node:internal/modules/cjs/loader:1207:32)\n    at Function.Module._load (node:internal/modules/cjs/loader:1023:12)","os":{"loadavg":[0,0,0],"uptime":99172.562},"process":{"argv":["D:\\Projects\\Support-User-Info\\server\\node_modules\\ts-node\\dist\\bin.js","D:\\Projects\\Support-User-Info\\server\\src\\bin\\server.ts"],"cwd":"D:\\Projects\\Support-User-Info\\server","execPath":"C:\\Program Files\\nodejs\\node.exe","gid":null,"memoryUsage":{"arrayBuffers":74363,"external":3122142,"heapTotal":255139840,"heapUsed":230807640,"rss":307937280},"pid":8296,"uid":null,"version":"v20.10.0"},"stack":"TSError: ⨯ Unable to compile TypeScript:\n\u001b[96msrc/helpers/withState.ts\u001b[0m:\u001b[93m89\u001b[0m:\u001b[93m18\u001b[0m - \u001b[91merror\u001b[0m\u001b[90m TS2352: \u001b[0mConversion of type 'never[]' to type 'File' may be a mistake because neither type sufficiently overlaps with the other. If this was intentional, convert the expression to 'unknown' first.\r\n  Type 'never[]' is missing the following properties from type 'File': fieldname, originalname, encoding, mimetype, and 6 more.\r\n\r\n\u001b[7m89\u001b[0m     const data = get(this.req.files, name, []) as Express.Multer.File\r\n\u001b[7m  \u001b[0m \u001b[91m                 ~~~~~~~~~~~~~~~~~~~~~~~~~~~~~~~~~~~~~~~~~~~~~~~~~~~~\u001b[0m\r\n\n    at createTSError (D:\\Projects\\Support-User-Info\\server\\node_modules\\ts-node\\src\\index.ts:513:12)\n    at reportTSError (D:\\Projects\\Support-User-Info\\server\\node_modules\\ts-node\\src\\index.ts:517:19)\n    at getOutput (D:\\Projects\\Support-User-Info\\server\\node_modules\\ts-node\\src\\index.ts:752:36)\n    at Object.compile (D:\\Projects\\Support-User-Info\\server\\node_modules\\ts-node\\src\\index.ts:968:32)\n    at Module.m._compile (D:\\Projects\\Support-User-Info\\server\\node_modules\\ts-node\\src\\index.ts:1056:42)\n    at Module._extensions..js (node:internal/modules/cjs/loader:1435:10)\n    at require.extensions.<computed> (D:\\Projects\\Support-User-Info\\server\\node_modules\\ts-node\\src\\index.ts:1059:12)\n    at Object.newLoader [as .ts] (D:\\Projects\\Support-User-Info\\server\\node_modules\\pirates\\lib\\index.js:121:7)\n    at Module.load (node:internal/modules/cjs/loader:1207:32)\n    at Function.Module._load (node:internal/modules/cjs/loader:1023:12)","trace":[{"column":12,"file":"D:\\Projects\\Support-User-Info\\server\\node_modules\\ts-node\\src\\index.ts","function":"createTSError","line":513,"method":null,"native":false},{"column":19,"file":"D:\\Projects\\Support-User-Info\\server\\node_modules\\ts-node\\src\\index.ts","function":"reportTSError","line":517,"method":null,"native":false},{"column":36,"file":"D:\\Projects\\Support-User-Info\\server\\node_modules\\ts-node\\src\\index.ts","function":"getOutput","line":752,"method":null,"native":false},{"column":32,"file":"D:\\Projects\\Support-User-Info\\server\\node_modules\\ts-node\\src\\index.ts","function":"Object.compile","line":968,"method":"compile","native":false},{"column":42,"file":"D:\\Projects\\Support-User-Info\\server\\node_modules\\ts-node\\src\\index.ts","function":"Module.m._compile","line":1056,"method":"_compile","native":false},{"column":10,"file":"node:internal/modules/cjs/loader","function":"Module._extensions..js","line":1435,"method":".js","native":false},{"column":12,"file":"D:\\Projects\\Support-User-Info\\server\\node_modules\\ts-node\\src\\index.ts","function":"require.extensions.<computed>","line":1059,"method":"<computed>","native":false},{"column":7,"file":"D:\\Projects\\Support-User-Info\\server\\node_modules\\pirates\\lib\\index.js","function":"Object.newLoader [as .ts]","line":121,"method":"ts]","native":false},{"column":32,"file":"node:internal/modules/cjs/loader","function":"Module.load","line":1207,"method":"load","native":false},{"column":12,"file":"node:internal/modules/cjs/loader","function":"Module._load","line":1023,"method":"_load","native":false}]}
{"date":"Tue Mar 19 2024 10:42:48 GMT+0800 (Singapore Standard Time)","error":{"diagnosticCodes":[2352],"diagnosticText":"\u001b[96msrc/helpers/withState.ts\u001b[0m:\u001b[93m89\u001b[0m:\u001b[93m18\u001b[0m - \u001b[91merror\u001b[0m\u001b[90m TS2352: \u001b[0mConversion of type 'never[]' to type 'File' may be a mistake because neither type sufficiently overlaps with the other. If this was intentional, convert the expression to 'unknown' first.\r\n  Type 'never[]' is missing the following properties from type 'File': fieldname, originalname, encoding, mimetype, and 6 more.\r\n\r\n\u001b[7m89\u001b[0m     const data = get(this.req.files, name, []) as Express.Multer.File\r\n\u001b[7m  \u001b[0m \u001b[91m                 ~~~~~~~~~~~~~~~~~~~~~~~~~~~~~~~~~~~~~~~~~~~~~~~~~~~~\u001b[0m\r\n"},"exception":true,"level":"error","message":"uncaughtException: ⨯ Unable to compile TypeScript:\n\u001b[96msrc/helpers/withState.ts\u001b[0m:\u001b[93m89\u001b[0m:\u001b[93m18\u001b[0m - \u001b[91merror\u001b[0m\u001b[90m TS2352: \u001b[0mConversion of type 'never[]' to type 'File' may be a mistake because neither type sufficiently overlaps with the other. If this was intentional, convert the expression to 'unknown' first.\r\n  Type 'never[]' is missing the following properties from type 'File': fieldname, originalname, encoding, mimetype, and 6 more.\r\n\r\n\u001b[7m89\u001b[0m     const data = get(this.req.files, name, []) as Express.Multer.File\r\n\u001b[7m  \u001b[0m \u001b[91m                 ~~~~~~~~~~~~~~~~~~~~~~~~~~~~~~~~~~~~~~~~~~~~~~~~~~~~\u001b[0m\r\n\nTSError: ⨯ Unable to compile TypeScript:\n\u001b[96msrc/helpers/withState.ts\u001b[0m:\u001b[93m89\u001b[0m:\u001b[93m18\u001b[0m - \u001b[91merror\u001b[0m\u001b[90m TS2352: \u001b[0mConversion of type 'never[]' to type 'File' may be a mistake because neither type sufficiently overlaps with the other. If this was intentional, convert the expression to 'unknown' first.\r\n  Type 'never[]' is missing the following properties from type 'File': fieldname, originalname, encoding, mimetype, and 6 more.\r\n\r\n\u001b[7m89\u001b[0m     const data = get(this.req.files, name, []) as Express.Multer.File\r\n\u001b[7m  \u001b[0m \u001b[91m                 ~~~~~~~~~~~~~~~~~~~~~~~~~~~~~~~~~~~~~~~~~~~~~~~~~~~~\u001b[0m\r\n\n    at createTSError (D:\\Projects\\Support-User-Info\\server\\node_modules\\ts-node\\src\\index.ts:513:12)\n    at reportTSError (D:\\Projects\\Support-User-Info\\server\\node_modules\\ts-node\\src\\index.ts:517:19)\n    at getOutput (D:\\Projects\\Support-User-Info\\server\\node_modules\\ts-node\\src\\index.ts:752:36)\n    at Object.compile (D:\\Projects\\Support-User-Info\\server\\node_modules\\ts-node\\src\\index.ts:968:32)\n    at Module.m._compile (D:\\Projects\\Support-User-Info\\server\\node_modules\\ts-node\\src\\index.ts:1056:42)\n    at Module._extensions..js (node:internal/modules/cjs/loader:1435:10)\n    at require.extensions.<computed> (D:\\Projects\\Support-User-Info\\server\\node_modules\\ts-node\\src\\index.ts:1059:12)\n    at Object.newLoader [as .ts] (D:\\Projects\\Support-User-Info\\server\\node_modules\\pirates\\lib\\index.js:121:7)\n    at Module.load (node:internal/modules/cjs/loader:1207:32)\n    at Function.Module._load (node:internal/modules/cjs/loader:1023:12)","os":{"loadavg":[0,0,0],"uptime":99347.656},"process":{"argv":["D:\\Projects\\Support-User-Info\\server\\node_modules\\ts-node\\dist\\bin.js","D:\\Projects\\Support-User-Info\\server\\src\\bin\\server.ts"],"cwd":"D:\\Projects\\Support-User-Info\\server","execPath":"C:\\Program Files\\nodejs\\node.exe","gid":null,"memoryUsage":{"arrayBuffers":82555,"external":3130334,"heapTotal":259858432,"heapUsed":227128608,"rss":314396672},"pid":15760,"uid":null,"version":"v20.10.0"},"stack":"TSError: ⨯ Unable to compile TypeScript:\n\u001b[96msrc/helpers/withState.ts\u001b[0m:\u001b[93m89\u001b[0m:\u001b[93m18\u001b[0m - \u001b[91merror\u001b[0m\u001b[90m TS2352: \u001b[0mConversion of type 'never[]' to type 'File' may be a mistake because neither type sufficiently overlaps with the other. If this was intentional, convert the expression to 'unknown' first.\r\n  Type 'never[]' is missing the following properties from type 'File': fieldname, originalname, encoding, mimetype, and 6 more.\r\n\r\n\u001b[7m89\u001b[0m     const data = get(this.req.files, name, []) as Express.Multer.File\r\n\u001b[7m  \u001b[0m \u001b[91m                 ~~~~~~~~~~~~~~~~~~~~~~~~~~~~~~~~~~~~~~~~~~~~~~~~~~~~\u001b[0m\r\n\n    at createTSError (D:\\Projects\\Support-User-Info\\server\\node_modules\\ts-node\\src\\index.ts:513:12)\n    at reportTSError (D:\\Projects\\Support-User-Info\\server\\node_modules\\ts-node\\src\\index.ts:517:19)\n    at getOutput (D:\\Projects\\Support-User-Info\\server\\node_modules\\ts-node\\src\\index.ts:752:36)\n    at Object.compile (D:\\Projects\\Support-User-Info\\server\\node_modules\\ts-node\\src\\index.ts:968:32)\n    at Module.m._compile (D:\\Projects\\Support-User-Info\\server\\node_modules\\ts-node\\src\\index.ts:1056:42)\n    at Module._extensions..js (node:internal/modules/cjs/loader:1435:10)\n    at require.extensions.<computed> (D:\\Projects\\Support-User-Info\\server\\node_modules\\ts-node\\src\\index.ts:1059:12)\n    at Object.newLoader [as .ts] (D:\\Projects\\Support-User-Info\\server\\node_modules\\pirates\\lib\\index.js:121:7)\n    at Module.load (node:internal/modules/cjs/loader:1207:32)\n    at Function.Module._load (node:internal/modules/cjs/loader:1023:12)","trace":[{"column":12,"file":"D:\\Projects\\Support-User-Info\\server\\node_modules\\ts-node\\src\\index.ts","function":"createTSError","line":513,"method":null,"native":false},{"column":19,"file":"D:\\Projects\\Support-User-Info\\server\\node_modules\\ts-node\\src\\index.ts","function":"reportTSError","line":517,"method":null,"native":false},{"column":36,"file":"D:\\Projects\\Support-User-Info\\server\\node_modules\\ts-node\\src\\index.ts","function":"getOutput","line":752,"method":null,"native":false},{"column":32,"file":"D:\\Projects\\Support-User-Info\\server\\node_modules\\ts-node\\src\\index.ts","function":"Object.compile","line":968,"method":"compile","native":false},{"column":42,"file":"D:\\Projects\\Support-User-Info\\server\\node_modules\\ts-node\\src\\index.ts","function":"Module.m._compile","line":1056,"method":"_compile","native":false},{"column":10,"file":"node:internal/modules/cjs/loader","function":"Module._extensions..js","line":1435,"method":".js","native":false},{"column":12,"file":"D:\\Projects\\Support-User-Info\\server\\node_modules\\ts-node\\src\\index.ts","function":"require.extensions.<computed>","line":1059,"method":"<computed>","native":false},{"column":7,"file":"D:\\Projects\\Support-User-Info\\server\\node_modules\\pirates\\lib\\index.js","function":"Object.newLoader [as .ts]","line":121,"method":"ts]","native":false},{"column":32,"file":"node:internal/modules/cjs/loader","function":"Module.load","line":1207,"method":"load","native":false},{"column":12,"file":"node:internal/modules/cjs/loader","function":"Module._load","line":1023,"method":"_load","native":false}]}
{"date":"Tue Mar 19 2024 10:44:36 GMT+0800 (Singapore Standard Time)","error":{"diagnosticCodes":[2352],"diagnosticText":"\u001b[96msrc/helpers/withState.ts\u001b[0m:\u001b[93m89\u001b[0m:\u001b[93m18\u001b[0m - \u001b[91merror\u001b[0m\u001b[90m TS2352: \u001b[0mConversion of type 'never[]' to type 'File' may be a mistake because neither type sufficiently overlaps with the other. If this was intentional, convert the expression to 'unknown' first.\r\n  Type 'never[]' is missing the following properties from type 'File': fieldname, originalname, encoding, mimetype, and 6 more.\r\n\r\n\u001b[7m89\u001b[0m     const data = get(this.req.files, name, []) as Express.Multer.File\r\n\u001b[7m  \u001b[0m \u001b[91m                 ~~~~~~~~~~~~~~~~~~~~~~~~~~~~~~~~~~~~~~~~~~~~~~~~~~~~\u001b[0m\r\n"},"exception":true,"level":"error","message":"uncaughtException: ⨯ Unable to compile TypeScript:\n\u001b[96msrc/helpers/withState.ts\u001b[0m:\u001b[93m89\u001b[0m:\u001b[93m18\u001b[0m - \u001b[91merror\u001b[0m\u001b[90m TS2352: \u001b[0mConversion of type 'never[]' to type 'File' may be a mistake because neither type sufficiently overlaps with the other. If this was intentional, convert the expression to 'unknown' first.\r\n  Type 'never[]' is missing the following properties from type 'File': fieldname, originalname, encoding, mimetype, and 6 more.\r\n\r\n\u001b[7m89\u001b[0m     const data = get(this.req.files, name, []) as Express.Multer.File\r\n\u001b[7m  \u001b[0m \u001b[91m                 ~~~~~~~~~~~~~~~~~~~~~~~~~~~~~~~~~~~~~~~~~~~~~~~~~~~~\u001b[0m\r\n\nTSError: ⨯ Unable to compile TypeScript:\n\u001b[96msrc/helpers/withState.ts\u001b[0m:\u001b[93m89\u001b[0m:\u001b[93m18\u001b[0m - \u001b[91merror\u001b[0m\u001b[90m TS2352: \u001b[0mConversion of type 'never[]' to type 'File' may be a mistake because neither type sufficiently overlaps with the other. If this was intentional, convert the expression to 'unknown' first.\r\n  Type 'never[]' is missing the following properties from type 'File': fieldname, originalname, encoding, mimetype, and 6 more.\r\n\r\n\u001b[7m89\u001b[0m     const data = get(this.req.files, name, []) as Express.Multer.File\r\n\u001b[7m  \u001b[0m \u001b[91m                 ~~~~~~~~~~~~~~~~~~~~~~~~~~~~~~~~~~~~~~~~~~~~~~~~~~~~\u001b[0m\r\n\n    at createTSError (D:\\Projects\\Support-User-Info\\server\\node_modules\\ts-node\\src\\index.ts:513:12)\n    at reportTSError (D:\\Projects\\Support-User-Info\\server\\node_modules\\ts-node\\src\\index.ts:517:19)\n    at getOutput (D:\\Projects\\Support-User-Info\\server\\node_modules\\ts-node\\src\\index.ts:752:36)\n    at Object.compile (D:\\Projects\\Support-User-Info\\server\\node_modules\\ts-node\\src\\index.ts:968:32)\n    at Module.m._compile (D:\\Projects\\Support-User-Info\\server\\node_modules\\ts-node\\src\\index.ts:1056:42)\n    at Module._extensions..js (node:internal/modules/cjs/loader:1435:10)\n    at require.extensions.<computed> (D:\\Projects\\Support-User-Info\\server\\node_modules\\ts-node\\src\\index.ts:1059:12)\n    at Object.newLoader [as .ts] (D:\\Projects\\Support-User-Info\\server\\node_modules\\pirates\\lib\\index.js:121:7)\n    at Module.load (node:internal/modules/cjs/loader:1207:32)\n    at Function.Module._load (node:internal/modules/cjs/loader:1023:12)","os":{"loadavg":[0,0,0],"uptime":99456.468},"process":{"argv":["D:\\Projects\\Support-User-Info\\server\\node_modules\\ts-node\\dist\\bin.js","D:\\Projects\\Support-User-Info\\server\\src\\bin\\server.ts"],"cwd":"D:\\Projects\\Support-User-Info\\server","execPath":"C:\\Program Files\\nodejs\\node.exe","gid":null,"memoryUsage":{"arrayBuffers":74363,"external":3122142,"heapTotal":260120576,"heapUsed":232510744,"rss":316198912},"pid":13904,"uid":null,"version":"v20.10.0"},"stack":"TSError: ⨯ Unable to compile TypeScript:\n\u001b[96msrc/helpers/withState.ts\u001b[0m:\u001b[93m89\u001b[0m:\u001b[93m18\u001b[0m - \u001b[91merror\u001b[0m\u001b[90m TS2352: \u001b[0mConversion of type 'never[]' to type 'File' may be a mistake because neither type sufficiently overlaps with the other. If this was intentional, convert the expression to 'unknown' first.\r\n  Type 'never[]' is missing the following properties from type 'File': fieldname, originalname, encoding, mimetype, and 6 more.\r\n\r\n\u001b[7m89\u001b[0m     const data = get(this.req.files, name, []) as Express.Multer.File\r\n\u001b[7m  \u001b[0m \u001b[91m                 ~~~~~~~~~~~~~~~~~~~~~~~~~~~~~~~~~~~~~~~~~~~~~~~~~~~~\u001b[0m\r\n\n    at createTSError (D:\\Projects\\Support-User-Info\\server\\node_modules\\ts-node\\src\\index.ts:513:12)\n    at reportTSError (D:\\Projects\\Support-User-Info\\server\\node_modules\\ts-node\\src\\index.ts:517:19)\n    at getOutput (D:\\Projects\\Support-User-Info\\server\\node_modules\\ts-node\\src\\index.ts:752:36)\n    at Object.compile (D:\\Projects\\Support-User-Info\\server\\node_modules\\ts-node\\src\\index.ts:968:32)\n    at Module.m._compile (D:\\Projects\\Support-User-Info\\server\\node_modules\\ts-node\\src\\index.ts:1056:42)\n    at Module._extensions..js (node:internal/modules/cjs/loader:1435:10)\n    at require.extensions.<computed> (D:\\Projects\\Support-User-Info\\server\\node_modules\\ts-node\\src\\index.ts:1059:12)\n    at Object.newLoader [as .ts] (D:\\Projects\\Support-User-Info\\server\\node_modules\\pirates\\lib\\index.js:121:7)\n    at Module.load (node:internal/modules/cjs/loader:1207:32)\n    at Function.Module._load (node:internal/modules/cjs/loader:1023:12)","trace":[{"column":12,"file":"D:\\Projects\\Support-User-Info\\server\\node_modules\\ts-node\\src\\index.ts","function":"createTSError","line":513,"method":null,"native":false},{"column":19,"file":"D:\\Projects\\Support-User-Info\\server\\node_modules\\ts-node\\src\\index.ts","function":"reportTSError","line":517,"method":null,"native":false},{"column":36,"file":"D:\\Projects\\Support-User-Info\\server\\node_modules\\ts-node\\src\\index.ts","function":"getOutput","line":752,"method":null,"native":false},{"column":32,"file":"D:\\Projects\\Support-User-Info\\server\\node_modules\\ts-node\\src\\index.ts","function":"Object.compile","line":968,"method":"compile","native":false},{"column":42,"file":"D:\\Projects\\Support-User-Info\\server\\node_modules\\ts-node\\src\\index.ts","function":"Module.m._compile","line":1056,"method":"_compile","native":false},{"column":10,"file":"node:internal/modules/cjs/loader","function":"Module._extensions..js","line":1435,"method":".js","native":false},{"column":12,"file":"D:\\Projects\\Support-User-Info\\server\\node_modules\\ts-node\\src\\index.ts","function":"require.extensions.<computed>","line":1059,"method":"<computed>","native":false},{"column":7,"file":"D:\\Projects\\Support-User-Info\\server\\node_modules\\pirates\\lib\\index.js","function":"Object.newLoader [as .ts]","line":121,"method":"ts]","native":false},{"column":32,"file":"node:internal/modules/cjs/loader","function":"Module.load","line":1207,"method":"load","native":false},{"column":12,"file":"node:internal/modules/cjs/loader","function":"Module._load","line":1023,"method":"_load","native":false}]}
{"date":"Tue Mar 19 2024 10:50:31 GMT+0800 (Singapore Standard Time)","error":{"diagnosticCodes":[2352],"diagnosticText":"\u001b[96msrc/helpers/withState.ts\u001b[0m:\u001b[93m89\u001b[0m:\u001b[93m18\u001b[0m - \u001b[91merror\u001b[0m\u001b[90m TS2352: \u001b[0mConversion of type 'never[]' to type 'File' may be a mistake because neither type sufficiently overlaps with the other. If this was intentional, convert the expression to 'unknown' first.\r\n  Type 'never[]' is missing the following properties from type 'File': fieldname, originalname, encoding, mimetype, and 6 more.\r\n\r\n\u001b[7m89\u001b[0m     const data = get(this.req.files, name, []) as Express.Multer.File\r\n\u001b[7m  \u001b[0m \u001b[91m                 ~~~~~~~~~~~~~~~~~~~~~~~~~~~~~~~~~~~~~~~~~~~~~~~~~~~~\u001b[0m\r\n"},"exception":true,"level":"error","message":"uncaughtException: ⨯ Unable to compile TypeScript:\n\u001b[96msrc/helpers/withState.ts\u001b[0m:\u001b[93m89\u001b[0m:\u001b[93m18\u001b[0m - \u001b[91merror\u001b[0m\u001b[90m TS2352: \u001b[0mConversion of type 'never[]' to type 'File' may be a mistake because neither type sufficiently overlaps with the other. If this was intentional, convert the expression to 'unknown' first.\r\n  Type 'never[]' is missing the following properties from type 'File': fieldname, originalname, encoding, mimetype, and 6 more.\r\n\r\n\u001b[7m89\u001b[0m     const data = get(this.req.files, name, []) as Express.Multer.File\r\n\u001b[7m  \u001b[0m \u001b[91m                 ~~~~~~~~~~~~~~~~~~~~~~~~~~~~~~~~~~~~~~~~~~~~~~~~~~~~\u001b[0m\r\n\nTSError: ⨯ Unable to compile TypeScript:\n\u001b[96msrc/helpers/withState.ts\u001b[0m:\u001b[93m89\u001b[0m:\u001b[93m18\u001b[0m - \u001b[91merror\u001b[0m\u001b[90m TS2352: \u001b[0mConversion of type 'never[]' to type 'File' may be a mistake because neither type sufficiently overlaps with the other. If this was intentional, convert the expression to 'unknown' first.\r\n  Type 'never[]' is missing the following properties from type 'File': fieldname, originalname, encoding, mimetype, and 6 more.\r\n\r\n\u001b[7m89\u001b[0m     const data = get(this.req.files, name, []) as Express.Multer.File\r\n\u001b[7m  \u001b[0m \u001b[91m                 ~~~~~~~~~~~~~~~~~~~~~~~~~~~~~~~~~~~~~~~~~~~~~~~~~~~~\u001b[0m\r\n\n    at createTSError (D:\\Projects\\Support-User-Info\\server\\node_modules\\ts-node\\src\\index.ts:513:12)\n    at reportTSError (D:\\Projects\\Support-User-Info\\server\\node_modules\\ts-node\\src\\index.ts:517:19)\n    at getOutput (D:\\Projects\\Support-User-Info\\server\\node_modules\\ts-node\\src\\index.ts:752:36)\n    at Object.compile (D:\\Projects\\Support-User-Info\\server\\node_modules\\ts-node\\src\\index.ts:968:32)\n    at Module.m._compile (D:\\Projects\\Support-User-Info\\server\\node_modules\\ts-node\\src\\index.ts:1056:42)\n    at Module._extensions..js (node:internal/modules/cjs/loader:1435:10)\n    at require.extensions.<computed> (D:\\Projects\\Support-User-Info\\server\\node_modules\\ts-node\\src\\index.ts:1059:12)\n    at Object.newLoader [as .ts] (D:\\Projects\\Support-User-Info\\server\\node_modules\\pirates\\lib\\index.js:121:7)\n    at Module.load (node:internal/modules/cjs/loader:1207:32)\n    at Function.Module._load (node:internal/modules/cjs/loader:1023:12)","os":{"loadavg":[0,0,0],"uptime":99811.312},"process":{"argv":["D:\\Projects\\Support-User-Info\\server\\node_modules\\ts-node\\dist\\bin.js","D:\\Projects\\Support-User-Info\\server\\src\\bin\\server.ts"],"cwd":"D:\\Projects\\Support-User-Info\\server","execPath":"C:\\Program Files\\nodejs\\node.exe","gid":null,"memoryUsage":{"arrayBuffers":74363,"external":3122142,"heapTotal":259334144,"heapUsed":233518320,"rss":314441728},"pid":20196,"uid":null,"version":"v20.10.0"},"stack":"TSError: ⨯ Unable to compile TypeScript:\n\u001b[96msrc/helpers/withState.ts\u001b[0m:\u001b[93m89\u001b[0m:\u001b[93m18\u001b[0m - \u001b[91merror\u001b[0m\u001b[90m TS2352: \u001b[0mConversion of type 'never[]' to type 'File' may be a mistake because neither type sufficiently overlaps with the other. If this was intentional, convert the expression to 'unknown' first.\r\n  Type 'never[]' is missing the following properties from type 'File': fieldname, originalname, encoding, mimetype, and 6 more.\r\n\r\n\u001b[7m89\u001b[0m     const data = get(this.req.files, name, []) as Express.Multer.File\r\n\u001b[7m  \u001b[0m \u001b[91m                 ~~~~~~~~~~~~~~~~~~~~~~~~~~~~~~~~~~~~~~~~~~~~~~~~~~~~\u001b[0m\r\n\n    at createTSError (D:\\Projects\\Support-User-Info\\server\\node_modules\\ts-node\\src\\index.ts:513:12)\n    at reportTSError (D:\\Projects\\Support-User-Info\\server\\node_modules\\ts-node\\src\\index.ts:517:19)\n    at getOutput (D:\\Projects\\Support-User-Info\\server\\node_modules\\ts-node\\src\\index.ts:752:36)\n    at Object.compile (D:\\Projects\\Support-User-Info\\server\\node_modules\\ts-node\\src\\index.ts:968:32)\n    at Module.m._compile (D:\\Projects\\Support-User-Info\\server\\node_modules\\ts-node\\src\\index.ts:1056:42)\n    at Module._extensions..js (node:internal/modules/cjs/loader:1435:10)\n    at require.extensions.<computed> (D:\\Projects\\Support-User-Info\\server\\node_modules\\ts-node\\src\\index.ts:1059:12)\n    at Object.newLoader [as .ts] (D:\\Projects\\Support-User-Info\\server\\node_modules\\pirates\\lib\\index.js:121:7)\n    at Module.load (node:internal/modules/cjs/loader:1207:32)\n    at Function.Module._load (node:internal/modules/cjs/loader:1023:12)","trace":[{"column":12,"file":"D:\\Projects\\Support-User-Info\\server\\node_modules\\ts-node\\src\\index.ts","function":"createTSError","line":513,"method":null,"native":false},{"column":19,"file":"D:\\Projects\\Support-User-Info\\server\\node_modules\\ts-node\\src\\index.ts","function":"reportTSError","line":517,"method":null,"native":false},{"column":36,"file":"D:\\Projects\\Support-User-Info\\server\\node_modules\\ts-node\\src\\index.ts","function":"getOutput","line":752,"method":null,"native":false},{"column":32,"file":"D:\\Projects\\Support-User-Info\\server\\node_modules\\ts-node\\src\\index.ts","function":"Object.compile","line":968,"method":"compile","native":false},{"column":42,"file":"D:\\Projects\\Support-User-Info\\server\\node_modules\\ts-node\\src\\index.ts","function":"Module.m._compile","line":1056,"method":"_compile","native":false},{"column":10,"file":"node:internal/modules/cjs/loader","function":"Module._extensions..js","line":1435,"method":".js","native":false},{"column":12,"file":"D:\\Projects\\Support-User-Info\\server\\node_modules\\ts-node\\src\\index.ts","function":"require.extensions.<computed>","line":1059,"method":"<computed>","native":false},{"column":7,"file":"D:\\Projects\\Support-User-Info\\server\\node_modules\\pirates\\lib\\index.js","function":"Object.newLoader [as .ts]","line":121,"method":"ts]","native":false},{"column":32,"file":"node:internal/modules/cjs/loader","function":"Module.load","line":1207,"method":"load","native":false},{"column":12,"file":"node:internal/modules/cjs/loader","function":"Module._load","line":1023,"method":"_load","native":false}]}
{"date":"Tue Mar 19 2024 10:55:32 GMT+0800 (Singapore Standard Time)","error":{"diagnosticCodes":[2352],"diagnosticText":"\u001b[96msrc/helpers/withState.ts\u001b[0m:\u001b[93m89\u001b[0m:\u001b[93m18\u001b[0m - \u001b[91merror\u001b[0m\u001b[90m TS2352: \u001b[0mConversion of type 'never[]' to type 'File' may be a mistake because neither type sufficiently overlaps with the other. If this was intentional, convert the expression to 'unknown' first.\r\n  Type 'never[]' is missing the following properties from type 'File': fieldname, originalname, encoding, mimetype, and 6 more.\r\n\r\n\u001b[7m89\u001b[0m     const data = get(this.req.files, name, []) as Express.Multer.File\r\n\u001b[7m  \u001b[0m \u001b[91m                 ~~~~~~~~~~~~~~~~~~~~~~~~~~~~~~~~~~~~~~~~~~~~~~~~~~~~\u001b[0m\r\n"},"exception":true,"level":"error","message":"uncaughtException: ⨯ Unable to compile TypeScript:\n\u001b[96msrc/helpers/withState.ts\u001b[0m:\u001b[93m89\u001b[0m:\u001b[93m18\u001b[0m - \u001b[91merror\u001b[0m\u001b[90m TS2352: \u001b[0mConversion of type 'never[]' to type 'File' may be a mistake because neither type sufficiently overlaps with the other. If this was intentional, convert the expression to 'unknown' first.\r\n  Type 'never[]' is missing the following properties from type 'File': fieldname, originalname, encoding, mimetype, and 6 more.\r\n\r\n\u001b[7m89\u001b[0m     const data = get(this.req.files, name, []) as Express.Multer.File\r\n\u001b[7m  \u001b[0m \u001b[91m                 ~~~~~~~~~~~~~~~~~~~~~~~~~~~~~~~~~~~~~~~~~~~~~~~~~~~~\u001b[0m\r\n\nTSError: ⨯ Unable to compile TypeScript:\n\u001b[96msrc/helpers/withState.ts\u001b[0m:\u001b[93m89\u001b[0m:\u001b[93m18\u001b[0m - \u001b[91merror\u001b[0m\u001b[90m TS2352: \u001b[0mConversion of type 'never[]' to type 'File' may be a mistake because neither type sufficiently overlaps with the other. If this was intentional, convert the expression to 'unknown' first.\r\n  Type 'never[]' is missing the following properties from type 'File': fieldname, originalname, encoding, mimetype, and 6 more.\r\n\r\n\u001b[7m89\u001b[0m     const data = get(this.req.files, name, []) as Express.Multer.File\r\n\u001b[7m  \u001b[0m \u001b[91m                 ~~~~~~~~~~~~~~~~~~~~~~~~~~~~~~~~~~~~~~~~~~~~~~~~~~~~\u001b[0m\r\n\n    at createTSError (D:\\Projects\\Support-User-Info\\server\\node_modules\\ts-node\\src\\index.ts:513:12)\n    at reportTSError (D:\\Projects\\Support-User-Info\\server\\node_modules\\ts-node\\src\\index.ts:517:19)\n    at getOutput (D:\\Projects\\Support-User-Info\\server\\node_modules\\ts-node\\src\\index.ts:752:36)\n    at Object.compile (D:\\Projects\\Support-User-Info\\server\\node_modules\\ts-node\\src\\index.ts:968:32)\n    at Module.m._compile (D:\\Projects\\Support-User-Info\\server\\node_modules\\ts-node\\src\\index.ts:1056:42)\n    at Module._extensions..js (node:internal/modules/cjs/loader:1435:10)\n    at require.extensions.<computed> (D:\\Projects\\Support-User-Info\\server\\node_modules\\ts-node\\src\\index.ts:1059:12)\n    at Object.newLoader [as .ts] (D:\\Projects\\Support-User-Info\\server\\node_modules\\pirates\\lib\\index.js:121:7)\n    at Module.load (node:internal/modules/cjs/loader:1207:32)\n    at Function.Module._load (node:internal/modules/cjs/loader:1023:12)","os":{"loadavg":[0,0,0],"uptime":100111.859},"process":{"argv":["D:\\Projects\\Support-User-Info\\server\\node_modules\\ts-node\\dist\\bin.js","D:\\Projects\\Support-User-Info\\server\\src\\bin\\server.ts"],"cwd":"D:\\Projects\\Support-User-Info\\server","execPath":"C:\\Program Files\\nodejs\\node.exe","gid":null,"memoryUsage":{"arrayBuffers":74363,"external":3122142,"heapTotal":260120576,"heapUsed":232607552,"rss":316354560},"pid":9776,"uid":null,"version":"v20.10.0"},"stack":"TSError: ⨯ Unable to compile TypeScript:\n\u001b[96msrc/helpers/withState.ts\u001b[0m:\u001b[93m89\u001b[0m:\u001b[93m18\u001b[0m - \u001b[91merror\u001b[0m\u001b[90m TS2352: \u001b[0mConversion of type 'never[]' to type 'File' may be a mistake because neither type sufficiently overlaps with the other. If this was intentional, convert the expression to 'unknown' first.\r\n  Type 'never[]' is missing the following properties from type 'File': fieldname, originalname, encoding, mimetype, and 6 more.\r\n\r\n\u001b[7m89\u001b[0m     const data = get(this.req.files, name, []) as Express.Multer.File\r\n\u001b[7m  \u001b[0m \u001b[91m                 ~~~~~~~~~~~~~~~~~~~~~~~~~~~~~~~~~~~~~~~~~~~~~~~~~~~~\u001b[0m\r\n\n    at createTSError (D:\\Projects\\Support-User-Info\\server\\node_modules\\ts-node\\src\\index.ts:513:12)\n    at reportTSError (D:\\Projects\\Support-User-Info\\server\\node_modules\\ts-node\\src\\index.ts:517:19)\n    at getOutput (D:\\Projects\\Support-User-Info\\server\\node_modules\\ts-node\\src\\index.ts:752:36)\n    at Object.compile (D:\\Projects\\Support-User-Info\\server\\node_modules\\ts-node\\src\\index.ts:968:32)\n    at Module.m._compile (D:\\Projects\\Support-User-Info\\server\\node_modules\\ts-node\\src\\index.ts:1056:42)\n    at Module._extensions..js (node:internal/modules/cjs/loader:1435:10)\n    at require.extensions.<computed> (D:\\Projects\\Support-User-Info\\server\\node_modules\\ts-node\\src\\index.ts:1059:12)\n    at Object.newLoader [as .ts] (D:\\Projects\\Support-User-Info\\server\\node_modules\\pirates\\lib\\index.js:121:7)\n    at Module.load (node:internal/modules/cjs/loader:1207:32)\n    at Function.Module._load (node:internal/modules/cjs/loader:1023:12)","trace":[{"column":12,"file":"D:\\Projects\\Support-User-Info\\server\\node_modules\\ts-node\\src\\index.ts","function":"createTSError","line":513,"method":null,"native":false},{"column":19,"file":"D:\\Projects\\Support-User-Info\\server\\node_modules\\ts-node\\src\\index.ts","function":"reportTSError","line":517,"method":null,"native":false},{"column":36,"file":"D:\\Projects\\Support-User-Info\\server\\node_modules\\ts-node\\src\\index.ts","function":"getOutput","line":752,"method":null,"native":false},{"column":32,"file":"D:\\Projects\\Support-User-Info\\server\\node_modules\\ts-node\\src\\index.ts","function":"Object.compile","line":968,"method":"compile","native":false},{"column":42,"file":"D:\\Projects\\Support-User-Info\\server\\node_modules\\ts-node\\src\\index.ts","function":"Module.m._compile","line":1056,"method":"_compile","native":false},{"column":10,"file":"node:internal/modules/cjs/loader","function":"Module._extensions..js","line":1435,"method":".js","native":false},{"column":12,"file":"D:\\Projects\\Support-User-Info\\server\\node_modules\\ts-node\\src\\index.ts","function":"require.extensions.<computed>","line":1059,"method":"<computed>","native":false},{"column":7,"file":"D:\\Projects\\Support-User-Info\\server\\node_modules\\pirates\\lib\\index.js","function":"Object.newLoader [as .ts]","line":121,"method":"ts]","native":false},{"column":32,"file":"node:internal/modules/cjs/loader","function":"Module.load","line":1207,"method":"load","native":false},{"column":12,"file":"node:internal/modules/cjs/loader","function":"Module._load","line":1023,"method":"_load","native":false}]}
{"date":"Tue Mar 19 2024 12:37:35 GMT+0800 (Singapore Standard Time)","error":{"diagnosticCodes":[2352],"diagnosticText":"\u001b[96msrc/helpers/withState.ts\u001b[0m:\u001b[93m89\u001b[0m:\u001b[93m18\u001b[0m - \u001b[91merror\u001b[0m\u001b[90m TS2352: \u001b[0mConversion of type 'never[]' to type 'File' may be a mistake because neither type sufficiently overlaps with the other. If this was intentional, convert the expression to 'unknown' first.\r\n  Type 'never[]' is missing the following properties from type 'File': fieldname, originalname, encoding, mimetype, and 6 more.\r\n\r\n\u001b[7m89\u001b[0m     const data = get(this.req.files, name, []) as Express.Multer.File\r\n\u001b[7m  \u001b[0m \u001b[91m                 ~~~~~~~~~~~~~~~~~~~~~~~~~~~~~~~~~~~~~~~~~~~~~~~~~~~~\u001b[0m\r\n"},"exception":true,"level":"error","message":"uncaughtException: ⨯ Unable to compile TypeScript:\n\u001b[96msrc/helpers/withState.ts\u001b[0m:\u001b[93m89\u001b[0m:\u001b[93m18\u001b[0m - \u001b[91merror\u001b[0m\u001b[90m TS2352: \u001b[0mConversion of type 'never[]' to type 'File' may be a mistake because neither type sufficiently overlaps with the other. If this was intentional, convert the expression to 'unknown' first.\r\n  Type 'never[]' is missing the following properties from type 'File': fieldname, originalname, encoding, mimetype, and 6 more.\r\n\r\n\u001b[7m89\u001b[0m     const data = get(this.req.files, name, []) as Express.Multer.File\r\n\u001b[7m  \u001b[0m \u001b[91m                 ~~~~~~~~~~~~~~~~~~~~~~~~~~~~~~~~~~~~~~~~~~~~~~~~~~~~\u001b[0m\r\n\nTSError: ⨯ Unable to compile TypeScript:\n\u001b[96msrc/helpers/withState.ts\u001b[0m:\u001b[93m89\u001b[0m:\u001b[93m18\u001b[0m - \u001b[91merror\u001b[0m\u001b[90m TS2352: \u001b[0mConversion of type 'never[]' to type 'File' may be a mistake because neither type sufficiently overlaps with the other. If this was intentional, convert the expression to 'unknown' first.\r\n  Type 'never[]' is missing the following properties from type 'File': fieldname, originalname, encoding, mimetype, and 6 more.\r\n\r\n\u001b[7m89\u001b[0m     const data = get(this.req.files, name, []) as Express.Multer.File\r\n\u001b[7m  \u001b[0m \u001b[91m                 ~~~~~~~~~~~~~~~~~~~~~~~~~~~~~~~~~~~~~~~~~~~~~~~~~~~~\u001b[0m\r\n\n    at createTSError (D:\\Projects\\Support-User-Info\\server\\node_modules\\ts-node\\src\\index.ts:513:12)\n    at reportTSError (D:\\Projects\\Support-User-Info\\server\\node_modules\\ts-node\\src\\index.ts:517:19)\n    at getOutput (D:\\Projects\\Support-User-Info\\server\\node_modules\\ts-node\\src\\index.ts:752:36)\n    at Object.compile (D:\\Projects\\Support-User-Info\\server\\node_modules\\ts-node\\src\\index.ts:968:32)\n    at Module.m._compile (D:\\Projects\\Support-User-Info\\server\\node_modules\\ts-node\\src\\index.ts:1056:42)\n    at Module._extensions..js (node:internal/modules/cjs/loader:1435:10)\n    at require.extensions.<computed> (D:\\Projects\\Support-User-Info\\server\\node_modules\\ts-node\\src\\index.ts:1059:12)\n    at Object.newLoader [as .ts] (D:\\Projects\\Support-User-Info\\server\\node_modules\\pirates\\lib\\index.js:121:7)\n    at Module.load (node:internal/modules/cjs/loader:1207:32)\n    at Function.Module._load (node:internal/modules/cjs/loader:1023:12)","os":{"loadavg":[0,0,0],"uptime":106235.093},"process":{"argv":["D:\\Projects\\Support-User-Info\\server\\node_modules\\ts-node\\dist\\bin.js","D:\\Projects\\Support-User-Info\\server\\src\\bin\\server.ts"],"cwd":"D:\\Projects\\Support-User-Info\\server","execPath":"C:\\Program Files\\nodejs\\node.exe","gid":null,"memoryUsage":{"arrayBuffers":71868,"external":3003181,"heapTotal":250843136,"heapUsed":221981656,"rss":297222144},"pid":13532,"uid":null,"version":"v20.10.0"},"stack":"TSError: ⨯ Unable to compile TypeScript:\n\u001b[96msrc/helpers/withState.ts\u001b[0m:\u001b[93m89\u001b[0m:\u001b[93m18\u001b[0m - \u001b[91merror\u001b[0m\u001b[90m TS2352: \u001b[0mConversion of type 'never[]' to type 'File' may be a mistake because neither type sufficiently overlaps with the other. If this was intentional, convert the expression to 'unknown' first.\r\n  Type 'never[]' is missing the following properties from type 'File': fieldname, originalname, encoding, mimetype, and 6 more.\r\n\r\n\u001b[7m89\u001b[0m     const data = get(this.req.files, name, []) as Express.Multer.File\r\n\u001b[7m  \u001b[0m \u001b[91m                 ~~~~~~~~~~~~~~~~~~~~~~~~~~~~~~~~~~~~~~~~~~~~~~~~~~~~\u001b[0m\r\n\n    at createTSError (D:\\Projects\\Support-User-Info\\server\\node_modules\\ts-node\\src\\index.ts:513:12)\n    at reportTSError (D:\\Projects\\Support-User-Info\\server\\node_modules\\ts-node\\src\\index.ts:517:19)\n    at getOutput (D:\\Projects\\Support-User-Info\\server\\node_modules\\ts-node\\src\\index.ts:752:36)\n    at Object.compile (D:\\Projects\\Support-User-Info\\server\\node_modules\\ts-node\\src\\index.ts:968:32)\n    at Module.m._compile (D:\\Projects\\Support-User-Info\\server\\node_modules\\ts-node\\src\\index.ts:1056:42)\n    at Module._extensions..js (node:internal/modules/cjs/loader:1435:10)\n    at require.extensions.<computed> (D:\\Projects\\Support-User-Info\\server\\node_modules\\ts-node\\src\\index.ts:1059:12)\n    at Object.newLoader [as .ts] (D:\\Projects\\Support-User-Info\\server\\node_modules\\pirates\\lib\\index.js:121:7)\n    at Module.load (node:internal/modules/cjs/loader:1207:32)\n    at Function.Module._load (node:internal/modules/cjs/loader:1023:12)","trace":[{"column":12,"file":"D:\\Projects\\Support-User-Info\\server\\node_modules\\ts-node\\src\\index.ts","function":"createTSError","line":513,"method":null,"native":false},{"column":19,"file":"D:\\Projects\\Support-User-Info\\server\\node_modules\\ts-node\\src\\index.ts","function":"reportTSError","line":517,"method":null,"native":false},{"column":36,"file":"D:\\Projects\\Support-User-Info\\server\\node_modules\\ts-node\\src\\index.ts","function":"getOutput","line":752,"method":null,"native":false},{"column":32,"file":"D:\\Projects\\Support-User-Info\\server\\node_modules\\ts-node\\src\\index.ts","function":"Object.compile","line":968,"method":"compile","native":false},{"column":42,"file":"D:\\Projects\\Support-User-Info\\server\\node_modules\\ts-node\\src\\index.ts","function":"Module.m._compile","line":1056,"method":"_compile","native":false},{"column":10,"file":"node:internal/modules/cjs/loader","function":"Module._extensions..js","line":1435,"method":".js","native":false},{"column":12,"file":"D:\\Projects\\Support-User-Info\\server\\node_modules\\ts-node\\src\\index.ts","function":"require.extensions.<computed>","line":1059,"method":"<computed>","native":false},{"column":7,"file":"D:\\Projects\\Support-User-Info\\server\\node_modules\\pirates\\lib\\index.js","function":"Object.newLoader [as .ts]","line":121,"method":"ts]","native":false},{"column":32,"file":"node:internal/modules/cjs/loader","function":"Module.load","line":1207,"method":"load","native":false},{"column":12,"file":"node:internal/modules/cjs/loader","function":"Module._load","line":1023,"method":"_load","native":false}]}
{"date":"Tue Mar 19 2024 12:38:14 GMT+0800 (Singapore Standard Time)","error":{"diagnosticCodes":[2352],"diagnosticText":"\u001b[96msrc/helpers/withState.ts\u001b[0m:\u001b[93m89\u001b[0m:\u001b[93m18\u001b[0m - \u001b[91merror\u001b[0m\u001b[90m TS2352: \u001b[0mConversion of type 'never[]' to type 'File' may be a mistake because neither type sufficiently overlaps with the other. If this was intentional, convert the expression to 'unknown' first.\r\n  Type 'never[]' is missing the following properties from type 'File': fieldname, originalname, encoding, mimetype, and 6 more.\r\n\r\n\u001b[7m89\u001b[0m     const data = get(this.req.files, name, []) as Express.Multer.File\r\n\u001b[7m  \u001b[0m \u001b[91m                 ~~~~~~~~~~~~~~~~~~~~~~~~~~~~~~~~~~~~~~~~~~~~~~~~~~~~\u001b[0m\r\n"},"exception":true,"level":"error","message":"uncaughtException: ⨯ Unable to compile TypeScript:\n\u001b[96msrc/helpers/withState.ts\u001b[0m:\u001b[93m89\u001b[0m:\u001b[93m18\u001b[0m - \u001b[91merror\u001b[0m\u001b[90m TS2352: \u001b[0mConversion of type 'never[]' to type 'File' may be a mistake because neither type sufficiently overlaps with the other. If this was intentional, convert the expression to 'unknown' first.\r\n  Type 'never[]' is missing the following properties from type 'File': fieldname, originalname, encoding, mimetype, and 6 more.\r\n\r\n\u001b[7m89\u001b[0m     const data = get(this.req.files, name, []) as Express.Multer.File\r\n\u001b[7m  \u001b[0m \u001b[91m                 ~~~~~~~~~~~~~~~~~~~~~~~~~~~~~~~~~~~~~~~~~~~~~~~~~~~~\u001b[0m\r\n\nTSError: ⨯ Unable to compile TypeScript:\n\u001b[96msrc/helpers/withState.ts\u001b[0m:\u001b[93m89\u001b[0m:\u001b[93m18\u001b[0m - \u001b[91merror\u001b[0m\u001b[90m TS2352: \u001b[0mConversion of type 'never[]' to type 'File' may be a mistake because neither type sufficiently overlaps with the other. If this was intentional, convert the expression to 'unknown' first.\r\n  Type 'never[]' is missing the following properties from type 'File': fieldname, originalname, encoding, mimetype, and 6 more.\r\n\r\n\u001b[7m89\u001b[0m     const data = get(this.req.files, name, []) as Express.Multer.File\r\n\u001b[7m  \u001b[0m \u001b[91m                 ~~~~~~~~~~~~~~~~~~~~~~~~~~~~~~~~~~~~~~~~~~~~~~~~~~~~\u001b[0m\r\n\n    at createTSError (D:\\Projects\\Support-User-Info\\server\\node_modules\\ts-node\\src\\index.ts:513:12)\n    at reportTSError (D:\\Projects\\Support-User-Info\\server\\node_modules\\ts-node\\src\\index.ts:517:19)\n    at getOutput (D:\\Projects\\Support-User-Info\\server\\node_modules\\ts-node\\src\\index.ts:752:36)\n    at Object.compile (D:\\Projects\\Support-User-Info\\server\\node_modules\\ts-node\\src\\index.ts:968:32)\n    at Module.m._compile (D:\\Projects\\Support-User-Info\\server\\node_modules\\ts-node\\src\\index.ts:1056:42)\n    at Module._extensions..js (node:internal/modules/cjs/loader:1435:10)\n    at require.extensions.<computed> (D:\\Projects\\Support-User-Info\\server\\node_modules\\ts-node\\src\\index.ts:1059:12)\n    at Object.newLoader [as .ts] (D:\\Projects\\Support-User-Info\\server\\node_modules\\pirates\\lib\\index.js:121:7)\n    at Module.load (node:internal/modules/cjs/loader:1207:32)\n    at Function.Module._load (node:internal/modules/cjs/loader:1023:12)","os":{"loadavg":[0,0,0],"uptime":106274.109},"process":{"argv":["D:\\Projects\\Support-User-Info\\server\\node_modules\\ts-node\\dist\\bin.js","D:\\Projects\\Support-User-Info\\server\\src\\bin\\server.ts"],"cwd":"D:\\Projects\\Support-User-Info\\server","execPath":"C:\\Program Files\\nodejs\\node.exe","gid":null,"memoryUsage":{"arrayBuffers":71868,"external":3003181,"heapTotal":254775296,"heapUsed":226116544,"rss":301236224},"pid":18168,"uid":null,"version":"v20.10.0"},"stack":"TSError: ⨯ Unable to compile TypeScript:\n\u001b[96msrc/helpers/withState.ts\u001b[0m:\u001b[93m89\u001b[0m:\u001b[93m18\u001b[0m - \u001b[91merror\u001b[0m\u001b[90m TS2352: \u001b[0mConversion of type 'never[]' to type 'File' may be a mistake because neither type sufficiently overlaps with the other. If this was intentional, convert the expression to 'unknown' first.\r\n  Type 'never[]' is missing the following properties from type 'File': fieldname, originalname, encoding, mimetype, and 6 more.\r\n\r\n\u001b[7m89\u001b[0m     const data = get(this.req.files, name, []) as Express.Multer.File\r\n\u001b[7m  \u001b[0m \u001b[91m                 ~~~~~~~~~~~~~~~~~~~~~~~~~~~~~~~~~~~~~~~~~~~~~~~~~~~~\u001b[0m\r\n\n    at createTSError (D:\\Projects\\Support-User-Info\\server\\node_modules\\ts-node\\src\\index.ts:513:12)\n    at reportTSError (D:\\Projects\\Support-User-Info\\server\\node_modules\\ts-node\\src\\index.ts:517:19)\n    at getOutput (D:\\Projects\\Support-User-Info\\server\\node_modules\\ts-node\\src\\index.ts:752:36)\n    at Object.compile (D:\\Projects\\Support-User-Info\\server\\node_modules\\ts-node\\src\\index.ts:968:32)\n    at Module.m._compile (D:\\Projects\\Support-User-Info\\server\\node_modules\\ts-node\\src\\index.ts:1056:42)\n    at Module._extensions..js (node:internal/modules/cjs/loader:1435:10)\n    at require.extensions.<computed> (D:\\Projects\\Support-User-Info\\server\\node_modules\\ts-node\\src\\index.ts:1059:12)\n    at Object.newLoader [as .ts] (D:\\Projects\\Support-User-Info\\server\\node_modules\\pirates\\lib\\index.js:121:7)\n    at Module.load (node:internal/modules/cjs/loader:1207:32)\n    at Function.Module._load (node:internal/modules/cjs/loader:1023:12)","trace":[{"column":12,"file":"D:\\Projects\\Support-User-Info\\server\\node_modules\\ts-node\\src\\index.ts","function":"createTSError","line":513,"method":null,"native":false},{"column":19,"file":"D:\\Projects\\Support-User-Info\\server\\node_modules\\ts-node\\src\\index.ts","function":"reportTSError","line":517,"method":null,"native":false},{"column":36,"file":"D:\\Projects\\Support-User-Info\\server\\node_modules\\ts-node\\src\\index.ts","function":"getOutput","line":752,"method":null,"native":false},{"column":32,"file":"D:\\Projects\\Support-User-Info\\server\\node_modules\\ts-node\\src\\index.ts","function":"Object.compile","line":968,"method":"compile","native":false},{"column":42,"file":"D:\\Projects\\Support-User-Info\\server\\node_modules\\ts-node\\src\\index.ts","function":"Module.m._compile","line":1056,"method":"_compile","native":false},{"column":10,"file":"node:internal/modules/cjs/loader","function":"Module._extensions..js","line":1435,"method":".js","native":false},{"column":12,"file":"D:\\Projects\\Support-User-Info\\server\\node_modules\\ts-node\\src\\index.ts","function":"require.extensions.<computed>","line":1059,"method":"<computed>","native":false},{"column":7,"file":"D:\\Projects\\Support-User-Info\\server\\node_modules\\pirates\\lib\\index.js","function":"Object.newLoader [as .ts]","line":121,"method":"ts]","native":false},{"column":32,"file":"node:internal/modules/cjs/loader","function":"Module.load","line":1207,"method":"load","native":false},{"column":12,"file":"node:internal/modules/cjs/loader","function":"Module._load","line":1023,"method":"_load","native":false}]}
{"date":"Tue Mar 19 2024 12:39:04 GMT+0800 (Singapore Standard Time)","error":{"diagnosticCodes":[2352],"diagnosticText":"\u001b[96msrc/helpers/withState.ts\u001b[0m:\u001b[93m89\u001b[0m:\u001b[93m18\u001b[0m - \u001b[91merror\u001b[0m\u001b[90m TS2352: \u001b[0mConversion of type 'never[]' to type 'File' may be a mistake because neither type sufficiently overlaps with the other. If this was intentional, convert the expression to 'unknown' first.\r\n  Type 'never[]' is missing the following properties from type 'File': fieldname, originalname, encoding, mimetype, and 6 more.\r\n\r\n\u001b[7m89\u001b[0m     const data = get(this.req.files, name, []) as Express.Multer.File\r\n\u001b[7m  \u001b[0m \u001b[91m                 ~~~~~~~~~~~~~~~~~~~~~~~~~~~~~~~~~~~~~~~~~~~~~~~~~~~~\u001b[0m\r\n"},"exception":true,"level":"error","message":"uncaughtException: ⨯ Unable to compile TypeScript:\n\u001b[96msrc/helpers/withState.ts\u001b[0m:\u001b[93m89\u001b[0m:\u001b[93m18\u001b[0m - \u001b[91merror\u001b[0m\u001b[90m TS2352: \u001b[0mConversion of type 'never[]' to type 'File' may be a mistake because neither type sufficiently overlaps with the other. If this was intentional, convert the expression to 'unknown' first.\r\n  Type 'never[]' is missing the following properties from type 'File': fieldname, originalname, encoding, mimetype, and 6 more.\r\n\r\n\u001b[7m89\u001b[0m     const data = get(this.req.files, name, []) as Express.Multer.File\r\n\u001b[7m  \u001b[0m \u001b[91m                 ~~~~~~~~~~~~~~~~~~~~~~~~~~~~~~~~~~~~~~~~~~~~~~~~~~~~\u001b[0m\r\n\nTSError: ⨯ Unable to compile TypeScript:\n\u001b[96msrc/helpers/withState.ts\u001b[0m:\u001b[93m89\u001b[0m:\u001b[93m18\u001b[0m - \u001b[91merror\u001b[0m\u001b[90m TS2352: \u001b[0mConversion of type 'never[]' to type 'File' may be a mistake because neither type sufficiently overlaps with the other. If this was intentional, convert the expression to 'unknown' first.\r\n  Type 'never[]' is missing the following properties from type 'File': fieldname, originalname, encoding, mimetype, and 6 more.\r\n\r\n\u001b[7m89\u001b[0m     const data = get(this.req.files, name, []) as Express.Multer.File\r\n\u001b[7m  \u001b[0m \u001b[91m                 ~~~~~~~~~~~~~~~~~~~~~~~~~~~~~~~~~~~~~~~~~~~~~~~~~~~~\u001b[0m\r\n\n    at createTSError (D:\\Projects\\Support-User-Info\\server\\node_modules\\ts-node\\src\\index.ts:513:12)\n    at reportTSError (D:\\Projects\\Support-User-Info\\server\\node_modules\\ts-node\\src\\index.ts:517:19)\n    at getOutput (D:\\Projects\\Support-User-Info\\server\\node_modules\\ts-node\\src\\index.ts:752:36)\n    at Object.compile (D:\\Projects\\Support-User-Info\\server\\node_modules\\ts-node\\src\\index.ts:968:32)\n    at Module.m._compile (D:\\Projects\\Support-User-Info\\server\\node_modules\\ts-node\\src\\index.ts:1056:42)\n    at Module._extensions..js (node:internal/modules/cjs/loader:1435:10)\n    at require.extensions.<computed> (D:\\Projects\\Support-User-Info\\server\\node_modules\\ts-node\\src\\index.ts:1059:12)\n    at Object.newLoader [as .ts] (D:\\Projects\\Support-User-Info\\server\\node_modules\\pirates\\lib\\index.js:121:7)\n    at Module.load (node:internal/modules/cjs/loader:1207:32)\n    at Function.Module._load (node:internal/modules/cjs/loader:1023:12)","os":{"loadavg":[0,0,0],"uptime":106323.64},"process":{"argv":["D:\\Projects\\Support-User-Info\\server\\node_modules\\ts-node\\dist\\bin.js","D:\\Projects\\Support-User-Info\\server\\src\\bin\\server.ts"],"cwd":"D:\\Projects\\Support-User-Info\\server","execPath":"C:\\Program Files\\nodejs\\node.exe","gid":null,"memoryUsage":{"arrayBuffers":71868,"external":3003181,"heapTotal":250318848,"heapUsed":220957952,"rss":296656896},"pid":26508,"uid":null,"version":"v20.10.0"},"stack":"TSError: ⨯ Unable to compile TypeScript:\n\u001b[96msrc/helpers/withState.ts\u001b[0m:\u001b[93m89\u001b[0m:\u001b[93m18\u001b[0m - \u001b[91merror\u001b[0m\u001b[90m TS2352: \u001b[0mConversion of type 'never[]' to type 'File' may be a mistake because neither type sufficiently overlaps with the other. If this was intentional, convert the expression to 'unknown' first.\r\n  Type 'never[]' is missing the following properties from type 'File': fieldname, originalname, encoding, mimetype, and 6 more.\r\n\r\n\u001b[7m89\u001b[0m     const data = get(this.req.files, name, []) as Express.Multer.File\r\n\u001b[7m  \u001b[0m \u001b[91m                 ~~~~~~~~~~~~~~~~~~~~~~~~~~~~~~~~~~~~~~~~~~~~~~~~~~~~\u001b[0m\r\n\n    at createTSError (D:\\Projects\\Support-User-Info\\server\\node_modules\\ts-node\\src\\index.ts:513:12)\n    at reportTSError (D:\\Projects\\Support-User-Info\\server\\node_modules\\ts-node\\src\\index.ts:517:19)\n    at getOutput (D:\\Projects\\Support-User-Info\\server\\node_modules\\ts-node\\src\\index.ts:752:36)\n    at Object.compile (D:\\Projects\\Support-User-Info\\server\\node_modules\\ts-node\\src\\index.ts:968:32)\n    at Module.m._compile (D:\\Projects\\Support-User-Info\\server\\node_modules\\ts-node\\src\\index.ts:1056:42)\n    at Module._extensions..js (node:internal/modules/cjs/loader:1435:10)\n    at require.extensions.<computed> (D:\\Projects\\Support-User-Info\\server\\node_modules\\ts-node\\src\\index.ts:1059:12)\n    at Object.newLoader [as .ts] (D:\\Projects\\Support-User-Info\\server\\node_modules\\pirates\\lib\\index.js:121:7)\n    at Module.load (node:internal/modules/cjs/loader:1207:32)\n    at Function.Module._load (node:internal/modules/cjs/loader:1023:12)","trace":[{"column":12,"file":"D:\\Projects\\Support-User-Info\\server\\node_modules\\ts-node\\src\\index.ts","function":"createTSError","line":513,"method":null,"native":false},{"column":19,"file":"D:\\Projects\\Support-User-Info\\server\\node_modules\\ts-node\\src\\index.ts","function":"reportTSError","line":517,"method":null,"native":false},{"column":36,"file":"D:\\Projects\\Support-User-Info\\server\\node_modules\\ts-node\\src\\index.ts","function":"getOutput","line":752,"method":null,"native":false},{"column":32,"file":"D:\\Projects\\Support-User-Info\\server\\node_modules\\ts-node\\src\\index.ts","function":"Object.compile","line":968,"method":"compile","native":false},{"column":42,"file":"D:\\Projects\\Support-User-Info\\server\\node_modules\\ts-node\\src\\index.ts","function":"Module.m._compile","line":1056,"method":"_compile","native":false},{"column":10,"file":"node:internal/modules/cjs/loader","function":"Module._extensions..js","line":1435,"method":".js","native":false},{"column":12,"file":"D:\\Projects\\Support-User-Info\\server\\node_modules\\ts-node\\src\\index.ts","function":"require.extensions.<computed>","line":1059,"method":"<computed>","native":false},{"column":7,"file":"D:\\Projects\\Support-User-Info\\server\\node_modules\\pirates\\lib\\index.js","function":"Object.newLoader [as .ts]","line":121,"method":"ts]","native":false},{"column":32,"file":"node:internal/modules/cjs/loader","function":"Module.load","line":1207,"method":"load","native":false},{"column":12,"file":"node:internal/modules/cjs/loader","function":"Module._load","line":1023,"method":"_load","native":false}]}
{"date":"Tue Mar 19 2024 12:53:39 GMT+0800 (Singapore Standard Time)","error":{"diagnosticCodes":[2352],"diagnosticText":"\u001b[96msrc/helpers/withState.ts\u001b[0m:\u001b[93m89\u001b[0m:\u001b[93m18\u001b[0m - \u001b[91merror\u001b[0m\u001b[90m TS2352: \u001b[0mConversion of type 'never[]' to type 'File' may be a mistake because neither type sufficiently overlaps with the other. If this was intentional, convert the expression to 'unknown' first.\r\n  Type 'never[]' is missing the following properties from type 'File': fieldname, originalname, encoding, mimetype, and 6 more.\r\n\r\n\u001b[7m89\u001b[0m     const data = get(this.req.files, name, []) as Express.Multer.File\r\n\u001b[7m  \u001b[0m \u001b[91m                 ~~~~~~~~~~~~~~~~~~~~~~~~~~~~~~~~~~~~~~~~~~~~~~~~~~~~\u001b[0m\r\n"},"exception":true,"level":"error","message":"uncaughtException: ⨯ Unable to compile TypeScript:\n\u001b[96msrc/helpers/withState.ts\u001b[0m:\u001b[93m89\u001b[0m:\u001b[93m18\u001b[0m - \u001b[91merror\u001b[0m\u001b[90m TS2352: \u001b[0mConversion of type 'never[]' to type 'File' may be a mistake because neither type sufficiently overlaps with the other. If this was intentional, convert the expression to 'unknown' first.\r\n  Type 'never[]' is missing the following properties from type 'File': fieldname, originalname, encoding, mimetype, and 6 more.\r\n\r\n\u001b[7m89\u001b[0m     const data = get(this.req.files, name, []) as Express.Multer.File\r\n\u001b[7m  \u001b[0m \u001b[91m                 ~~~~~~~~~~~~~~~~~~~~~~~~~~~~~~~~~~~~~~~~~~~~~~~~~~~~\u001b[0m\r\n\nTSError: ⨯ Unable to compile TypeScript:\n\u001b[96msrc/helpers/withState.ts\u001b[0m:\u001b[93m89\u001b[0m:\u001b[93m18\u001b[0m - \u001b[91merror\u001b[0m\u001b[90m TS2352: \u001b[0mConversion of type 'never[]' to type 'File' may be a mistake because neither type sufficiently overlaps with the other. If this was intentional, convert the expression to 'unknown' first.\r\n  Type 'never[]' is missing the following properties from type 'File': fieldname, originalname, encoding, mimetype, and 6 more.\r\n\r\n\u001b[7m89\u001b[0m     const data = get(this.req.files, name, []) as Express.Multer.File\r\n\u001b[7m  \u001b[0m \u001b[91m                 ~~~~~~~~~~~~~~~~~~~~~~~~~~~~~~~~~~~~~~~~~~~~~~~~~~~~\u001b[0m\r\n\n    at createTSError (D:\\Projects\\Support-User-Info\\server\\node_modules\\ts-node\\src\\index.ts:513:12)\n    at reportTSError (D:\\Projects\\Support-User-Info\\server\\node_modules\\ts-node\\src\\index.ts:517:19)\n    at getOutput (D:\\Projects\\Support-User-Info\\server\\node_modules\\ts-node\\src\\index.ts:752:36)\n    at Object.compile (D:\\Projects\\Support-User-Info\\server\\node_modules\\ts-node\\src\\index.ts:968:32)\n    at Module.m._compile (D:\\Projects\\Support-User-Info\\server\\node_modules\\ts-node\\src\\index.ts:1056:42)\n    at Module._extensions..js (node:internal/modules/cjs/loader:1435:10)\n    at require.extensions.<computed> (D:\\Projects\\Support-User-Info\\server\\node_modules\\ts-node\\src\\index.ts:1059:12)\n    at Object.newLoader [as .ts] (D:\\Projects\\Support-User-Info\\server\\node_modules\\pirates\\lib\\index.js:121:7)\n    at Module.load (node:internal/modules/cjs/loader:1207:32)\n    at Function.Module._load (node:internal/modules/cjs/loader:1023:12)","os":{"loadavg":[0,0,0],"uptime":107198.718},"process":{"argv":["D:\\Projects\\Support-User-Info\\server\\node_modules\\ts-node\\dist\\bin.js","D:\\Projects\\Support-User-Info\\server\\src\\bin\\server.ts"],"cwd":"D:\\Projects\\Support-User-Info\\server","execPath":"C:\\Program Files\\nodejs\\node.exe","gid":null,"memoryUsage":{"arrayBuffers":161783,"external":3209562,"heapTotal":260820992,"heapUsed":238477304,"rss":314638336},"pid":25208,"uid":null,"version":"v20.10.0"},"stack":"TSError: ⨯ Unable to compile TypeScript:\n\u001b[96msrc/helpers/withState.ts\u001b[0m:\u001b[93m89\u001b[0m:\u001b[93m18\u001b[0m - \u001b[91merror\u001b[0m\u001b[90m TS2352: \u001b[0mConversion of type 'never[]' to type 'File' may be a mistake because neither type sufficiently overlaps with the other. If this was intentional, convert the expression to 'unknown' first.\r\n  Type 'never[]' is missing the following properties from type 'File': fieldname, originalname, encoding, mimetype, and 6 more.\r\n\r\n\u001b[7m89\u001b[0m     const data = get(this.req.files, name, []) as Express.Multer.File\r\n\u001b[7m  \u001b[0m \u001b[91m                 ~~~~~~~~~~~~~~~~~~~~~~~~~~~~~~~~~~~~~~~~~~~~~~~~~~~~\u001b[0m\r\n\n    at createTSError (D:\\Projects\\Support-User-Info\\server\\node_modules\\ts-node\\src\\index.ts:513:12)\n    at reportTSError (D:\\Projects\\Support-User-Info\\server\\node_modules\\ts-node\\src\\index.ts:517:19)\n    at getOutput (D:\\Projects\\Support-User-Info\\server\\node_modules\\ts-node\\src\\index.ts:752:36)\n    at Object.compile (D:\\Projects\\Support-User-Info\\server\\node_modules\\ts-node\\src\\index.ts:968:32)\n    at Module.m._compile (D:\\Projects\\Support-User-Info\\server\\node_modules\\ts-node\\src\\index.ts:1056:42)\n    at Module._extensions..js (node:internal/modules/cjs/loader:1435:10)\n    at require.extensions.<computed> (D:\\Projects\\Support-User-Info\\server\\node_modules\\ts-node\\src\\index.ts:1059:12)\n    at Object.newLoader [as .ts] (D:\\Projects\\Support-User-Info\\server\\node_modules\\pirates\\lib\\index.js:121:7)\n    at Module.load (node:internal/modules/cjs/loader:1207:32)\n    at Function.Module._load (node:internal/modules/cjs/loader:1023:12)","trace":[{"column":12,"file":"D:\\Projects\\Support-User-Info\\server\\node_modules\\ts-node\\src\\index.ts","function":"createTSError","line":513,"method":null,"native":false},{"column":19,"file":"D:\\Projects\\Support-User-Info\\server\\node_modules\\ts-node\\src\\index.ts","function":"reportTSError","line":517,"method":null,"native":false},{"column":36,"file":"D:\\Projects\\Support-User-Info\\server\\node_modules\\ts-node\\src\\index.ts","function":"getOutput","line":752,"method":null,"native":false},{"column":32,"file":"D:\\Projects\\Support-User-Info\\server\\node_modules\\ts-node\\src\\index.ts","function":"Object.compile","line":968,"method":"compile","native":false},{"column":42,"file":"D:\\Projects\\Support-User-Info\\server\\node_modules\\ts-node\\src\\index.ts","function":"Module.m._compile","line":1056,"method":"_compile","native":false},{"column":10,"file":"node:internal/modules/cjs/loader","function":"Module._extensions..js","line":1435,"method":".js","native":false},{"column":12,"file":"D:\\Projects\\Support-User-Info\\server\\node_modules\\ts-node\\src\\index.ts","function":"require.extensions.<computed>","line":1059,"method":"<computed>","native":false},{"column":7,"file":"D:\\Projects\\Support-User-Info\\server\\node_modules\\pirates\\lib\\index.js","function":"Object.newLoader [as .ts]","line":121,"method":"ts]","native":false},{"column":32,"file":"node:internal/modules/cjs/loader","function":"Module.load","line":1207,"method":"load","native":false},{"column":12,"file":"node:internal/modules/cjs/loader","function":"Module._load","line":1023,"method":"_load","native":false}]}
{"date":"Tue Mar 19 2024 12:58:42 GMT+0800 (Singapore Standard Time)","error":{"diagnosticCodes":[2352],"diagnosticText":"\u001b[96msrc/helpers/withState.ts\u001b[0m:\u001b[93m89\u001b[0m:\u001b[93m18\u001b[0m - \u001b[91merror\u001b[0m\u001b[90m TS2352: \u001b[0mConversion of type 'never[]' to type 'File' may be a mistake because neither type sufficiently overlaps with the other. If this was intentional, convert the expression to 'unknown' first.\r\n  Type 'never[]' is missing the following properties from type 'File': fieldname, originalname, encoding, mimetype, and 6 more.\r\n\r\n\u001b[7m89\u001b[0m     const data = get(this.req.files, name, []) as Express.Multer.File\r\n\u001b[7m  \u001b[0m \u001b[91m                 ~~~~~~~~~~~~~~~~~~~~~~~~~~~~~~~~~~~~~~~~~~~~~~~~~~~~\u001b[0m\r\n"},"exception":true,"level":"error","message":"uncaughtException: ⨯ Unable to compile TypeScript:\n\u001b[96msrc/helpers/withState.ts\u001b[0m:\u001b[93m89\u001b[0m:\u001b[93m18\u001b[0m - \u001b[91merror\u001b[0m\u001b[90m TS2352: \u001b[0mConversion of type 'never[]' to type 'File' may be a mistake because neither type sufficiently overlaps with the other. If this was intentional, convert the expression to 'unknown' first.\r\n  Type 'never[]' is missing the following properties from type 'File': fieldname, originalname, encoding, mimetype, and 6 more.\r\n\r\n\u001b[7m89\u001b[0m     const data = get(this.req.files, name, []) as Express.Multer.File\r\n\u001b[7m  \u001b[0m \u001b[91m                 ~~~~~~~~~~~~~~~~~~~~~~~~~~~~~~~~~~~~~~~~~~~~~~~~~~~~\u001b[0m\r\n\nTSError: ⨯ Unable to compile TypeScript:\n\u001b[96msrc/helpers/withState.ts\u001b[0m:\u001b[93m89\u001b[0m:\u001b[93m18\u001b[0m - \u001b[91merror\u001b[0m\u001b[90m TS2352: \u001b[0mConversion of type 'never[]' to type 'File' may be a mistake because neither type sufficiently overlaps with the other. If this was intentional, convert the expression to 'unknown' first.\r\n  Type 'never[]' is missing the following properties from type 'File': fieldname, originalname, encoding, mimetype, and 6 more.\r\n\r\n\u001b[7m89\u001b[0m     const data = get(this.req.files, name, []) as Express.Multer.File\r\n\u001b[7m  \u001b[0m \u001b[91m                 ~~~~~~~~~~~~~~~~~~~~~~~~~~~~~~~~~~~~~~~~~~~~~~~~~~~~\u001b[0m\r\n\n    at createTSError (D:\\Projects\\Support-User-Info\\server\\node_modules\\ts-node\\src\\index.ts:513:12)\n    at reportTSError (D:\\Projects\\Support-User-Info\\server\\node_modules\\ts-node\\src\\index.ts:517:19)\n    at getOutput (D:\\Projects\\Support-User-Info\\server\\node_modules\\ts-node\\src\\index.ts:752:36)\n    at Object.compile (D:\\Projects\\Support-User-Info\\server\\node_modules\\ts-node\\src\\index.ts:968:32)\n    at Module.m._compile (D:\\Projects\\Support-User-Info\\server\\node_modules\\ts-node\\src\\index.ts:1056:42)\n    at Module._extensions..js (node:internal/modules/cjs/loader:1435:10)\n    at require.extensions.<computed> (D:\\Projects\\Support-User-Info\\server\\node_modules\\ts-node\\src\\index.ts:1059:12)\n    at Object.newLoader [as .ts] (D:\\Projects\\Support-User-Info\\server\\node_modules\\pirates\\lib\\index.js:121:7)\n    at Module.load (node:internal/modules/cjs/loader:1207:32)\n    at Function.Module._load (node:internal/modules/cjs/loader:1023:12)","os":{"loadavg":[0,0,0],"uptime":107501.796},"process":{"argv":["D:\\Projects\\Support-User-Info\\server\\node_modules\\ts-node\\dist\\bin.js","D:\\Projects\\Support-User-Info\\server\\src\\bin\\server.ts"],"cwd":"D:\\Projects\\Support-User-Info\\server","execPath":"C:\\Program Files\\nodejs\\node.exe","gid":null,"memoryUsage":{"arrayBuffers":74363,"external":3122142,"heapTotal":255664128,"heapUsed":228726368,"rss":306495488},"pid":15148,"uid":null,"version":"v20.10.0"},"stack":"TSError: ⨯ Unable to compile TypeScript:\n\u001b[96msrc/helpers/withState.ts\u001b[0m:\u001b[93m89\u001b[0m:\u001b[93m18\u001b[0m - \u001b[91merror\u001b[0m\u001b[90m TS2352: \u001b[0mConversion of type 'never[]' to type 'File' may be a mistake because neither type sufficiently overlaps with the other. If this was intentional, convert the expression to 'unknown' first.\r\n  Type 'never[]' is missing the following properties from type 'File': fieldname, originalname, encoding, mimetype, and 6 more.\r\n\r\n\u001b[7m89\u001b[0m     const data = get(this.req.files, name, []) as Express.Multer.File\r\n\u001b[7m  \u001b[0m \u001b[91m                 ~~~~~~~~~~~~~~~~~~~~~~~~~~~~~~~~~~~~~~~~~~~~~~~~~~~~\u001b[0m\r\n\n    at createTSError (D:\\Projects\\Support-User-Info\\server\\node_modules\\ts-node\\src\\index.ts:513:12)\n    at reportTSError (D:\\Projects\\Support-User-Info\\server\\node_modules\\ts-node\\src\\index.ts:517:19)\n    at getOutput (D:\\Projects\\Support-User-Info\\server\\node_modules\\ts-node\\src\\index.ts:752:36)\n    at Object.compile (D:\\Projects\\Support-User-Info\\server\\node_modules\\ts-node\\src\\index.ts:968:32)\n    at Module.m._compile (D:\\Projects\\Support-User-Info\\server\\node_modules\\ts-node\\src\\index.ts:1056:42)\n    at Module._extensions..js (node:internal/modules/cjs/loader:1435:10)\n    at require.extensions.<computed> (D:\\Projects\\Support-User-Info\\server\\node_modules\\ts-node\\src\\index.ts:1059:12)\n    at Object.newLoader [as .ts] (D:\\Projects\\Support-User-Info\\server\\node_modules\\pirates\\lib\\index.js:121:7)\n    at Module.load (node:internal/modules/cjs/loader:1207:32)\n    at Function.Module._load (node:internal/modules/cjs/loader:1023:12)","trace":[{"column":12,"file":"D:\\Projects\\Support-User-Info\\server\\node_modules\\ts-node\\src\\index.ts","function":"createTSError","line":513,"method":null,"native":false},{"column":19,"file":"D:\\Projects\\Support-User-Info\\server\\node_modules\\ts-node\\src\\index.ts","function":"reportTSError","line":517,"method":null,"native":false},{"column":36,"file":"D:\\Projects\\Support-User-Info\\server\\node_modules\\ts-node\\src\\index.ts","function":"getOutput","line":752,"method":null,"native":false},{"column":32,"file":"D:\\Projects\\Support-User-Info\\server\\node_modules\\ts-node\\src\\index.ts","function":"Object.compile","line":968,"method":"compile","native":false},{"column":42,"file":"D:\\Projects\\Support-User-Info\\server\\node_modules\\ts-node\\src\\index.ts","function":"Module.m._compile","line":1056,"method":"_compile","native":false},{"column":10,"file":"node:internal/modules/cjs/loader","function":"Module._extensions..js","line":1435,"method":".js","native":false},{"column":12,"file":"D:\\Projects\\Support-User-Info\\server\\node_modules\\ts-node\\src\\index.ts","function":"require.extensions.<computed>","line":1059,"method":"<computed>","native":false},{"column":7,"file":"D:\\Projects\\Support-User-Info\\server\\node_modules\\pirates\\lib\\index.js","function":"Object.newLoader [as .ts]","line":121,"method":"ts]","native":false},{"column":32,"file":"node:internal/modules/cjs/loader","function":"Module.load","line":1207,"method":"load","native":false},{"column":12,"file":"node:internal/modules/cjs/loader","function":"Module._load","line":1023,"method":"_load","native":false}]}
{"date":"Tue Mar 19 2024 12:59:14 GMT+0800 (Singapore Standard Time)","error":{"diagnosticCodes":[2352],"diagnosticText":"\u001b[96msrc/helpers/withState.ts\u001b[0m:\u001b[93m89\u001b[0m:\u001b[93m18\u001b[0m - \u001b[91merror\u001b[0m\u001b[90m TS2352: \u001b[0mConversion of type 'never[]' to type 'File' may be a mistake because neither type sufficiently overlaps with the other. If this was intentional, convert the expression to 'unknown' first.\r\n  Type 'never[]' is missing the following properties from type 'File': fieldname, originalname, encoding, mimetype, and 6 more.\r\n\r\n\u001b[7m89\u001b[0m     const data = get(this.req.files, name, []) as Express.Multer.File\r\n\u001b[7m  \u001b[0m \u001b[91m                 ~~~~~~~~~~~~~~~~~~~~~~~~~~~~~~~~~~~~~~~~~~~~~~~~~~~~\u001b[0m\r\n"},"exception":true,"level":"error","message":"uncaughtException: ⨯ Unable to compile TypeScript:\n\u001b[96msrc/helpers/withState.ts\u001b[0m:\u001b[93m89\u001b[0m:\u001b[93m18\u001b[0m - \u001b[91merror\u001b[0m\u001b[90m TS2352: \u001b[0mConversion of type 'never[]' to type 'File' may be a mistake because neither type sufficiently overlaps with the other. If this was intentional, convert the expression to 'unknown' first.\r\n  Type 'never[]' is missing the following properties from type 'File': fieldname, originalname, encoding, mimetype, and 6 more.\r\n\r\n\u001b[7m89\u001b[0m     const data = get(this.req.files, name, []) as Express.Multer.File\r\n\u001b[7m  \u001b[0m \u001b[91m                 ~~~~~~~~~~~~~~~~~~~~~~~~~~~~~~~~~~~~~~~~~~~~~~~~~~~~\u001b[0m\r\n\nTSError: ⨯ Unable to compile TypeScript:\n\u001b[96msrc/helpers/withState.ts\u001b[0m:\u001b[93m89\u001b[0m:\u001b[93m18\u001b[0m - \u001b[91merror\u001b[0m\u001b[90m TS2352: \u001b[0mConversion of type 'never[]' to type 'File' may be a mistake because neither type sufficiently overlaps with the other. If this was intentional, convert the expression to 'unknown' first.\r\n  Type 'never[]' is missing the following properties from type 'File': fieldname, originalname, encoding, mimetype, and 6 more.\r\n\r\n\u001b[7m89\u001b[0m     const data = get(this.req.files, name, []) as Express.Multer.File\r\n\u001b[7m  \u001b[0m \u001b[91m                 ~~~~~~~~~~~~~~~~~~~~~~~~~~~~~~~~~~~~~~~~~~~~~~~~~~~~\u001b[0m\r\n\n    at createTSError (D:\\Projects\\Support-User-Info\\server\\node_modules\\ts-node\\src\\index.ts:513:12)\n    at reportTSError (D:\\Projects\\Support-User-Info\\server\\node_modules\\ts-node\\src\\index.ts:517:19)\n    at getOutput (D:\\Projects\\Support-User-Info\\server\\node_modules\\ts-node\\src\\index.ts:752:36)\n    at Object.compile (D:\\Projects\\Support-User-Info\\server\\node_modules\\ts-node\\src\\index.ts:968:32)\n    at Module.m._compile (D:\\Projects\\Support-User-Info\\server\\node_modules\\ts-node\\src\\index.ts:1056:42)\n    at Module._extensions..js (node:internal/modules/cjs/loader:1435:10)\n    at require.extensions.<computed> (D:\\Projects\\Support-User-Info\\server\\node_modules\\ts-node\\src\\index.ts:1059:12)\n    at Object.newLoader [as .ts] (D:\\Projects\\Support-User-Info\\server\\node_modules\\pirates\\lib\\index.js:121:7)\n    at Module.load (node:internal/modules/cjs/loader:1207:32)\n    at Function.Module._load (node:internal/modules/cjs/loader:1023:12)","os":{"loadavg":[0,0,0],"uptime":107533.984},"process":{"argv":["D:\\Projects\\Support-User-Info\\server\\node_modules\\ts-node\\dist\\bin.js","D:\\Projects\\Support-User-Info\\server\\src\\bin\\server.ts"],"cwd":"D:\\Projects\\Support-User-Info\\server","execPath":"C:\\Program Files\\nodejs\\node.exe","gid":null,"memoryUsage":{"arrayBuffers":82555,"external":3130334,"heapTotal":260120576,"heapUsed":234863552,"rss":312541184},"pid":9040,"uid":null,"version":"v20.10.0"},"stack":"TSError: ⨯ Unable to compile TypeScript:\n\u001b[96msrc/helpers/withState.ts\u001b[0m:\u001b[93m89\u001b[0m:\u001b[93m18\u001b[0m - \u001b[91merror\u001b[0m\u001b[90m TS2352: \u001b[0mConversion of type 'never[]' to type 'File' may be a mistake because neither type sufficiently overlaps with the other. If this was intentional, convert the expression to 'unknown' first.\r\n  Type 'never[]' is missing the following properties from type 'File': fieldname, originalname, encoding, mimetype, and 6 more.\r\n\r\n\u001b[7m89\u001b[0m     const data = get(this.req.files, name, []) as Express.Multer.File\r\n\u001b[7m  \u001b[0m \u001b[91m                 ~~~~~~~~~~~~~~~~~~~~~~~~~~~~~~~~~~~~~~~~~~~~~~~~~~~~\u001b[0m\r\n\n    at createTSError (D:\\Projects\\Support-User-Info\\server\\node_modules\\ts-node\\src\\index.ts:513:12)\n    at reportTSError (D:\\Projects\\Support-User-Info\\server\\node_modules\\ts-node\\src\\index.ts:517:19)\n    at getOutput (D:\\Projects\\Support-User-Info\\server\\node_modules\\ts-node\\src\\index.ts:752:36)\n    at Object.compile (D:\\Projects\\Support-User-Info\\server\\node_modules\\ts-node\\src\\index.ts:968:32)\n    at Module.m._compile (D:\\Projects\\Support-User-Info\\server\\node_modules\\ts-node\\src\\index.ts:1056:42)\n    at Module._extensions..js (node:internal/modules/cjs/loader:1435:10)\n    at require.extensions.<computed> (D:\\Projects\\Support-User-Info\\server\\node_modules\\ts-node\\src\\index.ts:1059:12)\n    at Object.newLoader [as .ts] (D:\\Projects\\Support-User-Info\\server\\node_modules\\pirates\\lib\\index.js:121:7)\n    at Module.load (node:internal/modules/cjs/loader:1207:32)\n    at Function.Module._load (node:internal/modules/cjs/loader:1023:12)","trace":[{"column":12,"file":"D:\\Projects\\Support-User-Info\\server\\node_modules\\ts-node\\src\\index.ts","function":"createTSError","line":513,"method":null,"native":false},{"column":19,"file":"D:\\Projects\\Support-User-Info\\server\\node_modules\\ts-node\\src\\index.ts","function":"reportTSError","line":517,"method":null,"native":false},{"column":36,"file":"D:\\Projects\\Support-User-Info\\server\\node_modules\\ts-node\\src\\index.ts","function":"getOutput","line":752,"method":null,"native":false},{"column":32,"file":"D:\\Projects\\Support-User-Info\\server\\node_modules\\ts-node\\src\\index.ts","function":"Object.compile","line":968,"method":"compile","native":false},{"column":42,"file":"D:\\Projects\\Support-User-Info\\server\\node_modules\\ts-node\\src\\index.ts","function":"Module.m._compile","line":1056,"method":"_compile","native":false},{"column":10,"file":"node:internal/modules/cjs/loader","function":"Module._extensions..js","line":1435,"method":".js","native":false},{"column":12,"file":"D:\\Projects\\Support-User-Info\\server\\node_modules\\ts-node\\src\\index.ts","function":"require.extensions.<computed>","line":1059,"method":"<computed>","native":false},{"column":7,"file":"D:\\Projects\\Support-User-Info\\server\\node_modules\\pirates\\lib\\index.js","function":"Object.newLoader [as .ts]","line":121,"method":"ts]","native":false},{"column":32,"file":"node:internal/modules/cjs/loader","function":"Module.load","line":1207,"method":"load","native":false},{"column":12,"file":"node:internal/modules/cjs/loader","function":"Module._load","line":1023,"method":"_load","native":false}]}
{"date":"Tue Mar 19 2024 15:11:34 GMT+0800 (Singapore Standard Time)","error":{"diagnosticCodes":[2352],"diagnosticText":"\u001b[96msrc/helpers/withState.ts\u001b[0m:\u001b[93m89\u001b[0m:\u001b[93m18\u001b[0m - \u001b[91merror\u001b[0m\u001b[90m TS2352: \u001b[0mConversion of type 'never[]' to type 'File' may be a mistake because neither type sufficiently overlaps with the other. If this was intentional, convert the expression to 'unknown' first.\r\n  Type 'never[]' is missing the following properties from type 'File': fieldname, originalname, encoding, mimetype, and 6 more.\r\n\r\n\u001b[7m89\u001b[0m     const data = get(this.req.files, name, []) as Express.Multer.File\r\n\u001b[7m  \u001b[0m \u001b[91m                 ~~~~~~~~~~~~~~~~~~~~~~~~~~~~~~~~~~~~~~~~~~~~~~~~~~~~\u001b[0m\r\n"},"exception":true,"level":"error","message":"uncaughtException: ⨯ Unable to compile TypeScript:\n\u001b[96msrc/helpers/withState.ts\u001b[0m:\u001b[93m89\u001b[0m:\u001b[93m18\u001b[0m - \u001b[91merror\u001b[0m\u001b[90m TS2352: \u001b[0mConversion of type 'never[]' to type 'File' may be a mistake because neither type sufficiently overlaps with the other. If this was intentional, convert the expression to 'unknown' first.\r\n  Type 'never[]' is missing the following properties from type 'File': fieldname, originalname, encoding, mimetype, and 6 more.\r\n\r\n\u001b[7m89\u001b[0m     const data = get(this.req.files, name, []) as Express.Multer.File\r\n\u001b[7m  \u001b[0m \u001b[91m                 ~~~~~~~~~~~~~~~~~~~~~~~~~~~~~~~~~~~~~~~~~~~~~~~~~~~~\u001b[0m\r\n\nTSError: ⨯ Unable to compile TypeScript:\n\u001b[96msrc/helpers/withState.ts\u001b[0m:\u001b[93m89\u001b[0m:\u001b[93m18\u001b[0m - \u001b[91merror\u001b[0m\u001b[90m TS2352: \u001b[0mConversion of type 'never[]' to type 'File' may be a mistake because neither type sufficiently overlaps with the other. If this was intentional, convert the expression to 'unknown' first.\r\n  Type 'never[]' is missing the following properties from type 'File': fieldname, originalname, encoding, mimetype, and 6 more.\r\n\r\n\u001b[7m89\u001b[0m     const data = get(this.req.files, name, []) as Express.Multer.File\r\n\u001b[7m  \u001b[0m \u001b[91m                 ~~~~~~~~~~~~~~~~~~~~~~~~~~~~~~~~~~~~~~~~~~~~~~~~~~~~\u001b[0m\r\n\n    at createTSError (D:\\Projects\\Support-User-Info\\server\\node_modules\\ts-node\\src\\index.ts:513:12)\n    at reportTSError (D:\\Projects\\Support-User-Info\\server\\node_modules\\ts-node\\src\\index.ts:517:19)\n    at getOutput (D:\\Projects\\Support-User-Info\\server\\node_modules\\ts-node\\src\\index.ts:752:36)\n    at Object.compile (D:\\Projects\\Support-User-Info\\server\\node_modules\\ts-node\\src\\index.ts:968:32)\n    at Module.m._compile (D:\\Projects\\Support-User-Info\\server\\node_modules\\ts-node\\src\\index.ts:1056:42)\n    at Module._extensions..js (node:internal/modules/cjs/loader:1435:10)\n    at require.extensions.<computed> (D:\\Projects\\Support-User-Info\\server\\node_modules\\ts-node\\src\\index.ts:1059:12)\n    at Object.newLoader [as .ts] (D:\\Projects\\Support-User-Info\\server\\node_modules\\pirates\\lib\\index.js:121:7)\n    at Module.load (node:internal/modules/cjs/loader:1207:32)\n    at Function.Module._load (node:internal/modules/cjs/loader:1023:12)","os":{"loadavg":[0,0,0],"uptime":115473.687},"process":{"argv":["D:\\Projects\\Support-User-Info\\server\\node_modules\\ts-node\\dist\\bin.js","D:\\Projects\\Support-User-Info\\server\\src\\bin\\server.ts"],"cwd":"D:\\Projects\\Support-User-Info\\server","execPath":"C:\\Program Files\\nodejs\\node.exe","gid":null,"memoryUsage":{"arrayBuffers":161783,"external":3209562,"heapTotal":263172096,"heapUsed":229004832,"rss":318341120},"pid":4756,"uid":null,"version":"v20.10.0"},"stack":"TSError: ⨯ Unable to compile TypeScript:\n\u001b[96msrc/helpers/withState.ts\u001b[0m:\u001b[93m89\u001b[0m:\u001b[93m18\u001b[0m - \u001b[91merror\u001b[0m\u001b[90m TS2352: \u001b[0mConversion of type 'never[]' to type 'File' may be a mistake because neither type sufficiently overlaps with the other. If this was intentional, convert the expression to 'unknown' first.\r\n  Type 'never[]' is missing the following properties from type 'File': fieldname, originalname, encoding, mimetype, and 6 more.\r\n\r\n\u001b[7m89\u001b[0m     const data = get(this.req.files, name, []) as Express.Multer.File\r\n\u001b[7m  \u001b[0m \u001b[91m                 ~~~~~~~~~~~~~~~~~~~~~~~~~~~~~~~~~~~~~~~~~~~~~~~~~~~~\u001b[0m\r\n\n    at createTSError (D:\\Projects\\Support-User-Info\\server\\node_modules\\ts-node\\src\\index.ts:513:12)\n    at reportTSError (D:\\Projects\\Support-User-Info\\server\\node_modules\\ts-node\\src\\index.ts:517:19)\n    at getOutput (D:\\Projects\\Support-User-Info\\server\\node_modules\\ts-node\\src\\index.ts:752:36)\n    at Object.compile (D:\\Projects\\Support-User-Info\\server\\node_modules\\ts-node\\src\\index.ts:968:32)\n    at Module.m._compile (D:\\Projects\\Support-User-Info\\server\\node_modules\\ts-node\\src\\index.ts:1056:42)\n    at Module._extensions..js (node:internal/modules/cjs/loader:1435:10)\n    at require.extensions.<computed> (D:\\Projects\\Support-User-Info\\server\\node_modules\\ts-node\\src\\index.ts:1059:12)\n    at Object.newLoader [as .ts] (D:\\Projects\\Support-User-Info\\server\\node_modules\\pirates\\lib\\index.js:121:7)\n    at Module.load (node:internal/modules/cjs/loader:1207:32)\n    at Function.Module._load (node:internal/modules/cjs/loader:1023:12)","trace":[{"column":12,"file":"D:\\Projects\\Support-User-Info\\server\\node_modules\\ts-node\\src\\index.ts","function":"createTSError","line":513,"method":null,"native":false},{"column":19,"file":"D:\\Projects\\Support-User-Info\\server\\node_modules\\ts-node\\src\\index.ts","function":"reportTSError","line":517,"method":null,"native":false},{"column":36,"file":"D:\\Projects\\Support-User-Info\\server\\node_modules\\ts-node\\src\\index.ts","function":"getOutput","line":752,"method":null,"native":false},{"column":32,"file":"D:\\Projects\\Support-User-Info\\server\\node_modules\\ts-node\\src\\index.ts","function":"Object.compile","line":968,"method":"compile","native":false},{"column":42,"file":"D:\\Projects\\Support-User-Info\\server\\node_modules\\ts-node\\src\\index.ts","function":"Module.m._compile","line":1056,"method":"_compile","native":false},{"column":10,"file":"node:internal/modules/cjs/loader","function":"Module._extensions..js","line":1435,"method":".js","native":false},{"column":12,"file":"D:\\Projects\\Support-User-Info\\server\\node_modules\\ts-node\\src\\index.ts","function":"require.extensions.<computed>","line":1059,"method":"<computed>","native":false},{"column":7,"file":"D:\\Projects\\Support-User-Info\\server\\node_modules\\pirates\\lib\\index.js","function":"Object.newLoader [as .ts]","line":121,"method":"ts]","native":false},{"column":32,"file":"node:internal/modules/cjs/loader","function":"Module.load","line":1207,"method":"load","native":false},{"column":12,"file":"node:internal/modules/cjs/loader","function":"Module._load","line":1023,"method":"_load","native":false}]}
{"date":"Tue Mar 19 2024 15:13:25 GMT+0800 (Singapore Standard Time)","error":{"diagnosticCodes":[2352],"diagnosticText":"\u001b[96msrc/helpers/withState.ts\u001b[0m:\u001b[93m89\u001b[0m:\u001b[93m18\u001b[0m - \u001b[91merror\u001b[0m\u001b[90m TS2352: \u001b[0mConversion of type 'never[]' to type 'File' may be a mistake because neither type sufficiently overlaps with the other. If this was intentional, convert the expression to 'unknown' first.\r\n  Type 'never[]' is missing the following properties from type 'File': fieldname, originalname, encoding, mimetype, and 6 more.\r\n\r\n\u001b[7m89\u001b[0m     const data = get(this.req.files, name, []) as Express.Multer.File\r\n\u001b[7m  \u001b[0m \u001b[91m                 ~~~~~~~~~~~~~~~~~~~~~~~~~~~~~~~~~~~~~~~~~~~~~~~~~~~~\u001b[0m\r\n"},"exception":true,"level":"error","message":"uncaughtException: ⨯ Unable to compile TypeScript:\n\u001b[96msrc/helpers/withState.ts\u001b[0m:\u001b[93m89\u001b[0m:\u001b[93m18\u001b[0m - \u001b[91merror\u001b[0m\u001b[90m TS2352: \u001b[0mConversion of type 'never[]' to type 'File' may be a mistake because neither type sufficiently overlaps with the other. If this was intentional, convert the expression to 'unknown' first.\r\n  Type 'never[]' is missing the following properties from type 'File': fieldname, originalname, encoding, mimetype, and 6 more.\r\n\r\n\u001b[7m89\u001b[0m     const data = get(this.req.files, name, []) as Express.Multer.File\r\n\u001b[7m  \u001b[0m \u001b[91m                 ~~~~~~~~~~~~~~~~~~~~~~~~~~~~~~~~~~~~~~~~~~~~~~~~~~~~\u001b[0m\r\n\nTSError: ⨯ Unable to compile TypeScript:\n\u001b[96msrc/helpers/withState.ts\u001b[0m:\u001b[93m89\u001b[0m:\u001b[93m18\u001b[0m - \u001b[91merror\u001b[0m\u001b[90m TS2352: \u001b[0mConversion of type 'never[]' to type 'File' may be a mistake because neither type sufficiently overlaps with the other. If this was intentional, convert the expression to 'unknown' first.\r\n  Type 'never[]' is missing the following properties from type 'File': fieldname, originalname, encoding, mimetype, and 6 more.\r\n\r\n\u001b[7m89\u001b[0m     const data = get(this.req.files, name, []) as Express.Multer.File\r\n\u001b[7m  \u001b[0m \u001b[91m                 ~~~~~~~~~~~~~~~~~~~~~~~~~~~~~~~~~~~~~~~~~~~~~~~~~~~~\u001b[0m\r\n\n    at createTSError (D:\\Projects\\Support-User-Info\\server\\node_modules\\ts-node\\src\\index.ts:513:12)\n    at reportTSError (D:\\Projects\\Support-User-Info\\server\\node_modules\\ts-node\\src\\index.ts:517:19)\n    at getOutput (D:\\Projects\\Support-User-Info\\server\\node_modules\\ts-node\\src\\index.ts:752:36)\n    at Object.compile (D:\\Projects\\Support-User-Info\\server\\node_modules\\ts-node\\src\\index.ts:968:32)\n    at Module.m._compile (D:\\Projects\\Support-User-Info\\server\\node_modules\\ts-node\\src\\index.ts:1056:42)\n    at Module._extensions..js (node:internal/modules/cjs/loader:1435:10)\n    at require.extensions.<computed> (D:\\Projects\\Support-User-Info\\server\\node_modules\\ts-node\\src\\index.ts:1059:12)\n    at Object.newLoader [as .ts] (D:\\Projects\\Support-User-Info\\server\\node_modules\\pirates\\lib\\index.js:121:7)\n    at Module.load (node:internal/modules/cjs/loader:1207:32)\n    at Function.Module._load (node:internal/modules/cjs/loader:1023:12)","os":{"loadavg":[0,0,0],"uptime":115585.468},"process":{"argv":["D:\\Projects\\Support-User-Info\\server\\node_modules\\ts-node\\dist\\bin.js","D:\\Projects\\Support-User-Info\\server\\src\\bin\\server.ts"],"cwd":"D:\\Projects\\Support-User-Info\\server","execPath":"C:\\Program Files\\nodejs\\node.exe","gid":null,"memoryUsage":{"arrayBuffers":74363,"external":3122142,"heapTotal":260550656,"heapUsed":228518000,"rss":314781696},"pid":15716,"uid":null,"version":"v20.10.0"},"stack":"TSError: ⨯ Unable to compile TypeScript:\n\u001b[96msrc/helpers/withState.ts\u001b[0m:\u001b[93m89\u001b[0m:\u001b[93m18\u001b[0m - \u001b[91merror\u001b[0m\u001b[90m TS2352: \u001b[0mConversion of type 'never[]' to type 'File' may be a mistake because neither type sufficiently overlaps with the other. If this was intentional, convert the expression to 'unknown' first.\r\n  Type 'never[]' is missing the following properties from type 'File': fieldname, originalname, encoding, mimetype, and 6 more.\r\n\r\n\u001b[7m89\u001b[0m     const data = get(this.req.files, name, []) as Express.Multer.File\r\n\u001b[7m  \u001b[0m \u001b[91m                 ~~~~~~~~~~~~~~~~~~~~~~~~~~~~~~~~~~~~~~~~~~~~~~~~~~~~\u001b[0m\r\n\n    at createTSError (D:\\Projects\\Support-User-Info\\server\\node_modules\\ts-node\\src\\index.ts:513:12)\n    at reportTSError (D:\\Projects\\Support-User-Info\\server\\node_modules\\ts-node\\src\\index.ts:517:19)\n    at getOutput (D:\\Projects\\Support-User-Info\\server\\node_modules\\ts-node\\src\\index.ts:752:36)\n    at Object.compile (D:\\Projects\\Support-User-Info\\server\\node_modules\\ts-node\\src\\index.ts:968:32)\n    at Module.m._compile (D:\\Projects\\Support-User-Info\\server\\node_modules\\ts-node\\src\\index.ts:1056:42)\n    at Module._extensions..js (node:internal/modules/cjs/loader:1435:10)\n    at require.extensions.<computed> (D:\\Projects\\Support-User-Info\\server\\node_modules\\ts-node\\src\\index.ts:1059:12)\n    at Object.newLoader [as .ts] (D:\\Projects\\Support-User-Info\\server\\node_modules\\pirates\\lib\\index.js:121:7)\n    at Module.load (node:internal/modules/cjs/loader:1207:32)\n    at Function.Module._load (node:internal/modules/cjs/loader:1023:12)","trace":[{"column":12,"file":"D:\\Projects\\Support-User-Info\\server\\node_modules\\ts-node\\src\\index.ts","function":"createTSError","line":513,"method":null,"native":false},{"column":19,"file":"D:\\Projects\\Support-User-Info\\server\\node_modules\\ts-node\\src\\index.ts","function":"reportTSError","line":517,"method":null,"native":false},{"column":36,"file":"D:\\Projects\\Support-User-Info\\server\\node_modules\\ts-node\\src\\index.ts","function":"getOutput","line":752,"method":null,"native":false},{"column":32,"file":"D:\\Projects\\Support-User-Info\\server\\node_modules\\ts-node\\src\\index.ts","function":"Object.compile","line":968,"method":"compile","native":false},{"column":42,"file":"D:\\Projects\\Support-User-Info\\server\\node_modules\\ts-node\\src\\index.ts","function":"Module.m._compile","line":1056,"method":"_compile","native":false},{"column":10,"file":"node:internal/modules/cjs/loader","function":"Module._extensions..js","line":1435,"method":".js","native":false},{"column":12,"file":"D:\\Projects\\Support-User-Info\\server\\node_modules\\ts-node\\src\\index.ts","function":"require.extensions.<computed>","line":1059,"method":"<computed>","native":false},{"column":7,"file":"D:\\Projects\\Support-User-Info\\server\\node_modules\\pirates\\lib\\index.js","function":"Object.newLoader [as .ts]","line":121,"method":"ts]","native":false},{"column":32,"file":"node:internal/modules/cjs/loader","function":"Module.load","line":1207,"method":"load","native":false},{"column":12,"file":"node:internal/modules/cjs/loader","function":"Module._load","line":1023,"method":"_load","native":false}]}
