{"date":"Mon Mar 18 2024 09:55:09 GMT+0800 (Singapore Standard Time)","error":{"diagnosticCodes":[2352],"diagnosticText":"\u001b[96msrc/helpers/withState.ts\u001b[0m:\u001b[93m89\u001b[0m:\u001b[93m18\u001b[0m - \u001b[91merror\u001b[0m\u001b[90m TS2352: \u001b[0mConversion of type 'never[]' to type 'File' may be a mistake because neither type sufficiently overlaps with the other. If this was intentional, convert the expression to 'unknown' first.\r\n  Type 'never[]' is missing the following properties from type 'File': fieldname, originalname, encoding, mimetype, and 6 more.\r\n\r\n\u001b[7m89\u001b[0m     const data = get(this.req.files, name, []) as Express.Multer.File\r\n\u001b[7m  \u001b[0m \u001b[91m                 ~~~~~~~~~~~~~~~~~~~~~~~~~~~~~~~~~~~~~~~~~~~~~~~~~~~~\u001b[0m\r\n"},"exception":true,"level":"error","message":"uncaughtException: ⨯ Unable to compile TypeScript:\n\u001b[96msrc/helpers/withState.ts\u001b[0m:\u001b[93m89\u001b[0m:\u001b[93m18\u001b[0m - \u001b[91merror\u001b[0m\u001b[90m TS2352: \u001b[0mConversion of type 'never[]' to type 'File' may be a mistake because neither type sufficiently overlaps with the other. If this was intentional, convert the expression to 'unknown' first.\r\n  Type 'never[]' is missing the following properties from type 'File': fieldname, originalname, encoding, mimetype, and 6 more.\r\n\r\n\u001b[7m89\u001b[0m     const data = get(this.req.files, name, []) as Express.Multer.File\r\n\u001b[7m  \u001b[0m \u001b[91m                 ~~~~~~~~~~~~~~~~~~~~~~~~~~~~~~~~~~~~~~~~~~~~~~~~~~~~\u001b[0m\r\n\nTSError: ⨯ Unable to compile TypeScript:\n\u001b[96msrc/helpers/withState.ts\u001b[0m:\u001b[93m89\u001b[0m:\u001b[93m18\u001b[0m - \u001b[91merror\u001b[0m\u001b[90m TS2352: \u001b[0mConversion of type 'never[]' to type 'File' may be a mistake because neither type sufficiently overlaps with the other. If this was intentional, convert the expression to 'unknown' first.\r\n  Type 'never[]' is missing the following properties from type 'File': fieldname, originalname, encoding, mimetype, and 6 more.\r\n\r\n\u001b[7m89\u001b[0m     const data = get(this.req.files, name, []) as Express.Multer.File\r\n\u001b[7m  \u001b[0m \u001b[91m                 ~~~~~~~~~~~~~~~~~~~~~~~~~~~~~~~~~~~~~~~~~~~~~~~~~~~~\u001b[0m\r\n\n    at createTSError (D:\\Projects\\Support-User-Info\\server\\node_modules\\ts-node\\src\\index.ts:513:12)\n    at reportTSError (D:\\Projects\\Support-User-Info\\server\\node_modules\\ts-node\\src\\index.ts:517:19)\n    at getOutput (D:\\Projects\\Support-User-Info\\server\\node_modules\\ts-node\\src\\index.ts:752:36)\n    at Object.compile (D:\\Projects\\Support-User-Info\\server\\node_modules\\ts-node\\src\\index.ts:968:32)\n    at Module.m._compile (D:\\Projects\\Support-User-Info\\server\\node_modules\\ts-node\\src\\index.ts:1056:42)\n    at Module._extensions..js (node:internal/modules/cjs/loader:1435:10)\n    at require.extensions.<computed> (D:\\Projects\\Support-User-Info\\server\\node_modules\\ts-node\\src\\index.ts:1059:12)\n    at Object.newLoader [as .ts] (D:\\Projects\\Support-User-Info\\server\\node_modules\\pirates\\lib\\index.js:121:7)\n    at Module.load (node:internal/modules/cjs/loader:1207:32)\n    at Function.Module._load (node:internal/modules/cjs/loader:1023:12)","os":{"loadavg":[0,0,0],"uptime":10090.906},"process":{"argv":["D:\\Projects\\Support-User-Info\\server\\node_modules\\ts-node\\dist\\bin.js","D:\\Projects\\Support-User-Info\\server\\src\\bin\\server.ts"],"cwd":"D:\\Projects\\Support-User-Info\\server","execPath":"C:\\Program Files\\nodejs\\node.exe","gid":null,"memoryUsage":{"arrayBuffers":82539,"external":3109081,"heapTotal":262115328,"heapUsed":236605952,"rss":306741248},"pid":5856,"uid":null,"version":"v20.10.0"},"stack":"TSError: ⨯ Unable to compile TypeScript:\n\u001b[96msrc/helpers/withState.ts\u001b[0m:\u001b[93m89\u001b[0m:\u001b[93m18\u001b[0m - \u001b[91merror\u001b[0m\u001b[90m TS2352: \u001b[0mConversion of type 'never[]' to type 'File' may be a mistake because neither type sufficiently overlaps with the other. If this was intentional, convert the expression to 'unknown' first.\r\n  Type 'never[]' is missing the following properties from type 'File': fieldname, originalname, encoding, mimetype, and 6 more.\r\n\r\n\u001b[7m89\u001b[0m     const data = get(this.req.files, name, []) as Express.Multer.File\r\n\u001b[7m  \u001b[0m \u001b[91m                 ~~~~~~~~~~~~~~~~~~~~~~~~~~~~~~~~~~~~~~~~~~~~~~~~~~~~\u001b[0m\r\n\n    at createTSError (D:\\Projects\\Support-User-Info\\server\\node_modules\\ts-node\\src\\index.ts:513:12)\n    at reportTSError (D:\\Projects\\Support-User-Info\\server\\node_modules\\ts-node\\src\\index.ts:517:19)\n    at getOutput (D:\\Projects\\Support-User-Info\\server\\node_modules\\ts-node\\src\\index.ts:752:36)\n    at Object.compile (D:\\Projects\\Support-User-Info\\server\\node_modules\\ts-node\\src\\index.ts:968:32)\n    at Module.m._compile (D:\\Projects\\Support-User-Info\\server\\node_modules\\ts-node\\src\\index.ts:1056:42)\n    at Module._extensions..js (node:internal/modules/cjs/loader:1435:10)\n    at require.extensions.<computed> (D:\\Projects\\Support-User-Info\\server\\node_modules\\ts-node\\src\\index.ts:1059:12)\n    at Object.newLoader [as .ts] (D:\\Projects\\Support-User-Info\\server\\node_modules\\pirates\\lib\\index.js:121:7)\n    at Module.load (node:internal/modules/cjs/loader:1207:32)\n    at Function.Module._load (node:internal/modules/cjs/loader:1023:12)","trace":[{"column":12,"file":"D:\\Projects\\Support-User-Info\\server\\node_modules\\ts-node\\src\\index.ts","function":"createTSError","line":513,"method":null,"native":false},{"column":19,"file":"D:\\Projects\\Support-User-Info\\server\\node_modules\\ts-node\\src\\index.ts","function":"reportTSError","line":517,"method":null,"native":false},{"column":36,"file":"D:\\Projects\\Support-User-Info\\server\\node_modules\\ts-node\\src\\index.ts","function":"getOutput","line":752,"method":null,"native":false},{"column":32,"file":"D:\\Projects\\Support-User-Info\\server\\node_modules\\ts-node\\src\\index.ts","function":"Object.compile","line":968,"method":"compile","native":false},{"column":42,"file":"D:\\Projects\\Support-User-Info\\server\\node_modules\\ts-node\\src\\index.ts","function":"Module.m._compile","line":1056,"method":"_compile","native":false},{"column":10,"file":"node:internal/modules/cjs/loader","function":"Module._extensions..js","line":1435,"method":".js","native":false},{"column":12,"file":"D:\\Projects\\Support-User-Info\\server\\node_modules\\ts-node\\src\\index.ts","function":"require.extensions.<computed>","line":1059,"method":"<computed>","native":false},{"column":7,"file":"D:\\Projects\\Support-User-Info\\server\\node_modules\\pirates\\lib\\index.js","function":"Object.newLoader [as .ts]","line":121,"method":"ts]","native":false},{"column":32,"file":"node:internal/modules/cjs/loader","function":"Module.load","line":1207,"method":"load","native":false},{"column":12,"file":"node:internal/modules/cjs/loader","function":"Module._load","line":1023,"method":"_load","native":false}]}
{"date":"Mon Mar 18 2024 11:18:11 GMT+0800 (Singapore Standard Time)","error":{"diagnosticCodes":[2352],"diagnosticText":"\u001b[96msrc/helpers/withState.ts\u001b[0m:\u001b[93m89\u001b[0m:\u001b[93m18\u001b[0m - \u001b[91merror\u001b[0m\u001b[90m TS2352: \u001b[0mConversion of type 'never[]' to type 'File' may be a mistake because neither type sufficiently overlaps with the other. If this was intentional, convert the expression to 'unknown' first.\r\n  Type 'never[]' is missing the following properties from type 'File': fieldname, originalname, encoding, mimetype, and 6 more.\r\n\r\n\u001b[7m89\u001b[0m     const data = get(this.req.files, name, []) as Express.Multer.File\r\n\u001b[7m  \u001b[0m \u001b[91m                 ~~~~~~~~~~~~~~~~~~~~~~~~~~~~~~~~~~~~~~~~~~~~~~~~~~~~\u001b[0m\r\n"},"exception":true,"level":"error","message":"uncaughtException: ⨯ Unable to compile TypeScript:\n\u001b[96msrc/helpers/withState.ts\u001b[0m:\u001b[93m89\u001b[0m:\u001b[93m18\u001b[0m - \u001b[91merror\u001b[0m\u001b[90m TS2352: \u001b[0mConversion of type 'never[]' to type 'File' may be a mistake because neither type sufficiently overlaps with the other. If this was intentional, convert the expression to 'unknown' first.\r\n  Type 'never[]' is missing the following properties from type 'File': fieldname, originalname, encoding, mimetype, and 6 more.\r\n\r\n\u001b[7m89\u001b[0m     const data = get(this.req.files, name, []) as Express.Multer.File\r\n\u001b[7m  \u001b[0m \u001b[91m                 ~~~~~~~~~~~~~~~~~~~~~~~~~~~~~~~~~~~~~~~~~~~~~~~~~~~~\u001b[0m\r\n\nTSError: ⨯ Unable to compile TypeScript:\n\u001b[96msrc/helpers/withState.ts\u001b[0m:\u001b[93m89\u001b[0m:\u001b[93m18\u001b[0m - \u001b[91merror\u001b[0m\u001b[90m TS2352: \u001b[0mConversion of type 'never[]' to type 'File' may be a mistake because neither type sufficiently overlaps with the other. If this was intentional, convert the expression to 'unknown' first.\r\n  Type 'never[]' is missing the following properties from type 'File': fieldname, originalname, encoding, mimetype, and 6 more.\r\n\r\n\u001b[7m89\u001b[0m     const data = get(this.req.files, name, []) as Express.Multer.File\r\n\u001b[7m  \u001b[0m \u001b[91m                 ~~~~~~~~~~~~~~~~~~~~~~~~~~~~~~~~~~~~~~~~~~~~~~~~~~~~\u001b[0m\r\n\n    at createTSError (D:\\Projects\\Support-User-Info\\server\\node_modules\\ts-node\\src\\index.ts:513:12)\n    at reportTSError (D:\\Projects\\Support-User-Info\\server\\node_modules\\ts-node\\src\\index.ts:517:19)\n    at getOutput (D:\\Projects\\Support-User-Info\\server\\node_modules\\ts-node\\src\\index.ts:752:36)\n    at Object.compile (D:\\Projects\\Support-User-Info\\server\\node_modules\\ts-node\\src\\index.ts:968:32)\n    at Module.m._compile (D:\\Projects\\Support-User-Info\\server\\node_modules\\ts-node\\src\\index.ts:1056:42)\n    at Module._extensions..js (node:internal/modules/cjs/loader:1435:10)\n    at require.extensions.<computed> (D:\\Projects\\Support-User-Info\\server\\node_modules\\ts-node\\src\\index.ts:1059:12)\n    at Object.newLoader [as .ts] (D:\\Projects\\Support-User-Info\\server\\node_modules\\pirates\\lib\\index.js:121:7)\n    at Module.load (node:internal/modules/cjs/loader:1207:32)\n    at Function.Module._load (node:internal/modules/cjs/loader:1023:12)","os":{"loadavg":[0,0,0],"uptime":15073.546},"process":{"argv":["D:\\Projects\\Support-User-Info\\server\\node_modules\\ts-node\\dist\\bin.js","D:\\Projects\\Support-User-Info\\server\\src\\bin\\server.ts"],"cwd":"D:\\Projects\\Support-User-Info\\server","execPath":"C:\\Program Files\\nodejs\\node.exe","gid":null,"memoryUsage":{"arrayBuffers":96444,"external":3122986,"heapTotal":258445312,"heapUsed":232141144,"rss":307912704},"pid":18964,"uid":null,"version":"v20.10.0"},"stack":"TSError: ⨯ Unable to compile TypeScript:\n\u001b[96msrc/helpers/withState.ts\u001b[0m:\u001b[93m89\u001b[0m:\u001b[93m18\u001b[0m - \u001b[91merror\u001b[0m\u001b[90m TS2352: \u001b[0mConversion of type 'never[]' to type 'File' may be a mistake because neither type sufficiently overlaps with the other. If this was intentional, convert the expression to 'unknown' first.\r\n  Type 'never[]' is missing the following properties from type 'File': fieldname, originalname, encoding, mimetype, and 6 more.\r\n\r\n\u001b[7m89\u001b[0m     const data = get(this.req.files, name, []) as Express.Multer.File\r\n\u001b[7m  \u001b[0m \u001b[91m                 ~~~~~~~~~~~~~~~~~~~~~~~~~~~~~~~~~~~~~~~~~~~~~~~~~~~~\u001b[0m\r\n\n    at createTSError (D:\\Projects\\Support-User-Info\\server\\node_modules\\ts-node\\src\\index.ts:513:12)\n    at reportTSError (D:\\Projects\\Support-User-Info\\server\\node_modules\\ts-node\\src\\index.ts:517:19)\n    at getOutput (D:\\Projects\\Support-User-Info\\server\\node_modules\\ts-node\\src\\index.ts:752:36)\n    at Object.compile (D:\\Projects\\Support-User-Info\\server\\node_modules\\ts-node\\src\\index.ts:968:32)\n    at Module.m._compile (D:\\Projects\\Support-User-Info\\server\\node_modules\\ts-node\\src\\index.ts:1056:42)\n    at Module._extensions..js (node:internal/modules/cjs/loader:1435:10)\n    at require.extensions.<computed> (D:\\Projects\\Support-User-Info\\server\\node_modules\\ts-node\\src\\index.ts:1059:12)\n    at Object.newLoader [as .ts] (D:\\Projects\\Support-User-Info\\server\\node_modules\\pirates\\lib\\index.js:121:7)\n    at Module.load (node:internal/modules/cjs/loader:1207:32)\n    at Function.Module._load (node:internal/modules/cjs/loader:1023:12)","trace":[{"column":12,"file":"D:\\Projects\\Support-User-Info\\server\\node_modules\\ts-node\\src\\index.ts","function":"createTSError","line":513,"method":null,"native":false},{"column":19,"file":"D:\\Projects\\Support-User-Info\\server\\node_modules\\ts-node\\src\\index.ts","function":"reportTSError","line":517,"method":null,"native":false},{"column":36,"file":"D:\\Projects\\Support-User-Info\\server\\node_modules\\ts-node\\src\\index.ts","function":"getOutput","line":752,"method":null,"native":false},{"column":32,"file":"D:\\Projects\\Support-User-Info\\server\\node_modules\\ts-node\\src\\index.ts","function":"Object.compile","line":968,"method":"compile","native":false},{"column":42,"file":"D:\\Projects\\Support-User-Info\\server\\node_modules\\ts-node\\src\\index.ts","function":"Module.m._compile","line":1056,"method":"_compile","native":false},{"column":10,"file":"node:internal/modules/cjs/loader","function":"Module._extensions..js","line":1435,"method":".js","native":false},{"column":12,"file":"D:\\Projects\\Support-User-Info\\server\\node_modules\\ts-node\\src\\index.ts","function":"require.extensions.<computed>","line":1059,"method":"<computed>","native":false},{"column":7,"file":"D:\\Projects\\Support-User-Info\\server\\node_modules\\pirates\\lib\\index.js","function":"Object.newLoader [as .ts]","line":121,"method":"ts]","native":false},{"column":32,"file":"node:internal/modules/cjs/loader","function":"Module.load","line":1207,"method":"load","native":false},{"column":12,"file":"node:internal/modules/cjs/loader","function":"Module._load","line":1023,"method":"_load","native":false}]}
{"date":"Mon Mar 18 2024 11:43:24 GMT+0800 (Singapore Standard Time)","error":{"diagnosticCodes":[2352],"diagnosticText":"\u001b[96msrc/helpers/withState.ts\u001b[0m:\u001b[93m89\u001b[0m:\u001b[93m18\u001b[0m - \u001b[91merror\u001b[0m\u001b[90m TS2352: \u001b[0mConversion of type 'never[]' to type 'File' may be a mistake because neither type sufficiently overlaps with the other. If this was intentional, convert the expression to 'unknown' first.\r\n  Type 'never[]' is missing the following properties from type 'File': fieldname, originalname, encoding, mimetype, and 6 more.\r\n\r\n\u001b[7m89\u001b[0m     const data = get(this.req.files, name, []) as Express.Multer.File\r\n\u001b[7m  \u001b[0m \u001b[91m                 ~~~~~~~~~~~~~~~~~~~~~~~~~~~~~~~~~~~~~~~~~~~~~~~~~~~~\u001b[0m\r\n"},"exception":true,"level":"error","message":"uncaughtException: ⨯ Unable to compile TypeScript:\n\u001b[96msrc/helpers/withState.ts\u001b[0m:\u001b[93m89\u001b[0m:\u001b[93m18\u001b[0m - \u001b[91merror\u001b[0m\u001b[90m TS2352: \u001b[0mConversion of type 'never[]' to type 'File' may be a mistake because neither type sufficiently overlaps with the other. If this was intentional, convert the expression to 'unknown' first.\r\n  Type 'never[]' is missing the following properties from type 'File': fieldname, originalname, encoding, mimetype, and 6 more.\r\n\r\n\u001b[7m89\u001b[0m     const data = get(this.req.files, name, []) as Express.Multer.File\r\n\u001b[7m  \u001b[0m \u001b[91m                 ~~~~~~~~~~~~~~~~~~~~~~~~~~~~~~~~~~~~~~~~~~~~~~~~~~~~\u001b[0m\r\n\nTSError: ⨯ Unable to compile TypeScript:\n\u001b[96msrc/helpers/withState.ts\u001b[0m:\u001b[93m89\u001b[0m:\u001b[93m18\u001b[0m - \u001b[91merror\u001b[0m\u001b[90m TS2352: \u001b[0mConversion of type 'never[]' to type 'File' may be a mistake because neither type sufficiently overlaps with the other. If this was intentional, convert the expression to 'unknown' first.\r\n  Type 'never[]' is missing the following properties from type 'File': fieldname, originalname, encoding, mimetype, and 6 more.\r\n\r\n\u001b[7m89\u001b[0m     const data = get(this.req.files, name, []) as Express.Multer.File\r\n\u001b[7m  \u001b[0m \u001b[91m                 ~~~~~~~~~~~~~~~~~~~~~~~~~~~~~~~~~~~~~~~~~~~~~~~~~~~~\u001b[0m\r\n\n    at createTSError (D:\\Projects\\Support-User-Info\\server\\node_modules\\ts-node\\src\\index.ts:513:12)\n    at reportTSError (D:\\Projects\\Support-User-Info\\server\\node_modules\\ts-node\\src\\index.ts:517:19)\n    at getOutput (D:\\Projects\\Support-User-Info\\server\\node_modules\\ts-node\\src\\index.ts:752:36)\n    at Object.compile (D:\\Projects\\Support-User-Info\\server\\node_modules\\ts-node\\src\\index.ts:968:32)\n    at Module.m._compile (D:\\Projects\\Support-User-Info\\server\\node_modules\\ts-node\\src\\index.ts:1056:42)\n    at Module._extensions..js (node:internal/modules/cjs/loader:1435:10)\n    at require.extensions.<computed> (D:\\Projects\\Support-User-Info\\server\\node_modules\\ts-node\\src\\index.ts:1059:12)\n    at Object.newLoader [as .ts] (D:\\Projects\\Support-User-Info\\server\\node_modules\\pirates\\lib\\index.js:121:7)\n    at Module.load (node:internal/modules/cjs/loader:1207:32)\n    at Function.Module._load (node:internal/modules/cjs/loader:1023:12)","os":{"loadavg":[0,0,0],"uptime":16585.89},"process":{"argv":["D:\\Projects\\Support-User-Info\\server\\node_modules\\ts-node\\dist\\bin.js","D:\\Projects\\Support-User-Info\\server\\src\\bin\\server.ts"],"cwd":"D:\\Projects\\Support-User-Info\\server","execPath":"C:\\Program Files\\nodejs\\node.exe","gid":null,"memoryUsage":{"arrayBuffers":82555,"external":3130334,"heapTotal":260907008,"heapUsed":228757704,"rss":318050304},"pid":3440,"uid":null,"version":"v20.10.0"},"stack":"TSError: ⨯ Unable to compile TypeScript:\n\u001b[96msrc/helpers/withState.ts\u001b[0m:\u001b[93m89\u001b[0m:\u001b[93m18\u001b[0m - \u001b[91merror\u001b[0m\u001b[90m TS2352: \u001b[0mConversion of type 'never[]' to type 'File' may be a mistake because neither type sufficiently overlaps with the other. If this was intentional, convert the expression to 'unknown' first.\r\n  Type 'never[]' is missing the following properties from type 'File': fieldname, originalname, encoding, mimetype, and 6 more.\r\n\r\n\u001b[7m89\u001b[0m     const data = get(this.req.files, name, []) as Express.Multer.File\r\n\u001b[7m  \u001b[0m \u001b[91m                 ~~~~~~~~~~~~~~~~~~~~~~~~~~~~~~~~~~~~~~~~~~~~~~~~~~~~\u001b[0m\r\n\n    at createTSError (D:\\Projects\\Support-User-Info\\server\\node_modules\\ts-node\\src\\index.ts:513:12)\n    at reportTSError (D:\\Projects\\Support-User-Info\\server\\node_modules\\ts-node\\src\\index.ts:517:19)\n    at getOutput (D:\\Projects\\Support-User-Info\\server\\node_modules\\ts-node\\src\\index.ts:752:36)\n    at Object.compile (D:\\Projects\\Support-User-Info\\server\\node_modules\\ts-node\\src\\index.ts:968:32)\n    at Module.m._compile (D:\\Projects\\Support-User-Info\\server\\node_modules\\ts-node\\src\\index.ts:1056:42)\n    at Module._extensions..js (node:internal/modules/cjs/loader:1435:10)\n    at require.extensions.<computed> (D:\\Projects\\Support-User-Info\\server\\node_modules\\ts-node\\src\\index.ts:1059:12)\n    at Object.newLoader [as .ts] (D:\\Projects\\Support-User-Info\\server\\node_modules\\pirates\\lib\\index.js:121:7)\n    at Module.load (node:internal/modules/cjs/loader:1207:32)\n    at Function.Module._load (node:internal/modules/cjs/loader:1023:12)","trace":[{"column":12,"file":"D:\\Projects\\Support-User-Info\\server\\node_modules\\ts-node\\src\\index.ts","function":"createTSError","line":513,"method":null,"native":false},{"column":19,"file":"D:\\Projects\\Support-User-Info\\server\\node_modules\\ts-node\\src\\index.ts","function":"reportTSError","line":517,"method":null,"native":false},{"column":36,"file":"D:\\Projects\\Support-User-Info\\server\\node_modules\\ts-node\\src\\index.ts","function":"getOutput","line":752,"method":null,"native":false},{"column":32,"file":"D:\\Projects\\Support-User-Info\\server\\node_modules\\ts-node\\src\\index.ts","function":"Object.compile","line":968,"method":"compile","native":false},{"column":42,"file":"D:\\Projects\\Support-User-Info\\server\\node_modules\\ts-node\\src\\index.ts","function":"Module.m._compile","line":1056,"method":"_compile","native":false},{"column":10,"file":"node:internal/modules/cjs/loader","function":"Module._extensions..js","line":1435,"method":".js","native":false},{"column":12,"file":"D:\\Projects\\Support-User-Info\\server\\node_modules\\ts-node\\src\\index.ts","function":"require.extensions.<computed>","line":1059,"method":"<computed>","native":false},{"column":7,"file":"D:\\Projects\\Support-User-Info\\server\\node_modules\\pirates\\lib\\index.js","function":"Object.newLoader [as .ts]","line":121,"method":"ts]","native":false},{"column":32,"file":"node:internal/modules/cjs/loader","function":"Module.load","line":1207,"method":"load","native":false},{"column":12,"file":"node:internal/modules/cjs/loader","function":"Module._load","line":1023,"method":"_load","native":false}]}
{"date":"Mon Mar 18 2024 11:44:44 GMT+0800 (Singapore Standard Time)","error":{"diagnosticCodes":[2352],"diagnosticText":"\u001b[96msrc/helpers/withState.ts\u001b[0m:\u001b[93m89\u001b[0m:\u001b[93m18\u001b[0m - \u001b[91merror\u001b[0m\u001b[90m TS2352: \u001b[0mConversion of type 'never[]' to type 'File' may be a mistake because neither type sufficiently overlaps with the other. If this was intentional, convert the expression to 'unknown' first.\r\n  Type 'never[]' is missing the following properties from type 'File': fieldname, originalname, encoding, mimetype, and 6 more.\r\n\r\n\u001b[7m89\u001b[0m     const data = get(this.req.files, name, []) as Express.Multer.File\r\n\u001b[7m  \u001b[0m \u001b[91m                 ~~~~~~~~~~~~~~~~~~~~~~~~~~~~~~~~~~~~~~~~~~~~~~~~~~~~\u001b[0m\r\n"},"exception":true,"level":"error","message":"uncaughtException: ⨯ Unable to compile TypeScript:\n\u001b[96msrc/helpers/withState.ts\u001b[0m:\u001b[93m89\u001b[0m:\u001b[93m18\u001b[0m - \u001b[91merror\u001b[0m\u001b[90m TS2352: \u001b[0mConversion of type 'never[]' to type 'File' may be a mistake because neither type sufficiently overlaps with the other. If this was intentional, convert the expression to 'unknown' first.\r\n  Type 'never[]' is missing the following properties from type 'File': fieldname, originalname, encoding, mimetype, and 6 more.\r\n\r\n\u001b[7m89\u001b[0m     const data = get(this.req.files, name, []) as Express.Multer.File\r\n\u001b[7m  \u001b[0m \u001b[91m                 ~~~~~~~~~~~~~~~~~~~~~~~~~~~~~~~~~~~~~~~~~~~~~~~~~~~~\u001b[0m\r\n\nTSError: ⨯ Unable to compile TypeScript:\n\u001b[96msrc/helpers/withState.ts\u001b[0m:\u001b[93m89\u001b[0m:\u001b[93m18\u001b[0m - \u001b[91merror\u001b[0m\u001b[90m TS2352: \u001b[0mConversion of type 'never[]' to type 'File' may be a mistake because neither type sufficiently overlaps with the other. If this was intentional, convert the expression to 'unknown' first.\r\n  Type 'never[]' is missing the following properties from type 'File': fieldname, originalname, encoding, mimetype, and 6 more.\r\n\r\n\u001b[7m89\u001b[0m     const data = get(this.req.files, name, []) as Express.Multer.File\r\n\u001b[7m  \u001b[0m \u001b[91m                 ~~~~~~~~~~~~~~~~~~~~~~~~~~~~~~~~~~~~~~~~~~~~~~~~~~~~\u001b[0m\r\n\n    at createTSError (D:\\Projects\\Support-User-Info\\server\\node_modules\\ts-node\\src\\index.ts:513:12)\n    at reportTSError (D:\\Projects\\Support-User-Info\\server\\node_modules\\ts-node\\src\\index.ts:517:19)\n    at getOutput (D:\\Projects\\Support-User-Info\\server\\node_modules\\ts-node\\src\\index.ts:752:36)\n    at Object.compile (D:\\Projects\\Support-User-Info\\server\\node_modules\\ts-node\\src\\index.ts:968:32)\n    at Module.m._compile (D:\\Projects\\Support-User-Info\\server\\node_modules\\ts-node\\src\\index.ts:1056:42)\n    at Module._extensions..js (node:internal/modules/cjs/loader:1435:10)\n    at require.extensions.<computed> (D:\\Projects\\Support-User-Info\\server\\node_modules\\ts-node\\src\\index.ts:1059:12)\n    at Object.newLoader [as .ts] (D:\\Projects\\Support-User-Info\\server\\node_modules\\pirates\\lib\\index.js:121:7)\n    at Module.load (node:internal/modules/cjs/loader:1207:32)\n    at Function.Module._load (node:internal/modules/cjs/loader:1023:12)","os":{"loadavg":[0,0,0],"uptime":16666.625},"process":{"argv":["D:\\Projects\\Support-User-Info\\server\\node_modules\\ts-node\\dist\\bin.js","D:\\Projects\\Support-User-Info\\server\\src\\bin\\server.ts"],"cwd":"D:\\Projects\\Support-User-Info\\server","execPath":"C:\\Program Files\\nodejs\\node.exe","gid":null,"memoryUsage":{"arrayBuffers":82555,"external":3130334,"heapTotal":261169152,"heapUsed":228632760,"rss":318996480},"pid":7860,"uid":null,"version":"v20.10.0"},"stack":"TSError: ⨯ Unable to compile TypeScript:\n\u001b[96msrc/helpers/withState.ts\u001b[0m:\u001b[93m89\u001b[0m:\u001b[93m18\u001b[0m - \u001b[91merror\u001b[0m\u001b[90m TS2352: \u001b[0mConversion of type 'never[]' to type 'File' may be a mistake because neither type sufficiently overlaps with the other. If this was intentional, convert the expression to 'unknown' first.\r\n  Type 'never[]' is missing the following properties from type 'File': fieldname, originalname, encoding, mimetype, and 6 more.\r\n\r\n\u001b[7m89\u001b[0m     const data = get(this.req.files, name, []) as Express.Multer.File\r\n\u001b[7m  \u001b[0m \u001b[91m                 ~~~~~~~~~~~~~~~~~~~~~~~~~~~~~~~~~~~~~~~~~~~~~~~~~~~~\u001b[0m\r\n\n    at createTSError (D:\\Projects\\Support-User-Info\\server\\node_modules\\ts-node\\src\\index.ts:513:12)\n    at reportTSError (D:\\Projects\\Support-User-Info\\server\\node_modules\\ts-node\\src\\index.ts:517:19)\n    at getOutput (D:\\Projects\\Support-User-Info\\server\\node_modules\\ts-node\\src\\index.ts:752:36)\n    at Object.compile (D:\\Projects\\Support-User-Info\\server\\node_modules\\ts-node\\src\\index.ts:968:32)\n    at Module.m._compile (D:\\Projects\\Support-User-Info\\server\\node_modules\\ts-node\\src\\index.ts:1056:42)\n    at Module._extensions..js (node:internal/modules/cjs/loader:1435:10)\n    at require.extensions.<computed> (D:\\Projects\\Support-User-Info\\server\\node_modules\\ts-node\\src\\index.ts:1059:12)\n    at Object.newLoader [as .ts] (D:\\Projects\\Support-User-Info\\server\\node_modules\\pirates\\lib\\index.js:121:7)\n    at Module.load (node:internal/modules/cjs/loader:1207:32)\n    at Function.Module._load (node:internal/modules/cjs/loader:1023:12)","trace":[{"column":12,"file":"D:\\Projects\\Support-User-Info\\server\\node_modules\\ts-node\\src\\index.ts","function":"createTSError","line":513,"method":null,"native":false},{"column":19,"file":"D:\\Projects\\Support-User-Info\\server\\node_modules\\ts-node\\src\\index.ts","function":"reportTSError","line":517,"method":null,"native":false},{"column":36,"file":"D:\\Projects\\Support-User-Info\\server\\node_modules\\ts-node\\src\\index.ts","function":"getOutput","line":752,"method":null,"native":false},{"column":32,"file":"D:\\Projects\\Support-User-Info\\server\\node_modules\\ts-node\\src\\index.ts","function":"Object.compile","line":968,"method":"compile","native":false},{"column":42,"file":"D:\\Projects\\Support-User-Info\\server\\node_modules\\ts-node\\src\\index.ts","function":"Module.m._compile","line":1056,"method":"_compile","native":false},{"column":10,"file":"node:internal/modules/cjs/loader","function":"Module._extensions..js","line":1435,"method":".js","native":false},{"column":12,"file":"D:\\Projects\\Support-User-Info\\server\\node_modules\\ts-node\\src\\index.ts","function":"require.extensions.<computed>","line":1059,"method":"<computed>","native":false},{"column":7,"file":"D:\\Projects\\Support-User-Info\\server\\node_modules\\pirates\\lib\\index.js","function":"Object.newLoader [as .ts]","line":121,"method":"ts]","native":false},{"column":32,"file":"node:internal/modules/cjs/loader","function":"Module.load","line":1207,"method":"load","native":false},{"column":12,"file":"node:internal/modules/cjs/loader","function":"Module._load","line":1023,"method":"_load","native":false}]}
{"date":"Mon Mar 18 2024 11:45:39 GMT+0800 (Singapore Standard Time)","error":{"diagnosticCodes":[2352],"diagnosticText":"\u001b[96msrc/helpers/withState.ts\u001b[0m:\u001b[93m89\u001b[0m:\u001b[93m18\u001b[0m - \u001b[91merror\u001b[0m\u001b[90m TS2352: \u001b[0mConversion of type 'never[]' to type 'File' may be a mistake because neither type sufficiently overlaps with the other. If this was intentional, convert the expression to 'unknown' first.\r\n  Type 'never[]' is missing the following properties from type 'File': fieldname, originalname, encoding, mimetype, and 6 more.\r\n\r\n\u001b[7m89\u001b[0m     const data = get(this.req.files, name, []) as Express.Multer.File\r\n\u001b[7m  \u001b[0m \u001b[91m                 ~~~~~~~~~~~~~~~~~~~~~~~~~~~~~~~~~~~~~~~~~~~~~~~~~~~~\u001b[0m\r\n"},"exception":true,"level":"error","message":"uncaughtException: ⨯ Unable to compile TypeScript:\n\u001b[96msrc/helpers/withState.ts\u001b[0m:\u001b[93m89\u001b[0m:\u001b[93m18\u001b[0m - \u001b[91merror\u001b[0m\u001b[90m TS2352: \u001b[0mConversion of type 'never[]' to type 'File' may be a mistake because neither type sufficiently overlaps with the other. If this was intentional, convert the expression to 'unknown' first.\r\n  Type 'never[]' is missing the following properties from type 'File': fieldname, originalname, encoding, mimetype, and 6 more.\r\n\r\n\u001b[7m89\u001b[0m     const data = get(this.req.files, name, []) as Express.Multer.File\r\n\u001b[7m  \u001b[0m \u001b[91m                 ~~~~~~~~~~~~~~~~~~~~~~~~~~~~~~~~~~~~~~~~~~~~~~~~~~~~\u001b[0m\r\n\nTSError: ⨯ Unable to compile TypeScript:\n\u001b[96msrc/helpers/withState.ts\u001b[0m:\u001b[93m89\u001b[0m:\u001b[93m18\u001b[0m - \u001b[91merror\u001b[0m\u001b[90m TS2352: \u001b[0mConversion of type 'never[]' to type 'File' may be a mistake because neither type sufficiently overlaps with the other. If this was intentional, convert the expression to 'unknown' first.\r\n  Type 'never[]' is missing the following properties from type 'File': fieldname, originalname, encoding, mimetype, and 6 more.\r\n\r\n\u001b[7m89\u001b[0m     const data = get(this.req.files, name, []) as Express.Multer.File\r\n\u001b[7m  \u001b[0m \u001b[91m                 ~~~~~~~~~~~~~~~~~~~~~~~~~~~~~~~~~~~~~~~~~~~~~~~~~~~~\u001b[0m\r\n\n    at createTSError (D:\\Projects\\Support-User-Info\\server\\node_modules\\ts-node\\src\\index.ts:513:12)\n    at reportTSError (D:\\Projects\\Support-User-Info\\server\\node_modules\\ts-node\\src\\index.ts:517:19)\n    at getOutput (D:\\Projects\\Support-User-Info\\server\\node_modules\\ts-node\\src\\index.ts:752:36)\n    at Object.compile (D:\\Projects\\Support-User-Info\\server\\node_modules\\ts-node\\src\\index.ts:968:32)\n    at Module.m._compile (D:\\Projects\\Support-User-Info\\server\\node_modules\\ts-node\\src\\index.ts:1056:42)\n    at Module._extensions..js (node:internal/modules/cjs/loader:1435:10)\n    at require.extensions.<computed> (D:\\Projects\\Support-User-Info\\server\\node_modules\\ts-node\\src\\index.ts:1059:12)\n    at Object.newLoader [as .ts] (D:\\Projects\\Support-User-Info\\server\\node_modules\\pirates\\lib\\index.js:121:7)\n    at Module.load (node:internal/modules/cjs/loader:1207:32)\n    at Function.Module._load (node:internal/modules/cjs/loader:1023:12)","os":{"loadavg":[0,0,0],"uptime":16721.109},"process":{"argv":["D:\\Projects\\Support-User-Info\\server\\node_modules\\ts-node\\dist\\bin.js","D:\\Projects\\Support-User-Info\\server\\src\\bin\\server.ts"],"cwd":"D:\\Projects\\Support-User-Info\\server","execPath":"C:\\Program Files\\nodejs\\node.exe","gid":null,"memoryUsage":{"arrayBuffers":98939,"external":3146718,"heapTotal":262479872,"heapUsed":239046264,"rss":322502656},"pid":8632,"uid":null,"version":"v20.10.0"},"stack":"TSError: ⨯ Unable to compile TypeScript:\n\u001b[96msrc/helpers/withState.ts\u001b[0m:\u001b[93m89\u001b[0m:\u001b[93m18\u001b[0m - \u001b[91merror\u001b[0m\u001b[90m TS2352: \u001b[0mConversion of type 'never[]' to type 'File' may be a mistake because neither type sufficiently overlaps with the other. If this was intentional, convert the expression to 'unknown' first.\r\n  Type 'never[]' is missing the following properties from type 'File': fieldname, originalname, encoding, mimetype, and 6 more.\r\n\r\n\u001b[7m89\u001b[0m     const data = get(this.req.files, name, []) as Express.Multer.File\r\n\u001b[7m  \u001b[0m \u001b[91m                 ~~~~~~~~~~~~~~~~~~~~~~~~~~~~~~~~~~~~~~~~~~~~~~~~~~~~\u001b[0m\r\n\n    at createTSError (D:\\Projects\\Support-User-Info\\server\\node_modules\\ts-node\\src\\index.ts:513:12)\n    at reportTSError (D:\\Projects\\Support-User-Info\\server\\node_modules\\ts-node\\src\\index.ts:517:19)\n    at getOutput (D:\\Projects\\Support-User-Info\\server\\node_modules\\ts-node\\src\\index.ts:752:36)\n    at Object.compile (D:\\Projects\\Support-User-Info\\server\\node_modules\\ts-node\\src\\index.ts:968:32)\n    at Module.m._compile (D:\\Projects\\Support-User-Info\\server\\node_modules\\ts-node\\src\\index.ts:1056:42)\n    at Module._extensions..js (node:internal/modules/cjs/loader:1435:10)\n    at require.extensions.<computed> (D:\\Projects\\Support-User-Info\\server\\node_modules\\ts-node\\src\\index.ts:1059:12)\n    at Object.newLoader [as .ts] (D:\\Projects\\Support-User-Info\\server\\node_modules\\pirates\\lib\\index.js:121:7)\n    at Module.load (node:internal/modules/cjs/loader:1207:32)\n    at Function.Module._load (node:internal/modules/cjs/loader:1023:12)","trace":[{"column":12,"file":"D:\\Projects\\Support-User-Info\\server\\node_modules\\ts-node\\src\\index.ts","function":"createTSError","line":513,"method":null,"native":false},{"column":19,"file":"D:\\Projects\\Support-User-Info\\server\\node_modules\\ts-node\\src\\index.ts","function":"reportTSError","line":517,"method":null,"native":false},{"column":36,"file":"D:\\Projects\\Support-User-Info\\server\\node_modules\\ts-node\\src\\index.ts","function":"getOutput","line":752,"method":null,"native":false},{"column":32,"file":"D:\\Projects\\Support-User-Info\\server\\node_modules\\ts-node\\src\\index.ts","function":"Object.compile","line":968,"method":"compile","native":false},{"column":42,"file":"D:\\Projects\\Support-User-Info\\server\\node_modules\\ts-node\\src\\index.ts","function":"Module.m._compile","line":1056,"method":"_compile","native":false},{"column":10,"file":"node:internal/modules/cjs/loader","function":"Module._extensions..js","line":1435,"method":".js","native":false},{"column":12,"file":"D:\\Projects\\Support-User-Info\\server\\node_modules\\ts-node\\src\\index.ts","function":"require.extensions.<computed>","line":1059,"method":"<computed>","native":false},{"column":7,"file":"D:\\Projects\\Support-User-Info\\server\\node_modules\\pirates\\lib\\index.js","function":"Object.newLoader [as .ts]","line":121,"method":"ts]","native":false},{"column":32,"file":"node:internal/modules/cjs/loader","function":"Module.load","line":1207,"method":"load","native":false},{"column":12,"file":"node:internal/modules/cjs/loader","function":"Module._load","line":1023,"method":"_load","native":false}]}
{"date":"Mon Mar 18 2024 11:46:27 GMT+0800 (Singapore Standard Time)","error":{"diagnosticCodes":[2352],"diagnosticText":"\u001b[96msrc/helpers/withState.ts\u001b[0m:\u001b[93m89\u001b[0m:\u001b[93m18\u001b[0m - \u001b[91merror\u001b[0m\u001b[90m TS2352: \u001b[0mConversion of type 'never[]' to type 'File' may be a mistake because neither type sufficiently overlaps with the other. If this was intentional, convert the expression to 'unknown' first.\r\n  Type 'never[]' is missing the following properties from type 'File': fieldname, originalname, encoding, mimetype, and 6 more.\r\n\r\n\u001b[7m89\u001b[0m     const data = get(this.req.files, name, []) as Express.Multer.File\r\n\u001b[7m  \u001b[0m \u001b[91m                 ~~~~~~~~~~~~~~~~~~~~~~~~~~~~~~~~~~~~~~~~~~~~~~~~~~~~\u001b[0m\r\n"},"exception":true,"level":"error","message":"uncaughtException: ⨯ Unable to compile TypeScript:\n\u001b[96msrc/helpers/withState.ts\u001b[0m:\u001b[93m89\u001b[0m:\u001b[93m18\u001b[0m - \u001b[91merror\u001b[0m\u001b[90m TS2352: \u001b[0mConversion of type 'never[]' to type 'File' may be a mistake because neither type sufficiently overlaps with the other. If this was intentional, convert the expression to 'unknown' first.\r\n  Type 'never[]' is missing the following properties from type 'File': fieldname, originalname, encoding, mimetype, and 6 more.\r\n\r\n\u001b[7m89\u001b[0m     const data = get(this.req.files, name, []) as Express.Multer.File\r\n\u001b[7m  \u001b[0m \u001b[91m                 ~~~~~~~~~~~~~~~~~~~~~~~~~~~~~~~~~~~~~~~~~~~~~~~~~~~~\u001b[0m\r\n\nTSError: ⨯ Unable to compile TypeScript:\n\u001b[96msrc/helpers/withState.ts\u001b[0m:\u001b[93m89\u001b[0m:\u001b[93m18\u001b[0m - \u001b[91merror\u001b[0m\u001b[90m TS2352: \u001b[0mConversion of type 'never[]' to type 'File' may be a mistake because neither type sufficiently overlaps with the other. If this was intentional, convert the expression to 'unknown' first.\r\n  Type 'never[]' is missing the following properties from type 'File': fieldname, originalname, encoding, mimetype, and 6 more.\r\n\r\n\u001b[7m89\u001b[0m     const data = get(this.req.files, name, []) as Express.Multer.File\r\n\u001b[7m  \u001b[0m \u001b[91m                 ~~~~~~~~~~~~~~~~~~~~~~~~~~~~~~~~~~~~~~~~~~~~~~~~~~~~\u001b[0m\r\n\n    at createTSError (D:\\Projects\\Support-User-Info\\server\\node_modules\\ts-node\\src\\index.ts:513:12)\n    at reportTSError (D:\\Projects\\Support-User-Info\\server\\node_modules\\ts-node\\src\\index.ts:517:19)\n    at getOutput (D:\\Projects\\Support-User-Info\\server\\node_modules\\ts-node\\src\\index.ts:752:36)\n    at Object.compile (D:\\Projects\\Support-User-Info\\server\\node_modules\\ts-node\\src\\index.ts:968:32)\n    at Module.m._compile (D:\\Projects\\Support-User-Info\\server\\node_modules\\ts-node\\src\\index.ts:1056:42)\n    at Module._extensions..js (node:internal/modules/cjs/loader:1435:10)\n    at require.extensions.<computed> (D:\\Projects\\Support-User-Info\\server\\node_modules\\ts-node\\src\\index.ts:1059:12)\n    at Object.newLoader [as .ts] (D:\\Projects\\Support-User-Info\\server\\node_modules\\pirates\\lib\\index.js:121:7)\n    at Module.load (node:internal/modules/cjs/loader:1207:32)\n    at Function.Module._load (node:internal/modules/cjs/loader:1023:12)","os":{"loadavg":[0,0,0],"uptime":16769.296},"process":{"argv":["D:\\Projects\\Support-User-Info\\server\\node_modules\\ts-node\\dist\\bin.js","D:\\Projects\\Support-User-Info\\server\\src\\bin\\server.ts"],"cwd":"D:\\Projects\\Support-User-Info\\server","execPath":"C:\\Program Files\\nodejs\\node.exe","gid":null,"memoryUsage":{"arrayBuffers":82555,"external":3130334,"heapTotal":264904704,"heapUsed":239938224,"rss":324829184},"pid":12048,"uid":null,"version":"v20.10.0"},"stack":"TSError: ⨯ Unable to compile TypeScript:\n\u001b[96msrc/helpers/withState.ts\u001b[0m:\u001b[93m89\u001b[0m:\u001b[93m18\u001b[0m - \u001b[91merror\u001b[0m\u001b[90m TS2352: \u001b[0mConversion of type 'never[]' to type 'File' may be a mistake because neither type sufficiently overlaps with the other. If this was intentional, convert the expression to 'unknown' first.\r\n  Type 'never[]' is missing the following properties from type 'File': fieldname, originalname, encoding, mimetype, and 6 more.\r\n\r\n\u001b[7m89\u001b[0m     const data = get(this.req.files, name, []) as Express.Multer.File\r\n\u001b[7m  \u001b[0m \u001b[91m                 ~~~~~~~~~~~~~~~~~~~~~~~~~~~~~~~~~~~~~~~~~~~~~~~~~~~~\u001b[0m\r\n\n    at createTSError (D:\\Projects\\Support-User-Info\\server\\node_modules\\ts-node\\src\\index.ts:513:12)\n    at reportTSError (D:\\Projects\\Support-User-Info\\server\\node_modules\\ts-node\\src\\index.ts:517:19)\n    at getOutput (D:\\Projects\\Support-User-Info\\server\\node_modules\\ts-node\\src\\index.ts:752:36)\n    at Object.compile (D:\\Projects\\Support-User-Info\\server\\node_modules\\ts-node\\src\\index.ts:968:32)\n    at Module.m._compile (D:\\Projects\\Support-User-Info\\server\\node_modules\\ts-node\\src\\index.ts:1056:42)\n    at Module._extensions..js (node:internal/modules/cjs/loader:1435:10)\n    at require.extensions.<computed> (D:\\Projects\\Support-User-Info\\server\\node_modules\\ts-node\\src\\index.ts:1059:12)\n    at Object.newLoader [as .ts] (D:\\Projects\\Support-User-Info\\server\\node_modules\\pirates\\lib\\index.js:121:7)\n    at Module.load (node:internal/modules/cjs/loader:1207:32)\n    at Function.Module._load (node:internal/modules/cjs/loader:1023:12)","trace":[{"column":12,"file":"D:\\Projects\\Support-User-Info\\server\\node_modules\\ts-node\\src\\index.ts","function":"createTSError","line":513,"method":null,"native":false},{"column":19,"file":"D:\\Projects\\Support-User-Info\\server\\node_modules\\ts-node\\src\\index.ts","function":"reportTSError","line":517,"method":null,"native":false},{"column":36,"file":"D:\\Projects\\Support-User-Info\\server\\node_modules\\ts-node\\src\\index.ts","function":"getOutput","line":752,"method":null,"native":false},{"column":32,"file":"D:\\Projects\\Support-User-Info\\server\\node_modules\\ts-node\\src\\index.ts","function":"Object.compile","line":968,"method":"compile","native":false},{"column":42,"file":"D:\\Projects\\Support-User-Info\\server\\node_modules\\ts-node\\src\\index.ts","function":"Module.m._compile","line":1056,"method":"_compile","native":false},{"column":10,"file":"node:internal/modules/cjs/loader","function":"Module._extensions..js","line":1435,"method":".js","native":false},{"column":12,"file":"D:\\Projects\\Support-User-Info\\server\\node_modules\\ts-node\\src\\index.ts","function":"require.extensions.<computed>","line":1059,"method":"<computed>","native":false},{"column":7,"file":"D:\\Projects\\Support-User-Info\\server\\node_modules\\pirates\\lib\\index.js","function":"Object.newLoader [as .ts]","line":121,"method":"ts]","native":false},{"column":32,"file":"node:internal/modules/cjs/loader","function":"Module.load","line":1207,"method":"load","native":false},{"column":12,"file":"node:internal/modules/cjs/loader","function":"Module._load","line":1023,"method":"_load","native":false}]}
{"date":"Mon Mar 18 2024 11:46:34 GMT+0800 (Singapore Standard Time)","error":{"diagnosticCodes":[2352],"diagnosticText":"\u001b[96msrc/helpers/withState.ts\u001b[0m:\u001b[93m89\u001b[0m:\u001b[93m18\u001b[0m - \u001b[91merror\u001b[0m\u001b[90m TS2352: \u001b[0mConversion of type 'never[]' to type 'File' may be a mistake because neither type sufficiently overlaps with the other. If this was intentional, convert the expression to 'unknown' first.\r\n  Type 'never[]' is missing the following properties from type 'File': fieldname, originalname, encoding, mimetype, and 6 more.\r\n\r\n\u001b[7m89\u001b[0m     const data = get(this.req.files, name, []) as Express.Multer.File\r\n\u001b[7m  \u001b[0m \u001b[91m                 ~~~~~~~~~~~~~~~~~~~~~~~~~~~~~~~~~~~~~~~~~~~~~~~~~~~~\u001b[0m\r\n"},"exception":true,"level":"error","message":"uncaughtException: ⨯ Unable to compile TypeScript:\n\u001b[96msrc/helpers/withState.ts\u001b[0m:\u001b[93m89\u001b[0m:\u001b[93m18\u001b[0m - \u001b[91merror\u001b[0m\u001b[90m TS2352: \u001b[0mConversion of type 'never[]' to type 'File' may be a mistake because neither type sufficiently overlaps with the other. If this was intentional, convert the expression to 'unknown' first.\r\n  Type 'never[]' is missing the following properties from type 'File': fieldname, originalname, encoding, mimetype, and 6 more.\r\n\r\n\u001b[7m89\u001b[0m     const data = get(this.req.files, name, []) as Express.Multer.File\r\n\u001b[7m  \u001b[0m \u001b[91m                 ~~~~~~~~~~~~~~~~~~~~~~~~~~~~~~~~~~~~~~~~~~~~~~~~~~~~\u001b[0m\r\n\nTSError: ⨯ Unable to compile TypeScript:\n\u001b[96msrc/helpers/withState.ts\u001b[0m:\u001b[93m89\u001b[0m:\u001b[93m18\u001b[0m - \u001b[91merror\u001b[0m\u001b[90m TS2352: \u001b[0mConversion of type 'never[]' to type 'File' may be a mistake because neither type sufficiently overlaps with the other. If this was intentional, convert the expression to 'unknown' first.\r\n  Type 'never[]' is missing the following properties from type 'File': fieldname, originalname, encoding, mimetype, and 6 more.\r\n\r\n\u001b[7m89\u001b[0m     const data = get(this.req.files, name, []) as Express.Multer.File\r\n\u001b[7m  \u001b[0m \u001b[91m                 ~~~~~~~~~~~~~~~~~~~~~~~~~~~~~~~~~~~~~~~~~~~~~~~~~~~~\u001b[0m\r\n\n    at createTSError (D:\\Projects\\Support-User-Info\\server\\node_modules\\ts-node\\src\\index.ts:513:12)\n    at reportTSError (D:\\Projects\\Support-User-Info\\server\\node_modules\\ts-node\\src\\index.ts:517:19)\n    at getOutput (D:\\Projects\\Support-User-Info\\server\\node_modules\\ts-node\\src\\index.ts:752:36)\n    at Object.compile (D:\\Projects\\Support-User-Info\\server\\node_modules\\ts-node\\src\\index.ts:968:32)\n    at Module.m._compile (D:\\Projects\\Support-User-Info\\server\\node_modules\\ts-node\\src\\index.ts:1056:42)\n    at Module._extensions..js (node:internal/modules/cjs/loader:1435:10)\n    at require.extensions.<computed> (D:\\Projects\\Support-User-Info\\server\\node_modules\\ts-node\\src\\index.ts:1059:12)\n    at Object.newLoader [as .ts] (D:\\Projects\\Support-User-Info\\server\\node_modules\\pirates\\lib\\index.js:121:7)\n    at Module.load (node:internal/modules/cjs/loader:1207:32)\n    at Function.Module._load (node:internal/modules/cjs/loader:1023:12)","os":{"loadavg":[0,0,0],"uptime":16776.187},"process":{"argv":["D:\\Projects\\Support-User-Info\\server\\node_modules\\ts-node\\dist\\bin.js","D:\\Projects\\Support-User-Info\\server\\src\\bin\\server.ts"],"cwd":"D:\\Projects\\Support-User-Info\\server","execPath":"C:\\Program Files\\nodejs\\node.exe","gid":null,"memoryUsage":{"arrayBuffers":82555,"external":3130334,"heapTotal":261169152,"heapUsed":232029896,"rss":321748992},"pid":22324,"uid":null,"version":"v20.10.0"},"stack":"TSError: ⨯ Unable to compile TypeScript:\n\u001b[96msrc/helpers/withState.ts\u001b[0m:\u001b[93m89\u001b[0m:\u001b[93m18\u001b[0m - \u001b[91merror\u001b[0m\u001b[90m TS2352: \u001b[0mConversion of type 'never[]' to type 'File' may be a mistake because neither type sufficiently overlaps with the other. If this was intentional, convert the expression to 'unknown' first.\r\n  Type 'never[]' is missing the following properties from type 'File': fieldname, originalname, encoding, mimetype, and 6 more.\r\n\r\n\u001b[7m89\u001b[0m     const data = get(this.req.files, name, []) as Express.Multer.File\r\n\u001b[7m  \u001b[0m \u001b[91m                 ~~~~~~~~~~~~~~~~~~~~~~~~~~~~~~~~~~~~~~~~~~~~~~~~~~~~\u001b[0m\r\n\n    at createTSError (D:\\Projects\\Support-User-Info\\server\\node_modules\\ts-node\\src\\index.ts:513:12)\n    at reportTSError (D:\\Projects\\Support-User-Info\\server\\node_modules\\ts-node\\src\\index.ts:517:19)\n    at getOutput (D:\\Projects\\Support-User-Info\\server\\node_modules\\ts-node\\src\\index.ts:752:36)\n    at Object.compile (D:\\Projects\\Support-User-Info\\server\\node_modules\\ts-node\\src\\index.ts:968:32)\n    at Module.m._compile (D:\\Projects\\Support-User-Info\\server\\node_modules\\ts-node\\src\\index.ts:1056:42)\n    at Module._extensions..js (node:internal/modules/cjs/loader:1435:10)\n    at require.extensions.<computed> (D:\\Projects\\Support-User-Info\\server\\node_modules\\ts-node\\src\\index.ts:1059:12)\n    at Object.newLoader [as .ts] (D:\\Projects\\Support-User-Info\\server\\node_modules\\pirates\\lib\\index.js:121:7)\n    at Module.load (node:internal/modules/cjs/loader:1207:32)\n    at Function.Module._load (node:internal/modules/cjs/loader:1023:12)","trace":[{"column":12,"file":"D:\\Projects\\Support-User-Info\\server\\node_modules\\ts-node\\src\\index.ts","function":"createTSError","line":513,"method":null,"native":false},{"column":19,"file":"D:\\Projects\\Support-User-Info\\server\\node_modules\\ts-node\\src\\index.ts","function":"reportTSError","line":517,"method":null,"native":false},{"column":36,"file":"D:\\Projects\\Support-User-Info\\server\\node_modules\\ts-node\\src\\index.ts","function":"getOutput","line":752,"method":null,"native":false},{"column":32,"file":"D:\\Projects\\Support-User-Info\\server\\node_modules\\ts-node\\src\\index.ts","function":"Object.compile","line":968,"method":"compile","native":false},{"column":42,"file":"D:\\Projects\\Support-User-Info\\server\\node_modules\\ts-node\\src\\index.ts","function":"Module.m._compile","line":1056,"method":"_compile","native":false},{"column":10,"file":"node:internal/modules/cjs/loader","function":"Module._extensions..js","line":1435,"method":".js","native":false},{"column":12,"file":"D:\\Projects\\Support-User-Info\\server\\node_modules\\ts-node\\src\\index.ts","function":"require.extensions.<computed>","line":1059,"method":"<computed>","native":false},{"column":7,"file":"D:\\Projects\\Support-User-Info\\server\\node_modules\\pirates\\lib\\index.js","function":"Object.newLoader [as .ts]","line":121,"method":"ts]","native":false},{"column":32,"file":"node:internal/modules/cjs/loader","function":"Module.load","line":1207,"method":"load","native":false},{"column":12,"file":"node:internal/modules/cjs/loader","function":"Module._load","line":1023,"method":"_load","native":false}]}
{"date":"Mon Mar 18 2024 11:48:33 GMT+0800 (Singapore Standard Time)","error":{"diagnosticCodes":[2352],"diagnosticText":"\u001b[96msrc/helpers/withState.ts\u001b[0m:\u001b[93m89\u001b[0m:\u001b[93m18\u001b[0m - \u001b[91merror\u001b[0m\u001b[90m TS2352: \u001b[0mConversion of type 'never[]' to type 'File' may be a mistake because neither type sufficiently overlaps with the other. If this was intentional, convert the expression to 'unknown' first.\r\n  Type 'never[]' is missing the following properties from type 'File': fieldname, originalname, encoding, mimetype, and 6 more.\r\n\r\n\u001b[7m89\u001b[0m     const data = get(this.req.files, name, []) as Express.Multer.File\r\n\u001b[7m  \u001b[0m \u001b[91m                 ~~~~~~~~~~~~~~~~~~~~~~~~~~~~~~~~~~~~~~~~~~~~~~~~~~~~\u001b[0m\r\n"},"exception":true,"level":"error","message":"uncaughtException: ⨯ Unable to compile TypeScript:\n\u001b[96msrc/helpers/withState.ts\u001b[0m:\u001b[93m89\u001b[0m:\u001b[93m18\u001b[0m - \u001b[91merror\u001b[0m\u001b[90m TS2352: \u001b[0mConversion of type 'never[]' to type 'File' may be a mistake because neither type sufficiently overlaps with the other. If this was intentional, convert the expression to 'unknown' first.\r\n  Type 'never[]' is missing the following properties from type 'File': fieldname, originalname, encoding, mimetype, and 6 more.\r\n\r\n\u001b[7m89\u001b[0m     const data = get(this.req.files, name, []) as Express.Multer.File\r\n\u001b[7m  \u001b[0m \u001b[91m                 ~~~~~~~~~~~~~~~~~~~~~~~~~~~~~~~~~~~~~~~~~~~~~~~~~~~~\u001b[0m\r\n\nTSError: ⨯ Unable to compile TypeScript:\n\u001b[96msrc/helpers/withState.ts\u001b[0m:\u001b[93m89\u001b[0m:\u001b[93m18\u001b[0m - \u001b[91merror\u001b[0m\u001b[90m TS2352: \u001b[0mConversion of type 'never[]' to type 'File' may be a mistake because neither type sufficiently overlaps with the other. If this was intentional, convert the expression to 'unknown' first.\r\n  Type 'never[]' is missing the following properties from type 'File': fieldname, originalname, encoding, mimetype, and 6 more.\r\n\r\n\u001b[7m89\u001b[0m     const data = get(this.req.files, name, []) as Express.Multer.File\r\n\u001b[7m  \u001b[0m \u001b[91m                 ~~~~~~~~~~~~~~~~~~~~~~~~~~~~~~~~~~~~~~~~~~~~~~~~~~~~\u001b[0m\r\n\n    at createTSError (D:\\Projects\\Support-User-Info\\server\\node_modules\\ts-node\\src\\index.ts:513:12)\n    at reportTSError (D:\\Projects\\Support-User-Info\\server\\node_modules\\ts-node\\src\\index.ts:517:19)\n    at getOutput (D:\\Projects\\Support-User-Info\\server\\node_modules\\ts-node\\src\\index.ts:752:36)\n    at Object.compile (D:\\Projects\\Support-User-Info\\server\\node_modules\\ts-node\\src\\index.ts:968:32)\n    at Module.m._compile (D:\\Projects\\Support-User-Info\\server\\node_modules\\ts-node\\src\\index.ts:1056:42)\n    at Module._extensions..js (node:internal/modules/cjs/loader:1435:10)\n    at require.extensions.<computed> (D:\\Projects\\Support-User-Info\\server\\node_modules\\ts-node\\src\\index.ts:1059:12)\n    at Object.newLoader [as .ts] (D:\\Projects\\Support-User-Info\\server\\node_modules\\pirates\\lib\\index.js:121:7)\n    at Module.load (node:internal/modules/cjs/loader:1207:32)\n    at Function.Module._load (node:internal/modules/cjs/loader:1023:12)","os":{"loadavg":[0,0,0],"uptime":16895.093},"process":{"argv":["D:\\Projects\\Support-User-Info\\server\\node_modules\\ts-node\\dist\\bin.js","D:\\Projects\\Support-User-Info\\server\\src\\bin\\server.ts"],"cwd":"D:\\Projects\\Support-User-Info\\server","execPath":"C:\\Program Files\\nodejs\\node.exe","gid":null,"memoryUsage":{"arrayBuffers":82555,"external":3130334,"heapTotal":260120576,"heapUsed":233603312,"rss":317165568},"pid":22136,"uid":null,"version":"v20.10.0"},"stack":"TSError: ⨯ Unable to compile TypeScript:\n\u001b[96msrc/helpers/withState.ts\u001b[0m:\u001b[93m89\u001b[0m:\u001b[93m18\u001b[0m - \u001b[91merror\u001b[0m\u001b[90m TS2352: \u001b[0mConversion of type 'never[]' to type 'File' may be a mistake because neither type sufficiently overlaps with the other. If this was intentional, convert the expression to 'unknown' first.\r\n  Type 'never[]' is missing the following properties from type 'File': fieldname, originalname, encoding, mimetype, and 6 more.\r\n\r\n\u001b[7m89\u001b[0m     const data = get(this.req.files, name, []) as Express.Multer.File\r\n\u001b[7m  \u001b[0m \u001b[91m                 ~~~~~~~~~~~~~~~~~~~~~~~~~~~~~~~~~~~~~~~~~~~~~~~~~~~~\u001b[0m\r\n\n    at createTSError (D:\\Projects\\Support-User-Info\\server\\node_modules\\ts-node\\src\\index.ts:513:12)\n    at reportTSError (D:\\Projects\\Support-User-Info\\server\\node_modules\\ts-node\\src\\index.ts:517:19)\n    at getOutput (D:\\Projects\\Support-User-Info\\server\\node_modules\\ts-node\\src\\index.ts:752:36)\n    at Object.compile (D:\\Projects\\Support-User-Info\\server\\node_modules\\ts-node\\src\\index.ts:968:32)\n    at Module.m._compile (D:\\Projects\\Support-User-Info\\server\\node_modules\\ts-node\\src\\index.ts:1056:42)\n    at Module._extensions..js (node:internal/modules/cjs/loader:1435:10)\n    at require.extensions.<computed> (D:\\Projects\\Support-User-Info\\server\\node_modules\\ts-node\\src\\index.ts:1059:12)\n    at Object.newLoader [as .ts] (D:\\Projects\\Support-User-Info\\server\\node_modules\\pirates\\lib\\index.js:121:7)\n    at Module.load (node:internal/modules/cjs/loader:1207:32)\n    at Function.Module._load (node:internal/modules/cjs/loader:1023:12)","trace":[{"column":12,"file":"D:\\Projects\\Support-User-Info\\server\\node_modules\\ts-node\\src\\index.ts","function":"createTSError","line":513,"method":null,"native":false},{"column":19,"file":"D:\\Projects\\Support-User-Info\\server\\node_modules\\ts-node\\src\\index.ts","function":"reportTSError","line":517,"method":null,"native":false},{"column":36,"file":"D:\\Projects\\Support-User-Info\\server\\node_modules\\ts-node\\src\\index.ts","function":"getOutput","line":752,"method":null,"native":false},{"column":32,"file":"D:\\Projects\\Support-User-Info\\server\\node_modules\\ts-node\\src\\index.ts","function":"Object.compile","line":968,"method":"compile","native":false},{"column":42,"file":"D:\\Projects\\Support-User-Info\\server\\node_modules\\ts-node\\src\\index.ts","function":"Module.m._compile","line":1056,"method":"_compile","native":false},{"column":10,"file":"node:internal/modules/cjs/loader","function":"Module._extensions..js","line":1435,"method":".js","native":false},{"column":12,"file":"D:\\Projects\\Support-User-Info\\server\\node_modules\\ts-node\\src\\index.ts","function":"require.extensions.<computed>","line":1059,"method":"<computed>","native":false},{"column":7,"file":"D:\\Projects\\Support-User-Info\\server\\node_modules\\pirates\\lib\\index.js","function":"Object.newLoader [as .ts]","line":121,"method":"ts]","native":false},{"column":32,"file":"node:internal/modules/cjs/loader","function":"Module.load","line":1207,"method":"load","native":false},{"column":12,"file":"node:internal/modules/cjs/loader","function":"Module._load","line":1023,"method":"_load","native":false}]}
{"date":"Mon Mar 18 2024 12:04:33 GMT+0800 (Singapore Standard Time)","error":{"diagnosticCodes":[2352],"diagnosticText":"\u001b[96msrc/helpers/withState.ts\u001b[0m:\u001b[93m89\u001b[0m:\u001b[93m18\u001b[0m - \u001b[91merror\u001b[0m\u001b[90m TS2352: \u001b[0mConversion of type 'never[]' to type 'File' may be a mistake because neither type sufficiently overlaps with the other. If this was intentional, convert the expression to 'unknown' first.\r\n  Type 'never[]' is missing the following properties from type 'File': fieldname, originalname, encoding, mimetype, and 6 more.\r\n\r\n\u001b[7m89\u001b[0m     const data = get(this.req.files, name, []) as Express.Multer.File\r\n\u001b[7m  \u001b[0m \u001b[91m                 ~~~~~~~~~~~~~~~~~~~~~~~~~~~~~~~~~~~~~~~~~~~~~~~~~~~~\u001b[0m\r\n"},"exception":true,"level":"error","message":"uncaughtException: ⨯ Unable to compile TypeScript:\n\u001b[96msrc/helpers/withState.ts\u001b[0m:\u001b[93m89\u001b[0m:\u001b[93m18\u001b[0m - \u001b[91merror\u001b[0m\u001b[90m TS2352: \u001b[0mConversion of type 'never[]' to type 'File' may be a mistake because neither type sufficiently overlaps with the other. If this was intentional, convert the expression to 'unknown' first.\r\n  Type 'never[]' is missing the following properties from type 'File': fieldname, originalname, encoding, mimetype, and 6 more.\r\n\r\n\u001b[7m89\u001b[0m     const data = get(this.req.files, name, []) as Express.Multer.File\r\n\u001b[7m  \u001b[0m \u001b[91m                 ~~~~~~~~~~~~~~~~~~~~~~~~~~~~~~~~~~~~~~~~~~~~~~~~~~~~\u001b[0m\r\n\nTSError: ⨯ Unable to compile TypeScript:\n\u001b[96msrc/helpers/withState.ts\u001b[0m:\u001b[93m89\u001b[0m:\u001b[93m18\u001b[0m - \u001b[91merror\u001b[0m\u001b[90m TS2352: \u001b[0mConversion of type 'never[]' to type 'File' may be a mistake because neither type sufficiently overlaps with the other. If this was intentional, convert the expression to 'unknown' first.\r\n  Type 'never[]' is missing the following properties from type 'File': fieldname, originalname, encoding, mimetype, and 6 more.\r\n\r\n\u001b[7m89\u001b[0m     const data = get(this.req.files, name, []) as Express.Multer.File\r\n\u001b[7m  \u001b[0m \u001b[91m                 ~~~~~~~~~~~~~~~~~~~~~~~~~~~~~~~~~~~~~~~~~~~~~~~~~~~~\u001b[0m\r\n\n    at createTSError (D:\\Projects\\Support-User-Info\\server\\node_modules\\ts-node\\src\\index.ts:513:12)\n    at reportTSError (D:\\Projects\\Support-User-Info\\server\\node_modules\\ts-node\\src\\index.ts:517:19)\n    at getOutput (D:\\Projects\\Support-User-Info\\server\\node_modules\\ts-node\\src\\index.ts:752:36)\n    at Object.compile (D:\\Projects\\Support-User-Info\\server\\node_modules\\ts-node\\src\\index.ts:968:32)\n    at Module.m._compile (D:\\Projects\\Support-User-Info\\server\\node_modules\\ts-node\\src\\index.ts:1056:42)\n    at Module._extensions..js (node:internal/modules/cjs/loader:1435:10)\n    at require.extensions.<computed> (D:\\Projects\\Support-User-Info\\server\\node_modules\\ts-node\\src\\index.ts:1059:12)\n    at Object.newLoader [as .ts] (D:\\Projects\\Support-User-Info\\server\\node_modules\\pirates\\lib\\index.js:121:7)\n    at Module.load (node:internal/modules/cjs/loader:1207:32)\n    at Function.Module._load (node:internal/modules/cjs/loader:1023:12)","os":{"loadavg":[0,0,0],"uptime":17854.781},"process":{"argv":["D:\\Projects\\Support-User-Info\\server\\node_modules\\ts-node\\dist\\bin.js","D:\\Projects\\Support-User-Info\\server\\src\\bin\\server.ts"],"cwd":"D:\\Projects\\Support-User-Info\\server","execPath":"C:\\Program Files\\nodejs\\node.exe","gid":null,"memoryUsage":{"arrayBuffers":82555,"external":3130334,"heapTotal":261431296,"heapUsed":227683480,"rss":319393792},"pid":22700,"uid":null,"version":"v20.10.0"},"stack":"TSError: ⨯ Unable to compile TypeScript:\n\u001b[96msrc/helpers/withState.ts\u001b[0m:\u001b[93m89\u001b[0m:\u001b[93m18\u001b[0m - \u001b[91merror\u001b[0m\u001b[90m TS2352: \u001b[0mConversion of type 'never[]' to type 'File' may be a mistake because neither type sufficiently overlaps with the other. If this was intentional, convert the expression to 'unknown' first.\r\n  Type 'never[]' is missing the following properties from type 'File': fieldname, originalname, encoding, mimetype, and 6 more.\r\n\r\n\u001b[7m89\u001b[0m     const data = get(this.req.files, name, []) as Express.Multer.File\r\n\u001b[7m  \u001b[0m \u001b[91m                 ~~~~~~~~~~~~~~~~~~~~~~~~~~~~~~~~~~~~~~~~~~~~~~~~~~~~\u001b[0m\r\n\n    at createTSError (D:\\Projects\\Support-User-Info\\server\\node_modules\\ts-node\\src\\index.ts:513:12)\n    at reportTSError (D:\\Projects\\Support-User-Info\\server\\node_modules\\ts-node\\src\\index.ts:517:19)\n    at getOutput (D:\\Projects\\Support-User-Info\\server\\node_modules\\ts-node\\src\\index.ts:752:36)\n    at Object.compile (D:\\Projects\\Support-User-Info\\server\\node_modules\\ts-node\\src\\index.ts:968:32)\n    at Module.m._compile (D:\\Projects\\Support-User-Info\\server\\node_modules\\ts-node\\src\\index.ts:1056:42)\n    at Module._extensions..js (node:internal/modules/cjs/loader:1435:10)\n    at require.extensions.<computed> (D:\\Projects\\Support-User-Info\\server\\node_modules\\ts-node\\src\\index.ts:1059:12)\n    at Object.newLoader [as .ts] (D:\\Projects\\Support-User-Info\\server\\node_modules\\pirates\\lib\\index.js:121:7)\n    at Module.load (node:internal/modules/cjs/loader:1207:32)\n    at Function.Module._load (node:internal/modules/cjs/loader:1023:12)","trace":[{"column":12,"file":"D:\\Projects\\Support-User-Info\\server\\node_modules\\ts-node\\src\\index.ts","function":"createTSError","line":513,"method":null,"native":false},{"column":19,"file":"D:\\Projects\\Support-User-Info\\server\\node_modules\\ts-node\\src\\index.ts","function":"reportTSError","line":517,"method":null,"native":false},{"column":36,"file":"D:\\Projects\\Support-User-Info\\server\\node_modules\\ts-node\\src\\index.ts","function":"getOutput","line":752,"method":null,"native":false},{"column":32,"file":"D:\\Projects\\Support-User-Info\\server\\node_modules\\ts-node\\src\\index.ts","function":"Object.compile","line":968,"method":"compile","native":false},{"column":42,"file":"D:\\Projects\\Support-User-Info\\server\\node_modules\\ts-node\\src\\index.ts","function":"Module.m._compile","line":1056,"method":"_compile","native":false},{"column":10,"file":"node:internal/modules/cjs/loader","function":"Module._extensions..js","line":1435,"method":".js","native":false},{"column":12,"file":"D:\\Projects\\Support-User-Info\\server\\node_modules\\ts-node\\src\\index.ts","function":"require.extensions.<computed>","line":1059,"method":"<computed>","native":false},{"column":7,"file":"D:\\Projects\\Support-User-Info\\server\\node_modules\\pirates\\lib\\index.js","function":"Object.newLoader [as .ts]","line":121,"method":"ts]","native":false},{"column":32,"file":"node:internal/modules/cjs/loader","function":"Module.load","line":1207,"method":"load","native":false},{"column":12,"file":"node:internal/modules/cjs/loader","function":"Module._load","line":1023,"method":"_load","native":false}]}
{"date":"Mon Mar 18 2024 12:04:49 GMT+0800 (Singapore Standard Time)","error":{"diagnosticCodes":[2352],"diagnosticText":"\u001b[96msrc/helpers/withState.ts\u001b[0m:\u001b[93m89\u001b[0m:\u001b[93m18\u001b[0m - \u001b[91merror\u001b[0m\u001b[90m TS2352: \u001b[0mConversion of type 'never[]' to type 'File' may be a mistake because neither type sufficiently overlaps with the other. If this was intentional, convert the expression to 'unknown' first.\r\n  Type 'never[]' is missing the following properties from type 'File': fieldname, originalname, encoding, mimetype, and 6 more.\r\n\r\n\u001b[7m89\u001b[0m     const data = get(this.req.files, name, []) as Express.Multer.File\r\n\u001b[7m  \u001b[0m \u001b[91m                 ~~~~~~~~~~~~~~~~~~~~~~~~~~~~~~~~~~~~~~~~~~~~~~~~~~~~\u001b[0m\r\n"},"exception":true,"level":"error","message":"uncaughtException: ⨯ Unable to compile TypeScript:\n\u001b[96msrc/helpers/withState.ts\u001b[0m:\u001b[93m89\u001b[0m:\u001b[93m18\u001b[0m - \u001b[91merror\u001b[0m\u001b[90m TS2352: \u001b[0mConversion of type 'never[]' to type 'File' may be a mistake because neither type sufficiently overlaps with the other. If this was intentional, convert the expression to 'unknown' first.\r\n  Type 'never[]' is missing the following properties from type 'File': fieldname, originalname, encoding, mimetype, and 6 more.\r\n\r\n\u001b[7m89\u001b[0m     const data = get(this.req.files, name, []) as Express.Multer.File\r\n\u001b[7m  \u001b[0m \u001b[91m                 ~~~~~~~~~~~~~~~~~~~~~~~~~~~~~~~~~~~~~~~~~~~~~~~~~~~~\u001b[0m\r\n\nTSError: ⨯ Unable to compile TypeScript:\n\u001b[96msrc/helpers/withState.ts\u001b[0m:\u001b[93m89\u001b[0m:\u001b[93m18\u001b[0m - \u001b[91merror\u001b[0m\u001b[90m TS2352: \u001b[0mConversion of type 'never[]' to type 'File' may be a mistake because neither type sufficiently overlaps with the other. If this was intentional, convert the expression to 'unknown' first.\r\n  Type 'never[]' is missing the following properties from type 'File': fieldname, originalname, encoding, mimetype, and 6 more.\r\n\r\n\u001b[7m89\u001b[0m     const data = get(this.req.files, name, []) as Express.Multer.File\r\n\u001b[7m  \u001b[0m \u001b[91m                 ~~~~~~~~~~~~~~~~~~~~~~~~~~~~~~~~~~~~~~~~~~~~~~~~~~~~\u001b[0m\r\n\n    at createTSError (D:\\Projects\\Support-User-Info\\server\\node_modules\\ts-node\\src\\index.ts:513:12)\n    at reportTSError (D:\\Projects\\Support-User-Info\\server\\node_modules\\ts-node\\src\\index.ts:517:19)\n    at getOutput (D:\\Projects\\Support-User-Info\\server\\node_modules\\ts-node\\src\\index.ts:752:36)\n    at Object.compile (D:\\Projects\\Support-User-Info\\server\\node_modules\\ts-node\\src\\index.ts:968:32)\n    at Module.m._compile (D:\\Projects\\Support-User-Info\\server\\node_modules\\ts-node\\src\\index.ts:1056:42)\n    at Module._extensions..js (node:internal/modules/cjs/loader:1435:10)\n    at require.extensions.<computed> (D:\\Projects\\Support-User-Info\\server\\node_modules\\ts-node\\src\\index.ts:1059:12)\n    at Object.newLoader [as .ts] (D:\\Projects\\Support-User-Info\\server\\node_modules\\pirates\\lib\\index.js:121:7)\n    at Module.load (node:internal/modules/cjs/loader:1207:32)\n    at Function.Module._load (node:internal/modules/cjs/loader:1023:12)","os":{"loadavg":[0,0,0],"uptime":17871.546},"process":{"argv":["D:\\Projects\\Support-User-Info\\server\\node_modules\\ts-node\\dist\\bin.js","D:\\Projects\\Support-User-Info\\server\\src\\bin\\server.ts"],"cwd":"D:\\Projects\\Support-User-Info\\server","execPath":"C:\\Program Files\\nodejs\\node.exe","gid":null,"memoryUsage":{"arrayBuffers":90747,"external":3138526,"heapTotal":260382720,"heapUsed":235100792,"rss":317411328},"pid":2416,"uid":null,"version":"v20.10.0"},"stack":"TSError: ⨯ Unable to compile TypeScript:\n\u001b[96msrc/helpers/withState.ts\u001b[0m:\u001b[93m89\u001b[0m:\u001b[93m18\u001b[0m - \u001b[91merror\u001b[0m\u001b[90m TS2352: \u001b[0mConversion of type 'never[]' to type 'File' may be a mistake because neither type sufficiently overlaps with the other. If this was intentional, convert the expression to 'unknown' first.\r\n  Type 'never[]' is missing the following properties from type 'File': fieldname, originalname, encoding, mimetype, and 6 more.\r\n\r\n\u001b[7m89\u001b[0m     const data = get(this.req.files, name, []) as Express.Multer.File\r\n\u001b[7m  \u001b[0m \u001b[91m                 ~~~~~~~~~~~~~~~~~~~~~~~~~~~~~~~~~~~~~~~~~~~~~~~~~~~~\u001b[0m\r\n\n    at createTSError (D:\\Projects\\Support-User-Info\\server\\node_modules\\ts-node\\src\\index.ts:513:12)\n    at reportTSError (D:\\Projects\\Support-User-Info\\server\\node_modules\\ts-node\\src\\index.ts:517:19)\n    at getOutput (D:\\Projects\\Support-User-Info\\server\\node_modules\\ts-node\\src\\index.ts:752:36)\n    at Object.compile (D:\\Projects\\Support-User-Info\\server\\node_modules\\ts-node\\src\\index.ts:968:32)\n    at Module.m._compile (D:\\Projects\\Support-User-Info\\server\\node_modules\\ts-node\\src\\index.ts:1056:42)\n    at Module._extensions..js (node:internal/modules/cjs/loader:1435:10)\n    at require.extensions.<computed> (D:\\Projects\\Support-User-Info\\server\\node_modules\\ts-node\\src\\index.ts:1059:12)\n    at Object.newLoader [as .ts] (D:\\Projects\\Support-User-Info\\server\\node_modules\\pirates\\lib\\index.js:121:7)\n    at Module.load (node:internal/modules/cjs/loader:1207:32)\n    at Function.Module._load (node:internal/modules/cjs/loader:1023:12)","trace":[{"column":12,"file":"D:\\Projects\\Support-User-Info\\server\\node_modules\\ts-node\\src\\index.ts","function":"createTSError","line":513,"method":null,"native":false},{"column":19,"file":"D:\\Projects\\Support-User-Info\\server\\node_modules\\ts-node\\src\\index.ts","function":"reportTSError","line":517,"method":null,"native":false},{"column":36,"file":"D:\\Projects\\Support-User-Info\\server\\node_modules\\ts-node\\src\\index.ts","function":"getOutput","line":752,"method":null,"native":false},{"column":32,"file":"D:\\Projects\\Support-User-Info\\server\\node_modules\\ts-node\\src\\index.ts","function":"Object.compile","line":968,"method":"compile","native":false},{"column":42,"file":"D:\\Projects\\Support-User-Info\\server\\node_modules\\ts-node\\src\\index.ts","function":"Module.m._compile","line":1056,"method":"_compile","native":false},{"column":10,"file":"node:internal/modules/cjs/loader","function":"Module._extensions..js","line":1435,"method":".js","native":false},{"column":12,"file":"D:\\Projects\\Support-User-Info\\server\\node_modules\\ts-node\\src\\index.ts","function":"require.extensions.<computed>","line":1059,"method":"<computed>","native":false},{"column":7,"file":"D:\\Projects\\Support-User-Info\\server\\node_modules\\pirates\\lib\\index.js","function":"Object.newLoader [as .ts]","line":121,"method":"ts]","native":false},{"column":32,"file":"node:internal/modules/cjs/loader","function":"Module.load","line":1207,"method":"load","native":false},{"column":12,"file":"node:internal/modules/cjs/loader","function":"Module._load","line":1023,"method":"_load","native":false}]}
{"date":"Mon Mar 18 2024 12:05:58 GMT+0800 (Singapore Standard Time)","error":{"diagnosticCodes":[2352],"diagnosticText":"\u001b[96msrc/helpers/withState.ts\u001b[0m:\u001b[93m89\u001b[0m:\u001b[93m18\u001b[0m - \u001b[91merror\u001b[0m\u001b[90m TS2352: \u001b[0mConversion of type 'never[]' to type 'File' may be a mistake because neither type sufficiently overlaps with the other. If this was intentional, convert the expression to 'unknown' first.\r\n  Type 'never[]' is missing the following properties from type 'File': fieldname, originalname, encoding, mimetype, and 6 more.\r\n\r\n\u001b[7m89\u001b[0m     const data = get(this.req.files, name, []) as Express.Multer.File\r\n\u001b[7m  \u001b[0m \u001b[91m                 ~~~~~~~~~~~~~~~~~~~~~~~~~~~~~~~~~~~~~~~~~~~~~~~~~~~~\u001b[0m\r\n"},"exception":true,"level":"error","message":"uncaughtException: ⨯ Unable to compile TypeScript:\n\u001b[96msrc/helpers/withState.ts\u001b[0m:\u001b[93m89\u001b[0m:\u001b[93m18\u001b[0m - \u001b[91merror\u001b[0m\u001b[90m TS2352: \u001b[0mConversion of type 'never[]' to type 'File' may be a mistake because neither type sufficiently overlaps with the other. If this was intentional, convert the expression to 'unknown' first.\r\n  Type 'never[]' is missing the following properties from type 'File': fieldname, originalname, encoding, mimetype, and 6 more.\r\n\r\n\u001b[7m89\u001b[0m     const data = get(this.req.files, name, []) as Express.Multer.File\r\n\u001b[7m  \u001b[0m \u001b[91m                 ~~~~~~~~~~~~~~~~~~~~~~~~~~~~~~~~~~~~~~~~~~~~~~~~~~~~\u001b[0m\r\n\nTSError: ⨯ Unable to compile TypeScript:\n\u001b[96msrc/helpers/withState.ts\u001b[0m:\u001b[93m89\u001b[0m:\u001b[93m18\u001b[0m - \u001b[91merror\u001b[0m\u001b[90m TS2352: \u001b[0mConversion of type 'never[]' to type 'File' may be a mistake because neither type sufficiently overlaps with the other. If this was intentional, convert the expression to 'unknown' first.\r\n  Type 'never[]' is missing the following properties from type 'File': fieldname, originalname, encoding, mimetype, and 6 more.\r\n\r\n\u001b[7m89\u001b[0m     const data = get(this.req.files, name, []) as Express.Multer.File\r\n\u001b[7m  \u001b[0m \u001b[91m                 ~~~~~~~~~~~~~~~~~~~~~~~~~~~~~~~~~~~~~~~~~~~~~~~~~~~~\u001b[0m\r\n\n    at createTSError (D:\\Projects\\Support-User-Info\\server\\node_modules\\ts-node\\src\\index.ts:513:12)\n    at reportTSError (D:\\Projects\\Support-User-Info\\server\\node_modules\\ts-node\\src\\index.ts:517:19)\n    at getOutput (D:\\Projects\\Support-User-Info\\server\\node_modules\\ts-node\\src\\index.ts:752:36)\n    at Object.compile (D:\\Projects\\Support-User-Info\\server\\node_modules\\ts-node\\src\\index.ts:968:32)\n    at Module.m._compile (D:\\Projects\\Support-User-Info\\server\\node_modules\\ts-node\\src\\index.ts:1056:42)\n    at Module._extensions..js (node:internal/modules/cjs/loader:1435:10)\n    at require.extensions.<computed> (D:\\Projects\\Support-User-Info\\server\\node_modules\\ts-node\\src\\index.ts:1059:12)\n    at Object.newLoader [as .ts] (D:\\Projects\\Support-User-Info\\server\\node_modules\\pirates\\lib\\index.js:121:7)\n    at Module.load (node:internal/modules/cjs/loader:1207:32)\n    at Function.Module._load (node:internal/modules/cjs/loader:1023:12)","os":{"loadavg":[0,0,0],"uptime":17939.687},"process":{"argv":["D:\\Projects\\Support-User-Info\\server\\node_modules\\ts-node\\dist\\bin.js","D:\\Projects\\Support-User-Info\\server\\src\\bin\\server.ts"],"cwd":"D:\\Projects\\Support-User-Info\\server","execPath":"C:\\Program Files\\nodejs\\node.exe","gid":null,"memoryUsage":{"arrayBuffers":74359,"external":3122051,"heapTotal":254877696,"heapUsed":223664720,"rss":308699136},"pid":18972,"uid":null,"version":"v20.10.0"},"stack":"TSError: ⨯ Unable to compile TypeScript:\n\u001b[96msrc/helpers/withState.ts\u001b[0m:\u001b[93m89\u001b[0m:\u001b[93m18\u001b[0m - \u001b[91merror\u001b[0m\u001b[90m TS2352: \u001b[0mConversion of type 'never[]' to type 'File' may be a mistake because neither type sufficiently overlaps with the other. If this was intentional, convert the expression to 'unknown' first.\r\n  Type 'never[]' is missing the following properties from type 'File': fieldname, originalname, encoding, mimetype, and 6 more.\r\n\r\n\u001b[7m89\u001b[0m     const data = get(this.req.files, name, []) as Express.Multer.File\r\n\u001b[7m  \u001b[0m \u001b[91m                 ~~~~~~~~~~~~~~~~~~~~~~~~~~~~~~~~~~~~~~~~~~~~~~~~~~~~\u001b[0m\r\n\n    at createTSError (D:\\Projects\\Support-User-Info\\server\\node_modules\\ts-node\\src\\index.ts:513:12)\n    at reportTSError (D:\\Projects\\Support-User-Info\\server\\node_modules\\ts-node\\src\\index.ts:517:19)\n    at getOutput (D:\\Projects\\Support-User-Info\\server\\node_modules\\ts-node\\src\\index.ts:752:36)\n    at Object.compile (D:\\Projects\\Support-User-Info\\server\\node_modules\\ts-node\\src\\index.ts:968:32)\n    at Module.m._compile (D:\\Projects\\Support-User-Info\\server\\node_modules\\ts-node\\src\\index.ts:1056:42)\n    at Module._extensions..js (node:internal/modules/cjs/loader:1435:10)\n    at require.extensions.<computed> (D:\\Projects\\Support-User-Info\\server\\node_modules\\ts-node\\src\\index.ts:1059:12)\n    at Object.newLoader [as .ts] (D:\\Projects\\Support-User-Info\\server\\node_modules\\pirates\\lib\\index.js:121:7)\n    at Module.load (node:internal/modules/cjs/loader:1207:32)\n    at Function.Module._load (node:internal/modules/cjs/loader:1023:12)","trace":[{"column":12,"file":"D:\\Projects\\Support-User-Info\\server\\node_modules\\ts-node\\src\\index.ts","function":"createTSError","line":513,"method":null,"native":false},{"column":19,"file":"D:\\Projects\\Support-User-Info\\server\\node_modules\\ts-node\\src\\index.ts","function":"reportTSError","line":517,"method":null,"native":false},{"column":36,"file":"D:\\Projects\\Support-User-Info\\server\\node_modules\\ts-node\\src\\index.ts","function":"getOutput","line":752,"method":null,"native":false},{"column":32,"file":"D:\\Projects\\Support-User-Info\\server\\node_modules\\ts-node\\src\\index.ts","function":"Object.compile","line":968,"method":"compile","native":false},{"column":42,"file":"D:\\Projects\\Support-User-Info\\server\\node_modules\\ts-node\\src\\index.ts","function":"Module.m._compile","line":1056,"method":"_compile","native":false},{"column":10,"file":"node:internal/modules/cjs/loader","function":"Module._extensions..js","line":1435,"method":".js","native":false},{"column":12,"file":"D:\\Projects\\Support-User-Info\\server\\node_modules\\ts-node\\src\\index.ts","function":"require.extensions.<computed>","line":1059,"method":"<computed>","native":false},{"column":7,"file":"D:\\Projects\\Support-User-Info\\server\\node_modules\\pirates\\lib\\index.js","function":"Object.newLoader [as .ts]","line":121,"method":"ts]","native":false},{"column":32,"file":"node:internal/modules/cjs/loader","function":"Module.load","line":1207,"method":"load","native":false},{"column":12,"file":"node:internal/modules/cjs/loader","function":"Module._load","line":1023,"method":"_load","native":false}]}
{"date":"Mon Mar 18 2024 12:06:05 GMT+0800 (Singapore Standard Time)","error":{"diagnosticCodes":[2352],"diagnosticText":"\u001b[96msrc/helpers/withState.ts\u001b[0m:\u001b[93m89\u001b[0m:\u001b[93m18\u001b[0m - \u001b[91merror\u001b[0m\u001b[90m TS2352: \u001b[0mConversion of type 'never[]' to type 'File' may be a mistake because neither type sufficiently overlaps with the other. If this was intentional, convert the expression to 'unknown' first.\r\n  Type 'never[]' is missing the following properties from type 'File': fieldname, originalname, encoding, mimetype, and 6 more.\r\n\r\n\u001b[7m89\u001b[0m     const data = get(this.req.files, name, []) as Express.Multer.File\r\n\u001b[7m  \u001b[0m \u001b[91m                 ~~~~~~~~~~~~~~~~~~~~~~~~~~~~~~~~~~~~~~~~~~~~~~~~~~~~\u001b[0m\r\n"},"exception":true,"level":"error","message":"uncaughtException: ⨯ Unable to compile TypeScript:\n\u001b[96msrc/helpers/withState.ts\u001b[0m:\u001b[93m89\u001b[0m:\u001b[93m18\u001b[0m - \u001b[91merror\u001b[0m\u001b[90m TS2352: \u001b[0mConversion of type 'never[]' to type 'File' may be a mistake because neither type sufficiently overlaps with the other. If this was intentional, convert the expression to 'unknown' first.\r\n  Type 'never[]' is missing the following properties from type 'File': fieldname, originalname, encoding, mimetype, and 6 more.\r\n\r\n\u001b[7m89\u001b[0m     const data = get(this.req.files, name, []) as Express.Multer.File\r\n\u001b[7m  \u001b[0m \u001b[91m                 ~~~~~~~~~~~~~~~~~~~~~~~~~~~~~~~~~~~~~~~~~~~~~~~~~~~~\u001b[0m\r\n\nTSError: ⨯ Unable to compile TypeScript:\n\u001b[96msrc/helpers/withState.ts\u001b[0m:\u001b[93m89\u001b[0m:\u001b[93m18\u001b[0m - \u001b[91merror\u001b[0m\u001b[90m TS2352: \u001b[0mConversion of type 'never[]' to type 'File' may be a mistake because neither type sufficiently overlaps with the other. If this was intentional, convert the expression to 'unknown' first.\r\n  Type 'never[]' is missing the following properties from type 'File': fieldname, originalname, encoding, mimetype, and 6 more.\r\n\r\n\u001b[7m89\u001b[0m     const data = get(this.req.files, name, []) as Express.Multer.File\r\n\u001b[7m  \u001b[0m \u001b[91m                 ~~~~~~~~~~~~~~~~~~~~~~~~~~~~~~~~~~~~~~~~~~~~~~~~~~~~\u001b[0m\r\n\n    at createTSError (D:\\Projects\\Support-User-Info\\server\\node_modules\\ts-node\\src\\index.ts:513:12)\n    at reportTSError (D:\\Projects\\Support-User-Info\\server\\node_modules\\ts-node\\src\\index.ts:517:19)\n    at getOutput (D:\\Projects\\Support-User-Info\\server\\node_modules\\ts-node\\src\\index.ts:752:36)\n    at Object.compile (D:\\Projects\\Support-User-Info\\server\\node_modules\\ts-node\\src\\index.ts:968:32)\n    at Module.m._compile (D:\\Projects\\Support-User-Info\\server\\node_modules\\ts-node\\src\\index.ts:1056:42)\n    at Module._extensions..js (node:internal/modules/cjs/loader:1435:10)\n    at require.extensions.<computed> (D:\\Projects\\Support-User-Info\\server\\node_modules\\ts-node\\src\\index.ts:1059:12)\n    at Object.newLoader [as .ts] (D:\\Projects\\Support-User-Info\\server\\node_modules\\pirates\\lib\\index.js:121:7)\n    at Module.load (node:internal/modules/cjs/loader:1207:32)\n    at Function.Module._load (node:internal/modules/cjs/loader:1023:12)","os":{"loadavg":[0,0,0],"uptime":17947.312},"process":{"argv":["D:\\Projects\\Support-User-Info\\server\\node_modules\\ts-node\\dist\\bin.js","D:\\Projects\\Support-User-Info\\server\\src\\bin\\server.ts"],"cwd":"D:\\Projects\\Support-User-Info\\server","execPath":"C:\\Program Files\\nodejs\\node.exe","gid":null,"memoryUsage":{"arrayBuffers":66167,"external":3113859,"heapTotal":250421248,"heapUsed":224243800,"rss":307343360},"pid":23716,"uid":null,"version":"v20.10.0"},"stack":"TSError: ⨯ Unable to compile TypeScript:\n\u001b[96msrc/helpers/withState.ts\u001b[0m:\u001b[93m89\u001b[0m:\u001b[93m18\u001b[0m - \u001b[91merror\u001b[0m\u001b[90m TS2352: \u001b[0mConversion of type 'never[]' to type 'File' may be a mistake because neither type sufficiently overlaps with the other. If this was intentional, convert the expression to 'unknown' first.\r\n  Type 'never[]' is missing the following properties from type 'File': fieldname, originalname, encoding, mimetype, and 6 more.\r\n\r\n\u001b[7m89\u001b[0m     const data = get(this.req.files, name, []) as Express.Multer.File\r\n\u001b[7m  \u001b[0m \u001b[91m                 ~~~~~~~~~~~~~~~~~~~~~~~~~~~~~~~~~~~~~~~~~~~~~~~~~~~~\u001b[0m\r\n\n    at createTSError (D:\\Projects\\Support-User-Info\\server\\node_modules\\ts-node\\src\\index.ts:513:12)\n    at reportTSError (D:\\Projects\\Support-User-Info\\server\\node_modules\\ts-node\\src\\index.ts:517:19)\n    at getOutput (D:\\Projects\\Support-User-Info\\server\\node_modules\\ts-node\\src\\index.ts:752:36)\n    at Object.compile (D:\\Projects\\Support-User-Info\\server\\node_modules\\ts-node\\src\\index.ts:968:32)\n    at Module.m._compile (D:\\Projects\\Support-User-Info\\server\\node_modules\\ts-node\\src\\index.ts:1056:42)\n    at Module._extensions..js (node:internal/modules/cjs/loader:1435:10)\n    at require.extensions.<computed> (D:\\Projects\\Support-User-Info\\server\\node_modules\\ts-node\\src\\index.ts:1059:12)\n    at Object.newLoader [as .ts] (D:\\Projects\\Support-User-Info\\server\\node_modules\\pirates\\lib\\index.js:121:7)\n    at Module.load (node:internal/modules/cjs/loader:1207:32)\n    at Function.Module._load (node:internal/modules/cjs/loader:1023:12)","trace":[{"column":12,"file":"D:\\Projects\\Support-User-Info\\server\\node_modules\\ts-node\\src\\index.ts","function":"createTSError","line":513,"method":null,"native":false},{"column":19,"file":"D:\\Projects\\Support-User-Info\\server\\node_modules\\ts-node\\src\\index.ts","function":"reportTSError","line":517,"method":null,"native":false},{"column":36,"file":"D:\\Projects\\Support-User-Info\\server\\node_modules\\ts-node\\src\\index.ts","function":"getOutput","line":752,"method":null,"native":false},{"column":32,"file":"D:\\Projects\\Support-User-Info\\server\\node_modules\\ts-node\\src\\index.ts","function":"Object.compile","line":968,"method":"compile","native":false},{"column":42,"file":"D:\\Projects\\Support-User-Info\\server\\node_modules\\ts-node\\src\\index.ts","function":"Module.m._compile","line":1056,"method":"_compile","native":false},{"column":10,"file":"node:internal/modules/cjs/loader","function":"Module._extensions..js","line":1435,"method":".js","native":false},{"column":12,"file":"D:\\Projects\\Support-User-Info\\server\\node_modules\\ts-node\\src\\index.ts","function":"require.extensions.<computed>","line":1059,"method":"<computed>","native":false},{"column":7,"file":"D:\\Projects\\Support-User-Info\\server\\node_modules\\pirates\\lib\\index.js","function":"Object.newLoader [as .ts]","line":121,"method":"ts]","native":false},{"column":32,"file":"node:internal/modules/cjs/loader","function":"Module.load","line":1207,"method":"load","native":false},{"column":12,"file":"node:internal/modules/cjs/loader","function":"Module._load","line":1023,"method":"_load","native":false}]}
{"date":"Mon Mar 18 2024 12:09:47 GMT+0800 (Singapore Standard Time)","error":{"diagnosticCodes":[2352],"diagnosticText":"\u001b[96msrc/helpers/withState.ts\u001b[0m:\u001b[93m89\u001b[0m:\u001b[93m18\u001b[0m - \u001b[91merror\u001b[0m\u001b[90m TS2352: \u001b[0mConversion of type 'never[]' to type 'File' may be a mistake because neither type sufficiently overlaps with the other. If this was intentional, convert the expression to 'unknown' first.\r\n  Type 'never[]' is missing the following properties from type 'File': fieldname, originalname, encoding, mimetype, and 6 more.\r\n\r\n\u001b[7m89\u001b[0m     const data = get(this.req.files, name, []) as Express.Multer.File\r\n\u001b[7m  \u001b[0m \u001b[91m                 ~~~~~~~~~~~~~~~~~~~~~~~~~~~~~~~~~~~~~~~~~~~~~~~~~~~~\u001b[0m\r\n"},"exception":true,"level":"error","message":"uncaughtException: ⨯ Unable to compile TypeScript:\n\u001b[96msrc/helpers/withState.ts\u001b[0m:\u001b[93m89\u001b[0m:\u001b[93m18\u001b[0m - \u001b[91merror\u001b[0m\u001b[90m TS2352: \u001b[0mConversion of type 'never[]' to type 'File' may be a mistake because neither type sufficiently overlaps with the other. If this was intentional, convert the expression to 'unknown' first.\r\n  Type 'never[]' is missing the following properties from type 'File': fieldname, originalname, encoding, mimetype, and 6 more.\r\n\r\n\u001b[7m89\u001b[0m     const data = get(this.req.files, name, []) as Express.Multer.File\r\n\u001b[7m  \u001b[0m \u001b[91m                 ~~~~~~~~~~~~~~~~~~~~~~~~~~~~~~~~~~~~~~~~~~~~~~~~~~~~\u001b[0m\r\n\nTSError: ⨯ Unable to compile TypeScript:\n\u001b[96msrc/helpers/withState.ts\u001b[0m:\u001b[93m89\u001b[0m:\u001b[93m18\u001b[0m - \u001b[91merror\u001b[0m\u001b[90m TS2352: \u001b[0mConversion of type 'never[]' to type 'File' may be a mistake because neither type sufficiently overlaps with the other. If this was intentional, convert the expression to 'unknown' first.\r\n  Type 'never[]' is missing the following properties from type 'File': fieldname, originalname, encoding, mimetype, and 6 more.\r\n\r\n\u001b[7m89\u001b[0m     const data = get(this.req.files, name, []) as Express.Multer.File\r\n\u001b[7m  \u001b[0m \u001b[91m                 ~~~~~~~~~~~~~~~~~~~~~~~~~~~~~~~~~~~~~~~~~~~~~~~~~~~~\u001b[0m\r\n\n    at createTSError (D:\\Projects\\Support-User-Info\\server\\node_modules\\ts-node\\src\\index.ts:513:12)\n    at reportTSError (D:\\Projects\\Support-User-Info\\server\\node_modules\\ts-node\\src\\index.ts:517:19)\n    at getOutput (D:\\Projects\\Support-User-Info\\server\\node_modules\\ts-node\\src\\index.ts:752:36)\n    at Object.compile (D:\\Projects\\Support-User-Info\\server\\node_modules\\ts-node\\src\\index.ts:968:32)\n    at Module.m._compile (D:\\Projects\\Support-User-Info\\server\\node_modules\\ts-node\\src\\index.ts:1056:42)\n    at Module._extensions..js (node:internal/modules/cjs/loader:1435:10)\n    at require.extensions.<computed> (D:\\Projects\\Support-User-Info\\server\\node_modules\\ts-node\\src\\index.ts:1059:12)\n    at Object.newLoader [as .ts] (D:\\Projects\\Support-User-Info\\server\\node_modules\\pirates\\lib\\index.js:121:7)\n    at Module.load (node:internal/modules/cjs/loader:1207:32)\n    at Function.Module._load (node:internal/modules/cjs/loader:1023:12)","os":{"loadavg":[0,0,0],"uptime":18168.671},"process":{"argv":["D:\\Projects\\Support-User-Info\\server\\node_modules\\ts-node\\dist\\bin.js","D:\\Projects\\Support-User-Info\\server\\src\\bin\\server.ts"],"cwd":"D:\\Projects\\Support-User-Info\\server","execPath":"C:\\Program Files\\nodejs\\node.exe","gid":null,"memoryUsage":{"arrayBuffers":82555,"external":3130334,"heapTotal":263004160,"heapUsed":229125968,"rss":320655360},"pid":12164,"uid":null,"version":"v20.10.0"},"stack":"TSError: ⨯ Unable to compile TypeScript:\n\u001b[96msrc/helpers/withState.ts\u001b[0m:\u001b[93m89\u001b[0m:\u001b[93m18\u001b[0m - \u001b[91merror\u001b[0m\u001b[90m TS2352: \u001b[0mConversion of type 'never[]' to type 'File' may be a mistake because neither type sufficiently overlaps with the other. If this was intentional, convert the expression to 'unknown' first.\r\n  Type 'never[]' is missing the following properties from type 'File': fieldname, originalname, encoding, mimetype, and 6 more.\r\n\r\n\u001b[7m89\u001b[0m     const data = get(this.req.files, name, []) as Express.Multer.File\r\n\u001b[7m  \u001b[0m \u001b[91m                 ~~~~~~~~~~~~~~~~~~~~~~~~~~~~~~~~~~~~~~~~~~~~~~~~~~~~\u001b[0m\r\n\n    at createTSError (D:\\Projects\\Support-User-Info\\server\\node_modules\\ts-node\\src\\index.ts:513:12)\n    at reportTSError (D:\\Projects\\Support-User-Info\\server\\node_modules\\ts-node\\src\\index.ts:517:19)\n    at getOutput (D:\\Projects\\Support-User-Info\\server\\node_modules\\ts-node\\src\\index.ts:752:36)\n    at Object.compile (D:\\Projects\\Support-User-Info\\server\\node_modules\\ts-node\\src\\index.ts:968:32)\n    at Module.m._compile (D:\\Projects\\Support-User-Info\\server\\node_modules\\ts-node\\src\\index.ts:1056:42)\n    at Module._extensions..js (node:internal/modules/cjs/loader:1435:10)\n    at require.extensions.<computed> (D:\\Projects\\Support-User-Info\\server\\node_modules\\ts-node\\src\\index.ts:1059:12)\n    at Object.newLoader [as .ts] (D:\\Projects\\Support-User-Info\\server\\node_modules\\pirates\\lib\\index.js:121:7)\n    at Module.load (node:internal/modules/cjs/loader:1207:32)\n    at Function.Module._load (node:internal/modules/cjs/loader:1023:12)","trace":[{"column":12,"file":"D:\\Projects\\Support-User-Info\\server\\node_modules\\ts-node\\src\\index.ts","function":"createTSError","line":513,"method":null,"native":false},{"column":19,"file":"D:\\Projects\\Support-User-Info\\server\\node_modules\\ts-node\\src\\index.ts","function":"reportTSError","line":517,"method":null,"native":false},{"column":36,"file":"D:\\Projects\\Support-User-Info\\server\\node_modules\\ts-node\\src\\index.ts","function":"getOutput","line":752,"method":null,"native":false},{"column":32,"file":"D:\\Projects\\Support-User-Info\\server\\node_modules\\ts-node\\src\\index.ts","function":"Object.compile","line":968,"method":"compile","native":false},{"column":42,"file":"D:\\Projects\\Support-User-Info\\server\\node_modules\\ts-node\\src\\index.ts","function":"Module.m._compile","line":1056,"method":"_compile","native":false},{"column":10,"file":"node:internal/modules/cjs/loader","function":"Module._extensions..js","line":1435,"method":".js","native":false},{"column":12,"file":"D:\\Projects\\Support-User-Info\\server\\node_modules\\ts-node\\src\\index.ts","function":"require.extensions.<computed>","line":1059,"method":"<computed>","native":false},{"column":7,"file":"D:\\Projects\\Support-User-Info\\server\\node_modules\\pirates\\lib\\index.js","function":"Object.newLoader [as .ts]","line":121,"method":"ts]","native":false},{"column":32,"file":"node:internal/modules/cjs/loader","function":"Module.load","line":1207,"method":"load","native":false},{"column":12,"file":"node:internal/modules/cjs/loader","function":"Module._load","line":1023,"method":"_load","native":false}]}
{"date":"Mon Mar 18 2024 12:12:20 GMT+0800 (Singapore Standard Time)","error":{"diagnosticCodes":[2352],"diagnosticText":"\u001b[96msrc/helpers/withState.ts\u001b[0m:\u001b[93m89\u001b[0m:\u001b[93m18\u001b[0m - \u001b[91merror\u001b[0m\u001b[90m TS2352: \u001b[0mConversion of type 'never[]' to type 'File' may be a mistake because neither type sufficiently overlaps with the other. If this was intentional, convert the expression to 'unknown' first.\r\n  Type 'never[]' is missing the following properties from type 'File': fieldname, originalname, encoding, mimetype, and 6 more.\r\n\r\n\u001b[7m89\u001b[0m     const data = get(this.req.files, name, []) as Express.Multer.File\r\n\u001b[7m  \u001b[0m \u001b[91m                 ~~~~~~~~~~~~~~~~~~~~~~~~~~~~~~~~~~~~~~~~~~~~~~~~~~~~\u001b[0m\r\n"},"exception":true,"level":"error","message":"uncaughtException: ⨯ Unable to compile TypeScript:\n\u001b[96msrc/helpers/withState.ts\u001b[0m:\u001b[93m89\u001b[0m:\u001b[93m18\u001b[0m - \u001b[91merror\u001b[0m\u001b[90m TS2352: \u001b[0mConversion of type 'never[]' to type 'File' may be a mistake because neither type sufficiently overlaps with the other. If this was intentional, convert the expression to 'unknown' first.\r\n  Type 'never[]' is missing the following properties from type 'File': fieldname, originalname, encoding, mimetype, and 6 more.\r\n\r\n\u001b[7m89\u001b[0m     const data = get(this.req.files, name, []) as Express.Multer.File\r\n\u001b[7m  \u001b[0m \u001b[91m                 ~~~~~~~~~~~~~~~~~~~~~~~~~~~~~~~~~~~~~~~~~~~~~~~~~~~~\u001b[0m\r\n\nTSError: ⨯ Unable to compile TypeScript:\n\u001b[96msrc/helpers/withState.ts\u001b[0m:\u001b[93m89\u001b[0m:\u001b[93m18\u001b[0m - \u001b[91merror\u001b[0m\u001b[90m TS2352: \u001b[0mConversion of type 'never[]' to type 'File' may be a mistake because neither type sufficiently overlaps with the other. If this was intentional, convert the expression to 'unknown' first.\r\n  Type 'never[]' is missing the following properties from type 'File': fieldname, originalname, encoding, mimetype, and 6 more.\r\n\r\n\u001b[7m89\u001b[0m     const data = get(this.req.files, name, []) as Express.Multer.File\r\n\u001b[7m  \u001b[0m \u001b[91m                 ~~~~~~~~~~~~~~~~~~~~~~~~~~~~~~~~~~~~~~~~~~~~~~~~~~~~\u001b[0m\r\n\n    at createTSError (D:\\Projects\\Support-User-Info\\server\\node_modules\\ts-node\\src\\index.ts:513:12)\n    at reportTSError (D:\\Projects\\Support-User-Info\\server\\node_modules\\ts-node\\src\\index.ts:517:19)\n    at getOutput (D:\\Projects\\Support-User-Info\\server\\node_modules\\ts-node\\src\\index.ts:752:36)\n    at Object.compile (D:\\Projects\\Support-User-Info\\server\\node_modules\\ts-node\\src\\index.ts:968:32)\n    at Module.m._compile (D:\\Projects\\Support-User-Info\\server\\node_modules\\ts-node\\src\\index.ts:1056:42)\n    at Module._extensions..js (node:internal/modules/cjs/loader:1435:10)\n    at require.extensions.<computed> (D:\\Projects\\Support-User-Info\\server\\node_modules\\ts-node\\src\\index.ts:1059:12)\n    at Object.newLoader [as .ts] (D:\\Projects\\Support-User-Info\\server\\node_modules\\pirates\\lib\\index.js:121:7)\n    at Module.load (node:internal/modules/cjs/loader:1207:32)\n    at Function.Module._load (node:internal/modules/cjs/loader:1023:12)","os":{"loadavg":[0,0,0],"uptime":18321.781},"process":{"argv":["D:\\Projects\\Support-User-Info\\server\\node_modules\\ts-node\\dist\\bin.js","D:\\Projects\\Support-User-Info\\server\\src\\bin\\server.ts"],"cwd":"D:\\Projects\\Support-User-Info\\server","execPath":"C:\\Program Files\\nodejs\\node.exe","gid":null,"memoryUsage":{"arrayBuffers":74347,"external":3005660,"heapTotal":249532416,"heapUsed":219824624,"rss":300396544},"pid":21072,"uid":null,"version":"v20.10.0"},"stack":"TSError: ⨯ Unable to compile TypeScript:\n\u001b[96msrc/helpers/withState.ts\u001b[0m:\u001b[93m89\u001b[0m:\u001b[93m18\u001b[0m - \u001b[91merror\u001b[0m\u001b[90m TS2352: \u001b[0mConversion of type 'never[]' to type 'File' may be a mistake because neither type sufficiently overlaps with the other. If this was intentional, convert the expression to 'unknown' first.\r\n  Type 'never[]' is missing the following properties from type 'File': fieldname, originalname, encoding, mimetype, and 6 more.\r\n\r\n\u001b[7m89\u001b[0m     const data = get(this.req.files, name, []) as Express.Multer.File\r\n\u001b[7m  \u001b[0m \u001b[91m                 ~~~~~~~~~~~~~~~~~~~~~~~~~~~~~~~~~~~~~~~~~~~~~~~~~~~~\u001b[0m\r\n\n    at createTSError (D:\\Projects\\Support-User-Info\\server\\node_modules\\ts-node\\src\\index.ts:513:12)\n    at reportTSError (D:\\Projects\\Support-User-Info\\server\\node_modules\\ts-node\\src\\index.ts:517:19)\n    at getOutput (D:\\Projects\\Support-User-Info\\server\\node_modules\\ts-node\\src\\index.ts:752:36)\n    at Object.compile (D:\\Projects\\Support-User-Info\\server\\node_modules\\ts-node\\src\\index.ts:968:32)\n    at Module.m._compile (D:\\Projects\\Support-User-Info\\server\\node_modules\\ts-node\\src\\index.ts:1056:42)\n    at Module._extensions..js (node:internal/modules/cjs/loader:1435:10)\n    at require.extensions.<computed> (D:\\Projects\\Support-User-Info\\server\\node_modules\\ts-node\\src\\index.ts:1059:12)\n    at Object.newLoader [as .ts] (D:\\Projects\\Support-User-Info\\server\\node_modules\\pirates\\lib\\index.js:121:7)\n    at Module.load (node:internal/modules/cjs/loader:1207:32)\n    at Function.Module._load (node:internal/modules/cjs/loader:1023:12)","trace":[{"column":12,"file":"D:\\Projects\\Support-User-Info\\server\\node_modules\\ts-node\\src\\index.ts","function":"createTSError","line":513,"method":null,"native":false},{"column":19,"file":"D:\\Projects\\Support-User-Info\\server\\node_modules\\ts-node\\src\\index.ts","function":"reportTSError","line":517,"method":null,"native":false},{"column":36,"file":"D:\\Projects\\Support-User-Info\\server\\node_modules\\ts-node\\src\\index.ts","function":"getOutput","line":752,"method":null,"native":false},{"column":32,"file":"D:\\Projects\\Support-User-Info\\server\\node_modules\\ts-node\\src\\index.ts","function":"Object.compile","line":968,"method":"compile","native":false},{"column":42,"file":"D:\\Projects\\Support-User-Info\\server\\node_modules\\ts-node\\src\\index.ts","function":"Module.m._compile","line":1056,"method":"_compile","native":false},{"column":10,"file":"node:internal/modules/cjs/loader","function":"Module._extensions..js","line":1435,"method":".js","native":false},{"column":12,"file":"D:\\Projects\\Support-User-Info\\server\\node_modules\\ts-node\\src\\index.ts","function":"require.extensions.<computed>","line":1059,"method":"<computed>","native":false},{"column":7,"file":"D:\\Projects\\Support-User-Info\\server\\node_modules\\pirates\\lib\\index.js","function":"Object.newLoader [as .ts]","line":121,"method":"ts]","native":false},{"column":32,"file":"node:internal/modules/cjs/loader","function":"Module.load","line":1207,"method":"load","native":false},{"column":12,"file":"node:internal/modules/cjs/loader","function":"Module._load","line":1023,"method":"_load","native":false}]}
{"date":"Mon Mar 18 2024 12:22:25 GMT+0800 (Singapore Standard Time)","error":{"diagnosticCodes":[2352],"diagnosticText":"\u001b[96msrc/helpers/withState.ts\u001b[0m:\u001b[93m89\u001b[0m:\u001b[93m18\u001b[0m - \u001b[91merror\u001b[0m\u001b[90m TS2352: \u001b[0mConversion of type 'never[]' to type 'File' may be a mistake because neither type sufficiently overlaps with the other. If this was intentional, convert the expression to 'unknown' first.\r\n  Type 'never[]' is missing the following properties from type 'File': fieldname, originalname, encoding, mimetype, and 6 more.\r\n\r\n\u001b[7m89\u001b[0m     const data = get(this.req.files, name, []) as Express.Multer.File\r\n\u001b[7m  \u001b[0m \u001b[91m                 ~~~~~~~~~~~~~~~~~~~~~~~~~~~~~~~~~~~~~~~~~~~~~~~~~~~~\u001b[0m\r\n"},"exception":true,"level":"error","message":"uncaughtException: ⨯ Unable to compile TypeScript:\n\u001b[96msrc/helpers/withState.ts\u001b[0m:\u001b[93m89\u001b[0m:\u001b[93m18\u001b[0m - \u001b[91merror\u001b[0m\u001b[90m TS2352: \u001b[0mConversion of type 'never[]' to type 'File' may be a mistake because neither type sufficiently overlaps with the other. If this was intentional, convert the expression to 'unknown' first.\r\n  Type 'never[]' is missing the following properties from type 'File': fieldname, originalname, encoding, mimetype, and 6 more.\r\n\r\n\u001b[7m89\u001b[0m     const data = get(this.req.files, name, []) as Express.Multer.File\r\n\u001b[7m  \u001b[0m \u001b[91m                 ~~~~~~~~~~~~~~~~~~~~~~~~~~~~~~~~~~~~~~~~~~~~~~~~~~~~\u001b[0m\r\n\nTSError: ⨯ Unable to compile TypeScript:\n\u001b[96msrc/helpers/withState.ts\u001b[0m:\u001b[93m89\u001b[0m:\u001b[93m18\u001b[0m - \u001b[91merror\u001b[0m\u001b[90m TS2352: \u001b[0mConversion of type 'never[]' to type 'File' may be a mistake because neither type sufficiently overlaps with the other. If this was intentional, convert the expression to 'unknown' first.\r\n  Type 'never[]' is missing the following properties from type 'File': fieldname, originalname, encoding, mimetype, and 6 more.\r\n\r\n\u001b[7m89\u001b[0m     const data = get(this.req.files, name, []) as Express.Multer.File\r\n\u001b[7m  \u001b[0m \u001b[91m                 ~~~~~~~~~~~~~~~~~~~~~~~~~~~~~~~~~~~~~~~~~~~~~~~~~~~~\u001b[0m\r\n\n    at createTSError (D:\\Projects\\Support-User-Info\\server\\node_modules\\ts-node\\src\\index.ts:513:12)\n    at reportTSError (D:\\Projects\\Support-User-Info\\server\\node_modules\\ts-node\\src\\index.ts:517:19)\n    at getOutput (D:\\Projects\\Support-User-Info\\server\\node_modules\\ts-node\\src\\index.ts:752:36)\n    at Object.compile (D:\\Projects\\Support-User-Info\\server\\node_modules\\ts-node\\src\\index.ts:968:32)\n    at Module.m._compile (D:\\Projects\\Support-User-Info\\server\\node_modules\\ts-node\\src\\index.ts:1056:42)\n    at Module._extensions..js (node:internal/modules/cjs/loader:1435:10)\n    at require.extensions.<computed> (D:\\Projects\\Support-User-Info\\server\\node_modules\\ts-node\\src\\index.ts:1059:12)\n    at Object.newLoader [as .ts] (D:\\Projects\\Support-User-Info\\server\\node_modules\\pirates\\lib\\index.js:121:7)\n    at Module.load (node:internal/modules/cjs/loader:1207:32)\n    at Function.Module._load (node:internal/modules/cjs/loader:1023:12)","os":{"loadavg":[0,0,0],"uptime":18926.937},"process":{"argv":["D:\\Projects\\Support-User-Info\\server\\node_modules\\ts-node\\dist\\bin.js","D:\\Projects\\Support-User-Info\\server\\src\\bin\\server.ts"],"cwd":"D:\\Projects\\Support-User-Info\\server","execPath":"C:\\Program Files\\nodejs\\node.exe","gid":null,"memoryUsage":{"arrayBuffers":71868,"external":3003181,"heapTotal":250580992,"heapUsed":220240384,"rss":298786816},"pid":17644,"uid":null,"version":"v20.10.0"},"stack":"TSError: ⨯ Unable to compile TypeScript:\n\u001b[96msrc/helpers/withState.ts\u001b[0m:\u001b[93m89\u001b[0m:\u001b[93m18\u001b[0m - \u001b[91merror\u001b[0m\u001b[90m TS2352: \u001b[0mConversion of type 'never[]' to type 'File' may be a mistake because neither type sufficiently overlaps with the other. If this was intentional, convert the expression to 'unknown' first.\r\n  Type 'never[]' is missing the following properties from type 'File': fieldname, originalname, encoding, mimetype, and 6 more.\r\n\r\n\u001b[7m89\u001b[0m     const data = get(this.req.files, name, []) as Express.Multer.File\r\n\u001b[7m  \u001b[0m \u001b[91m                 ~~~~~~~~~~~~~~~~~~~~~~~~~~~~~~~~~~~~~~~~~~~~~~~~~~~~\u001b[0m\r\n\n    at createTSError (D:\\Projects\\Support-User-Info\\server\\node_modules\\ts-node\\src\\index.ts:513:12)\n    at reportTSError (D:\\Projects\\Support-User-Info\\server\\node_modules\\ts-node\\src\\index.ts:517:19)\n    at getOutput (D:\\Projects\\Support-User-Info\\server\\node_modules\\ts-node\\src\\index.ts:752:36)\n    at Object.compile (D:\\Projects\\Support-User-Info\\server\\node_modules\\ts-node\\src\\index.ts:968:32)\n    at Module.m._compile (D:\\Projects\\Support-User-Info\\server\\node_modules\\ts-node\\src\\index.ts:1056:42)\n    at Module._extensions..js (node:internal/modules/cjs/loader:1435:10)\n    at require.extensions.<computed> (D:\\Projects\\Support-User-Info\\server\\node_modules\\ts-node\\src\\index.ts:1059:12)\n    at Object.newLoader [as .ts] (D:\\Projects\\Support-User-Info\\server\\node_modules\\pirates\\lib\\index.js:121:7)\n    at Module.load (node:internal/modules/cjs/loader:1207:32)\n    at Function.Module._load (node:internal/modules/cjs/loader:1023:12)","trace":[{"column":12,"file":"D:\\Projects\\Support-User-Info\\server\\node_modules\\ts-node\\src\\index.ts","function":"createTSError","line":513,"method":null,"native":false},{"column":19,"file":"D:\\Projects\\Support-User-Info\\server\\node_modules\\ts-node\\src\\index.ts","function":"reportTSError","line":517,"method":null,"native":false},{"column":36,"file":"D:\\Projects\\Support-User-Info\\server\\node_modules\\ts-node\\src\\index.ts","function":"getOutput","line":752,"method":null,"native":false},{"column":32,"file":"D:\\Projects\\Support-User-Info\\server\\node_modules\\ts-node\\src\\index.ts","function":"Object.compile","line":968,"method":"compile","native":false},{"column":42,"file":"D:\\Projects\\Support-User-Info\\server\\node_modules\\ts-node\\src\\index.ts","function":"Module.m._compile","line":1056,"method":"_compile","native":false},{"column":10,"file":"node:internal/modules/cjs/loader","function":"Module._extensions..js","line":1435,"method":".js","native":false},{"column":12,"file":"D:\\Projects\\Support-User-Info\\server\\node_modules\\ts-node\\src\\index.ts","function":"require.extensions.<computed>","line":1059,"method":"<computed>","native":false},{"column":7,"file":"D:\\Projects\\Support-User-Info\\server\\node_modules\\pirates\\lib\\index.js","function":"Object.newLoader [as .ts]","line":121,"method":"ts]","native":false},{"column":32,"file":"node:internal/modules/cjs/loader","function":"Module.load","line":1207,"method":"load","native":false},{"column":12,"file":"node:internal/modules/cjs/loader","function":"Module._load","line":1023,"method":"_load","native":false}]}
{"date":"Mon Mar 18 2024 15:43:10 GMT+0800 (Singapore Standard Time)","error":{"diagnosticCodes":[2352],"diagnosticText":"\u001b[96msrc/helpers/withState.ts\u001b[0m:\u001b[93m89\u001b[0m:\u001b[93m18\u001b[0m - \u001b[91merror\u001b[0m\u001b[90m TS2352: \u001b[0mConversion of type 'never[]' to type 'File' may be a mistake because neither type sufficiently overlaps with the other. If this was intentional, convert the expression to 'unknown' first.\r\n  Type 'never[]' is missing the following properties from type 'File': fieldname, originalname, encoding, mimetype, and 6 more.\r\n\r\n\u001b[7m89\u001b[0m     const data = get(this.req.files, name, []) as Express.Multer.File\r\n\u001b[7m  \u001b[0m \u001b[91m                 ~~~~~~~~~~~~~~~~~~~~~~~~~~~~~~~~~~~~~~~~~~~~~~~~~~~~\u001b[0m\r\n"},"exception":true,"level":"error","message":"uncaughtException: ⨯ Unable to compile TypeScript:\n\u001b[96msrc/helpers/withState.ts\u001b[0m:\u001b[93m89\u001b[0m:\u001b[93m18\u001b[0m - \u001b[91merror\u001b[0m\u001b[90m TS2352: \u001b[0mConversion of type 'never[]' to type 'File' may be a mistake because neither type sufficiently overlaps with the other. If this was intentional, convert the expression to 'unknown' first.\r\n  Type 'never[]' is missing the following properties from type 'File': fieldname, originalname, encoding, mimetype, and 6 more.\r\n\r\n\u001b[7m89\u001b[0m     const data = get(this.req.files, name, []) as Express.Multer.File\r\n\u001b[7m  \u001b[0m \u001b[91m                 ~~~~~~~~~~~~~~~~~~~~~~~~~~~~~~~~~~~~~~~~~~~~~~~~~~~~\u001b[0m\r\n\nTSError: ⨯ Unable to compile TypeScript:\n\u001b[96msrc/helpers/withState.ts\u001b[0m:\u001b[93m89\u001b[0m:\u001b[93m18\u001b[0m - \u001b[91merror\u001b[0m\u001b[90m TS2352: \u001b[0mConversion of type 'never[]' to type 'File' may be a mistake because neither type sufficiently overlaps with the other. If this was intentional, convert the expression to 'unknown' first.\r\n  Type 'never[]' is missing the following properties from type 'File': fieldname, originalname, encoding, mimetype, and 6 more.\r\n\r\n\u001b[7m89\u001b[0m     const data = get(this.req.files, name, []) as Express.Multer.File\r\n\u001b[7m  \u001b[0m \u001b[91m                 ~~~~~~~~~~~~~~~~~~~~~~~~~~~~~~~~~~~~~~~~~~~~~~~~~~~~\u001b[0m\r\n\n    at createTSError (D:\\Projects\\Support-User-Info\\server\\node_modules\\ts-node\\src\\index.ts:513:12)\n    at reportTSError (D:\\Projects\\Support-User-Info\\server\\node_modules\\ts-node\\src\\index.ts:517:19)\n    at getOutput (D:\\Projects\\Support-User-Info\\server\\node_modules\\ts-node\\src\\index.ts:752:36)\n    at Object.compile (D:\\Projects\\Support-User-Info\\server\\node_modules\\ts-node\\src\\index.ts:968:32)\n    at Module.m._compile (D:\\Projects\\Support-User-Info\\server\\node_modules\\ts-node\\src\\index.ts:1056:42)\n    at Module._extensions..js (node:internal/modules/cjs/loader:1435:10)\n    at require.extensions.<computed> (D:\\Projects\\Support-User-Info\\server\\node_modules\\ts-node\\src\\index.ts:1059:12)\n    at Object.newLoader [as .ts] (D:\\Projects\\Support-User-Info\\server\\node_modules\\pirates\\lib\\index.js:121:7)\n    at Module.load (node:internal/modules/cjs/loader:1207:32)\n    at Function.Module._load (node:internal/modules/cjs/loader:1023:12)","os":{"loadavg":[0,0,0],"uptime":30971.921},"process":{"argv":["D:\\Projects\\Support-User-Info\\server\\node_modules\\ts-node\\dist\\bin.js","D:\\Projects\\Support-User-Info\\server\\src\\bin\\server.ts"],"cwd":"D:\\Projects\\Support-User-Info\\server","execPath":"C:\\Program Files\\nodejs\\node.exe","gid":null,"memoryUsage":{"arrayBuffers":82555,"external":3130334,"heapTotal":259858432,"heapUsed":230964288,"rss":318234624},"pid":24112,"uid":null,"version":"v20.10.0"},"stack":"TSError: ⨯ Unable to compile TypeScript:\n\u001b[96msrc/helpers/withState.ts\u001b[0m:\u001b[93m89\u001b[0m:\u001b[93m18\u001b[0m - \u001b[91merror\u001b[0m\u001b[90m TS2352: \u001b[0mConversion of type 'never[]' to type 'File' may be a mistake because neither type sufficiently overlaps with the other. If this was intentional, convert the expression to 'unknown' first.\r\n  Type 'never[]' is missing the following properties from type 'File': fieldname, originalname, encoding, mimetype, and 6 more.\r\n\r\n\u001b[7m89\u001b[0m     const data = get(this.req.files, name, []) as Express.Multer.File\r\n\u001b[7m  \u001b[0m \u001b[91m                 ~~~~~~~~~~~~~~~~~~~~~~~~~~~~~~~~~~~~~~~~~~~~~~~~~~~~\u001b[0m\r\n\n    at createTSError (D:\\Projects\\Support-User-Info\\server\\node_modules\\ts-node\\src\\index.ts:513:12)\n    at reportTSError (D:\\Projects\\Support-User-Info\\server\\node_modules\\ts-node\\src\\index.ts:517:19)\n    at getOutput (D:\\Projects\\Support-User-Info\\server\\node_modules\\ts-node\\src\\index.ts:752:36)\n    at Object.compile (D:\\Projects\\Support-User-Info\\server\\node_modules\\ts-node\\src\\index.ts:968:32)\n    at Module.m._compile (D:\\Projects\\Support-User-Info\\server\\node_modules\\ts-node\\src\\index.ts:1056:42)\n    at Module._extensions..js (node:internal/modules/cjs/loader:1435:10)\n    at require.extensions.<computed> (D:\\Projects\\Support-User-Info\\server\\node_modules\\ts-node\\src\\index.ts:1059:12)\n    at Object.newLoader [as .ts] (D:\\Projects\\Support-User-Info\\server\\node_modules\\pirates\\lib\\index.js:121:7)\n    at Module.load (node:internal/modules/cjs/loader:1207:32)\n    at Function.Module._load (node:internal/modules/cjs/loader:1023:12)","trace":[{"column":12,"file":"D:\\Projects\\Support-User-Info\\server\\node_modules\\ts-node\\src\\index.ts","function":"createTSError","line":513,"method":null,"native":false},{"column":19,"file":"D:\\Projects\\Support-User-Info\\server\\node_modules\\ts-node\\src\\index.ts","function":"reportTSError","line":517,"method":null,"native":false},{"column":36,"file":"D:\\Projects\\Support-User-Info\\server\\node_modules\\ts-node\\src\\index.ts","function":"getOutput","line":752,"method":null,"native":false},{"column":32,"file":"D:\\Projects\\Support-User-Info\\server\\node_modules\\ts-node\\src\\index.ts","function":"Object.compile","line":968,"method":"compile","native":false},{"column":42,"file":"D:\\Projects\\Support-User-Info\\server\\node_modules\\ts-node\\src\\index.ts","function":"Module.m._compile","line":1056,"method":"_compile","native":false},{"column":10,"file":"node:internal/modules/cjs/loader","function":"Module._extensions..js","line":1435,"method":".js","native":false},{"column":12,"file":"D:\\Projects\\Support-User-Info\\server\\node_modules\\ts-node\\src\\index.ts","function":"require.extensions.<computed>","line":1059,"method":"<computed>","native":false},{"column":7,"file":"D:\\Projects\\Support-User-Info\\server\\node_modules\\pirates\\lib\\index.js","function":"Object.newLoader [as .ts]","line":121,"method":"ts]","native":false},{"column":32,"file":"node:internal/modules/cjs/loader","function":"Module.load","line":1207,"method":"load","native":false},{"column":12,"file":"node:internal/modules/cjs/loader","function":"Module._load","line":1023,"method":"_load","native":false}]}
{"date":"Mon Mar 18 2024 15:43:49 GMT+0800 (Singapore Standard Time)","error":{"diagnosticCodes":[2352],"diagnosticText":"\u001b[96msrc/helpers/withState.ts\u001b[0m:\u001b[93m89\u001b[0m:\u001b[93m18\u001b[0m - \u001b[91merror\u001b[0m\u001b[90m TS2352: \u001b[0mConversion of type 'never[]' to type 'File' may be a mistake because neither type sufficiently overlaps with the other. If this was intentional, convert the expression to 'unknown' first.\r\n  Type 'never[]' is missing the following properties from type 'File': fieldname, originalname, encoding, mimetype, and 6 more.\r\n\r\n\u001b[7m89\u001b[0m     const data = get(this.req.files, name, []) as Express.Multer.File\r\n\u001b[7m  \u001b[0m \u001b[91m                 ~~~~~~~~~~~~~~~~~~~~~~~~~~~~~~~~~~~~~~~~~~~~~~~~~~~~\u001b[0m\r\n"},"exception":true,"level":"error","message":"uncaughtException: ⨯ Unable to compile TypeScript:\n\u001b[96msrc/helpers/withState.ts\u001b[0m:\u001b[93m89\u001b[0m:\u001b[93m18\u001b[0m - \u001b[91merror\u001b[0m\u001b[90m TS2352: \u001b[0mConversion of type 'never[]' to type 'File' may be a mistake because neither type sufficiently overlaps with the other. If this was intentional, convert the expression to 'unknown' first.\r\n  Type 'never[]' is missing the following properties from type 'File': fieldname, originalname, encoding, mimetype, and 6 more.\r\n\r\n\u001b[7m89\u001b[0m     const data = get(this.req.files, name, []) as Express.Multer.File\r\n\u001b[7m  \u001b[0m \u001b[91m                 ~~~~~~~~~~~~~~~~~~~~~~~~~~~~~~~~~~~~~~~~~~~~~~~~~~~~\u001b[0m\r\n\nTSError: ⨯ Unable to compile TypeScript:\n\u001b[96msrc/helpers/withState.ts\u001b[0m:\u001b[93m89\u001b[0m:\u001b[93m18\u001b[0m - \u001b[91merror\u001b[0m\u001b[90m TS2352: \u001b[0mConversion of type 'never[]' to type 'File' may be a mistake because neither type sufficiently overlaps with the other. If this was intentional, convert the expression to 'unknown' first.\r\n  Type 'never[]' is missing the following properties from type 'File': fieldname, originalname, encoding, mimetype, and 6 more.\r\n\r\n\u001b[7m89\u001b[0m     const data = get(this.req.files, name, []) as Express.Multer.File\r\n\u001b[7m  \u001b[0m \u001b[91m                 ~~~~~~~~~~~~~~~~~~~~~~~~~~~~~~~~~~~~~~~~~~~~~~~~~~~~\u001b[0m\r\n\n    at createTSError (D:\\Projects\\Support-User-Info\\server\\node_modules\\ts-node\\src\\index.ts:513:12)\n    at reportTSError (D:\\Projects\\Support-User-Info\\server\\node_modules\\ts-node\\src\\index.ts:517:19)\n    at getOutput (D:\\Projects\\Support-User-Info\\server\\node_modules\\ts-node\\src\\index.ts:752:36)\n    at Object.compile (D:\\Projects\\Support-User-Info\\server\\node_modules\\ts-node\\src\\index.ts:968:32)\n    at Module.m._compile (D:\\Projects\\Support-User-Info\\server\\node_modules\\ts-node\\src\\index.ts:1056:42)\n    at Module._extensions..js (node:internal/modules/cjs/loader:1435:10)\n    at require.extensions.<computed> (D:\\Projects\\Support-User-Info\\server\\node_modules\\ts-node\\src\\index.ts:1059:12)\n    at Object.newLoader [as .ts] (D:\\Projects\\Support-User-Info\\server\\node_modules\\pirates\\lib\\index.js:121:7)\n    at Module.load (node:internal/modules/cjs/loader:1207:32)\n    at Function.Module._load (node:internal/modules/cjs/loader:1023:12)","os":{"loadavg":[0,0,0],"uptime":31011},"process":{"argv":["D:\\Projects\\Support-User-Info\\server\\node_modules\\ts-node\\dist\\bin.js","D:\\Projects\\Support-User-Info\\server\\src\\bin\\server.ts"],"cwd":"D:\\Projects\\Support-User-Info\\server","execPath":"C:\\Program Files\\nodejs\\node.exe","gid":null,"memoryUsage":{"arrayBuffers":82555,"external":3130334,"heapTotal":259334144,"heapUsed":232046424,"rss":313032704},"pid":1860,"uid":null,"version":"v20.10.0"},"stack":"TSError: ⨯ Unable to compile TypeScript:\n\u001b[96msrc/helpers/withState.ts\u001b[0m:\u001b[93m89\u001b[0m:\u001b[93m18\u001b[0m - \u001b[91merror\u001b[0m\u001b[90m TS2352: \u001b[0mConversion of type 'never[]' to type 'File' may be a mistake because neither type sufficiently overlaps with the other. If this was intentional, convert the expression to 'unknown' first.\r\n  Type 'never[]' is missing the following properties from type 'File': fieldname, originalname, encoding, mimetype, and 6 more.\r\n\r\n\u001b[7m89\u001b[0m     const data = get(this.req.files, name, []) as Express.Multer.File\r\n\u001b[7m  \u001b[0m \u001b[91m                 ~~~~~~~~~~~~~~~~~~~~~~~~~~~~~~~~~~~~~~~~~~~~~~~~~~~~\u001b[0m\r\n\n    at createTSError (D:\\Projects\\Support-User-Info\\server\\node_modules\\ts-node\\src\\index.ts:513:12)\n    at reportTSError (D:\\Projects\\Support-User-Info\\server\\node_modules\\ts-node\\src\\index.ts:517:19)\n    at getOutput (D:\\Projects\\Support-User-Info\\server\\node_modules\\ts-node\\src\\index.ts:752:36)\n    at Object.compile (D:\\Projects\\Support-User-Info\\server\\node_modules\\ts-node\\src\\index.ts:968:32)\n    at Module.m._compile (D:\\Projects\\Support-User-Info\\server\\node_modules\\ts-node\\src\\index.ts:1056:42)\n    at Module._extensions..js (node:internal/modules/cjs/loader:1435:10)\n    at require.extensions.<computed> (D:\\Projects\\Support-User-Info\\server\\node_modules\\ts-node\\src\\index.ts:1059:12)\n    at Object.newLoader [as .ts] (D:\\Projects\\Support-User-Info\\server\\node_modules\\pirates\\lib\\index.js:121:7)\n    at Module.load (node:internal/modules/cjs/loader:1207:32)\n    at Function.Module._load (node:internal/modules/cjs/loader:1023:12)","trace":[{"column":12,"file":"D:\\Projects\\Support-User-Info\\server\\node_modules\\ts-node\\src\\index.ts","function":"createTSError","line":513,"method":null,"native":false},{"column":19,"file":"D:\\Projects\\Support-User-Info\\server\\node_modules\\ts-node\\src\\index.ts","function":"reportTSError","line":517,"method":null,"native":false},{"column":36,"file":"D:\\Projects\\Support-User-Info\\server\\node_modules\\ts-node\\src\\index.ts","function":"getOutput","line":752,"method":null,"native":false},{"column":32,"file":"D:\\Projects\\Support-User-Info\\server\\node_modules\\ts-node\\src\\index.ts","function":"Object.compile","line":968,"method":"compile","native":false},{"column":42,"file":"D:\\Projects\\Support-User-Info\\server\\node_modules\\ts-node\\src\\index.ts","function":"Module.m._compile","line":1056,"method":"_compile","native":false},{"column":10,"file":"node:internal/modules/cjs/loader","function":"Module._extensions..js","line":1435,"method":".js","native":false},{"column":12,"file":"D:\\Projects\\Support-User-Info\\server\\node_modules\\ts-node\\src\\index.ts","function":"require.extensions.<computed>","line":1059,"method":"<computed>","native":false},{"column":7,"file":"D:\\Projects\\Support-User-Info\\server\\node_modules\\pirates\\lib\\index.js","function":"Object.newLoader [as .ts]","line":121,"method":"ts]","native":false},{"column":32,"file":"node:internal/modules/cjs/loader","function":"Module.load","line":1207,"method":"load","native":false},{"column":12,"file":"node:internal/modules/cjs/loader","function":"Module._load","line":1023,"method":"_load","native":false}]}
{"date":"Mon Mar 18 2024 15:45:10 GMT+0800 (Singapore Standard Time)","error":{"diagnosticCodes":[2352],"diagnosticText":"\u001b[96msrc/helpers/withState.ts\u001b[0m:\u001b[93m89\u001b[0m:\u001b[93m18\u001b[0m - \u001b[91merror\u001b[0m\u001b[90m TS2352: \u001b[0mConversion of type 'never[]' to type 'File' may be a mistake because neither type sufficiently overlaps with the other. If this was intentional, convert the expression to 'unknown' first.\r\n  Type 'never[]' is missing the following properties from type 'File': fieldname, originalname, encoding, mimetype, and 6 more.\r\n\r\n\u001b[7m89\u001b[0m     const data = get(this.req.files, name, []) as Express.Multer.File\r\n\u001b[7m  \u001b[0m \u001b[91m                 ~~~~~~~~~~~~~~~~~~~~~~~~~~~~~~~~~~~~~~~~~~~~~~~~~~~~\u001b[0m\r\n"},"exception":true,"level":"error","message":"uncaughtException: ⨯ Unable to compile TypeScript:\n\u001b[96msrc/helpers/withState.ts\u001b[0m:\u001b[93m89\u001b[0m:\u001b[93m18\u001b[0m - \u001b[91merror\u001b[0m\u001b[90m TS2352: \u001b[0mConversion of type 'never[]' to type 'File' may be a mistake because neither type sufficiently overlaps with the other. If this was intentional, convert the expression to 'unknown' first.\r\n  Type 'never[]' is missing the following properties from type 'File': fieldname, originalname, encoding, mimetype, and 6 more.\r\n\r\n\u001b[7m89\u001b[0m     const data = get(this.req.files, name, []) as Express.Multer.File\r\n\u001b[7m  \u001b[0m \u001b[91m                 ~~~~~~~~~~~~~~~~~~~~~~~~~~~~~~~~~~~~~~~~~~~~~~~~~~~~\u001b[0m\r\n\nTSError: ⨯ Unable to compile TypeScript:\n\u001b[96msrc/helpers/withState.ts\u001b[0m:\u001b[93m89\u001b[0m:\u001b[93m18\u001b[0m - \u001b[91merror\u001b[0m\u001b[90m TS2352: \u001b[0mConversion of type 'never[]' to type 'File' may be a mistake because neither type sufficiently overlaps with the other. If this was intentional, convert the expression to 'unknown' first.\r\n  Type 'never[]' is missing the following properties from type 'File': fieldname, originalname, encoding, mimetype, and 6 more.\r\n\r\n\u001b[7m89\u001b[0m     const data = get(this.req.files, name, []) as Express.Multer.File\r\n\u001b[7m  \u001b[0m \u001b[91m                 ~~~~~~~~~~~~~~~~~~~~~~~~~~~~~~~~~~~~~~~~~~~~~~~~~~~~\u001b[0m\r\n\n    at createTSError (D:\\Projects\\Support-User-Info\\server\\node_modules\\ts-node\\src\\index.ts:513:12)\n    at reportTSError (D:\\Projects\\Support-User-Info\\server\\node_modules\\ts-node\\src\\index.ts:517:19)\n    at getOutput (D:\\Projects\\Support-User-Info\\server\\node_modules\\ts-node\\src\\index.ts:752:36)\n    at Object.compile (D:\\Projects\\Support-User-Info\\server\\node_modules\\ts-node\\src\\index.ts:968:32)\n    at Module.m._compile (D:\\Projects\\Support-User-Info\\server\\node_modules\\ts-node\\src\\index.ts:1056:42)\n    at Module._extensions..js (node:internal/modules/cjs/loader:1435:10)\n    at require.extensions.<computed> (D:\\Projects\\Support-User-Info\\server\\node_modules\\ts-node\\src\\index.ts:1059:12)\n    at Object.newLoader [as .ts] (D:\\Projects\\Support-User-Info\\server\\node_modules\\pirates\\lib\\index.js:121:7)\n    at Module.load (node:internal/modules/cjs/loader:1207:32)\n    at Function.Module._load (node:internal/modules/cjs/loader:1023:12)","os":{"loadavg":[0,0,0],"uptime":31092.531},"process":{"argv":["D:\\Projects\\Support-User-Info\\server\\node_modules\\ts-node\\dist\\bin.js","D:\\Projects\\Support-User-Info\\server\\src\\bin\\server.ts"],"cwd":"D:\\Projects\\Support-User-Info\\server","execPath":"C:\\Program Files\\nodejs\\node.exe","gid":null,"memoryUsage":{"arrayBuffers":90747,"external":3138526,"heapTotal":260644864,"heapUsed":238438192,"rss":319332352},"pid":21484,"uid":null,"version":"v20.10.0"},"stack":"TSError: ⨯ Unable to compile TypeScript:\n\u001b[96msrc/helpers/withState.ts\u001b[0m:\u001b[93m89\u001b[0m:\u001b[93m18\u001b[0m - \u001b[91merror\u001b[0m\u001b[90m TS2352: \u001b[0mConversion of type 'never[]' to type 'File' may be a mistake because neither type sufficiently overlaps with the other. If this was intentional, convert the expression to 'unknown' first.\r\n  Type 'never[]' is missing the following properties from type 'File': fieldname, originalname, encoding, mimetype, and 6 more.\r\n\r\n\u001b[7m89\u001b[0m     const data = get(this.req.files, name, []) as Express.Multer.File\r\n\u001b[7m  \u001b[0m \u001b[91m                 ~~~~~~~~~~~~~~~~~~~~~~~~~~~~~~~~~~~~~~~~~~~~~~~~~~~~\u001b[0m\r\n\n    at createTSError (D:\\Projects\\Support-User-Info\\server\\node_modules\\ts-node\\src\\index.ts:513:12)\n    at reportTSError (D:\\Projects\\Support-User-Info\\server\\node_modules\\ts-node\\src\\index.ts:517:19)\n    at getOutput (D:\\Projects\\Support-User-Info\\server\\node_modules\\ts-node\\src\\index.ts:752:36)\n    at Object.compile (D:\\Projects\\Support-User-Info\\server\\node_modules\\ts-node\\src\\index.ts:968:32)\n    at Module.m._compile (D:\\Projects\\Support-User-Info\\server\\node_modules\\ts-node\\src\\index.ts:1056:42)\n    at Module._extensions..js (node:internal/modules/cjs/loader:1435:10)\n    at require.extensions.<computed> (D:\\Projects\\Support-User-Info\\server\\node_modules\\ts-node\\src\\index.ts:1059:12)\n    at Object.newLoader [as .ts] (D:\\Projects\\Support-User-Info\\server\\node_modules\\pirates\\lib\\index.js:121:7)\n    at Module.load (node:internal/modules/cjs/loader:1207:32)\n    at Function.Module._load (node:internal/modules/cjs/loader:1023:12)","trace":[{"column":12,"file":"D:\\Projects\\Support-User-Info\\server\\node_modules\\ts-node\\src\\index.ts","function":"createTSError","line":513,"method":null,"native":false},{"column":19,"file":"D:\\Projects\\Support-User-Info\\server\\node_modules\\ts-node\\src\\index.ts","function":"reportTSError","line":517,"method":null,"native":false},{"column":36,"file":"D:\\Projects\\Support-User-Info\\server\\node_modules\\ts-node\\src\\index.ts","function":"getOutput","line":752,"method":null,"native":false},{"column":32,"file":"D:\\Projects\\Support-User-Info\\server\\node_modules\\ts-node\\src\\index.ts","function":"Object.compile","line":968,"method":"compile","native":false},{"column":42,"file":"D:\\Projects\\Support-User-Info\\server\\node_modules\\ts-node\\src\\index.ts","function":"Module.m._compile","line":1056,"method":"_compile","native":false},{"column":10,"file":"node:internal/modules/cjs/loader","function":"Module._extensions..js","line":1435,"method":".js","native":false},{"column":12,"file":"D:\\Projects\\Support-User-Info\\server\\node_modules\\ts-node\\src\\index.ts","function":"require.extensions.<computed>","line":1059,"method":"<computed>","native":false},{"column":7,"file":"D:\\Projects\\Support-User-Info\\server\\node_modules\\pirates\\lib\\index.js","function":"Object.newLoader [as .ts]","line":121,"method":"ts]","native":false},{"column":32,"file":"node:internal/modules/cjs/loader","function":"Module.load","line":1207,"method":"load","native":false},{"column":12,"file":"node:internal/modules/cjs/loader","function":"Module._load","line":1023,"method":"_load","native":false}]}
{"date":"Mon Mar 18 2024 16:09:01 GMT+0800 (Singapore Standard Time)","error":{"diagnosticCodes":[2352],"diagnosticText":"\u001b[96msrc/helpers/withState.ts\u001b[0m:\u001b[93m89\u001b[0m:\u001b[93m18\u001b[0m - \u001b[91merror\u001b[0m\u001b[90m TS2352: \u001b[0mConversion of type 'never[]' to type 'File' may be a mistake because neither type sufficiently overlaps with the other. If this was intentional, convert the expression to 'unknown' first.\r\n  Type 'never[]' is missing the following properties from type 'File': fieldname, originalname, encoding, mimetype, and 6 more.\r\n\r\n\u001b[7m89\u001b[0m     const data = get(this.req.files, name, []) as Express.Multer.File\r\n\u001b[7m  \u001b[0m \u001b[91m                 ~~~~~~~~~~~~~~~~~~~~~~~~~~~~~~~~~~~~~~~~~~~~~~~~~~~~\u001b[0m\r\n"},"exception":true,"level":"error","message":"uncaughtException: ⨯ Unable to compile TypeScript:\n\u001b[96msrc/helpers/withState.ts\u001b[0m:\u001b[93m89\u001b[0m:\u001b[93m18\u001b[0m - \u001b[91merror\u001b[0m\u001b[90m TS2352: \u001b[0mConversion of type 'never[]' to type 'File' may be a mistake because neither type sufficiently overlaps with the other. If this was intentional, convert the expression to 'unknown' first.\r\n  Type 'never[]' is missing the following properties from type 'File': fieldname, originalname, encoding, mimetype, and 6 more.\r\n\r\n\u001b[7m89\u001b[0m     const data = get(this.req.files, name, []) as Express.Multer.File\r\n\u001b[7m  \u001b[0m \u001b[91m                 ~~~~~~~~~~~~~~~~~~~~~~~~~~~~~~~~~~~~~~~~~~~~~~~~~~~~\u001b[0m\r\n\nTSError: ⨯ Unable to compile TypeScript:\n\u001b[96msrc/helpers/withState.ts\u001b[0m:\u001b[93m89\u001b[0m:\u001b[93m18\u001b[0m - \u001b[91merror\u001b[0m\u001b[90m TS2352: \u001b[0mConversion of type 'never[]' to type 'File' may be a mistake because neither type sufficiently overlaps with the other. If this was intentional, convert the expression to 'unknown' first.\r\n  Type 'never[]' is missing the following properties from type 'File': fieldname, originalname, encoding, mimetype, and 6 more.\r\n\r\n\u001b[7m89\u001b[0m     const data = get(this.req.files, name, []) as Express.Multer.File\r\n\u001b[7m  \u001b[0m \u001b[91m                 ~~~~~~~~~~~~~~~~~~~~~~~~~~~~~~~~~~~~~~~~~~~~~~~~~~~~\u001b[0m\r\n\n    at createTSError (D:\\Projects\\Support-User-Info\\server\\node_modules\\ts-node\\src\\index.ts:513:12)\n    at reportTSError (D:\\Projects\\Support-User-Info\\server\\node_modules\\ts-node\\src\\index.ts:517:19)\n    at getOutput (D:\\Projects\\Support-User-Info\\server\\node_modules\\ts-node\\src\\index.ts:752:36)\n    at Object.compile (D:\\Projects\\Support-User-Info\\server\\node_modules\\ts-node\\src\\index.ts:968:32)\n    at Module.m._compile (D:\\Projects\\Support-User-Info\\server\\node_modules\\ts-node\\src\\index.ts:1056:42)\n    at Module._extensions..js (node:internal/modules/cjs/loader:1435:10)\n    at require.extensions.<computed> (D:\\Projects\\Support-User-Info\\server\\node_modules\\ts-node\\src\\index.ts:1059:12)\n    at Object.newLoader [as .ts] (D:\\Projects\\Support-User-Info\\server\\node_modules\\pirates\\lib\\index.js:121:7)\n    at Module.load (node:internal/modules/cjs/loader:1207:32)\n    at Function.Module._load (node:internal/modules/cjs/loader:1023:12)","os":{"loadavg":[0,0,0],"uptime":32523.031},"process":{"argv":["D:\\Projects\\Support-User-Info\\server\\node_modules\\ts-node\\dist\\bin.js","D:\\Projects\\Support-User-Info\\server\\src\\bin\\server.ts"],"cwd":"D:\\Projects\\Support-User-Info\\server","execPath":"C:\\Program Files\\nodejs\\node.exe","gid":null,"memoryUsage":{"arrayBuffers":74363,"external":3122142,"heapTotal":259334144,"heapUsed":235103648,"rss":313499648},"pid":9796,"uid":null,"version":"v20.10.0"},"stack":"TSError: ⨯ Unable to compile TypeScript:\n\u001b[96msrc/helpers/withState.ts\u001b[0m:\u001b[93m89\u001b[0m:\u001b[93m18\u001b[0m - \u001b[91merror\u001b[0m\u001b[90m TS2352: \u001b[0mConversion of type 'never[]' to type 'File' may be a mistake because neither type sufficiently overlaps with the other. If this was intentional, convert the expression to 'unknown' first.\r\n  Type 'never[]' is missing the following properties from type 'File': fieldname, originalname, encoding, mimetype, and 6 more.\r\n\r\n\u001b[7m89\u001b[0m     const data = get(this.req.files, name, []) as Express.Multer.File\r\n\u001b[7m  \u001b[0m \u001b[91m                 ~~~~~~~~~~~~~~~~~~~~~~~~~~~~~~~~~~~~~~~~~~~~~~~~~~~~\u001b[0m\r\n\n    at createTSError (D:\\Projects\\Support-User-Info\\server\\node_modules\\ts-node\\src\\index.ts:513:12)\n    at reportTSError (D:\\Projects\\Support-User-Info\\server\\node_modules\\ts-node\\src\\index.ts:517:19)\n    at getOutput (D:\\Projects\\Support-User-Info\\server\\node_modules\\ts-node\\src\\index.ts:752:36)\n    at Object.compile (D:\\Projects\\Support-User-Info\\server\\node_modules\\ts-node\\src\\index.ts:968:32)\n    at Module.m._compile (D:\\Projects\\Support-User-Info\\server\\node_modules\\ts-node\\src\\index.ts:1056:42)\n    at Module._extensions..js (node:internal/modules/cjs/loader:1435:10)\n    at require.extensions.<computed> (D:\\Projects\\Support-User-Info\\server\\node_modules\\ts-node\\src\\index.ts:1059:12)\n    at Object.newLoader [as .ts] (D:\\Projects\\Support-User-Info\\server\\node_modules\\pirates\\lib\\index.js:121:7)\n    at Module.load (node:internal/modules/cjs/loader:1207:32)\n    at Function.Module._load (node:internal/modules/cjs/loader:1023:12)","trace":[{"column":12,"file":"D:\\Projects\\Support-User-Info\\server\\node_modules\\ts-node\\src\\index.ts","function":"createTSError","line":513,"method":null,"native":false},{"column":19,"file":"D:\\Projects\\Support-User-Info\\server\\node_modules\\ts-node\\src\\index.ts","function":"reportTSError","line":517,"method":null,"native":false},{"column":36,"file":"D:\\Projects\\Support-User-Info\\server\\node_modules\\ts-node\\src\\index.ts","function":"getOutput","line":752,"method":null,"native":false},{"column":32,"file":"D:\\Projects\\Support-User-Info\\server\\node_modules\\ts-node\\src\\index.ts","function":"Object.compile","line":968,"method":"compile","native":false},{"column":42,"file":"D:\\Projects\\Support-User-Info\\server\\node_modules\\ts-node\\src\\index.ts","function":"Module.m._compile","line":1056,"method":"_compile","native":false},{"column":10,"file":"node:internal/modules/cjs/loader","function":"Module._extensions..js","line":1435,"method":".js","native":false},{"column":12,"file":"D:\\Projects\\Support-User-Info\\server\\node_modules\\ts-node\\src\\index.ts","function":"require.extensions.<computed>","line":1059,"method":"<computed>","native":false},{"column":7,"file":"D:\\Projects\\Support-User-Info\\server\\node_modules\\pirates\\lib\\index.js","function":"Object.newLoader [as .ts]","line":121,"method":"ts]","native":false},{"column":32,"file":"node:internal/modules/cjs/loader","function":"Module.load","line":1207,"method":"load","native":false},{"column":12,"file":"node:internal/modules/cjs/loader","function":"Module._load","line":1023,"method":"_load","native":false}]}
{"date":"Mon Mar 18 2024 16:10:19 GMT+0800 (Singapore Standard Time)","error":{"diagnosticCodes":[2352],"diagnosticText":"\u001b[96msrc/helpers/withState.ts\u001b[0m:\u001b[93m89\u001b[0m:\u001b[93m18\u001b[0m - \u001b[91merror\u001b[0m\u001b[90m TS2352: \u001b[0mConversion of type 'never[]' to type 'File' may be a mistake because neither type sufficiently overlaps with the other. If this was intentional, convert the expression to 'unknown' first.\r\n  Type 'never[]' is missing the following properties from type 'File': fieldname, originalname, encoding, mimetype, and 6 more.\r\n\r\n\u001b[7m89\u001b[0m     const data = get(this.req.files, name, []) as Express.Multer.File\r\n\u001b[7m  \u001b[0m \u001b[91m                 ~~~~~~~~~~~~~~~~~~~~~~~~~~~~~~~~~~~~~~~~~~~~~~~~~~~~\u001b[0m\r\n"},"exception":true,"level":"error","message":"uncaughtException: ⨯ Unable to compile TypeScript:\n\u001b[96msrc/helpers/withState.ts\u001b[0m:\u001b[93m89\u001b[0m:\u001b[93m18\u001b[0m - \u001b[91merror\u001b[0m\u001b[90m TS2352: \u001b[0mConversion of type 'never[]' to type 'File' may be a mistake because neither type sufficiently overlaps with the other. If this was intentional, convert the expression to 'unknown' first.\r\n  Type 'never[]' is missing the following properties from type 'File': fieldname, originalname, encoding, mimetype, and 6 more.\r\n\r\n\u001b[7m89\u001b[0m     const data = get(this.req.files, name, []) as Express.Multer.File\r\n\u001b[7m  \u001b[0m \u001b[91m                 ~~~~~~~~~~~~~~~~~~~~~~~~~~~~~~~~~~~~~~~~~~~~~~~~~~~~\u001b[0m\r\n\nTSError: ⨯ Unable to compile TypeScript:\n\u001b[96msrc/helpers/withState.ts\u001b[0m:\u001b[93m89\u001b[0m:\u001b[93m18\u001b[0m - \u001b[91merror\u001b[0m\u001b[90m TS2352: \u001b[0mConversion of type 'never[]' to type 'File' may be a mistake because neither type sufficiently overlaps with the other. If this was intentional, convert the expression to 'unknown' first.\r\n  Type 'never[]' is missing the following properties from type 'File': fieldname, originalname, encoding, mimetype, and 6 more.\r\n\r\n\u001b[7m89\u001b[0m     const data = get(this.req.files, name, []) as Express.Multer.File\r\n\u001b[7m  \u001b[0m \u001b[91m                 ~~~~~~~~~~~~~~~~~~~~~~~~~~~~~~~~~~~~~~~~~~~~~~~~~~~~\u001b[0m\r\n\n    at createTSError (D:\\Projects\\Support-User-Info\\server\\node_modules\\ts-node\\src\\index.ts:513:12)\n    at reportTSError (D:\\Projects\\Support-User-Info\\server\\node_modules\\ts-node\\src\\index.ts:517:19)\n    at getOutput (D:\\Projects\\Support-User-Info\\server\\node_modules\\ts-node\\src\\index.ts:752:36)\n    at Object.compile (D:\\Projects\\Support-User-Info\\server\\node_modules\\ts-node\\src\\index.ts:968:32)\n    at Module.m._compile (D:\\Projects\\Support-User-Info\\server\\node_modules\\ts-node\\src\\index.ts:1056:42)\n    at Module._extensions..js (node:internal/modules/cjs/loader:1435:10)\n    at require.extensions.<computed> (D:\\Projects\\Support-User-Info\\server\\node_modules\\ts-node\\src\\index.ts:1059:12)\n    at Object.newLoader [as .ts] (D:\\Projects\\Support-User-Info\\server\\node_modules\\pirates\\lib\\index.js:121:7)\n    at Module.load (node:internal/modules/cjs/loader:1207:32)\n    at Function.Module._load (node:internal/modules/cjs/loader:1023:12)","os":{"loadavg":[0,0,0],"uptime":32600.656},"process":{"argv":["D:\\Projects\\Support-User-Info\\server\\node_modules\\ts-node\\dist\\bin.js","D:\\Projects\\Support-User-Info\\server\\src\\bin\\server.ts"],"cwd":"D:\\Projects\\Support-User-Info\\server","execPath":"C:\\Program Files\\nodejs\\node.exe","gid":null,"memoryUsage":{"arrayBuffers":92006,"external":3138670,"heapTotal":260644864,"heapUsed":233126160,"rss":316846080},"pid":2072,"uid":null,"version":"v20.10.0"},"stack":"TSError: ⨯ Unable to compile TypeScript:\n\u001b[96msrc/helpers/withState.ts\u001b[0m:\u001b[93m89\u001b[0m:\u001b[93m18\u001b[0m - \u001b[91merror\u001b[0m\u001b[90m TS2352: \u001b[0mConversion of type 'never[]' to type 'File' may be a mistake because neither type sufficiently overlaps with the other. If this was intentional, convert the expression to 'unknown' first.\r\n  Type 'never[]' is missing the following properties from type 'File': fieldname, originalname, encoding, mimetype, and 6 more.\r\n\r\n\u001b[7m89\u001b[0m     const data = get(this.req.files, name, []) as Express.Multer.File\r\n\u001b[7m  \u001b[0m \u001b[91m                 ~~~~~~~~~~~~~~~~~~~~~~~~~~~~~~~~~~~~~~~~~~~~~~~~~~~~\u001b[0m\r\n\n    at createTSError (D:\\Projects\\Support-User-Info\\server\\node_modules\\ts-node\\src\\index.ts:513:12)\n    at reportTSError (D:\\Projects\\Support-User-Info\\server\\node_modules\\ts-node\\src\\index.ts:517:19)\n    at getOutput (D:\\Projects\\Support-User-Info\\server\\node_modules\\ts-node\\src\\index.ts:752:36)\n    at Object.compile (D:\\Projects\\Support-User-Info\\server\\node_modules\\ts-node\\src\\index.ts:968:32)\n    at Module.m._compile (D:\\Projects\\Support-User-Info\\server\\node_modules\\ts-node\\src\\index.ts:1056:42)\n    at Module._extensions..js (node:internal/modules/cjs/loader:1435:10)\n    at require.extensions.<computed> (D:\\Projects\\Support-User-Info\\server\\node_modules\\ts-node\\src\\index.ts:1059:12)\n    at Object.newLoader [as .ts] (D:\\Projects\\Support-User-Info\\server\\node_modules\\pirates\\lib\\index.js:121:7)\n    at Module.load (node:internal/modules/cjs/loader:1207:32)\n    at Function.Module._load (node:internal/modules/cjs/loader:1023:12)","trace":[{"column":12,"file":"D:\\Projects\\Support-User-Info\\server\\node_modules\\ts-node\\src\\index.ts","function":"createTSError","line":513,"method":null,"native":false},{"column":19,"file":"D:\\Projects\\Support-User-Info\\server\\node_modules\\ts-node\\src\\index.ts","function":"reportTSError","line":517,"method":null,"native":false},{"column":36,"file":"D:\\Projects\\Support-User-Info\\server\\node_modules\\ts-node\\src\\index.ts","function":"getOutput","line":752,"method":null,"native":false},{"column":32,"file":"D:\\Projects\\Support-User-Info\\server\\node_modules\\ts-node\\src\\index.ts","function":"Object.compile","line":968,"method":"compile","native":false},{"column":42,"file":"D:\\Projects\\Support-User-Info\\server\\node_modules\\ts-node\\src\\index.ts","function":"Module.m._compile","line":1056,"method":"_compile","native":false},{"column":10,"file":"node:internal/modules/cjs/loader","function":"Module._extensions..js","line":1435,"method":".js","native":false},{"column":12,"file":"D:\\Projects\\Support-User-Info\\server\\node_modules\\ts-node\\src\\index.ts","function":"require.extensions.<computed>","line":1059,"method":"<computed>","native":false},{"column":7,"file":"D:\\Projects\\Support-User-Info\\server\\node_modules\\pirates\\lib\\index.js","function":"Object.newLoader [as .ts]","line":121,"method":"ts]","native":false},{"column":32,"file":"node:internal/modules/cjs/loader","function":"Module.load","line":1207,"method":"load","native":false},{"column":12,"file":"node:internal/modules/cjs/loader","function":"Module._load","line":1023,"method":"_load","native":false}]}
{"date":"Mon Mar 18 2024 16:34:51 GMT+0800 (Singapore Standard Time)","error":{"diagnosticCodes":[2352],"diagnosticText":"\u001b[96msrc/helpers/withState.ts\u001b[0m:\u001b[93m89\u001b[0m:\u001b[93m18\u001b[0m - \u001b[91merror\u001b[0m\u001b[90m TS2352: \u001b[0mConversion of type 'never[]' to type 'File' may be a mistake because neither type sufficiently overlaps with the other. If this was intentional, convert the expression to 'unknown' first.\r\n  Type 'never[]' is missing the following properties from type 'File': fieldname, originalname, encoding, mimetype, and 6 more.\r\n\r\n\u001b[7m89\u001b[0m     const data = get(this.req.files, name, []) as Express.Multer.File\r\n\u001b[7m  \u001b[0m \u001b[91m                 ~~~~~~~~~~~~~~~~~~~~~~~~~~~~~~~~~~~~~~~~~~~~~~~~~~~~\u001b[0m\r\n"},"exception":true,"level":"error","message":"uncaughtException: ⨯ Unable to compile TypeScript:\n\u001b[96msrc/helpers/withState.ts\u001b[0m:\u001b[93m89\u001b[0m:\u001b[93m18\u001b[0m - \u001b[91merror\u001b[0m\u001b[90m TS2352: \u001b[0mConversion of type 'never[]' to type 'File' may be a mistake because neither type sufficiently overlaps with the other. If this was intentional, convert the expression to 'unknown' first.\r\n  Type 'never[]' is missing the following properties from type 'File': fieldname, originalname, encoding, mimetype, and 6 more.\r\n\r\n\u001b[7m89\u001b[0m     const data = get(this.req.files, name, []) as Express.Multer.File\r\n\u001b[7m  \u001b[0m \u001b[91m                 ~~~~~~~~~~~~~~~~~~~~~~~~~~~~~~~~~~~~~~~~~~~~~~~~~~~~\u001b[0m\r\n\nTSError: ⨯ Unable to compile TypeScript:\n\u001b[96msrc/helpers/withState.ts\u001b[0m:\u001b[93m89\u001b[0m:\u001b[93m18\u001b[0m - \u001b[91merror\u001b[0m\u001b[90m TS2352: \u001b[0mConversion of type 'never[]' to type 'File' may be a mistake because neither type sufficiently overlaps with the other. If this was intentional, convert the expression to 'unknown' first.\r\n  Type 'never[]' is missing the following properties from type 'File': fieldname, originalname, encoding, mimetype, and 6 more.\r\n\r\n\u001b[7m89\u001b[0m     const data = get(this.req.files, name, []) as Express.Multer.File\r\n\u001b[7m  \u001b[0m \u001b[91m                 ~~~~~~~~~~~~~~~~~~~~~~~~~~~~~~~~~~~~~~~~~~~~~~~~~~~~\u001b[0m\r\n\n    at createTSError (D:\\Projects\\Support-User-Info\\server\\node_modules\\ts-node\\src\\index.ts:513:12)\n    at reportTSError (D:\\Projects\\Support-User-Info\\server\\node_modules\\ts-node\\src\\index.ts:517:19)\n    at getOutput (D:\\Projects\\Support-User-Info\\server\\node_modules\\ts-node\\src\\index.ts:752:36)\n    at Object.compile (D:\\Projects\\Support-User-Info\\server\\node_modules\\ts-node\\src\\index.ts:968:32)\n    at Module.m._compile (D:\\Projects\\Support-User-Info\\server\\node_modules\\ts-node\\src\\index.ts:1056:42)\n    at Module._extensions..js (node:internal/modules/cjs/loader:1435:10)\n    at require.extensions.<computed> (D:\\Projects\\Support-User-Info\\server\\node_modules\\ts-node\\src\\index.ts:1059:12)\n    at Object.newLoader [as .ts] (D:\\Projects\\Support-User-Info\\server\\node_modules\\pirates\\lib\\index.js:121:7)\n    at Module.load (node:internal/modules/cjs/loader:1207:32)\n    at Function.Module._load (node:internal/modules/cjs/loader:1023:12)","os":{"loadavg":[0,0,0],"uptime":34073.062},"process":{"argv":["D:\\Projects\\Support-User-Info\\server\\node_modules\\ts-node\\dist\\bin.js","D:\\Projects\\Support-User-Info\\server\\src\\bin\\server.ts"],"cwd":"D:\\Projects\\Support-User-Info\\server","execPath":"C:\\Program Files\\nodejs\\node.exe","gid":null,"memoryUsage":{"arrayBuffers":74363,"external":3122142,"heapTotal":265519104,"heapUsed":232338720,"rss":324427776},"pid":3276,"uid":null,"version":"v20.10.0"},"stack":"TSError: ⨯ Unable to compile TypeScript:\n\u001b[96msrc/helpers/withState.ts\u001b[0m:\u001b[93m89\u001b[0m:\u001b[93m18\u001b[0m - \u001b[91merror\u001b[0m\u001b[90m TS2352: \u001b[0mConversion of type 'never[]' to type 'File' may be a mistake because neither type sufficiently overlaps with the other. If this was intentional, convert the expression to 'unknown' first.\r\n  Type 'never[]' is missing the following properties from type 'File': fieldname, originalname, encoding, mimetype, and 6 more.\r\n\r\n\u001b[7m89\u001b[0m     const data = get(this.req.files, name, []) as Express.Multer.File\r\n\u001b[7m  \u001b[0m \u001b[91m                 ~~~~~~~~~~~~~~~~~~~~~~~~~~~~~~~~~~~~~~~~~~~~~~~~~~~~\u001b[0m\r\n\n    at createTSError (D:\\Projects\\Support-User-Info\\server\\node_modules\\ts-node\\src\\index.ts:513:12)\n    at reportTSError (D:\\Projects\\Support-User-Info\\server\\node_modules\\ts-node\\src\\index.ts:517:19)\n    at getOutput (D:\\Projects\\Support-User-Info\\server\\node_modules\\ts-node\\src\\index.ts:752:36)\n    at Object.compile (D:\\Projects\\Support-User-Info\\server\\node_modules\\ts-node\\src\\index.ts:968:32)\n    at Module.m._compile (D:\\Projects\\Support-User-Info\\server\\node_modules\\ts-node\\src\\index.ts:1056:42)\n    at Module._extensions..js (node:internal/modules/cjs/loader:1435:10)\n    at require.extensions.<computed> (D:\\Projects\\Support-User-Info\\server\\node_modules\\ts-node\\src\\index.ts:1059:12)\n    at Object.newLoader [as .ts] (D:\\Projects\\Support-User-Info\\server\\node_modules\\pirates\\lib\\index.js:121:7)\n    at Module.load (node:internal/modules/cjs/loader:1207:32)\n    at Function.Module._load (node:internal/modules/cjs/loader:1023:12)","trace":[{"column":12,"file":"D:\\Projects\\Support-User-Info\\server\\node_modules\\ts-node\\src\\index.ts","function":"createTSError","line":513,"method":null,"native":false},{"column":19,"file":"D:\\Projects\\Support-User-Info\\server\\node_modules\\ts-node\\src\\index.ts","function":"reportTSError","line":517,"method":null,"native":false},{"column":36,"file":"D:\\Projects\\Support-User-Info\\server\\node_modules\\ts-node\\src\\index.ts","function":"getOutput","line":752,"method":null,"native":false},{"column":32,"file":"D:\\Projects\\Support-User-Info\\server\\node_modules\\ts-node\\src\\index.ts","function":"Object.compile","line":968,"method":"compile","native":false},{"column":42,"file":"D:\\Projects\\Support-User-Info\\server\\node_modules\\ts-node\\src\\index.ts","function":"Module.m._compile","line":1056,"method":"_compile","native":false},{"column":10,"file":"node:internal/modules/cjs/loader","function":"Module._extensions..js","line":1435,"method":".js","native":false},{"column":12,"file":"D:\\Projects\\Support-User-Info\\server\\node_modules\\ts-node\\src\\index.ts","function":"require.extensions.<computed>","line":1059,"method":"<computed>","native":false},{"column":7,"file":"D:\\Projects\\Support-User-Info\\server\\node_modules\\pirates\\lib\\index.js","function":"Object.newLoader [as .ts]","line":121,"method":"ts]","native":false},{"column":32,"file":"node:internal/modules/cjs/loader","function":"Module.load","line":1207,"method":"load","native":false},{"column":12,"file":"node:internal/modules/cjs/loader","function":"Module._load","line":1023,"method":"_load","native":false}]}
{"date":"Mon Mar 18 2024 16:35:27 GMT+0800 (Singapore Standard Time)","error":{"diagnosticCodes":[2352],"diagnosticText":"\u001b[96msrc/helpers/withState.ts\u001b[0m:\u001b[93m89\u001b[0m:\u001b[93m18\u001b[0m - \u001b[91merror\u001b[0m\u001b[90m TS2352: \u001b[0mConversion of type 'never[]' to type 'File' may be a mistake because neither type sufficiently overlaps with the other. If this was intentional, convert the expression to 'unknown' first.\r\n  Type 'never[]' is missing the following properties from type 'File': fieldname, originalname, encoding, mimetype, and 6 more.\r\n\r\n\u001b[7m89\u001b[0m     const data = get(this.req.files, name, []) as Express.Multer.File\r\n\u001b[7m  \u001b[0m \u001b[91m                 ~~~~~~~~~~~~~~~~~~~~~~~~~~~~~~~~~~~~~~~~~~~~~~~~~~~~\u001b[0m\r\n"},"exception":true,"level":"error","message":"uncaughtException: ⨯ Unable to compile TypeScript:\n\u001b[96msrc/helpers/withState.ts\u001b[0m:\u001b[93m89\u001b[0m:\u001b[93m18\u001b[0m - \u001b[91merror\u001b[0m\u001b[90m TS2352: \u001b[0mConversion of type 'never[]' to type 'File' may be a mistake because neither type sufficiently overlaps with the other. If this was intentional, convert the expression to 'unknown' first.\r\n  Type 'never[]' is missing the following properties from type 'File': fieldname, originalname, encoding, mimetype, and 6 more.\r\n\r\n\u001b[7m89\u001b[0m     const data = get(this.req.files, name, []) as Express.Multer.File\r\n\u001b[7m  \u001b[0m \u001b[91m                 ~~~~~~~~~~~~~~~~~~~~~~~~~~~~~~~~~~~~~~~~~~~~~~~~~~~~\u001b[0m\r\n\nTSError: ⨯ Unable to compile TypeScript:\n\u001b[96msrc/helpers/withState.ts\u001b[0m:\u001b[93m89\u001b[0m:\u001b[93m18\u001b[0m - \u001b[91merror\u001b[0m\u001b[90m TS2352: \u001b[0mConversion of type 'never[]' to type 'File' may be a mistake because neither type sufficiently overlaps with the other. If this was intentional, convert the expression to 'unknown' first.\r\n  Type 'never[]' is missing the following properties from type 'File': fieldname, originalname, encoding, mimetype, and 6 more.\r\n\r\n\u001b[7m89\u001b[0m     const data = get(this.req.files, name, []) as Express.Multer.File\r\n\u001b[7m  \u001b[0m \u001b[91m                 ~~~~~~~~~~~~~~~~~~~~~~~~~~~~~~~~~~~~~~~~~~~~~~~~~~~~\u001b[0m\r\n\n    at createTSError (D:\\Projects\\Support-User-Info\\server\\node_modules\\ts-node\\src\\index.ts:513:12)\n    at reportTSError (D:\\Projects\\Support-User-Info\\server\\node_modules\\ts-node\\src\\index.ts:517:19)\n    at getOutput (D:\\Projects\\Support-User-Info\\server\\node_modules\\ts-node\\src\\index.ts:752:36)\n    at Object.compile (D:\\Projects\\Support-User-Info\\server\\node_modules\\ts-node\\src\\index.ts:968:32)\n    at Module.m._compile (D:\\Projects\\Support-User-Info\\server\\node_modules\\ts-node\\src\\index.ts:1056:42)\n    at Module._extensions..js (node:internal/modules/cjs/loader:1435:10)\n    at require.extensions.<computed> (D:\\Projects\\Support-User-Info\\server\\node_modules\\ts-node\\src\\index.ts:1059:12)\n    at Object.newLoader [as .ts] (D:\\Projects\\Support-User-Info\\server\\node_modules\\pirates\\lib\\index.js:121:7)\n    at Module.load (node:internal/modules/cjs/loader:1207:32)\n    at Function.Module._load (node:internal/modules/cjs/loader:1023:12)","os":{"loadavg":[0,0,0],"uptime":34109.312},"process":{"argv":["D:\\Projects\\Support-User-Info\\server\\node_modules\\ts-node\\dist\\bin.js","D:\\Projects\\Support-User-Info\\server\\src\\bin\\server.ts"],"cwd":"D:\\Projects\\Support-User-Info\\server","execPath":"C:\\Program Files\\nodejs\\node.exe","gid":null,"memoryUsage":{"arrayBuffers":74363,"external":3122142,"heapTotal":260120576,"heapUsed":232727328,"rss":314494976},"pid":24904,"uid":null,"version":"v20.10.0"},"stack":"TSError: ⨯ Unable to compile TypeScript:\n\u001b[96msrc/helpers/withState.ts\u001b[0m:\u001b[93m89\u001b[0m:\u001b[93m18\u001b[0m - \u001b[91merror\u001b[0m\u001b[90m TS2352: \u001b[0mConversion of type 'never[]' to type 'File' may be a mistake because neither type sufficiently overlaps with the other. If this was intentional, convert the expression to 'unknown' first.\r\n  Type 'never[]' is missing the following properties from type 'File': fieldname, originalname, encoding, mimetype, and 6 more.\r\n\r\n\u001b[7m89\u001b[0m     const data = get(this.req.files, name, []) as Express.Multer.File\r\n\u001b[7m  \u001b[0m \u001b[91m                 ~~~~~~~~~~~~~~~~~~~~~~~~~~~~~~~~~~~~~~~~~~~~~~~~~~~~\u001b[0m\r\n\n    at createTSError (D:\\Projects\\Support-User-Info\\server\\node_modules\\ts-node\\src\\index.ts:513:12)\n    at reportTSError (D:\\Projects\\Support-User-Info\\server\\node_modules\\ts-node\\src\\index.ts:517:19)\n    at getOutput (D:\\Projects\\Support-User-Info\\server\\node_modules\\ts-node\\src\\index.ts:752:36)\n    at Object.compile (D:\\Projects\\Support-User-Info\\server\\node_modules\\ts-node\\src\\index.ts:968:32)\n    at Module.m._compile (D:\\Projects\\Support-User-Info\\server\\node_modules\\ts-node\\src\\index.ts:1056:42)\n    at Module._extensions..js (node:internal/modules/cjs/loader:1435:10)\n    at require.extensions.<computed> (D:\\Projects\\Support-User-Info\\server\\node_modules\\ts-node\\src\\index.ts:1059:12)\n    at Object.newLoader [as .ts] (D:\\Projects\\Support-User-Info\\server\\node_modules\\pirates\\lib\\index.js:121:7)\n    at Module.load (node:internal/modules/cjs/loader:1207:32)\n    at Function.Module._load (node:internal/modules/cjs/loader:1023:12)","trace":[{"column":12,"file":"D:\\Projects\\Support-User-Info\\server\\node_modules\\ts-node\\src\\index.ts","function":"createTSError","line":513,"method":null,"native":false},{"column":19,"file":"D:\\Projects\\Support-User-Info\\server\\node_modules\\ts-node\\src\\index.ts","function":"reportTSError","line":517,"method":null,"native":false},{"column":36,"file":"D:\\Projects\\Support-User-Info\\server\\node_modules\\ts-node\\src\\index.ts","function":"getOutput","line":752,"method":null,"native":false},{"column":32,"file":"D:\\Projects\\Support-User-Info\\server\\node_modules\\ts-node\\src\\index.ts","function":"Object.compile","line":968,"method":"compile","native":false},{"column":42,"file":"D:\\Projects\\Support-User-Info\\server\\node_modules\\ts-node\\src\\index.ts","function":"Module.m._compile","line":1056,"method":"_compile","native":false},{"column":10,"file":"node:internal/modules/cjs/loader","function":"Module._extensions..js","line":1435,"method":".js","native":false},{"column":12,"file":"D:\\Projects\\Support-User-Info\\server\\node_modules\\ts-node\\src\\index.ts","function":"require.extensions.<computed>","line":1059,"method":"<computed>","native":false},{"column":7,"file":"D:\\Projects\\Support-User-Info\\server\\node_modules\\pirates\\lib\\index.js","function":"Object.newLoader [as .ts]","line":121,"method":"ts]","native":false},{"column":32,"file":"node:internal/modules/cjs/loader","function":"Module.load","line":1207,"method":"load","native":false},{"column":12,"file":"node:internal/modules/cjs/loader","function":"Module._load","line":1023,"method":"_load","native":false}]}
{"date":"Mon Mar 18 2024 16:36:18 GMT+0800 (Singapore Standard Time)","error":{"diagnosticCodes":[2352],"diagnosticText":"\u001b[96msrc/helpers/withState.ts\u001b[0m:\u001b[93m89\u001b[0m:\u001b[93m18\u001b[0m - \u001b[91merror\u001b[0m\u001b[90m TS2352: \u001b[0mConversion of type 'never[]' to type 'File' may be a mistake because neither type sufficiently overlaps with the other. If this was intentional, convert the expression to 'unknown' first.\r\n  Type 'never[]' is missing the following properties from type 'File': fieldname, originalname, encoding, mimetype, and 6 more.\r\n\r\n\u001b[7m89\u001b[0m     const data = get(this.req.files, name, []) as Express.Multer.File\r\n\u001b[7m  \u001b[0m \u001b[91m                 ~~~~~~~~~~~~~~~~~~~~~~~~~~~~~~~~~~~~~~~~~~~~~~~~~~~~\u001b[0m\r\n"},"exception":true,"level":"error","message":"uncaughtException: ⨯ Unable to compile TypeScript:\n\u001b[96msrc/helpers/withState.ts\u001b[0m:\u001b[93m89\u001b[0m:\u001b[93m18\u001b[0m - \u001b[91merror\u001b[0m\u001b[90m TS2352: \u001b[0mConversion of type 'never[]' to type 'File' may be a mistake because neither type sufficiently overlaps with the other. If this was intentional, convert the expression to 'unknown' first.\r\n  Type 'never[]' is missing the following properties from type 'File': fieldname, originalname, encoding, mimetype, and 6 more.\r\n\r\n\u001b[7m89\u001b[0m     const data = get(this.req.files, name, []) as Express.Multer.File\r\n\u001b[7m  \u001b[0m \u001b[91m                 ~~~~~~~~~~~~~~~~~~~~~~~~~~~~~~~~~~~~~~~~~~~~~~~~~~~~\u001b[0m\r\n\nTSError: ⨯ Unable to compile TypeScript:\n\u001b[96msrc/helpers/withState.ts\u001b[0m:\u001b[93m89\u001b[0m:\u001b[93m18\u001b[0m - \u001b[91merror\u001b[0m\u001b[90m TS2352: \u001b[0mConversion of type 'never[]' to type 'File' may be a mistake because neither type sufficiently overlaps with the other. If this was intentional, convert the expression to 'unknown' first.\r\n  Type 'never[]' is missing the following properties from type 'File': fieldname, originalname, encoding, mimetype, and 6 more.\r\n\r\n\u001b[7m89\u001b[0m     const data = get(this.req.files, name, []) as Express.Multer.File\r\n\u001b[7m  \u001b[0m \u001b[91m                 ~~~~~~~~~~~~~~~~~~~~~~~~~~~~~~~~~~~~~~~~~~~~~~~~~~~~\u001b[0m\r\n\n    at createTSError (D:\\Projects\\Support-User-Info\\server\\node_modules\\ts-node\\src\\index.ts:513:12)\n    at reportTSError (D:\\Projects\\Support-User-Info\\server\\node_modules\\ts-node\\src\\index.ts:517:19)\n    at getOutput (D:\\Projects\\Support-User-Info\\server\\node_modules\\ts-node\\src\\index.ts:752:36)\n    at Object.compile (D:\\Projects\\Support-User-Info\\server\\node_modules\\ts-node\\src\\index.ts:968:32)\n    at Module.m._compile (D:\\Projects\\Support-User-Info\\server\\node_modules\\ts-node\\src\\index.ts:1056:42)\n    at Module._extensions..js (node:internal/modules/cjs/loader:1435:10)\n    at require.extensions.<computed> (D:\\Projects\\Support-User-Info\\server\\node_modules\\ts-node\\src\\index.ts:1059:12)\n    at Object.newLoader [as .ts] (D:\\Projects\\Support-User-Info\\server\\node_modules\\pirates\\lib\\index.js:121:7)\n    at Module.load (node:internal/modules/cjs/loader:1207:32)\n    at Function.Module._load (node:internal/modules/cjs/loader:1023:12)","os":{"loadavg":[0,0,0],"uptime":34159.906},"process":{"argv":["D:\\Projects\\Support-User-Info\\server\\node_modules\\ts-node\\dist\\bin.js","D:\\Projects\\Support-User-Info\\server\\src\\bin\\server.ts"],"cwd":"D:\\Projects\\Support-User-Info\\server","execPath":"C:\\Program Files\\nodejs\\node.exe","gid":null,"memoryUsage":{"arrayBuffers":74363,"external":3122142,"heapTotal":255401984,"heapUsed":232288224,"rss":310046720},"pid":11092,"uid":null,"version":"v20.10.0"},"stack":"TSError: ⨯ Unable to compile TypeScript:\n\u001b[96msrc/helpers/withState.ts\u001b[0m:\u001b[93m89\u001b[0m:\u001b[93m18\u001b[0m - \u001b[91merror\u001b[0m\u001b[90m TS2352: \u001b[0mConversion of type 'never[]' to type 'File' may be a mistake because neither type sufficiently overlaps with the other. If this was intentional, convert the expression to 'unknown' first.\r\n  Type 'never[]' is missing the following properties from type 'File': fieldname, originalname, encoding, mimetype, and 6 more.\r\n\r\n\u001b[7m89\u001b[0m     const data = get(this.req.files, name, []) as Express.Multer.File\r\n\u001b[7m  \u001b[0m \u001b[91m                 ~~~~~~~~~~~~~~~~~~~~~~~~~~~~~~~~~~~~~~~~~~~~~~~~~~~~\u001b[0m\r\n\n    at createTSError (D:\\Projects\\Support-User-Info\\server\\node_modules\\ts-node\\src\\index.ts:513:12)\n    at reportTSError (D:\\Projects\\Support-User-Info\\server\\node_modules\\ts-node\\src\\index.ts:517:19)\n    at getOutput (D:\\Projects\\Support-User-Info\\server\\node_modules\\ts-node\\src\\index.ts:752:36)\n    at Object.compile (D:\\Projects\\Support-User-Info\\server\\node_modules\\ts-node\\src\\index.ts:968:32)\n    at Module.m._compile (D:\\Projects\\Support-User-Info\\server\\node_modules\\ts-node\\src\\index.ts:1056:42)\n    at Module._extensions..js (node:internal/modules/cjs/loader:1435:10)\n    at require.extensions.<computed> (D:\\Projects\\Support-User-Info\\server\\node_modules\\ts-node\\src\\index.ts:1059:12)\n    at Object.newLoader [as .ts] (D:\\Projects\\Support-User-Info\\server\\node_modules\\pirates\\lib\\index.js:121:7)\n    at Module.load (node:internal/modules/cjs/loader:1207:32)\n    at Function.Module._load (node:internal/modules/cjs/loader:1023:12)","trace":[{"column":12,"file":"D:\\Projects\\Support-User-Info\\server\\node_modules\\ts-node\\src\\index.ts","function":"createTSError","line":513,"method":null,"native":false},{"column":19,"file":"D:\\Projects\\Support-User-Info\\server\\node_modules\\ts-node\\src\\index.ts","function":"reportTSError","line":517,"method":null,"native":false},{"column":36,"file":"D:\\Projects\\Support-User-Info\\server\\node_modules\\ts-node\\src\\index.ts","function":"getOutput","line":752,"method":null,"native":false},{"column":32,"file":"D:\\Projects\\Support-User-Info\\server\\node_modules\\ts-node\\src\\index.ts","function":"Object.compile","line":968,"method":"compile","native":false},{"column":42,"file":"D:\\Projects\\Support-User-Info\\server\\node_modules\\ts-node\\src\\index.ts","function":"Module.m._compile","line":1056,"method":"_compile","native":false},{"column":10,"file":"node:internal/modules/cjs/loader","function":"Module._extensions..js","line":1435,"method":".js","native":false},{"column":12,"file":"D:\\Projects\\Support-User-Info\\server\\node_modules\\ts-node\\src\\index.ts","function":"require.extensions.<computed>","line":1059,"method":"<computed>","native":false},{"column":7,"file":"D:\\Projects\\Support-User-Info\\server\\node_modules\\pirates\\lib\\index.js","function":"Object.newLoader [as .ts]","line":121,"method":"ts]","native":false},{"column":32,"file":"node:internal/modules/cjs/loader","function":"Module.load","line":1207,"method":"load","native":false},{"column":12,"file":"node:internal/modules/cjs/loader","function":"Module._load","line":1023,"method":"_load","native":false}]}
{"date":"Mon Mar 18 2024 16:36:55 GMT+0800 (Singapore Standard Time)","error":{"diagnosticCodes":[2352],"diagnosticText":"\u001b[96msrc/helpers/withState.ts\u001b[0m:\u001b[93m89\u001b[0m:\u001b[93m18\u001b[0m - \u001b[91merror\u001b[0m\u001b[90m TS2352: \u001b[0mConversion of type 'never[]' to type 'File' may be a mistake because neither type sufficiently overlaps with the other. If this was intentional, convert the expression to 'unknown' first.\r\n  Type 'never[]' is missing the following properties from type 'File': fieldname, originalname, encoding, mimetype, and 6 more.\r\n\r\n\u001b[7m89\u001b[0m     const data = get(this.req.files, name, []) as Express.Multer.File\r\n\u001b[7m  \u001b[0m \u001b[91m                 ~~~~~~~~~~~~~~~~~~~~~~~~~~~~~~~~~~~~~~~~~~~~~~~~~~~~\u001b[0m\r\n"},"exception":true,"level":"error","message":"uncaughtException: ⨯ Unable to compile TypeScript:\n\u001b[96msrc/helpers/withState.ts\u001b[0m:\u001b[93m89\u001b[0m:\u001b[93m18\u001b[0m - \u001b[91merror\u001b[0m\u001b[90m TS2352: \u001b[0mConversion of type 'never[]' to type 'File' may be a mistake because neither type sufficiently overlaps with the other. If this was intentional, convert the expression to 'unknown' first.\r\n  Type 'never[]' is missing the following properties from type 'File': fieldname, originalname, encoding, mimetype, and 6 more.\r\n\r\n\u001b[7m89\u001b[0m     const data = get(this.req.files, name, []) as Express.Multer.File\r\n\u001b[7m  \u001b[0m \u001b[91m                 ~~~~~~~~~~~~~~~~~~~~~~~~~~~~~~~~~~~~~~~~~~~~~~~~~~~~\u001b[0m\r\n\nTSError: ⨯ Unable to compile TypeScript:\n\u001b[96msrc/helpers/withState.ts\u001b[0m:\u001b[93m89\u001b[0m:\u001b[93m18\u001b[0m - \u001b[91merror\u001b[0m\u001b[90m TS2352: \u001b[0mConversion of type 'never[]' to type 'File' may be a mistake because neither type sufficiently overlaps with the other. If this was intentional, convert the expression to 'unknown' first.\r\n  Type 'never[]' is missing the following properties from type 'File': fieldname, originalname, encoding, mimetype, and 6 more.\r\n\r\n\u001b[7m89\u001b[0m     const data = get(this.req.files, name, []) as Express.Multer.File\r\n\u001b[7m  \u001b[0m \u001b[91m                 ~~~~~~~~~~~~~~~~~~~~~~~~~~~~~~~~~~~~~~~~~~~~~~~~~~~~\u001b[0m\r\n\n    at createTSError (D:\\Projects\\Support-User-Info\\server\\node_modules\\ts-node\\src\\index.ts:513:12)\n    at reportTSError (D:\\Projects\\Support-User-Info\\server\\node_modules\\ts-node\\src\\index.ts:517:19)\n    at getOutput (D:\\Projects\\Support-User-Info\\server\\node_modules\\ts-node\\src\\index.ts:752:36)\n    at Object.compile (D:\\Projects\\Support-User-Info\\server\\node_modules\\ts-node\\src\\index.ts:968:32)\n    at Module.m._compile (D:\\Projects\\Support-User-Info\\server\\node_modules\\ts-node\\src\\index.ts:1056:42)\n    at Module._extensions..js (node:internal/modules/cjs/loader:1435:10)\n    at require.extensions.<computed> (D:\\Projects\\Support-User-Info\\server\\node_modules\\ts-node\\src\\index.ts:1059:12)\n    at Object.newLoader [as .ts] (D:\\Projects\\Support-User-Info\\server\\node_modules\\pirates\\lib\\index.js:121:7)\n    at Module.load (node:internal/modules/cjs/loader:1207:32)\n    at Function.Module._load (node:internal/modules/cjs/loader:1023:12)","os":{"loadavg":[0,0,0],"uptime":34197.296},"process":{"argv":["D:\\Projects\\Support-User-Info\\server\\node_modules\\ts-node\\dist\\bin.js","D:\\Projects\\Support-User-Info\\server\\src\\bin\\server.ts"],"cwd":"D:\\Projects\\Support-User-Info\\server","execPath":"C:\\Program Files\\nodejs\\node.exe","gid":null,"memoryUsage":{"arrayBuffers":74363,"external":3122142,"heapTotal":262897664,"heapUsed":236748504,"rss":318791680},"pid":4788,"uid":null,"version":"v20.10.0"},"stack":"TSError: ⨯ Unable to compile TypeScript:\n\u001b[96msrc/helpers/withState.ts\u001b[0m:\u001b[93m89\u001b[0m:\u001b[93m18\u001b[0m - \u001b[91merror\u001b[0m\u001b[90m TS2352: \u001b[0mConversion of type 'never[]' to type 'File' may be a mistake because neither type sufficiently overlaps with the other. If this was intentional, convert the expression to 'unknown' first.\r\n  Type 'never[]' is missing the following properties from type 'File': fieldname, originalname, encoding, mimetype, and 6 more.\r\n\r\n\u001b[7m89\u001b[0m     const data = get(this.req.files, name, []) as Express.Multer.File\r\n\u001b[7m  \u001b[0m \u001b[91m                 ~~~~~~~~~~~~~~~~~~~~~~~~~~~~~~~~~~~~~~~~~~~~~~~~~~~~\u001b[0m\r\n\n    at createTSError (D:\\Projects\\Support-User-Info\\server\\node_modules\\ts-node\\src\\index.ts:513:12)\n    at reportTSError (D:\\Projects\\Support-User-Info\\server\\node_modules\\ts-node\\src\\index.ts:517:19)\n    at getOutput (D:\\Projects\\Support-User-Info\\server\\node_modules\\ts-node\\src\\index.ts:752:36)\n    at Object.compile (D:\\Projects\\Support-User-Info\\server\\node_modules\\ts-node\\src\\index.ts:968:32)\n    at Module.m._compile (D:\\Projects\\Support-User-Info\\server\\node_modules\\ts-node\\src\\index.ts:1056:42)\n    at Module._extensions..js (node:internal/modules/cjs/loader:1435:10)\n    at require.extensions.<computed> (D:\\Projects\\Support-User-Info\\server\\node_modules\\ts-node\\src\\index.ts:1059:12)\n    at Object.newLoader [as .ts] (D:\\Projects\\Support-User-Info\\server\\node_modules\\pirates\\lib\\index.js:121:7)\n    at Module.load (node:internal/modules/cjs/loader:1207:32)\n    at Function.Module._load (node:internal/modules/cjs/loader:1023:12)","trace":[{"column":12,"file":"D:\\Projects\\Support-User-Info\\server\\node_modules\\ts-node\\src\\index.ts","function":"createTSError","line":513,"method":null,"native":false},{"column":19,"file":"D:\\Projects\\Support-User-Info\\server\\node_modules\\ts-node\\src\\index.ts","function":"reportTSError","line":517,"method":null,"native":false},{"column":36,"file":"D:\\Projects\\Support-User-Info\\server\\node_modules\\ts-node\\src\\index.ts","function":"getOutput","line":752,"method":null,"native":false},{"column":32,"file":"D:\\Projects\\Support-User-Info\\server\\node_modules\\ts-node\\src\\index.ts","function":"Object.compile","line":968,"method":"compile","native":false},{"column":42,"file":"D:\\Projects\\Support-User-Info\\server\\node_modules\\ts-node\\src\\index.ts","function":"Module.m._compile","line":1056,"method":"_compile","native":false},{"column":10,"file":"node:internal/modules/cjs/loader","function":"Module._extensions..js","line":1435,"method":".js","native":false},{"column":12,"file":"D:\\Projects\\Support-User-Info\\server\\node_modules\\ts-node\\src\\index.ts","function":"require.extensions.<computed>","line":1059,"method":"<computed>","native":false},{"column":7,"file":"D:\\Projects\\Support-User-Info\\server\\node_modules\\pirates\\lib\\index.js","function":"Object.newLoader [as .ts]","line":121,"method":"ts]","native":false},{"column":32,"file":"node:internal/modules/cjs/loader","function":"Module.load","line":1207,"method":"load","native":false},{"column":12,"file":"node:internal/modules/cjs/loader","function":"Module._load","line":1023,"method":"_load","native":false}]}
{"date":"Mon Mar 18 2024 16:37:51 GMT+0800 (Singapore Standard Time)","error":{"diagnosticCodes":[2352],"diagnosticText":"\u001b[96msrc/helpers/withState.ts\u001b[0m:\u001b[93m89\u001b[0m:\u001b[93m18\u001b[0m - \u001b[91merror\u001b[0m\u001b[90m TS2352: \u001b[0mConversion of type 'never[]' to type 'File' may be a mistake because neither type sufficiently overlaps with the other. If this was intentional, convert the expression to 'unknown' first.\r\n  Type 'never[]' is missing the following properties from type 'File': fieldname, originalname, encoding, mimetype, and 6 more.\r\n\r\n\u001b[7m89\u001b[0m     const data = get(this.req.files, name, []) as Express.Multer.File\r\n\u001b[7m  \u001b[0m \u001b[91m                 ~~~~~~~~~~~~~~~~~~~~~~~~~~~~~~~~~~~~~~~~~~~~~~~~~~~~\u001b[0m\r\n"},"exception":true,"level":"error","message":"uncaughtException: ⨯ Unable to compile TypeScript:\n\u001b[96msrc/helpers/withState.ts\u001b[0m:\u001b[93m89\u001b[0m:\u001b[93m18\u001b[0m - \u001b[91merror\u001b[0m\u001b[90m TS2352: \u001b[0mConversion of type 'never[]' to type 'File' may be a mistake because neither type sufficiently overlaps with the other. If this was intentional, convert the expression to 'unknown' first.\r\n  Type 'never[]' is missing the following properties from type 'File': fieldname, originalname, encoding, mimetype, and 6 more.\r\n\r\n\u001b[7m89\u001b[0m     const data = get(this.req.files, name, []) as Express.Multer.File\r\n\u001b[7m  \u001b[0m \u001b[91m                 ~~~~~~~~~~~~~~~~~~~~~~~~~~~~~~~~~~~~~~~~~~~~~~~~~~~~\u001b[0m\r\n\nTSError: ⨯ Unable to compile TypeScript:\n\u001b[96msrc/helpers/withState.ts\u001b[0m:\u001b[93m89\u001b[0m:\u001b[93m18\u001b[0m - \u001b[91merror\u001b[0m\u001b[90m TS2352: \u001b[0mConversion of type 'never[]' to type 'File' may be a mistake because neither type sufficiently overlaps with the other. If this was intentional, convert the expression to 'unknown' first.\r\n  Type 'never[]' is missing the following properties from type 'File': fieldname, originalname, encoding, mimetype, and 6 more.\r\n\r\n\u001b[7m89\u001b[0m     const data = get(this.req.files, name, []) as Express.Multer.File\r\n\u001b[7m  \u001b[0m \u001b[91m                 ~~~~~~~~~~~~~~~~~~~~~~~~~~~~~~~~~~~~~~~~~~~~~~~~~~~~\u001b[0m\r\n\n    at createTSError (D:\\Projects\\Support-User-Info\\server\\node_modules\\ts-node\\src\\index.ts:513:12)\n    at reportTSError (D:\\Projects\\Support-User-Info\\server\\node_modules\\ts-node\\src\\index.ts:517:19)\n    at getOutput (D:\\Projects\\Support-User-Info\\server\\node_modules\\ts-node\\src\\index.ts:752:36)\n    at Object.compile (D:\\Projects\\Support-User-Info\\server\\node_modules\\ts-node\\src\\index.ts:968:32)\n    at Module.m._compile (D:\\Projects\\Support-User-Info\\server\\node_modules\\ts-node\\src\\index.ts:1056:42)\n    at Module._extensions..js (node:internal/modules/cjs/loader:1435:10)\n    at require.extensions.<computed> (D:\\Projects\\Support-User-Info\\server\\node_modules\\ts-node\\src\\index.ts:1059:12)\n    at Object.newLoader [as .ts] (D:\\Projects\\Support-User-Info\\server\\node_modules\\pirates\\lib\\index.js:121:7)\n    at Module.load (node:internal/modules/cjs/loader:1207:32)\n    at Function.Module._load (node:internal/modules/cjs/loader:1023:12)","os":{"loadavg":[0,0,0],"uptime":34253.296},"process":{"argv":["D:\\Projects\\Support-User-Info\\server\\node_modules\\ts-node\\dist\\bin.js","D:\\Projects\\Support-User-Info\\server\\src\\bin\\server.ts"],"cwd":"D:\\Projects\\Support-User-Info\\server","execPath":"C:\\Program Files\\nodejs\\node.exe","gid":null,"memoryUsage":{"arrayBuffers":107959,"external":3155738,"heapTotal":258023424,"heapUsed":233490536,"rss":314888192},"pid":25172,"uid":null,"version":"v20.10.0"},"stack":"TSError: ⨯ Unable to compile TypeScript:\n\u001b[96msrc/helpers/withState.ts\u001b[0m:\u001b[93m89\u001b[0m:\u001b[93m18\u001b[0m - \u001b[91merror\u001b[0m\u001b[90m TS2352: \u001b[0mConversion of type 'never[]' to type 'File' may be a mistake because neither type sufficiently overlaps with the other. If this was intentional, convert the expression to 'unknown' first.\r\n  Type 'never[]' is missing the following properties from type 'File': fieldname, originalname, encoding, mimetype, and 6 more.\r\n\r\n\u001b[7m89\u001b[0m     const data = get(this.req.files, name, []) as Express.Multer.File\r\n\u001b[7m  \u001b[0m \u001b[91m                 ~~~~~~~~~~~~~~~~~~~~~~~~~~~~~~~~~~~~~~~~~~~~~~~~~~~~\u001b[0m\r\n\n    at createTSError (D:\\Projects\\Support-User-Info\\server\\node_modules\\ts-node\\src\\index.ts:513:12)\n    at reportTSError (D:\\Projects\\Support-User-Info\\server\\node_modules\\ts-node\\src\\index.ts:517:19)\n    at getOutput (D:\\Projects\\Support-User-Info\\server\\node_modules\\ts-node\\src\\index.ts:752:36)\n    at Object.compile (D:\\Projects\\Support-User-Info\\server\\node_modules\\ts-node\\src\\index.ts:968:32)\n    at Module.m._compile (D:\\Projects\\Support-User-Info\\server\\node_modules\\ts-node\\src\\index.ts:1056:42)\n    at Module._extensions..js (node:internal/modules/cjs/loader:1435:10)\n    at require.extensions.<computed> (D:\\Projects\\Support-User-Info\\server\\node_modules\\ts-node\\src\\index.ts:1059:12)\n    at Object.newLoader [as .ts] (D:\\Projects\\Support-User-Info\\server\\node_modules\\pirates\\lib\\index.js:121:7)\n    at Module.load (node:internal/modules/cjs/loader:1207:32)\n    at Function.Module._load (node:internal/modules/cjs/loader:1023:12)","trace":[{"column":12,"file":"D:\\Projects\\Support-User-Info\\server\\node_modules\\ts-node\\src\\index.ts","function":"createTSError","line":513,"method":null,"native":false},{"column":19,"file":"D:\\Projects\\Support-User-Info\\server\\node_modules\\ts-node\\src\\index.ts","function":"reportTSError","line":517,"method":null,"native":false},{"column":36,"file":"D:\\Projects\\Support-User-Info\\server\\node_modules\\ts-node\\src\\index.ts","function":"getOutput","line":752,"method":null,"native":false},{"column":32,"file":"D:\\Projects\\Support-User-Info\\server\\node_modules\\ts-node\\src\\index.ts","function":"Object.compile","line":968,"method":"compile","native":false},{"column":42,"file":"D:\\Projects\\Support-User-Info\\server\\node_modules\\ts-node\\src\\index.ts","function":"Module.m._compile","line":1056,"method":"_compile","native":false},{"column":10,"file":"node:internal/modules/cjs/loader","function":"Module._extensions..js","line":1435,"method":".js","native":false},{"column":12,"file":"D:\\Projects\\Support-User-Info\\server\\node_modules\\ts-node\\src\\index.ts","function":"require.extensions.<computed>","line":1059,"method":"<computed>","native":false},{"column":7,"file":"D:\\Projects\\Support-User-Info\\server\\node_modules\\pirates\\lib\\index.js","function":"Object.newLoader [as .ts]","line":121,"method":"ts]","native":false},{"column":32,"file":"node:internal/modules/cjs/loader","function":"Module.load","line":1207,"method":"load","native":false},{"column":12,"file":"node:internal/modules/cjs/loader","function":"Module._load","line":1023,"method":"_load","native":false}]}
{"date":"Mon Mar 18 2024 16:38:59 GMT+0800 (Singapore Standard Time)","error":{"diagnosticCodes":[2352],"diagnosticText":"\u001b[96msrc/helpers/withState.ts\u001b[0m:\u001b[93m89\u001b[0m:\u001b[93m18\u001b[0m - \u001b[91merror\u001b[0m\u001b[90m TS2352: \u001b[0mConversion of type 'never[]' to type 'File' may be a mistake because neither type sufficiently overlaps with the other. If this was intentional, convert the expression to 'unknown' first.\r\n  Type 'never[]' is missing the following properties from type 'File': fieldname, originalname, encoding, mimetype, and 6 more.\r\n\r\n\u001b[7m89\u001b[0m     const data = get(this.req.files, name, []) as Express.Multer.File\r\n\u001b[7m  \u001b[0m \u001b[91m                 ~~~~~~~~~~~~~~~~~~~~~~~~~~~~~~~~~~~~~~~~~~~~~~~~~~~~\u001b[0m\r\n"},"exception":true,"level":"error","message":"uncaughtException: ⨯ Unable to compile TypeScript:\n\u001b[96msrc/helpers/withState.ts\u001b[0m:\u001b[93m89\u001b[0m:\u001b[93m18\u001b[0m - \u001b[91merror\u001b[0m\u001b[90m TS2352: \u001b[0mConversion of type 'never[]' to type 'File' may be a mistake because neither type sufficiently overlaps with the other. If this was intentional, convert the expression to 'unknown' first.\r\n  Type 'never[]' is missing the following properties from type 'File': fieldname, originalname, encoding, mimetype, and 6 more.\r\n\r\n\u001b[7m89\u001b[0m     const data = get(this.req.files, name, []) as Express.Multer.File\r\n\u001b[7m  \u001b[0m \u001b[91m                 ~~~~~~~~~~~~~~~~~~~~~~~~~~~~~~~~~~~~~~~~~~~~~~~~~~~~\u001b[0m\r\n\nTSError: ⨯ Unable to compile TypeScript:\n\u001b[96msrc/helpers/withState.ts\u001b[0m:\u001b[93m89\u001b[0m:\u001b[93m18\u001b[0m - \u001b[91merror\u001b[0m\u001b[90m TS2352: \u001b[0mConversion of type 'never[]' to type 'File' may be a mistake because neither type sufficiently overlaps with the other. If this was intentional, convert the expression to 'unknown' first.\r\n  Type 'never[]' is missing the following properties from type 'File': fieldname, originalname, encoding, mimetype, and 6 more.\r\n\r\n\u001b[7m89\u001b[0m     const data = get(this.req.files, name, []) as Express.Multer.File\r\n\u001b[7m  \u001b[0m \u001b[91m                 ~~~~~~~~~~~~~~~~~~~~~~~~~~~~~~~~~~~~~~~~~~~~~~~~~~~~\u001b[0m\r\n\n    at createTSError (D:\\Projects\\Support-User-Info\\server\\node_modules\\ts-node\\src\\index.ts:513:12)\n    at reportTSError (D:\\Projects\\Support-User-Info\\server\\node_modules\\ts-node\\src\\index.ts:517:19)\n    at getOutput (D:\\Projects\\Support-User-Info\\server\\node_modules\\ts-node\\src\\index.ts:752:36)\n    at Object.compile (D:\\Projects\\Support-User-Info\\server\\node_modules\\ts-node\\src\\index.ts:968:32)\n    at Module.m._compile (D:\\Projects\\Support-User-Info\\server\\node_modules\\ts-node\\src\\index.ts:1056:42)\n    at Module._extensions..js (node:internal/modules/cjs/loader:1435:10)\n    at require.extensions.<computed> (D:\\Projects\\Support-User-Info\\server\\node_modules\\ts-node\\src\\index.ts:1059:12)\n    at Object.newLoader [as .ts] (D:\\Projects\\Support-User-Info\\server\\node_modules\\pirates\\lib\\index.js:121:7)\n    at Module.load (node:internal/modules/cjs/loader:1207:32)\n    at Function.Module._load (node:internal/modules/cjs/loader:1023:12)","os":{"loadavg":[0,0,0],"uptime":34321.156},"process":{"argv":["D:\\Projects\\Support-User-Info\\server\\node_modules\\ts-node\\dist\\bin.js","D:\\Projects\\Support-User-Info\\server\\src\\bin\\server.ts"],"cwd":"D:\\Projects\\Support-User-Info\\server","execPath":"C:\\Program Files\\nodejs\\node.exe","gid":null,"memoryUsage":{"arrayBuffers":74363,"external":3122142,"heapTotal":254877696,"heapUsed":230452096,"rss":309886976},"pid":24992,"uid":null,"version":"v20.10.0"},"stack":"TSError: ⨯ Unable to compile TypeScript:\n\u001b[96msrc/helpers/withState.ts\u001b[0m:\u001b[93m89\u001b[0m:\u001b[93m18\u001b[0m - \u001b[91merror\u001b[0m\u001b[90m TS2352: \u001b[0mConversion of type 'never[]' to type 'File' may be a mistake because neither type sufficiently overlaps with the other. If this was intentional, convert the expression to 'unknown' first.\r\n  Type 'never[]' is missing the following properties from type 'File': fieldname, originalname, encoding, mimetype, and 6 more.\r\n\r\n\u001b[7m89\u001b[0m     const data = get(this.req.files, name, []) as Express.Multer.File\r\n\u001b[7m  \u001b[0m \u001b[91m                 ~~~~~~~~~~~~~~~~~~~~~~~~~~~~~~~~~~~~~~~~~~~~~~~~~~~~\u001b[0m\r\n\n    at createTSError (D:\\Projects\\Support-User-Info\\server\\node_modules\\ts-node\\src\\index.ts:513:12)\n    at reportTSError (D:\\Projects\\Support-User-Info\\server\\node_modules\\ts-node\\src\\index.ts:517:19)\n    at getOutput (D:\\Projects\\Support-User-Info\\server\\node_modules\\ts-node\\src\\index.ts:752:36)\n    at Object.compile (D:\\Projects\\Support-User-Info\\server\\node_modules\\ts-node\\src\\index.ts:968:32)\n    at Module.m._compile (D:\\Projects\\Support-User-Info\\server\\node_modules\\ts-node\\src\\index.ts:1056:42)\n    at Module._extensions..js (node:internal/modules/cjs/loader:1435:10)\n    at require.extensions.<computed> (D:\\Projects\\Support-User-Info\\server\\node_modules\\ts-node\\src\\index.ts:1059:12)\n    at Object.newLoader [as .ts] (D:\\Projects\\Support-User-Info\\server\\node_modules\\pirates\\lib\\index.js:121:7)\n    at Module.load (node:internal/modules/cjs/loader:1207:32)\n    at Function.Module._load (node:internal/modules/cjs/loader:1023:12)","trace":[{"column":12,"file":"D:\\Projects\\Support-User-Info\\server\\node_modules\\ts-node\\src\\index.ts","function":"createTSError","line":513,"method":null,"native":false},{"column":19,"file":"D:\\Projects\\Support-User-Info\\server\\node_modules\\ts-node\\src\\index.ts","function":"reportTSError","line":517,"method":null,"native":false},{"column":36,"file":"D:\\Projects\\Support-User-Info\\server\\node_modules\\ts-node\\src\\index.ts","function":"getOutput","line":752,"method":null,"native":false},{"column":32,"file":"D:\\Projects\\Support-User-Info\\server\\node_modules\\ts-node\\src\\index.ts","function":"Object.compile","line":968,"method":"compile","native":false},{"column":42,"file":"D:\\Projects\\Support-User-Info\\server\\node_modules\\ts-node\\src\\index.ts","function":"Module.m._compile","line":1056,"method":"_compile","native":false},{"column":10,"file":"node:internal/modules/cjs/loader","function":"Module._extensions..js","line":1435,"method":".js","native":false},{"column":12,"file":"D:\\Projects\\Support-User-Info\\server\\node_modules\\ts-node\\src\\index.ts","function":"require.extensions.<computed>","line":1059,"method":"<computed>","native":false},{"column":7,"file":"D:\\Projects\\Support-User-Info\\server\\node_modules\\pirates\\lib\\index.js","function":"Object.newLoader [as .ts]","line":121,"method":"ts]","native":false},{"column":32,"file":"node:internal/modules/cjs/loader","function":"Module.load","line":1207,"method":"load","native":false},{"column":12,"file":"node:internal/modules/cjs/loader","function":"Module._load","line":1023,"method":"_load","native":false}]}
{"date":"Mon Mar 18 2024 16:40:04 GMT+0800 (Singapore Standard Time)","error":{"diagnosticCodes":[2352],"diagnosticText":"\u001b[96msrc/helpers/withState.ts\u001b[0m:\u001b[93m89\u001b[0m:\u001b[93m18\u001b[0m - \u001b[91merror\u001b[0m\u001b[90m TS2352: \u001b[0mConversion of type 'never[]' to type 'File' may be a mistake because neither type sufficiently overlaps with the other. If this was intentional, convert the expression to 'unknown' first.\r\n  Type 'never[]' is missing the following properties from type 'File': fieldname, originalname, encoding, mimetype, and 6 more.\r\n\r\n\u001b[7m89\u001b[0m     const data = get(this.req.files, name, []) as Express.Multer.File\r\n\u001b[7m  \u001b[0m \u001b[91m                 ~~~~~~~~~~~~~~~~~~~~~~~~~~~~~~~~~~~~~~~~~~~~~~~~~~~~\u001b[0m\r\n"},"exception":true,"level":"error","message":"uncaughtException: ⨯ Unable to compile TypeScript:\n\u001b[96msrc/helpers/withState.ts\u001b[0m:\u001b[93m89\u001b[0m:\u001b[93m18\u001b[0m - \u001b[91merror\u001b[0m\u001b[90m TS2352: \u001b[0mConversion of type 'never[]' to type 'File' may be a mistake because neither type sufficiently overlaps with the other. If this was intentional, convert the expression to 'unknown' first.\r\n  Type 'never[]' is missing the following properties from type 'File': fieldname, originalname, encoding, mimetype, and 6 more.\r\n\r\n\u001b[7m89\u001b[0m     const data = get(this.req.files, name, []) as Express.Multer.File\r\n\u001b[7m  \u001b[0m \u001b[91m                 ~~~~~~~~~~~~~~~~~~~~~~~~~~~~~~~~~~~~~~~~~~~~~~~~~~~~\u001b[0m\r\n\nTSError: ⨯ Unable to compile TypeScript:\n\u001b[96msrc/helpers/withState.ts\u001b[0m:\u001b[93m89\u001b[0m:\u001b[93m18\u001b[0m - \u001b[91merror\u001b[0m\u001b[90m TS2352: \u001b[0mConversion of type 'never[]' to type 'File' may be a mistake because neither type sufficiently overlaps with the other. If this was intentional, convert the expression to 'unknown' first.\r\n  Type 'never[]' is missing the following properties from type 'File': fieldname, originalname, encoding, mimetype, and 6 more.\r\n\r\n\u001b[7m89\u001b[0m     const data = get(this.req.files, name, []) as Express.Multer.File\r\n\u001b[7m  \u001b[0m \u001b[91m                 ~~~~~~~~~~~~~~~~~~~~~~~~~~~~~~~~~~~~~~~~~~~~~~~~~~~~\u001b[0m\r\n\n    at createTSError (D:\\Projects\\Support-User-Info\\server\\node_modules\\ts-node\\src\\index.ts:513:12)\n    at reportTSError (D:\\Projects\\Support-User-Info\\server\\node_modules\\ts-node\\src\\index.ts:517:19)\n    at getOutput (D:\\Projects\\Support-User-Info\\server\\node_modules\\ts-node\\src\\index.ts:752:36)\n    at Object.compile (D:\\Projects\\Support-User-Info\\server\\node_modules\\ts-node\\src\\index.ts:968:32)\n    at Module.m._compile (D:\\Projects\\Support-User-Info\\server\\node_modules\\ts-node\\src\\index.ts:1056:42)\n    at Module._extensions..js (node:internal/modules/cjs/loader:1435:10)\n    at require.extensions.<computed> (D:\\Projects\\Support-User-Info\\server\\node_modules\\ts-node\\src\\index.ts:1059:12)\n    at Object.newLoader [as .ts] (D:\\Projects\\Support-User-Info\\server\\node_modules\\pirates\\lib\\index.js:121:7)\n    at Module.load (node:internal/modules/cjs/loader:1207:32)\n    at Function.Module._load (node:internal/modules/cjs/loader:1023:12)","os":{"loadavg":[0,0,0],"uptime":34385.796},"process":{"argv":["D:\\Projects\\Support-User-Info\\server\\node_modules\\ts-node\\dist\\bin.js","D:\\Projects\\Support-User-Info\\server\\src\\bin\\server.ts"],"cwd":"D:\\Projects\\Support-User-Info\\server","execPath":"C:\\Program Files\\nodejs\\node.exe","gid":null,"memoryUsage":{"arrayBuffers":74363,"external":3122142,"heapTotal":256188416,"heapUsed":229874312,"rss":312385536},"pid":11640,"uid":null,"version":"v20.10.0"},"stack":"TSError: ⨯ Unable to compile TypeScript:\n\u001b[96msrc/helpers/withState.ts\u001b[0m:\u001b[93m89\u001b[0m:\u001b[93m18\u001b[0m - \u001b[91merror\u001b[0m\u001b[90m TS2352: \u001b[0mConversion of type 'never[]' to type 'File' may be a mistake because neither type sufficiently overlaps with the other. If this was intentional, convert the expression to 'unknown' first.\r\n  Type 'never[]' is missing the following properties from type 'File': fieldname, originalname, encoding, mimetype, and 6 more.\r\n\r\n\u001b[7m89\u001b[0m     const data = get(this.req.files, name, []) as Express.Multer.File\r\n\u001b[7m  \u001b[0m \u001b[91m                 ~~~~~~~~~~~~~~~~~~~~~~~~~~~~~~~~~~~~~~~~~~~~~~~~~~~~\u001b[0m\r\n\n    at createTSError (D:\\Projects\\Support-User-Info\\server\\node_modules\\ts-node\\src\\index.ts:513:12)\n    at reportTSError (D:\\Projects\\Support-User-Info\\server\\node_modules\\ts-node\\src\\index.ts:517:19)\n    at getOutput (D:\\Projects\\Support-User-Info\\server\\node_modules\\ts-node\\src\\index.ts:752:36)\n    at Object.compile (D:\\Projects\\Support-User-Info\\server\\node_modules\\ts-node\\src\\index.ts:968:32)\n    at Module.m._compile (D:\\Projects\\Support-User-Info\\server\\node_modules\\ts-node\\src\\index.ts:1056:42)\n    at Module._extensions..js (node:internal/modules/cjs/loader:1435:10)\n    at require.extensions.<computed> (D:\\Projects\\Support-User-Info\\server\\node_modules\\ts-node\\src\\index.ts:1059:12)\n    at Object.newLoader [as .ts] (D:\\Projects\\Support-User-Info\\server\\node_modules\\pirates\\lib\\index.js:121:7)\n    at Module.load (node:internal/modules/cjs/loader:1207:32)\n    at Function.Module._load (node:internal/modules/cjs/loader:1023:12)","trace":[{"column":12,"file":"D:\\Projects\\Support-User-Info\\server\\node_modules\\ts-node\\src\\index.ts","function":"createTSError","line":513,"method":null,"native":false},{"column":19,"file":"D:\\Projects\\Support-User-Info\\server\\node_modules\\ts-node\\src\\index.ts","function":"reportTSError","line":517,"method":null,"native":false},{"column":36,"file":"D:\\Projects\\Support-User-Info\\server\\node_modules\\ts-node\\src\\index.ts","function":"getOutput","line":752,"method":null,"native":false},{"column":32,"file":"D:\\Projects\\Support-User-Info\\server\\node_modules\\ts-node\\src\\index.ts","function":"Object.compile","line":968,"method":"compile","native":false},{"column":42,"file":"D:\\Projects\\Support-User-Info\\server\\node_modules\\ts-node\\src\\index.ts","function":"Module.m._compile","line":1056,"method":"_compile","native":false},{"column":10,"file":"node:internal/modules/cjs/loader","function":"Module._extensions..js","line":1435,"method":".js","native":false},{"column":12,"file":"D:\\Projects\\Support-User-Info\\server\\node_modules\\ts-node\\src\\index.ts","function":"require.extensions.<computed>","line":1059,"method":"<computed>","native":false},{"column":7,"file":"D:\\Projects\\Support-User-Info\\server\\node_modules\\pirates\\lib\\index.js","function":"Object.newLoader [as .ts]","line":121,"method":"ts]","native":false},{"column":32,"file":"node:internal/modules/cjs/loader","function":"Module.load","line":1207,"method":"load","native":false},{"column":12,"file":"node:internal/modules/cjs/loader","function":"Module._load","line":1023,"method":"_load","native":false}]}
{"date":"Mon Mar 18 2024 16:40:39 GMT+0800 (Singapore Standard Time)","error":{"diagnosticCodes":[2352],"diagnosticText":"\u001b[96msrc/helpers/withState.ts\u001b[0m:\u001b[93m89\u001b[0m:\u001b[93m18\u001b[0m - \u001b[91merror\u001b[0m\u001b[90m TS2352: \u001b[0mConversion of type 'never[]' to type 'File' may be a mistake because neither type sufficiently overlaps with the other. If this was intentional, convert the expression to 'unknown' first.\r\n  Type 'never[]' is missing the following properties from type 'File': fieldname, originalname, encoding, mimetype, and 6 more.\r\n\r\n\u001b[7m89\u001b[0m     const data = get(this.req.files, name, []) as Express.Multer.File\r\n\u001b[7m  \u001b[0m \u001b[91m                 ~~~~~~~~~~~~~~~~~~~~~~~~~~~~~~~~~~~~~~~~~~~~~~~~~~~~\u001b[0m\r\n"},"exception":true,"level":"error","message":"uncaughtException: ⨯ Unable to compile TypeScript:\n\u001b[96msrc/helpers/withState.ts\u001b[0m:\u001b[93m89\u001b[0m:\u001b[93m18\u001b[0m - \u001b[91merror\u001b[0m\u001b[90m TS2352: \u001b[0mConversion of type 'never[]' to type 'File' may be a mistake because neither type sufficiently overlaps with the other. If this was intentional, convert the expression to 'unknown' first.\r\n  Type 'never[]' is missing the following properties from type 'File': fieldname, originalname, encoding, mimetype, and 6 more.\r\n\r\n\u001b[7m89\u001b[0m     const data = get(this.req.files, name, []) as Express.Multer.File\r\n\u001b[7m  \u001b[0m \u001b[91m                 ~~~~~~~~~~~~~~~~~~~~~~~~~~~~~~~~~~~~~~~~~~~~~~~~~~~~\u001b[0m\r\n\nTSError: ⨯ Unable to compile TypeScript:\n\u001b[96msrc/helpers/withState.ts\u001b[0m:\u001b[93m89\u001b[0m:\u001b[93m18\u001b[0m - \u001b[91merror\u001b[0m\u001b[90m TS2352: \u001b[0mConversion of type 'never[]' to type 'File' may be a mistake because neither type sufficiently overlaps with the other. If this was intentional, convert the expression to 'unknown' first.\r\n  Type 'never[]' is missing the following properties from type 'File': fieldname, originalname, encoding, mimetype, and 6 more.\r\n\r\n\u001b[7m89\u001b[0m     const data = get(this.req.files, name, []) as Express.Multer.File\r\n\u001b[7m  \u001b[0m \u001b[91m                 ~~~~~~~~~~~~~~~~~~~~~~~~~~~~~~~~~~~~~~~~~~~~~~~~~~~~\u001b[0m\r\n\n    at createTSError (D:\\Projects\\Support-User-Info\\server\\node_modules\\ts-node\\src\\index.ts:513:12)\n    at reportTSError (D:\\Projects\\Support-User-Info\\server\\node_modules\\ts-node\\src\\index.ts:517:19)\n    at getOutput (D:\\Projects\\Support-User-Info\\server\\node_modules\\ts-node\\src\\index.ts:752:36)\n    at Object.compile (D:\\Projects\\Support-User-Info\\server\\node_modules\\ts-node\\src\\index.ts:968:32)\n    at Module.m._compile (D:\\Projects\\Support-User-Info\\server\\node_modules\\ts-node\\src\\index.ts:1056:42)\n    at Module._extensions..js (node:internal/modules/cjs/loader:1435:10)\n    at require.extensions.<computed> (D:\\Projects\\Support-User-Info\\server\\node_modules\\ts-node\\src\\index.ts:1059:12)\n    at Object.newLoader [as .ts] (D:\\Projects\\Support-User-Info\\server\\node_modules\\pirates\\lib\\index.js:121:7)\n    at Module.load (node:internal/modules/cjs/loader:1207:32)\n    at Function.Module._load (node:internal/modules/cjs/loader:1023:12)","os":{"loadavg":[0,0,0],"uptime":34420.734},"process":{"argv":["D:\\Projects\\Support-User-Info\\server\\node_modules\\ts-node\\dist\\bin.js","D:\\Projects\\Support-User-Info\\server\\src\\bin\\server.ts"],"cwd":"D:\\Projects\\Support-User-Info\\server","execPath":"C:\\Program Files\\nodejs\\node.exe","gid":null,"memoryUsage":{"arrayBuffers":145356,"external":3193135,"heapTotal":260120576,"heapUsed":237230232,"rss":316813312},"pid":21720,"uid":null,"version":"v20.10.0"},"stack":"TSError: ⨯ Unable to compile TypeScript:\n\u001b[96msrc/helpers/withState.ts\u001b[0m:\u001b[93m89\u001b[0m:\u001b[93m18\u001b[0m - \u001b[91merror\u001b[0m\u001b[90m TS2352: \u001b[0mConversion of type 'never[]' to type 'File' may be a mistake because neither type sufficiently overlaps with the other. If this was intentional, convert the expression to 'unknown' first.\r\n  Type 'never[]' is missing the following properties from type 'File': fieldname, originalname, encoding, mimetype, and 6 more.\r\n\r\n\u001b[7m89\u001b[0m     const data = get(this.req.files, name, []) as Express.Multer.File\r\n\u001b[7m  \u001b[0m \u001b[91m                 ~~~~~~~~~~~~~~~~~~~~~~~~~~~~~~~~~~~~~~~~~~~~~~~~~~~~\u001b[0m\r\n\n    at createTSError (D:\\Projects\\Support-User-Info\\server\\node_modules\\ts-node\\src\\index.ts:513:12)\n    at reportTSError (D:\\Projects\\Support-User-Info\\server\\node_modules\\ts-node\\src\\index.ts:517:19)\n    at getOutput (D:\\Projects\\Support-User-Info\\server\\node_modules\\ts-node\\src\\index.ts:752:36)\n    at Object.compile (D:\\Projects\\Support-User-Info\\server\\node_modules\\ts-node\\src\\index.ts:968:32)\n    at Module.m._compile (D:\\Projects\\Support-User-Info\\server\\node_modules\\ts-node\\src\\index.ts:1056:42)\n    at Module._extensions..js (node:internal/modules/cjs/loader:1435:10)\n    at require.extensions.<computed> (D:\\Projects\\Support-User-Info\\server\\node_modules\\ts-node\\src\\index.ts:1059:12)\n    at Object.newLoader [as .ts] (D:\\Projects\\Support-User-Info\\server\\node_modules\\pirates\\lib\\index.js:121:7)\n    at Module.load (node:internal/modules/cjs/loader:1207:32)\n    at Function.Module._load (node:internal/modules/cjs/loader:1023:12)","trace":[{"column":12,"file":"D:\\Projects\\Support-User-Info\\server\\node_modules\\ts-node\\src\\index.ts","function":"createTSError","line":513,"method":null,"native":false},{"column":19,"file":"D:\\Projects\\Support-User-Info\\server\\node_modules\\ts-node\\src\\index.ts","function":"reportTSError","line":517,"method":null,"native":false},{"column":36,"file":"D:\\Projects\\Support-User-Info\\server\\node_modules\\ts-node\\src\\index.ts","function":"getOutput","line":752,"method":null,"native":false},{"column":32,"file":"D:\\Projects\\Support-User-Info\\server\\node_modules\\ts-node\\src\\index.ts","function":"Object.compile","line":968,"method":"compile","native":false},{"column":42,"file":"D:\\Projects\\Support-User-Info\\server\\node_modules\\ts-node\\src\\index.ts","function":"Module.m._compile","line":1056,"method":"_compile","native":false},{"column":10,"file":"node:internal/modules/cjs/loader","function":"Module._extensions..js","line":1435,"method":".js","native":false},{"column":12,"file":"D:\\Projects\\Support-User-Info\\server\\node_modules\\ts-node\\src\\index.ts","function":"require.extensions.<computed>","line":1059,"method":"<computed>","native":false},{"column":7,"file":"D:\\Projects\\Support-User-Info\\server\\node_modules\\pirates\\lib\\index.js","function":"Object.newLoader [as .ts]","line":121,"method":"ts]","native":false},{"column":32,"file":"node:internal/modules/cjs/loader","function":"Module.load","line":1207,"method":"load","native":false},{"column":12,"file":"node:internal/modules/cjs/loader","function":"Module._load","line":1023,"method":"_load","native":false}]}
